<?xml version="1.0" encoding="UTF-8"?>
<testsuite name="com.homedepot.supplychain.enterpriselabormanagement.EnterpriseLaborManagementApplicationTests" tests="5" skipped="0" failures="0" errors="0" timestamp="2024-07-19T13:35:02" hostname="HN4259XQGN" time="26.624">
  <properties/>
  <testcase name="testValidMessageComplex()" classname="com.homedepot.supplychain.enterpriselabormanagement.EnterpriseLaborManagementApplicationTests" time="6.08"/>
  <testcase name="testInvalidMessage()" classname="com.homedepot.supplychain.enterpriselabormanagement.EnterpriseLaborManagementApplicationTests" time="5.124"/>
  <testcase name="testValidMessageReplenishmentAllocation()" classname="com.homedepot.supplychain.enterpriselabormanagement.EnterpriseLaborManagementApplicationTests" time="5.14"/>
  <testcase name="testValidMessagePickLpnFromActive()" classname="com.homedepot.supplychain.enterpriselabormanagement.EnterpriseLaborManagementApplicationTests" time="5.142"/>
  <testcase name="testValidMessageIndirect()" classname="com.homedepot.supplychain.enterpriselabormanagement.EnterpriseLaborManagementApplicationTests" time="5.133"/>
  <system-out><![CDATA[19:04:55.862 [Test worker] DEBUG org.testcontainers.utility.TestcontainersConfiguration -- Testcontainers configuration overrides will be loaded from file:/Users/shibsankarmitra/.testcontainers.properties
19:04:55.868 [Test worker] INFO org.testcontainers.images.PullPolicy -- Image pull policy will be performed by: DefaultPullPolicy()
19:04:55.870 [Test worker] INFO org.testcontainers.utility.ImageNameSubstitutor -- Image name substitution will be performed by: DefaultImageNameSubstitutor (composite of 'ConfigurationFileImageNameSubstitutor' and 'PrefixingImageNameSubstitutor')
19:04:56.057 [Test worker] INFO org.testcontainers.dockerclient.DockerClientProviderStrategy -- Loaded org.testcontainers.dockerclient.UnixSocketClientProviderStrategy from ~/.testcontainers.properties, will try it first
19:04:56.067 [Test worker] DEBUG org.testcontainers.dockerclient.DockerClientProviderStrategy -- Trying out strategy: UnixSocketClientProviderStrategy
19:04:56.159 [Test worker] DEBUG org.testcontainers.shaded.com.github.dockerjava.core.command.AbstrDockerCmd -- Cmd: 
19:04:56.176 [Test worker] DEBUG com.github.dockerjava.zerodep.shaded.org.apache.hc.client5.http.impl.classic.InternalHttpClient -- ex-00000001: preparing request execution
19:04:56.179 [Test worker] DEBUG com.github.dockerjava.zerodep.shaded.org.apache.hc.client5.http.protocol.RequestAddCookies -- Cookie spec selected: strict
19:04:56.181 [Test worker] DEBUG com.github.dockerjava.zerodep.shaded.org.apache.hc.client5.http.protocol.RequestAuthCache -- Auth cache not set in the context
19:04:56.181 [Test worker] DEBUG com.github.dockerjava.zerodep.shaded.org.apache.hc.client5.http.impl.classic.ProtocolExec -- ex-00000001: target auth state: UNCHALLENGED
19:04:56.181 [Test worker] DEBUG com.github.dockerjava.zerodep.shaded.org.apache.hc.client5.http.impl.classic.ProtocolExec -- ex-00000001: proxy auth state: UNCHALLENGED
19:04:56.182 [Test worker] DEBUG com.github.dockerjava.zerodep.shaded.org.apache.hc.client5.http.impl.classic.ConnectExec -- ex-00000001: acquiring connection with route {}->unix://localhost:2375
19:04:56.182 [Test worker] DEBUG com.github.dockerjava.zerodep.shaded.org.apache.hc.client5.http.impl.classic.InternalHttpClient -- ex-00000001: acquiring endpoint (3 MINUTES)
19:04:56.182 [Test worker] DEBUG com.github.dockerjava.zerodep.shaded.org.apache.hc.client5.http.impl.io.PoolingHttpClientConnectionManager -- ex-00000001: endpoint lease request (3 MINUTES) [route: {}->unix://localhost:2375][total available: 0; route allocated: 0 of 2147483647; total allocated: 0 of 2147483647]
19:04:56.185 [Test worker] DEBUG com.github.dockerjava.zerodep.shaded.org.apache.hc.client5.http.impl.io.PoolingHttpClientConnectionManager -- ex-00000001: endpoint leased [route: {}->unix://localhost:2375][total available: 0; route allocated: 1 of 2147483647; total allocated: 1 of 2147483647]
19:04:56.192 [Test worker] DEBUG com.github.dockerjava.zerodep.shaded.org.apache.hc.client5.http.impl.io.PoolingHttpClientConnectionManager -- ex-00000001: acquired ep-00000000
19:04:56.192 [Test worker] DEBUG com.github.dockerjava.zerodep.shaded.org.apache.hc.client5.http.impl.classic.InternalHttpClient -- ex-00000001: acquired endpoint ep-00000000
19:04:56.192 [Test worker] DEBUG com.github.dockerjava.zerodep.shaded.org.apache.hc.client5.http.impl.classic.ConnectExec -- ex-00000001: opening connection {}->unix://localhost:2375
19:04:56.192 [Test worker] DEBUG com.github.dockerjava.zerodep.shaded.org.apache.hc.client5.http.impl.classic.InternalHttpClient -- ep-00000000: connecting endpoint (3 MINUTES)
19:04:56.192 [Test worker] DEBUG com.github.dockerjava.zerodep.shaded.org.apache.hc.client5.http.impl.io.PoolingHttpClientConnectionManager -- ep-00000000: connecting endpoint to unix://localhost:2375 (3 MINUTES)
19:04:56.194 [Test worker] DEBUG com.github.dockerjava.zerodep.shaded.org.apache.hc.client5.http.impl.io.DefaultHttpClientConnectionOperator -- http-outgoing-0: connecting to localhost/127.0.0.1:2375
19:04:56.194 [Test worker] DEBUG com.github.dockerjava.zerodep.shaded.org.apache.hc.client5.http.impl.io.DefaultHttpClientConnectionOperator -- http-outgoing-0: connection established /var/run/docker.sock<->/var/run/docker.sock
19:04:56.194 [Test worker] DEBUG com.github.dockerjava.zerodep.shaded.org.apache.hc.client5.http.impl.io.PoolingHttpClientConnectionManager -- ep-00000000: connected http-outgoing-0
19:04:56.195 [Test worker] DEBUG com.github.dockerjava.zerodep.shaded.org.apache.hc.client5.http.impl.classic.InternalHttpClient -- ep-00000000: endpoint connected
19:04:56.195 [Test worker] DEBUG com.github.dockerjava.zerodep.shaded.org.apache.hc.client5.http.impl.classic.MainClientExec -- ex-00000001: executing GET /v1.32/info HTTP/1.1
19:04:56.195 [Test worker] DEBUG com.github.dockerjava.zerodep.shaded.org.apache.hc.client5.http.impl.classic.InternalHttpClient -- ep-00000000: start execution ex-00000001
19:04:56.195 [Test worker] DEBUG com.github.dockerjava.zerodep.shaded.org.apache.hc.client5.http.impl.io.PoolingHttpClientConnectionManager -- ep-00000000: executing exchange ex-00000001 over http-outgoing-0
19:04:56.196 [Test worker] DEBUG com.github.dockerjava.zerodep.shaded.org.apache.hc.client5.http.headers -- http-outgoing-0 >> GET /v1.32/info HTTP/1.1
19:04:56.196 [Test worker] DEBUG com.github.dockerjava.zerodep.shaded.org.apache.hc.client5.http.headers -- http-outgoing-0 >> x-tc-sid: 1f399f0d-7ab6-47d2-bedc-41c5596e41f8
19:04:56.196 [Test worker] DEBUG com.github.dockerjava.zerodep.shaded.org.apache.hc.client5.http.headers -- http-outgoing-0 >> User-Agent: tc-java/1.19.1
19:04:56.196 [Test worker] DEBUG com.github.dockerjava.zerodep.shaded.org.apache.hc.client5.http.headers -- http-outgoing-0 >> Accept-Encoding: gzip, x-gzip, deflate
19:04:56.196 [Test worker] DEBUG com.github.dockerjava.zerodep.shaded.org.apache.hc.client5.http.headers -- http-outgoing-0 >> Host: localhost:2375
19:04:56.196 [Test worker] DEBUG com.github.dockerjava.zerodep.shaded.org.apache.hc.client5.http.headers -- http-outgoing-0 >> Connection: keep-alive
19:04:56.196 [Test worker] DEBUG com.github.dockerjava.zerodep.shaded.org.apache.hc.client5.http.wire -- http-outgoing-0 >> "GET /v1.32/info HTTP/1.1[\r][\n]"
19:04:56.196 [Test worker] DEBUG com.github.dockerjava.zerodep.shaded.org.apache.hc.client5.http.wire -- http-outgoing-0 >> "x-tc-sid: 1f399f0d-7ab6-47d2-bedc-41c5596e41f8[\r][\n]"
19:04:56.196 [Test worker] DEBUG com.github.dockerjava.zerodep.shaded.org.apache.hc.client5.http.wire -- http-outgoing-0 >> "User-Agent: tc-java/1.19.1[\r][\n]"
19:04:56.196 [Test worker] DEBUG com.github.dockerjava.zerodep.shaded.org.apache.hc.client5.http.wire -- http-outgoing-0 >> "Accept-Encoding: gzip, x-gzip, deflate[\r][\n]"
19:04:56.196 [Test worker] DEBUG com.github.dockerjava.zerodep.shaded.org.apache.hc.client5.http.wire -- http-outgoing-0 >> "Host: localhost:2375[\r][\n]"
19:04:56.196 [Test worker] DEBUG com.github.dockerjava.zerodep.shaded.org.apache.hc.client5.http.wire -- http-outgoing-0 >> "Connection: keep-alive[\r][\n]"
19:04:56.196 [Test worker] DEBUG com.github.dockerjava.zerodep.shaded.org.apache.hc.client5.http.wire -- http-outgoing-0 >> "[\r][\n]"
19:04:56.208 [Test worker] DEBUG com.github.dockerjava.zerodep.shaded.org.apache.hc.client5.http.wire -- http-outgoing-0 << "HTTP/1.1 200 OK[\r][\n]"
19:04:56.209 [Test worker] DEBUG com.github.dockerjava.zerodep.shaded.org.apache.hc.client5.http.wire -- http-outgoing-0 << "Api-Version: 1.45[\r][\n]"
19:04:56.209 [Test worker] DEBUG com.github.dockerjava.zerodep.shaded.org.apache.hc.client5.http.wire -- http-outgoing-0 << "Content-Type: application/json[\r][\n]"
19:04:56.209 [Test worker] DEBUG com.github.dockerjava.zerodep.shaded.org.apache.hc.client5.http.wire -- http-outgoing-0 << "Date: Fri, 19 Jul 2024 13:34:56 GMT[\r][\n]"
19:04:56.209 [Test worker] DEBUG com.github.dockerjava.zerodep.shaded.org.apache.hc.client5.http.wire -- http-outgoing-0 << "Docker-Experimental: false[\r][\n]"
19:04:56.209 [Test worker] DEBUG com.github.dockerjava.zerodep.shaded.org.apache.hc.client5.http.wire -- http-outgoing-0 << "Ostype: linux[\r][\n]"
19:04:56.209 [Test worker] DEBUG com.github.dockerjava.zerodep.shaded.org.apache.hc.client5.http.wire -- http-outgoing-0 << "Server: Docker/26.1.4 (linux)[\r][\n]"
19:04:56.209 [Test worker] DEBUG com.github.dockerjava.zerodep.shaded.org.apache.hc.client5.http.wire -- http-outgoing-0 << "Transfer-Encoding: chunked[\r][\n]"
19:04:56.209 [Test worker] DEBUG com.github.dockerjava.zerodep.shaded.org.apache.hc.client5.http.wire -- http-outgoing-0 << "[\r][\n]"
19:04:56.210 [Test worker] DEBUG com.github.dockerjava.zerodep.shaded.org.apache.hc.client5.http.headers -- http-outgoing-0 << HTTP/1.1 200 OK
19:04:56.210 [Test worker] DEBUG com.github.dockerjava.zerodep.shaded.org.apache.hc.client5.http.headers -- http-outgoing-0 << Api-Version: 1.45
19:04:56.210 [Test worker] DEBUG com.github.dockerjava.zerodep.shaded.org.apache.hc.client5.http.headers -- http-outgoing-0 << Content-Type: application/json
19:04:56.210 [Test worker] DEBUG com.github.dockerjava.zerodep.shaded.org.apache.hc.client5.http.headers -- http-outgoing-0 << Date: Fri, 19 Jul 2024 13:34:56 GMT
19:04:56.210 [Test worker] DEBUG com.github.dockerjava.zerodep.shaded.org.apache.hc.client5.http.headers -- http-outgoing-0 << Docker-Experimental: false
19:04:56.210 [Test worker] DEBUG com.github.dockerjava.zerodep.shaded.org.apache.hc.client5.http.headers -- http-outgoing-0 << Ostype: linux
19:04:56.210 [Test worker] DEBUG com.github.dockerjava.zerodep.shaded.org.apache.hc.client5.http.headers -- http-outgoing-0 << Server: Docker/26.1.4 (linux)
19:04:56.210 [Test worker] DEBUG com.github.dockerjava.zerodep.shaded.org.apache.hc.client5.http.headers -- http-outgoing-0 << Transfer-Encoding: chunked
19:04:56.212 [Test worker] DEBUG com.github.dockerjava.zerodep.shaded.org.apache.hc.client5.http.impl.classic.MainClientExec -- ex-00000001: connection can be kept alive for 3 MINUTES
19:04:56.214 [Test worker] DEBUG com.github.dockerjava.zerodep.shaded.org.apache.hc.client5.http.wire -- http-outgoing-0 << "9b8[\r][\n]"
19:04:56.214 [Test worker] DEBUG com.github.dockerjava.zerodep.shaded.org.apache.hc.client5.http.wire -- http-outgoing-0 << "{"ID":"d8dde810-87da-482f-bd45-f3ae149f3e9d","Containers":2,"ContainersRunning":0,"ContainersPaused":0,"ContainersStopped":2,"Images":3,"Driver":"overlayfs","DriverStatus":[["driver-type","io.containerd.snapshotter.v1"]],"Plugins":{"Volume":["local"],"Network":["bridge","host","ipvlan","macvlan","null","overlay"],"Authorization":null,"Log":["awslogs","fluentd","gcplogs","gelf","journald","json-file","local","splunk","syslog"]},"MemoryLimit":true,"SwapLimit":true,"CpuCfsPeriod":true,"CpuCfsQuota":true,"CPUShares":true,"CPUSet":true,"PidsLimit":true,"IPv4Forwarding":true,"BridgeNfIptables":true,"BridgeNfIp6tables":true,"Debug":false,"NFd":52,"OomKillDisable":false,"NGoroutines":82,"SystemTime":"2024-07-19T13:34:56.19866088Z","LoggingDriver":"json-file","CgroupDriver":"cgroupfs","CgroupVersion":"2","NEventsListener":13,"KernelVersion":"6.6.31-linuxkit","OperatingSystem":"Docker Desktop","OSVersion":"","OSType":"linux","Architecture":"aarch64","IndexServerAddress":"https://index.docker.io/v1/","RegistryConfig":{"AllowNondistributableArtifactsCIDRs":null,"AllowNondistributableArtifactsHostnames":null,"InsecureRegistryCIDRs":["127.0.0.0/8"],"IndexConfigs":{"docker.io":{"Name":"docker.io","Mirrors":[],"Secure":true,"Official":true},"hubproxy.docker.internal:5555":{"Name":"hubproxy.docker.internal:5555","Mirrors":[],"Secure":false,"Official":false}},"Mirrors":null},"NCPU":12,"MemTotal":8221421568,"GenericResources":null,"DockerRootDir":"/var/lib/docker","HttpProxy":"http.docker.internal:3128","HttpsProxy":"http.docker.internal:3128","NoProxy":"hubproxy.docker.internal","Name":"docker-desktop","Labels":["com.docker.desktop.address=unix:///Users/shibsankarmitra/Library/Containers/com.docker.docker/Data/docker-cli.sock"],"ExperimentalBuild":false,"ServerVersion":"26.1.4","Runtimes":{"io.containerd.runc.v2":{"path":"runc"},"runc":{"path":"runc"}},"DefaultRuntime":"runc","Swarm":{"NodeID":"","NodeAddr":"","LocalNodeState":"inactive","ControlAvailable":false,"Error":"","RemoteManagers":null},"LiveRestoreEnabled":false,"Isolation":"","InitBinary":"docker-init","ContainerdCommit":{"ID":"d2d58213f83a351ca8f528a95fbd145f5654e957","Expected":"d2d58213f83a351ca8f528a95fbd145f5654e957"},"RuncCommit":{"ID":"v1.1.12-0-g51d5e94","Expected":"v1.1.12-0-g51d5e94"},"InitCommit":{"ID":"de40ad0","Expected":"de40ad0"},"SecurityOptions":["name=seccomp,profile=unconfined","name=cgroupns"],"CDISpecDirs":[],"Warnings":["WARNING: daemon is not using the default seccomp profile"]}[\r][\n]"
19:04:56.214 [Test worker] DEBUG com.github.dockerjava.zerodep.shaded.org.apache.hc.client5.http.wire -- http-outgoing-0 << "0[\r][\n]"
19:04:56.214 [Test worker] DEBUG com.github.dockerjava.zerodep.shaded.org.apache.hc.client5.http.wire -- http-outgoing-0 << "[\r][\n]"
19:04:56.246 [Test worker] DEBUG com.github.dockerjava.zerodep.shaded.org.apache.hc.client5.http.impl.classic.InternalHttpClient -- ep-00000000: releasing valid endpoint
19:04:56.246 [Test worker] DEBUG com.github.dockerjava.zerodep.shaded.org.apache.hc.client5.http.impl.io.PoolingHttpClientConnectionManager -- ep-00000000: releasing endpoint
19:04:56.246 [Test worker] DEBUG com.github.dockerjava.zerodep.shaded.org.apache.hc.client5.http.impl.io.PoolingHttpClientConnectionManager -- ep-00000000: connection http-outgoing-0 can be kept alive for 3 MINUTES
19:04:56.247 [Test worker] DEBUG com.github.dockerjava.zerodep.shaded.org.apache.hc.client5.http.impl.io.PoolingHttpClientConnectionManager -- ep-00000000: connection released [route: {}->unix://localhost:2375][total available: 1; route allocated: 1 of 2147483647; total allocated: 1 of 2147483647]
19:04:56.247 [Test worker] INFO org.testcontainers.dockerclient.DockerClientProviderStrategy -- Found Docker environment with local Unix socket (unix:///var/run/docker.sock)
19:04:56.247 [Test worker] DEBUG org.testcontainers.dockerclient.DockerClientProviderStrategy -- Transport type: 'httpclient5', Docker host: 'unix:///var/run/docker.sock'
19:04:56.247 [Test worker] DEBUG org.testcontainers.dockerclient.DockerClientProviderStrategy -- Checking Docker OS type for local Unix socket (unix:///var/run/docker.sock)
19:04:56.248 [Test worker] INFO org.testcontainers.DockerClientFactory -- Docker host IP address is localhost
19:04:56.248 [Test worker] DEBUG org.testcontainers.DockerClientFactory -- Docker info: {CDISpecDirs=[], NGoroutines=82, Name=docker-desktop, Swarm={NodeID=, NodeAddr=, LocalNodeState=inactive, ControlAvailable=false, Error=, RemoteManagers=null}, RuncCommit={ID=v1.1.12-0-g51d5e94, Expected=v1.1.12-0-g51d5e94}, OSVersion=, Runtimes={io.containerd.runc.v2={path=runc}, runc={path=runc}}, ID=d8dde810-87da-482f-bd45-f3ae149f3e9d, DriverStatus=[[driver-type, io.containerd.snapshotter.v1]], BridgeNfIptables=true, LiveRestoreEnabled=false, SystemTime=2024-07-19T13:34:56.19866088Z, NoProxy=hubproxy.docker.internal, Architecture=aarch64, NEventsListener=13, HttpsProxy=http.docker.internal:3128, Images=3, ContainersRunning=0, Labels=[com.docker.desktop.address=unix:///Users/shibsankarmitra/Library/Containers/com.docker.docker/Data/docker-cli.sock], InitCommit={ID=de40ad0, Expected=de40ad0}, NFd=52, KernelVersion=6.6.31-linuxkit, LoggingDriver=json-file, OSType=linux, SecurityOptions=[name=seccomp,profile=unconfined, name=cgroupns], ContainerdCommit={ID=d2d58213f83a351ca8f528a95fbd145f5654e957, Expected=d2d58213f83a351ca8f528a95fbd145f5654e957}, GenericResources=null, OperatingSystem=Docker Desktop, RegistryConfig={AllowNondistributableArtifactsCIDRs=null, AllowNondistributableArtifactsHostnames=null, InsecureRegistryCIDRs=[127.0.0.0/8], IndexConfigs={docker.io={Name=docker.io, Mirrors=[], Secure=true, Official=true}, hubproxy.docker.internal:5555={Name=hubproxy.docker.internal:5555, Mirrors=[], Secure=false, Official=false}}, Mirrors=null}, ServerVersion=26.1.4, OomKillDisable=false, CpuCfsQuota=true, Containers=2, Driver=overlayfs, IPv4Forwarding=true, ExperimentalBuild=false, DockerRootDir=/var/lib/docker, CPUSet=true, CpuCfsPeriod=true, DefaultRuntime=runc, CPUShares=true, Debug=false, NCPU=12, Plugins={Volume=[local], Network=[bridge, host, ipvlan, macvlan, null, overlay], Authorization=null, Log=[awslogs, fluentd, gcplogs, gelf, journald, json-file, local, splunk, syslog]}, SwapLimit=true, CgroupDriver=cgroupfs, ContainersPaused=0, MemTotal=8221421568, IndexServerAddress=https://index.docker.io/v1/, MemoryLimit=true, HttpProxy=http.docker.internal:3128, InitBinary=docker-init, CgroupVersion=2, PidsLimit=true, Isolation=, BridgeNfIp6tables=true, Warnings=[WARNING: daemon is not using the default seccomp profile], ContainersStopped=2}
19:04:56.249 [Test worker] DEBUG org.testcontainers.shaded.com.github.dockerjava.core.command.AbstrDockerCmd -- Cmd: 
19:04:56.250 [Test worker] DEBUG com.github.dockerjava.zerodep.shaded.org.apache.hc.client5.http.impl.classic.InternalHttpClient -- ex-00000002: preparing request execution
19:04:56.250 [Test worker] DEBUG com.github.dockerjava.zerodep.shaded.org.apache.hc.client5.http.protocol.RequestAddCookies -- Cookie spec selected: strict
19:04:56.250 [Test worker] DEBUG com.github.dockerjava.zerodep.shaded.org.apache.hc.client5.http.protocol.RequestAuthCache -- Auth cache not set in the context
19:04:56.250 [Test worker] DEBUG com.github.dockerjava.zerodep.shaded.org.apache.hc.client5.http.impl.classic.ProtocolExec -- ex-00000002: target auth state: UNCHALLENGED
19:04:56.250 [Test worker] DEBUG com.github.dockerjava.zerodep.shaded.org.apache.hc.client5.http.impl.classic.ProtocolExec -- ex-00000002: proxy auth state: UNCHALLENGED
19:04:56.250 [Test worker] DEBUG com.github.dockerjava.zerodep.shaded.org.apache.hc.client5.http.impl.classic.ConnectExec -- ex-00000002: acquiring connection with route {}->unix://localhost:2375
19:04:56.250 [Test worker] DEBUG com.github.dockerjava.zerodep.shaded.org.apache.hc.client5.http.impl.classic.InternalHttpClient -- ex-00000002: acquiring endpoint (3 MINUTES)
19:04:56.250 [Test worker] DEBUG com.github.dockerjava.zerodep.shaded.org.apache.hc.client5.http.impl.io.PoolingHttpClientConnectionManager -- ex-00000002: endpoint lease request (3 MINUTES) [route: {}->unix://localhost:2375][total available: 1; route allocated: 1 of 2147483647; total allocated: 1 of 2147483647]
19:04:56.251 [Test worker] DEBUG com.github.dockerjava.zerodep.shaded.org.apache.hc.client5.http.impl.io.PoolingHttpClientConnectionManager -- ex-00000002: endpoint leased [route: {}->unix://localhost:2375][total available: 0; route allocated: 1 of 2147483647; total allocated: 1 of 2147483647]
19:04:56.251 [Test worker] DEBUG com.github.dockerjava.zerodep.shaded.org.apache.hc.client5.http.impl.io.PoolingHttpClientConnectionManager -- ex-00000002: acquired ep-00000001
19:04:56.251 [Test worker] DEBUG com.github.dockerjava.zerodep.shaded.org.apache.hc.client5.http.impl.classic.InternalHttpClient -- ex-00000002: acquired endpoint ep-00000001
19:04:56.251 [Test worker] DEBUG com.github.dockerjava.zerodep.shaded.org.apache.hc.client5.http.impl.classic.MainClientExec -- ex-00000002: executing GET /v1.32/version HTTP/1.1
19:04:56.251 [Test worker] DEBUG com.github.dockerjava.zerodep.shaded.org.apache.hc.client5.http.impl.classic.InternalHttpClient -- ep-00000001: start execution ex-00000002
19:04:56.251 [Test worker] DEBUG com.github.dockerjava.zerodep.shaded.org.apache.hc.client5.http.impl.io.PoolingHttpClientConnectionManager -- ep-00000001: executing exchange ex-00000002 over http-outgoing-0
19:04:56.251 [Test worker] DEBUG com.github.dockerjava.zerodep.shaded.org.apache.hc.client5.http.headers -- http-outgoing-0 >> GET /v1.32/version HTTP/1.1
19:04:56.251 [Test worker] DEBUG com.github.dockerjava.zerodep.shaded.org.apache.hc.client5.http.headers -- http-outgoing-0 >> accept: application/json
19:04:56.251 [Test worker] DEBUG com.github.dockerjava.zerodep.shaded.org.apache.hc.client5.http.headers -- http-outgoing-0 >> x-tc-sid: 1f399f0d-7ab6-47d2-bedc-41c5596e41f8
19:04:56.251 [Test worker] DEBUG com.github.dockerjava.zerodep.shaded.org.apache.hc.client5.http.headers -- http-outgoing-0 >> User-Agent: tc-java/1.19.1
19:04:56.251 [Test worker] DEBUG com.github.dockerjava.zerodep.shaded.org.apache.hc.client5.http.headers -- http-outgoing-0 >> Accept-Encoding: gzip, x-gzip, deflate
19:04:56.251 [Test worker] DEBUG com.github.dockerjava.zerodep.shaded.org.apache.hc.client5.http.headers -- http-outgoing-0 >> Host: localhost:2375
19:04:56.251 [Test worker] DEBUG com.github.dockerjava.zerodep.shaded.org.apache.hc.client5.http.headers -- http-outgoing-0 >> Connection: keep-alive
19:04:56.251 [Test worker] DEBUG com.github.dockerjava.zerodep.shaded.org.apache.hc.client5.http.wire -- http-outgoing-0 >> "GET /v1.32/version HTTP/1.1[\r][\n]"
19:04:56.251 [Test worker] DEBUG com.github.dockerjava.zerodep.shaded.org.apache.hc.client5.http.wire -- http-outgoing-0 >> "accept: application/json[\r][\n]"
19:04:56.251 [Test worker] DEBUG com.github.dockerjava.zerodep.shaded.org.apache.hc.client5.http.wire -- http-outgoing-0 >> "x-tc-sid: 1f399f0d-7ab6-47d2-bedc-41c5596e41f8[\r][\n]"
19:04:56.251 [Test worker] DEBUG com.github.dockerjava.zerodep.shaded.org.apache.hc.client5.http.wire -- http-outgoing-0 >> "User-Agent: tc-java/1.19.1[\r][\n]"
19:04:56.251 [Test worker] DEBUG com.github.dockerjava.zerodep.shaded.org.apache.hc.client5.http.wire -- http-outgoing-0 >> "Accept-Encoding: gzip, x-gzip, deflate[\r][\n]"
19:04:56.251 [Test worker] DEBUG com.github.dockerjava.zerodep.shaded.org.apache.hc.client5.http.wire -- http-outgoing-0 >> "Host: localhost:2375[\r][\n]"
19:04:56.251 [Test worker] DEBUG com.github.dockerjava.zerodep.shaded.org.apache.hc.client5.http.wire -- http-outgoing-0 >> "Connection: keep-alive[\r][\n]"
19:04:56.251 [Test worker] DEBUG com.github.dockerjava.zerodep.shaded.org.apache.hc.client5.http.wire -- http-outgoing-0 >> "[\r][\n]"
19:04:56.264 [Test worker] DEBUG com.github.dockerjava.zerodep.shaded.org.apache.hc.client5.http.wire -- http-outgoing-0 << "HTTP/1.1 200 OK[\r][\n]"
19:04:56.264 [Test worker] DEBUG com.github.dockerjava.zerodep.shaded.org.apache.hc.client5.http.wire -- http-outgoing-0 << "Api-Version: 1.45[\r][\n]"
19:04:56.264 [Test worker] DEBUG com.github.dockerjava.zerodep.shaded.org.apache.hc.client5.http.wire -- http-outgoing-0 << "Content-Type: application/json[\r][\n]"
19:04:56.264 [Test worker] DEBUG com.github.dockerjava.zerodep.shaded.org.apache.hc.client5.http.wire -- http-outgoing-0 << "Date: Fri, 19 Jul 2024 13:34:56 GMT[\r][\n]"
19:04:56.264 [Test worker] DEBUG com.github.dockerjava.zerodep.shaded.org.apache.hc.client5.http.wire -- http-outgoing-0 << "Docker-Experimental: false[\r][\n]"
19:04:56.264 [Test worker] DEBUG com.github.dockerjava.zerodep.shaded.org.apache.hc.client5.http.wire -- http-outgoing-0 << "Ostype: linux[\r][\n]"
19:04:56.264 [Test worker] DEBUG com.github.dockerjava.zerodep.shaded.org.apache.hc.client5.http.wire -- http-outgoing-0 << "Server: Docker/26.1.4 (linux)[\r][\n]"
19:04:56.264 [Test worker] DEBUG com.github.dockerjava.zerodep.shaded.org.apache.hc.client5.http.wire -- http-outgoing-0 << "Transfer-Encoding: chunked[\r][\n]"
19:04:56.264 [Test worker] DEBUG com.github.dockerjava.zerodep.shaded.org.apache.hc.client5.http.wire -- http-outgoing-0 << "[\r][\n]"
19:04:56.264 [Test worker] DEBUG com.github.dockerjava.zerodep.shaded.org.apache.hc.client5.http.headers -- http-outgoing-0 << HTTP/1.1 200 OK
19:04:56.264 [Test worker] DEBUG com.github.dockerjava.zerodep.shaded.org.apache.hc.client5.http.headers -- http-outgoing-0 << Api-Version: 1.45
19:04:56.264 [Test worker] DEBUG com.github.dockerjava.zerodep.shaded.org.apache.hc.client5.http.headers -- http-outgoing-0 << Content-Type: application/json
19:04:56.264 [Test worker] DEBUG com.github.dockerjava.zerodep.shaded.org.apache.hc.client5.http.headers -- http-outgoing-0 << Date: Fri, 19 Jul 2024 13:34:56 GMT
19:04:56.264 [Test worker] DEBUG com.github.dockerjava.zerodep.shaded.org.apache.hc.client5.http.headers -- http-outgoing-0 << Docker-Experimental: false
19:04:56.264 [Test worker] DEBUG com.github.dockerjava.zerodep.shaded.org.apache.hc.client5.http.headers -- http-outgoing-0 << Ostype: linux
19:04:56.264 [Test worker] DEBUG com.github.dockerjava.zerodep.shaded.org.apache.hc.client5.http.headers -- http-outgoing-0 << Server: Docker/26.1.4 (linux)
19:04:56.264 [Test worker] DEBUG com.github.dockerjava.zerodep.shaded.org.apache.hc.client5.http.headers -- http-outgoing-0 << Transfer-Encoding: chunked
19:04:56.264 [Test worker] DEBUG com.github.dockerjava.zerodep.shaded.org.apache.hc.client5.http.impl.classic.MainClientExec -- ex-00000002: connection can be kept alive for 3 MINUTES
19:04:56.264 [Test worker] DEBUG com.github.dockerjava.zerodep.shaded.org.apache.hc.client5.http.wire -- http-outgoing-0 << "33b[\r][\n]"
19:04:56.264 [Test worker] DEBUG com.github.dockerjava.zerodep.shaded.org.apache.hc.client5.http.wire -- http-outgoing-0 << "{"Platform":{"Name":"Docker Desktop 4.31.0 (153195)"},"Components":[{"Name":"Engine","Version":"26.1.4","Details":{"ApiVersion":"1.45","Arch":"arm64","BuildTime":"2024-06-05T11:29:12.000000000+00:00","Experimental":"false","GitCommit":"de5c9cf","GoVersion":"go1.21.11","KernelVersion":"6.6.31-linuxkit","MinAPIVersion":"1.24","Os":"linux"}},{"Name":"containerd","Version":"1.6.33","Details":{"GitCommit":"d2d58213f83a351ca8f528a95fbd145f5654e957"}},{"Name":"runc","Version":"1.1.12","Details":{"GitCommit":"v1.1.12-0-g51d5e94"}},{"Name":"docker-init","Version":"0.19.0","Details":{"GitCommit":"de40ad0"}}],"Version":"26.1.4","ApiVersion":"1.45","MinAPIVersion":"1.24","GitCommit":"de5c9cf","GoVersion":"go1.21.11","Os":"linux","Arch":"arm64","KernelVersion":"6.6.31-linuxkit","BuildTime":"2024-06-05T11:29:12.000000000+00:00"}[\n]"
19:04:56.265 [Test worker] DEBUG com.github.dockerjava.zerodep.shaded.org.apache.hc.client5.http.wire -- http-outgoing-0 << "[\r][\n]"
19:04:56.265 [Test worker] DEBUG com.github.dockerjava.zerodep.shaded.org.apache.hc.client5.http.wire -- http-outgoing-0 << "0[\r][\n]"
19:04:56.265 [Test worker] DEBUG com.github.dockerjava.zerodep.shaded.org.apache.hc.client5.http.wire -- http-outgoing-0 << "[\r][\n]"
19:04:56.268 [Test worker] DEBUG com.github.dockerjava.zerodep.shaded.org.apache.hc.client5.http.impl.classic.InternalHttpClient -- ep-00000001: releasing valid endpoint
19:04:56.268 [Test worker] DEBUG com.github.dockerjava.zerodep.shaded.org.apache.hc.client5.http.impl.io.PoolingHttpClientConnectionManager -- ep-00000001: releasing endpoint
19:04:56.268 [Test worker] DEBUG com.github.dockerjava.zerodep.shaded.org.apache.hc.client5.http.impl.io.PoolingHttpClientConnectionManager -- ep-00000001: connection http-outgoing-0 can be kept alive for 3 MINUTES
19:04:56.268 [Test worker] DEBUG com.github.dockerjava.zerodep.shaded.org.apache.hc.client5.http.impl.io.PoolingHttpClientConnectionManager -- ep-00000001: connection released [route: {}->unix://localhost:2375][total available: 1; route allocated: 1 of 2147483647; total allocated: 1 of 2147483647]
19:04:56.268 [Test worker] DEBUG org.testcontainers.DockerClientFactory -- Docker version: {Components=[{Name=Engine, Version=26.1.4, Details={ApiVersion=1.45, Arch=arm64, BuildTime=2024-06-05T11:29:12.000000000+00:00, Experimental=false, GitCommit=de5c9cf, GoVersion=go1.21.11, KernelVersion=6.6.31-linuxkit, MinAPIVersion=1.24, Os=linux}}, {Name=containerd, Version=1.6.33, Details={GitCommit=d2d58213f83a351ca8f528a95fbd145f5654e957}}, {Name=runc, Version=1.1.12, Details={GitCommit=v1.1.12-0-g51d5e94}}, {Name=docker-init, Version=0.19.0, Details={GitCommit=de40ad0}}], KernelVersion=6.6.31-linuxkit, ApiVersion=1.45, Platform={Name=Docker Desktop 4.31.0 (153195)}, GitCommit=de5c9cf, Os=linux, Version=26.1.4, MinAPIVersion=1.24, Arch=arm64, GoVersion=go1.21.11, BuildTime=2024-06-05T11:29:12.000000000+00:00}
19:04:56.268 [Test worker] INFO org.testcontainers.DockerClientFactory -- Connected to docker: 
  Server Version: 26.1.4
  API Version: 1.45
  Operating System: Docker Desktop
  Total Memory: 7840 MB
19:04:56.273 [Test worker] DEBUG org.testcontainers.utility.RyukResourceReaper -- Ryuk is enabled
19:04:56.274 [Test worker] DEBUG org.testcontainers.utility.PrefixingImageNameSubstitutor -- No prefix is configured
19:04:56.274 [Test worker] DEBUG org.testcontainers.utility.ImageNameSubstitutor -- Did not find a substitute image for testcontainers/ryuk:0.5.1 (using image substitutor: DefaultImageNameSubstitutor (composite of 'ConfigurationFileImageNameSubstitutor' and 'PrefixingImageNameSubstitutor'))
19:04:56.275 [Test worker] DEBUG org.testcontainers.shaded.com.github.dockerjava.core.command.AbstrDockerCmd -- Cmd: ListImagesCmdImpl[filters=org.testcontainers.shaded.com.github.dockerjava.core.util.FiltersBuilder@0,imageNameFilter=<null>,showAll=false]
19:04:56.278 [Test worker] DEBUG com.github.dockerjava.zerodep.shaded.org.apache.hc.client5.http.impl.classic.InternalHttpClient -- ex-00000003: preparing request execution
19:04:56.278 [Test worker] DEBUG com.github.dockerjava.zerodep.shaded.org.apache.hc.client5.http.protocol.RequestAddCookies -- Cookie spec selected: strict
19:04:56.278 [Test worker] DEBUG com.github.dockerjava.zerodep.shaded.org.apache.hc.client5.http.protocol.RequestAuthCache -- Auth cache not set in the context
19:04:56.278 [Test worker] DEBUG com.github.dockerjava.zerodep.shaded.org.apache.hc.client5.http.impl.classic.ProtocolExec -- ex-00000003: target auth state: UNCHALLENGED
19:04:56.278 [Test worker] DEBUG com.github.dockerjava.zerodep.shaded.org.apache.hc.client5.http.impl.classic.ProtocolExec -- ex-00000003: proxy auth state: UNCHALLENGED
19:04:56.278 [Test worker] DEBUG com.github.dockerjava.zerodep.shaded.org.apache.hc.client5.http.impl.classic.ConnectExec -- ex-00000003: acquiring connection with route {}->unix://localhost:2375
19:04:56.278 [Test worker] DEBUG com.github.dockerjava.zerodep.shaded.org.apache.hc.client5.http.impl.classic.InternalHttpClient -- ex-00000003: acquiring endpoint (3 MINUTES)
19:04:56.278 [Test worker] DEBUG com.github.dockerjava.zerodep.shaded.org.apache.hc.client5.http.impl.io.PoolingHttpClientConnectionManager -- ex-00000003: endpoint lease request (3 MINUTES) [route: {}->unix://localhost:2375][total available: 1; route allocated: 1 of 2147483647; total allocated: 1 of 2147483647]
19:04:56.278 [Test worker] DEBUG com.github.dockerjava.zerodep.shaded.org.apache.hc.client5.http.impl.io.PoolingHttpClientConnectionManager -- ex-00000003: endpoint leased [route: {}->unix://localhost:2375][total available: 0; route allocated: 1 of 2147483647; total allocated: 1 of 2147483647]
19:04:56.278 [Test worker] DEBUG com.github.dockerjava.zerodep.shaded.org.apache.hc.client5.http.impl.io.PoolingHttpClientConnectionManager -- ex-00000003: acquired ep-00000002
19:04:56.278 [Test worker] DEBUG com.github.dockerjava.zerodep.shaded.org.apache.hc.client5.http.impl.classic.InternalHttpClient -- ex-00000003: acquired endpoint ep-00000002
19:04:56.278 [Test worker] DEBUG com.github.dockerjava.zerodep.shaded.org.apache.hc.client5.http.impl.classic.MainClientExec -- ex-00000003: executing GET /v1.32/images/json HTTP/1.1
19:04:56.278 [Test worker] DEBUG com.github.dockerjava.zerodep.shaded.org.apache.hc.client5.http.impl.classic.InternalHttpClient -- ep-00000002: start execution ex-00000003
19:04:56.278 [Test worker] DEBUG com.github.dockerjava.zerodep.shaded.org.apache.hc.client5.http.impl.io.PoolingHttpClientConnectionManager -- ep-00000002: executing exchange ex-00000003 over http-outgoing-0
19:04:56.279 [Test worker] DEBUG com.github.dockerjava.zerodep.shaded.org.apache.hc.client5.http.headers -- http-outgoing-0 >> GET /v1.32/images/json HTTP/1.1
19:04:56.279 [Test worker] DEBUG com.github.dockerjava.zerodep.shaded.org.apache.hc.client5.http.headers -- http-outgoing-0 >> accept: application/json
19:04:56.279 [Test worker] DEBUG com.github.dockerjava.zerodep.shaded.org.apache.hc.client5.http.headers -- http-outgoing-0 >> x-tc-sid: 1f399f0d-7ab6-47d2-bedc-41c5596e41f8
19:04:56.279 [Test worker] DEBUG com.github.dockerjava.zerodep.shaded.org.apache.hc.client5.http.headers -- http-outgoing-0 >> User-Agent: tc-java/1.19.1
19:04:56.279 [Test worker] DEBUG com.github.dockerjava.zerodep.shaded.org.apache.hc.client5.http.headers -- http-outgoing-0 >> Accept-Encoding: gzip, x-gzip, deflate
19:04:56.279 [Test worker] DEBUG com.github.dockerjava.zerodep.shaded.org.apache.hc.client5.http.headers -- http-outgoing-0 >> Host: localhost:2375
19:04:56.279 [Test worker] DEBUG com.github.dockerjava.zerodep.shaded.org.apache.hc.client5.http.headers -- http-outgoing-0 >> Connection: keep-alive
19:04:56.279 [Test worker] DEBUG com.github.dockerjava.zerodep.shaded.org.apache.hc.client5.http.wire -- http-outgoing-0 >> "GET /v1.32/images/json HTTP/1.1[\r][\n]"
19:04:56.279 [Test worker] DEBUG com.github.dockerjava.zerodep.shaded.org.apache.hc.client5.http.wire -- http-outgoing-0 >> "accept: application/json[\r][\n]"
19:04:56.279 [Test worker] DEBUG com.github.dockerjava.zerodep.shaded.org.apache.hc.client5.http.wire -- http-outgoing-0 >> "x-tc-sid: 1f399f0d-7ab6-47d2-bedc-41c5596e41f8[\r][\n]"
19:04:56.279 [Test worker] DEBUG com.github.dockerjava.zerodep.shaded.org.apache.hc.client5.http.wire -- http-outgoing-0 >> "User-Agent: tc-java/1.19.1[\r][\n]"
19:04:56.279 [Test worker] DEBUG com.github.dockerjava.zerodep.shaded.org.apache.hc.client5.http.wire -- http-outgoing-0 >> "Accept-Encoding: gzip, x-gzip, deflate[\r][\n]"
19:04:56.279 [Test worker] DEBUG com.github.dockerjava.zerodep.shaded.org.apache.hc.client5.http.wire -- http-outgoing-0 >> "Host: localhost:2375[\r][\n]"
19:04:56.279 [Test worker] DEBUG com.github.dockerjava.zerodep.shaded.org.apache.hc.client5.http.wire -- http-outgoing-0 >> "Connection: keep-alive[\r][\n]"
19:04:56.279 [Test worker] DEBUG com.github.dockerjava.zerodep.shaded.org.apache.hc.client5.http.wire -- http-outgoing-0 >> "[\r][\n]"
19:04:56.298 [Test worker] DEBUG com.github.dockerjava.zerodep.shaded.org.apache.hc.client5.http.wire -- http-outgoing-0 << "HTTP/1.1 200 OK[\r][\n]"
19:04:56.298 [Test worker] DEBUG com.github.dockerjava.zerodep.shaded.org.apache.hc.client5.http.wire -- http-outgoing-0 << "Api-Version: 1.45[\r][\n]"
19:04:56.298 [Test worker] DEBUG com.github.dockerjava.zerodep.shaded.org.apache.hc.client5.http.wire -- http-outgoing-0 << "Content-Type: application/json[\r][\n]"
19:04:56.298 [Test worker] DEBUG com.github.dockerjava.zerodep.shaded.org.apache.hc.client5.http.wire -- http-outgoing-0 << "Date: Fri, 19 Jul 2024 13:34:56 GMT[\r][\n]"
19:04:56.298 [Test worker] DEBUG com.github.dockerjava.zerodep.shaded.org.apache.hc.client5.http.wire -- http-outgoing-0 << "Docker-Experimental: false[\r][\n]"
19:04:56.298 [Test worker] DEBUG com.github.dockerjava.zerodep.shaded.org.apache.hc.client5.http.wire -- http-outgoing-0 << "Ostype: linux[\r][\n]"
19:04:56.298 [Test worker] DEBUG com.github.dockerjava.zerodep.shaded.org.apache.hc.client5.http.wire -- http-outgoing-0 << "Server: Docker/26.1.4 (linux)[\r][\n]"
19:04:56.298 [Test worker] DEBUG com.github.dockerjava.zerodep.shaded.org.apache.hc.client5.http.wire -- http-outgoing-0 << "Transfer-Encoding: chunked[\r][\n]"
19:04:56.298 [Test worker] DEBUG com.github.dockerjava.zerodep.shaded.org.apache.hc.client5.http.wire -- http-outgoing-0 << "[\r][\n]"
19:04:56.298 [Test worker] DEBUG com.github.dockerjava.zerodep.shaded.org.apache.hc.client5.http.headers -- http-outgoing-0 << HTTP/1.1 200 OK
19:04:56.298 [Test worker] DEBUG com.github.dockerjava.zerodep.shaded.org.apache.hc.client5.http.headers -- http-outgoing-0 << Api-Version: 1.45
19:04:56.298 [Test worker] DEBUG com.github.dockerjava.zerodep.shaded.org.apache.hc.client5.http.headers -- http-outgoing-0 << Content-Type: application/json
19:04:56.298 [Test worker] DEBUG com.github.dockerjava.zerodep.shaded.org.apache.hc.client5.http.headers -- http-outgoing-0 << Date: Fri, 19 Jul 2024 13:34:56 GMT
19:04:56.298 [Test worker] DEBUG com.github.dockerjava.zerodep.shaded.org.apache.hc.client5.http.headers -- http-outgoing-0 << Docker-Experimental: false
19:04:56.298 [Test worker] DEBUG com.github.dockerjava.zerodep.shaded.org.apache.hc.client5.http.headers -- http-outgoing-0 << Ostype: linux
19:04:56.298 [Test worker] DEBUG com.github.dockerjava.zerodep.shaded.org.apache.hc.client5.http.headers -- http-outgoing-0 << Server: Docker/26.1.4 (linux)
19:04:56.298 [Test worker] DEBUG com.github.dockerjava.zerodep.shaded.org.apache.hc.client5.http.headers -- http-outgoing-0 << Transfer-Encoding: chunked
19:04:56.298 [Test worker] DEBUG com.github.dockerjava.zerodep.shaded.org.apache.hc.client5.http.impl.classic.MainClientExec -- ex-00000003: connection can be kept alive for 3 MINUTES
19:04:56.298 [Test worker] DEBUG com.github.dockerjava.zerodep.shaded.org.apache.hc.client5.http.wire -- http-outgoing-0 << "697[\r][\n]"
19:04:56.299 [Test worker] DEBUG com.github.dockerjava.zerodep.shaded.org.apache.hc.client5.http.wire -- http-outgoing-0 << "[{"Containers":-1,"Created":1689952088,"Id":"sha256:f50a248ef92cdf254360e63219b285da7d84bd68423e6200182f0e1d0ee1603e","Labels":{"org.opencontainers.image.created":"2023-07-21T14:51:18.820Z","org.opencontainers.image.description":"BigQuery emulator server implemented in Go","org.opencontainers.image.licenses":"MIT","org.opencontainers.image.revision":"8ccde288d63846122e085433e0a03edfadba361c","org.opencontainers.image.source":"https://github.com/goccy/bigquery-emulator","org.opencontainers.image.title":"bigquery-emulator","org.opencontainers.image.url":"https://github.com/goccy/bigquery-emulator","org.opencontainers.image.version":"0.4.3"},"ParentId":"","RepoDigests":["ghcr.io/goccy/bigquery-emulator@sha256:f50a248ef92cdf254360e63219b285da7d84bd68423e6200182f0e1d0ee1603e"],"RepoTags":["ghcr.io/goccy/bigquery-emulator:0.4.3"],"SharedSize":-1,"Size":298152169,"VirtualSize":298152169},{"Containers":-1,"Created":1684336517,"Id":"sha256:533abc56c07b52a26c955d1e7ae428d810582ab01c156384ae79960eb5fa0775","Labels":{"org.testcontainers.ryuk":"true"},"ParentId":"","RepoDigests":["testcontainers/ryuk@sha256:533abc56c07b52a26c955d1e7ae428d810582ab01c156384ae79960eb5fa0775"],"RepoTags":["testcontainers/ryuk:0.5.1"],"SharedSize":-1,"Size":19273672,"VirtualSize":19273672},{"Containers":-1,"Created":1604424365,"Id":"sha256:3dc2df32b897aa1a47d942ff6c6474be04b882ce95ad15602451d272aaa8b37c","Labels":null,"ParentId":"","RepoDigests":["gcr.io/google.com/cloudsdktool/cloud-sdk@sha256:3dc2df32b897aa1a47d942ff6c6474be04b882ce95ad15602451d272aaa8b37c"],"RepoTags":["gcr.io/google.com/cloudsdktool/cloud-sdk:317.0.0-emulators"],"SharedSize":-1,"Size":1109960970,"VirtualSize":1109960970}][\n]"
19:04:56.299 [Test worker] DEBUG com.github.dockerjava.zerodep.shaded.org.apache.hc.client5.http.wire -- http-outgoing-0 << "[\r][\n]"
19:04:56.299 [Test worker] DEBUG com.github.dockerjava.zerodep.shaded.org.apache.hc.client5.http.wire -- http-outgoing-0 << "0[\r][\n]"
19:04:56.299 [Test worker] DEBUG com.github.dockerjava.zerodep.shaded.org.apache.hc.client5.http.wire -- http-outgoing-0 << "[\r][\n]"
19:04:56.301 [Test worker] DEBUG com.github.dockerjava.zerodep.shaded.org.apache.hc.client5.http.impl.classic.InternalHttpClient -- ep-00000002: releasing valid endpoint
19:04:56.301 [Test worker] DEBUG com.github.dockerjava.zerodep.shaded.org.apache.hc.client5.http.impl.io.PoolingHttpClientConnectionManager -- ep-00000002: releasing endpoint
19:04:56.301 [Test worker] DEBUG com.github.dockerjava.zerodep.shaded.org.apache.hc.client5.http.impl.io.PoolingHttpClientConnectionManager -- ep-00000002: connection http-outgoing-0 can be kept alive for 3 MINUTES
19:04:56.301 [Test worker] DEBUG com.github.dockerjava.zerodep.shaded.org.apache.hc.client5.http.impl.io.PoolingHttpClientConnectionManager -- ep-00000002: connection released [route: {}->unix://localhost:2375][total available: 1; route allocated: 1 of 2147483647; total allocated: 1 of 2147483647]
19:04:56.302 [Test worker] DEBUG org.testcontainers.images.AbstractImagePullPolicy -- Using locally available and not pulling image: testcontainers/ryuk:0.5.1
19:04:56.302 [Test worker] DEBUG tc.testcontainers/ryuk:0.5.1 -- Starting container: testcontainers/ryuk:0.5.1
19:04:56.303 [Test worker] DEBUG tc.testcontainers/ryuk:0.5.1 -- Trying to start container: testcontainers/ryuk:0.5.1 (attempt 1/1)
19:04:56.303 [Test worker] DEBUG tc.testcontainers/ryuk:0.5.1 -- Starting container: testcontainers/ryuk:0.5.1
19:04:56.303 [Test worker] INFO tc.testcontainers/ryuk:0.5.1 -- Creating container for image: testcontainers/ryuk:0.5.1
19:04:56.306 [Test worker] DEBUG org.testcontainers.utility.RegistryAuthLocator -- Looking up auth config for image: testcontainers/ryuk:0.5.1 at registry: https://index.docker.io/v1/
19:04:56.306 [Test worker] DEBUG org.testcontainers.utility.RegistryAuthLocator -- RegistryAuthLocator has configFile: /Users/shibsankarmitra/.docker/config.json (exists) configEnv: DOCKER_AUTH_CONFIG (does not exist) and commandPathPrefix: 
19:04:56.306 [Test worker] DEBUG org.testcontainers.utility.RegistryAuthLocator -- RegistryAuthLocator reading from configFile: /Users/shibsankarmitra/.docker/config.json
19:04:56.306 [Test worker] DEBUG org.testcontainers.utility.RegistryAuthLocator -- registryName [https://index.docker.io/v1/] for dockerImageName [testcontainers/ryuk:0.5.1]
19:04:56.306 [Test worker] DEBUG org.testcontainers.utility.RegistryAuthLocator -- Executing docker credential provider: docker-credential-desktop to locate auth config for: https://index.docker.io/v1/
19:04:56.311 [Test worker] DEBUG org.testcontainers.shaded.org.zeroturnaround.exec.ProcessExecutor -- Executing [docker-credential-desktop, get].
19:04:56.317 [Test worker] DEBUG org.testcontainers.utility.RegistryAuthLocator -- Failure running docker credential helper/store (docker-credential-desktop)
19:04:56.317 [Test worker] INFO org.testcontainers.utility.RegistryAuthLocator -- Failure when attempting to lookup auth config. Please ignore if you don't have images in an authenticated registry. Details: (dockerImageName: testcontainers/ryuk:0.5.1, configFile: /Users/shibsankarmitra/.docker/config.json, configEnv: DOCKER_AUTH_CONFIG). Falling back to docker-java default behaviour. Exception message: Could not execute [docker-credential-desktop, get]. Error=2, No such file or directory
19:04:56.317 [Test worker] DEBUG org.testcontainers.utility.RegistryAuthLocator -- No matching Auth Configs - falling back to defaultAuthConfig [null]
19:04:56.317 [Test worker] DEBUG org.testcontainers.dockerclient.AuthDelegatingDockerClientConfig -- Effective auth config [null]
19:04:56.329 [Test worker] DEBUG org.testcontainers.shaded.com.github.dockerjava.core.command.AbstrDockerCmd -- Cmd: org.testcontainers.shaded.com.github.dockerjava.core.command.CreateContainerCmdImpl@36cf16a6[aliases=<null>,argsEscaped=<null>,attachStderr=<null>,attachStdin=<null>,attachStdout=<null>,authConfig=<null>,cmd={},domainName=<null>,entrypoint=<null>,env={},exposedPorts=ExposedPorts(exposedPorts=[8080/tcp]),healthcheck=<null>,hostConfig=HostConfig(binds=[/var/run/docker.sock:/var/run/docker.sock:rw], blkioWeight=null, blkioWeightDevice=null, blkioDeviceReadBps=null, blkioDeviceWriteBps=null, blkioDeviceReadIOps=null, blkioDeviceWriteIOps=null, memorySwappiness=null, nanoCPUs=null, capAdd=null, capDrop=null, containerIDFile=null, cpuPeriod=null, cpuRealtimePeriod=null, cpuRealtimeRuntime=null, cpuShares=null, cpuQuota=null, cpusetCpus=null, cpusetMems=null, devices=null, deviceCgroupRules=null, deviceRequests=null, diskQuota=null, dns=null, dnsOptions=null, dnsSearch=null, extraHosts=[], groupAdd=null, ipcMode=null, cgroup=null, links=[], logConfig=LogConfig(type=null, config=null), lxcConf=null, memory=null, memorySwap=null, memoryReservation=null, kernelMemory=null, networkMode=null, oomKillDisable=null, init=null, autoRemove=true, oomScoreAdj=null, portBindings={8080/tcp=[Lcom.github.dockerjava.api.model.Ports$Binding;@1aee6d14}, privileged=true, publishAllPorts=null, readonlyRootfs=null, restartPolicy=null, ulimits=null, cpuCount=null, cpuPercent=null, ioMaximumIOps=null, ioMaximumBandwidth=null, volumesFrom=[], mounts=null, pidMode=null, isolation=null, securityOpts=null, storageOpt=null, cgroupParent=null, volumeDriver=null, shmSize=null, pidsLimit=null, runtime=null, tmpFs=null, utSMode=null, usernsMode=null, sysctls=null, consoleSize=null, cgroupnsMode=null),hostName=<null>,image=testcontainers/ryuk:0.5.1,ipv4Address=<null>,ipv6Address=<null>,labels={org.testcontainers=true, org.testcontainers.lang=java, org.testcontainers.version=1.19.1},macAddress=<null>,name=testcontainers-ryuk-1f399f0d-7ab6-47d2-bedc-41c5596e41f8,networkDisabled=<null>,networkingConfig=<null>,onBuild=<null>,platform=<null>,portSpecs=<null>,shell=<null>,stdInOnce=<null>,stdinOpen=<null>,stopSignal=<null>,stopTimeout=<null>,tty=<null>,user=<null>,volumes=Volumes(volumes=[]),workingDir=<null>]
19:04:56.366 [Test worker] DEBUG com.github.dockerjava.zerodep.shaded.org.apache.hc.client5.http.impl.classic.InternalHttpClient -- ex-00000004: preparing request execution
19:04:56.366 [Test worker] DEBUG com.github.dockerjava.zerodep.shaded.org.apache.hc.client5.http.protocol.RequestAddCookies -- Cookie spec selected: strict
19:04:56.366 [Test worker] DEBUG com.github.dockerjava.zerodep.shaded.org.apache.hc.client5.http.protocol.RequestAuthCache -- Auth cache not set in the context
19:04:56.366 [Test worker] DEBUG com.github.dockerjava.zerodep.shaded.org.apache.hc.client5.http.impl.classic.ProtocolExec -- ex-00000004: target auth state: UNCHALLENGED
19:04:56.366 [Test worker] DEBUG com.github.dockerjava.zerodep.shaded.org.apache.hc.client5.http.impl.classic.ProtocolExec -- ex-00000004: proxy auth state: UNCHALLENGED
19:04:56.366 [Test worker] DEBUG com.github.dockerjava.zerodep.shaded.org.apache.hc.client5.http.impl.classic.ConnectExec -- ex-00000004: acquiring connection with route {}->unix://localhost:2375
19:04:56.366 [Test worker] DEBUG com.github.dockerjava.zerodep.shaded.org.apache.hc.client5.http.impl.classic.InternalHttpClient -- ex-00000004: acquiring endpoint (3 MINUTES)
19:04:56.366 [Test worker] DEBUG com.github.dockerjava.zerodep.shaded.org.apache.hc.client5.http.impl.io.PoolingHttpClientConnectionManager -- ex-00000004: endpoint lease request (3 MINUTES) [route: {}->unix://localhost:2375][total available: 1; route allocated: 1 of 2147483647; total allocated: 1 of 2147483647]
19:04:56.366 [Test worker] DEBUG com.github.dockerjava.zerodep.shaded.org.apache.hc.client5.http.impl.io.PoolingHttpClientConnectionManager -- ex-00000004: endpoint leased [route: {}->unix://localhost:2375][total available: 0; route allocated: 1 of 2147483647; total allocated: 1 of 2147483647]
19:04:56.366 [Test worker] DEBUG com.github.dockerjava.zerodep.shaded.org.apache.hc.client5.http.impl.io.PoolingHttpClientConnectionManager -- ex-00000004: acquired ep-00000003
19:04:56.366 [Test worker] DEBUG com.github.dockerjava.zerodep.shaded.org.apache.hc.client5.http.impl.classic.InternalHttpClient -- ex-00000004: acquired endpoint ep-00000003
19:04:56.366 [Test worker] DEBUG com.github.dockerjava.zerodep.shaded.org.apache.hc.client5.http.impl.classic.MainClientExec -- ex-00000004: executing POST /v1.32/containers/create?name=testcontainers-ryuk-1f399f0d-7ab6-47d2-bedc-41c5596e41f8 HTTP/1.1
19:04:56.366 [Test worker] DEBUG com.github.dockerjava.zerodep.shaded.org.apache.hc.client5.http.impl.classic.InternalHttpClient -- ep-00000003: start execution ex-00000004
19:04:56.366 [Test worker] DEBUG com.github.dockerjava.zerodep.shaded.org.apache.hc.client5.http.impl.io.PoolingHttpClientConnectionManager -- ep-00000003: executing exchange ex-00000004 over http-outgoing-0
19:04:56.366 [Test worker] DEBUG com.github.dockerjava.zerodep.shaded.org.apache.hc.client5.http.headers -- http-outgoing-0 >> POST /v1.32/containers/create?name=testcontainers-ryuk-1f399f0d-7ab6-47d2-bedc-41c5596e41f8 HTTP/1.1
19:04:56.366 [Test worker] DEBUG com.github.dockerjava.zerodep.shaded.org.apache.hc.client5.http.headers -- http-outgoing-0 >> accept: application/json
19:04:56.366 [Test worker] DEBUG com.github.dockerjava.zerodep.shaded.org.apache.hc.client5.http.headers -- http-outgoing-0 >> content-type: application/json
19:04:56.367 [Test worker] DEBUG com.github.dockerjava.zerodep.shaded.org.apache.hc.client5.http.headers -- http-outgoing-0 >> x-tc-sid: 1f399f0d-7ab6-47d2-bedc-41c5596e41f8
19:04:56.367 [Test worker] DEBUG com.github.dockerjava.zerodep.shaded.org.apache.hc.client5.http.headers -- http-outgoing-0 >> User-Agent: tc-java/1.19.1
19:04:56.367 [Test worker] DEBUG com.github.dockerjava.zerodep.shaded.org.apache.hc.client5.http.headers -- http-outgoing-0 >> Accept-Encoding: gzip, x-gzip, deflate
19:04:56.367 [Test worker] DEBUG com.github.dockerjava.zerodep.shaded.org.apache.hc.client5.http.headers -- http-outgoing-0 >> Content-Length: 1954
19:04:56.367 [Test worker] DEBUG com.github.dockerjava.zerodep.shaded.org.apache.hc.client5.http.headers -- http-outgoing-0 >> Host: localhost:2375
19:04:56.367 [Test worker] DEBUG com.github.dockerjava.zerodep.shaded.org.apache.hc.client5.http.headers -- http-outgoing-0 >> Connection: keep-alive
19:04:56.367 [Test worker] DEBUG com.github.dockerjava.zerodep.shaded.org.apache.hc.client5.http.wire -- http-outgoing-0 >> "POST /v1.32/containers/create?name=testcontainers-ryuk-1f399f0d-7ab6-47d2-bedc-41c5596e41f8 HTTP/1.1[\r][\n]"
19:04:56.367 [Test worker] DEBUG com.github.dockerjava.zerodep.shaded.org.apache.hc.client5.http.wire -- http-outgoing-0 >> "accept: application/json[\r][\n]"
19:04:56.367 [Test worker] DEBUG com.github.dockerjava.zerodep.shaded.org.apache.hc.client5.http.wire -- http-outgoing-0 >> "content-type: application/json[\r][\n]"
19:04:56.367 [Test worker] DEBUG com.github.dockerjava.zerodep.shaded.org.apache.hc.client5.http.wire -- http-outgoing-0 >> "x-tc-sid: 1f399f0d-7ab6-47d2-bedc-41c5596e41f8[\r][\n]"
19:04:56.367 [Test worker] DEBUG com.github.dockerjava.zerodep.shaded.org.apache.hc.client5.http.wire -- http-outgoing-0 >> "User-Agent: tc-java/1.19.1[\r][\n]"
19:04:56.367 [Test worker] DEBUG com.github.dockerjava.zerodep.shaded.org.apache.hc.client5.http.wire -- http-outgoing-0 >> "Accept-Encoding: gzip, x-gzip, deflate[\r][\n]"
19:04:56.367 [Test worker] DEBUG com.github.dockerjava.zerodep.shaded.org.apache.hc.client5.http.wire -- http-outgoing-0 >> "Content-Length: 1954[\r][\n]"
19:04:56.367 [Test worker] DEBUG com.github.dockerjava.zerodep.shaded.org.apache.hc.client5.http.wire -- http-outgoing-0 >> "Host: localhost:2375[\r][\n]"
19:04:56.367 [Test worker] DEBUG com.github.dockerjava.zerodep.shaded.org.apache.hc.client5.http.wire -- http-outgoing-0 >> "Connection: keep-alive[\r][\n]"
19:04:56.367 [Test worker] DEBUG com.github.dockerjava.zerodep.shaded.org.apache.hc.client5.http.wire -- http-outgoing-0 >> "[\r][\n]"
19:04:56.367 [Test worker] DEBUG com.github.dockerjava.zerodep.shaded.org.apache.hc.client5.http.wire -- http-outgoing-0 >> "{"Hostname":null,"Domainname":null,"User":null,"AttachStdin":null,"AttachStdout":null,"AttachStderr":null,"PortSpecs":null,"Tty":null,"OpenStdin":null,"StdinOnce":null,"Env":[],"Cmd":[],"Healthcheck":null,"ArgsEscaped":null,"Entrypoint":null,"Image":"testcontainers/ryuk:0.5.1","Volumes":{},"WorkingDir":null,"MacAddress":null,"OnBuild":null,"NetworkDisabled":null,"ExposedPorts":{"8080/tcp":{}},"StopSignal":null,"StopTimeout":null,"HostConfig":{"Binds":["/var/run/docker.sock:/var/run/docker.sock:rw"],"BlkioWeight":null,"BlkioWeightDevice":null,"BlkioDeviceReadBps":null,"BlkioDeviceWriteBps":null,"BlkioDeviceReadIOps":null,"BlkioDeviceWriteIOps":null,"MemorySwappiness":null,"NanoCpus":null,"CapAdd":null,"CapDrop":null,"ContainerIDFile":null,"CpuPeriod":null,"CpuRealtimePeriod":null,"CpuRealtimeRuntime":null,"CpuShares":null,"CpuQuota":null,"CpusetCpus":null,"CpusetMems":null,"Devices":null,"DeviceCgroupRules":null,"DeviceRequests":null,"DiskQuota":null,"Dns":null,"DnsOptions":null,"DnsSearch":null,"ExtraHosts":[],"GroupAdd":null,"IpcMode":null,"Cgroup":null,"Links":[],"LogConfig":null,"LxcConf":null,"Memory":null,"MemorySwap":null,"MemoryReservation":null,"KernelMemory":null,"NetworkMode":null,"OomKillDisable":null,"Init":null,"AutoRemove":true,"OomScoreAdj":null,"PortBindings":{"8080/tcp":[{"HostIp":"","HostPort":""}]},"Privileged":true,"PublishAllPorts":null,"ReadonlyRootfs":null,"RestartPolicy":null,"Ulimits":null,"CpuCount":null,"CpuPercent":null,"IOMaximumIOps":null,"IOMaximumBandwidth":null,"VolumesFrom":[],"Mounts":null,"PidMode":null,"Isolation":null,"SecurityOpt":null,"StorageOpt":null,"CgroupParent":null,"VolumeDriver":null,"ShmSize":null,"PidsLimit":null,"Runtime":null,"Tmpfs":null,"UTSMode":null,"UsernsMode":null,"Sysctls":null,"ConsoleSize":null,"CgroupnsMode":null},"Labels":{"org.testcontainers":"true","org.testcontainers.lang":"java","org.testcontainers.version":"1.19.1"},"Shell":null,"NetworkingConfig":null}"
19:04:56.399 [Test worker] DEBUG com.github.dockerjava.zerodep.shaded.org.apache.hc.client5.http.wire -- http-outgoing-0 << "HTTP/1.1 201 Created[\r][\n]"
19:04:56.400 [Test worker] DEBUG com.github.dockerjava.zerodep.shaded.org.apache.hc.client5.http.wire -- http-outgoing-0 << "Api-Version: 1.45[\r][\n]"
19:04:56.400 [Test worker] DEBUG com.github.dockerjava.zerodep.shaded.org.apache.hc.client5.http.wire -- http-outgoing-0 << "Content-Type: application/json[\r][\n]"
19:04:56.400 [Test worker] DEBUG com.github.dockerjava.zerodep.shaded.org.apache.hc.client5.http.wire -- http-outgoing-0 << "Date: Fri, 19 Jul 2024 13:34:56 GMT[\r][\n]"
19:04:56.400 [Test worker] DEBUG com.github.dockerjava.zerodep.shaded.org.apache.hc.client5.http.wire -- http-outgoing-0 << "Docker-Experimental: false[\r][\n]"
19:04:56.400 [Test worker] DEBUG com.github.dockerjava.zerodep.shaded.org.apache.hc.client5.http.wire -- http-outgoing-0 << "Ostype: linux[\r][\n]"
19:04:56.400 [Test worker] DEBUG com.github.dockerjava.zerodep.shaded.org.apache.hc.client5.http.wire -- http-outgoing-0 << "Server: Docker/26.1.4 (linux)[\r][\n]"
19:04:56.400 [Test worker] DEBUG com.github.dockerjava.zerodep.shaded.org.apache.hc.client5.http.wire -- http-outgoing-0 << "Transfer-Encoding: chunked[\r][\n]"
19:04:56.400 [Test worker] DEBUG com.github.dockerjava.zerodep.shaded.org.apache.hc.client5.http.wire -- http-outgoing-0 << "[\r][\n]"
19:04:56.400 [Test worker] DEBUG com.github.dockerjava.zerodep.shaded.org.apache.hc.client5.http.headers -- http-outgoing-0 << HTTP/1.1 201 Created
19:04:56.400 [Test worker] DEBUG com.github.dockerjava.zerodep.shaded.org.apache.hc.client5.http.headers -- http-outgoing-0 << Api-Version: 1.45
19:04:56.400 [Test worker] DEBUG com.github.dockerjava.zerodep.shaded.org.apache.hc.client5.http.headers -- http-outgoing-0 << Content-Type: application/json
19:04:56.400 [Test worker] DEBUG com.github.dockerjava.zerodep.shaded.org.apache.hc.client5.http.headers -- http-outgoing-0 << Date: Fri, 19 Jul 2024 13:34:56 GMT
19:04:56.400 [Test worker] DEBUG com.github.dockerjava.zerodep.shaded.org.apache.hc.client5.http.headers -- http-outgoing-0 << Docker-Experimental: false
19:04:56.400 [Test worker] DEBUG com.github.dockerjava.zerodep.shaded.org.apache.hc.client5.http.headers -- http-outgoing-0 << Ostype: linux
19:04:56.401 [Test worker] DEBUG com.github.dockerjava.zerodep.shaded.org.apache.hc.client5.http.headers -- http-outgoing-0 << Server: Docker/26.1.4 (linux)
19:04:56.401 [Test worker] DEBUG com.github.dockerjava.zerodep.shaded.org.apache.hc.client5.http.headers -- http-outgoing-0 << Transfer-Encoding: chunked
19:04:56.401 [Test worker] DEBUG com.github.dockerjava.zerodep.shaded.org.apache.hc.client5.http.impl.classic.MainClientExec -- ex-00000004: connection can be kept alive for 3 MINUTES
19:04:56.401 [Test worker] DEBUG com.github.dockerjava.zerodep.shaded.org.apache.hc.client5.http.wire -- http-outgoing-0 << "58[\r][\n]"
19:04:56.401 [Test worker] DEBUG com.github.dockerjava.zerodep.shaded.org.apache.hc.client5.http.wire -- http-outgoing-0 << "{"Id":"3d23b28bbb88e9a6dc36633d3601c8689d0c2ef6c7a7eca31185929dba75a8c5","Warnings":[]}[\n]"
19:04:56.401 [Test worker] DEBUG com.github.dockerjava.zerodep.shaded.org.apache.hc.client5.http.wire -- http-outgoing-0 << "[\r][\n]"
19:04:56.401 [Test worker] DEBUG com.github.dockerjava.zerodep.shaded.org.apache.hc.client5.http.wire -- http-outgoing-0 << "0[\r][\n]"
19:04:56.401 [Test worker] DEBUG com.github.dockerjava.zerodep.shaded.org.apache.hc.client5.http.wire -- http-outgoing-0 << "[\r][\n]"
19:04:56.402 [Test worker] DEBUG com.github.dockerjava.zerodep.shaded.org.apache.hc.client5.http.impl.classic.InternalHttpClient -- ep-00000003: releasing valid endpoint
19:04:56.402 [Test worker] DEBUG com.github.dockerjava.zerodep.shaded.org.apache.hc.client5.http.impl.io.PoolingHttpClientConnectionManager -- ep-00000003: releasing endpoint
19:04:56.402 [Test worker] DEBUG com.github.dockerjava.zerodep.shaded.org.apache.hc.client5.http.impl.io.PoolingHttpClientConnectionManager -- ep-00000003: connection http-outgoing-0 can be kept alive for 3 MINUTES
19:04:56.402 [Test worker] DEBUG com.github.dockerjava.zerodep.shaded.org.apache.hc.client5.http.impl.io.PoolingHttpClientConnectionManager -- ep-00000003: connection released [route: {}->unix://localhost:2375][total available: 1; route allocated: 1 of 2147483647; total allocated: 1 of 2147483647]
19:04:56.404 [Test worker] INFO tc.testcontainers/ryuk:0.5.1 -- Container testcontainers/ryuk:0.5.1 is starting: 3d23b28bbb88e9a6dc36633d3601c8689d0c2ef6c7a7eca31185929dba75a8c5
19:04:56.406 [Test worker] DEBUG org.testcontainers.shaded.com.github.dockerjava.core.command.AbstrDockerCmd -- Cmd: 3d23b28bbb88e9a6dc36633d3601c8689d0c2ef6c7a7eca31185929dba75a8c5
19:04:56.406 [Test worker] DEBUG com.github.dockerjava.zerodep.shaded.org.apache.hc.client5.http.impl.classic.InternalHttpClient -- ex-00000005: preparing request execution
19:04:56.406 [Test worker] DEBUG com.github.dockerjava.zerodep.shaded.org.apache.hc.client5.http.protocol.RequestAddCookies -- Cookie spec selected: strict
19:04:56.406 [Test worker] DEBUG com.github.dockerjava.zerodep.shaded.org.apache.hc.client5.http.protocol.RequestAuthCache -- Auth cache not set in the context
19:04:56.406 [Test worker] DEBUG com.github.dockerjava.zerodep.shaded.org.apache.hc.client5.http.impl.classic.ProtocolExec -- ex-00000005: target auth state: UNCHALLENGED
19:04:56.407 [Test worker] DEBUG com.github.dockerjava.zerodep.shaded.org.apache.hc.client5.http.impl.classic.ProtocolExec -- ex-00000005: proxy auth state: UNCHALLENGED
19:04:56.407 [Test worker] DEBUG com.github.dockerjava.zerodep.shaded.org.apache.hc.client5.http.impl.classic.ConnectExec -- ex-00000005: acquiring connection with route {}->unix://localhost:2375
19:04:56.407 [Test worker] DEBUG com.github.dockerjava.zerodep.shaded.org.apache.hc.client5.http.impl.classic.InternalHttpClient -- ex-00000005: acquiring endpoint (3 MINUTES)
19:04:56.407 [Test worker] DEBUG com.github.dockerjava.zerodep.shaded.org.apache.hc.client5.http.impl.io.PoolingHttpClientConnectionManager -- ex-00000005: endpoint lease request (3 MINUTES) [route: {}->unix://localhost:2375][total available: 1; route allocated: 1 of 2147483647; total allocated: 1 of 2147483647]
19:04:56.407 [Test worker] DEBUG com.github.dockerjava.zerodep.shaded.org.apache.hc.client5.http.impl.io.PoolingHttpClientConnectionManager -- ex-00000005: endpoint leased [route: {}->unix://localhost:2375][total available: 0; route allocated: 1 of 2147483647; total allocated: 1 of 2147483647]
19:04:56.407 [Test worker] DEBUG com.github.dockerjava.zerodep.shaded.org.apache.hc.client5.http.impl.io.PoolingHttpClientConnectionManager -- ex-00000005: acquired ep-00000004
19:04:56.407 [Test worker] DEBUG com.github.dockerjava.zerodep.shaded.org.apache.hc.client5.http.impl.classic.InternalHttpClient -- ex-00000005: acquired endpoint ep-00000004
19:04:56.407 [Test worker] DEBUG com.github.dockerjava.zerodep.shaded.org.apache.hc.client5.http.impl.classic.MainClientExec -- ex-00000005: executing POST /v1.32/containers/3d23b28bbb88e9a6dc36633d3601c8689d0c2ef6c7a7eca31185929dba75a8c5/start HTTP/1.1
19:04:56.407 [Test worker] DEBUG com.github.dockerjava.zerodep.shaded.org.apache.hc.client5.http.impl.classic.InternalHttpClient -- ep-00000004: start execution ex-00000005
19:04:56.407 [Test worker] DEBUG com.github.dockerjava.zerodep.shaded.org.apache.hc.client5.http.impl.io.PoolingHttpClientConnectionManager -- ep-00000004: executing exchange ex-00000005 over http-outgoing-0
19:04:56.407 [Test worker] DEBUG com.github.dockerjava.zerodep.shaded.org.apache.hc.client5.http.headers -- http-outgoing-0 >> POST /v1.32/containers/3d23b28bbb88e9a6dc36633d3601c8689d0c2ef6c7a7eca31185929dba75a8c5/start HTTP/1.1
19:04:56.407 [Test worker] DEBUG com.github.dockerjava.zerodep.shaded.org.apache.hc.client5.http.headers -- http-outgoing-0 >> accept: application/json
19:04:56.407 [Test worker] DEBUG com.github.dockerjava.zerodep.shaded.org.apache.hc.client5.http.headers -- http-outgoing-0 >> content-type: application/json
19:04:56.407 [Test worker] DEBUG com.github.dockerjava.zerodep.shaded.org.apache.hc.client5.http.headers -- http-outgoing-0 >> x-tc-sid: 1f399f0d-7ab6-47d2-bedc-41c5596e41f8
19:04:56.407 [Test worker] DEBUG com.github.dockerjava.zerodep.shaded.org.apache.hc.client5.http.headers -- http-outgoing-0 >> User-Agent: tc-java/1.19.1
19:04:56.407 [Test worker] DEBUG com.github.dockerjava.zerodep.shaded.org.apache.hc.client5.http.headers -- http-outgoing-0 >> Accept-Encoding: gzip, x-gzip, deflate
19:04:56.407 [Test worker] DEBUG com.github.dockerjava.zerodep.shaded.org.apache.hc.client5.http.headers -- http-outgoing-0 >> Host: localhost:2375
19:04:56.407 [Test worker] DEBUG com.github.dockerjava.zerodep.shaded.org.apache.hc.client5.http.headers -- http-outgoing-0 >> Connection: keep-alive
19:04:56.407 [Test worker] DEBUG com.github.dockerjava.zerodep.shaded.org.apache.hc.client5.http.wire -- http-outgoing-0 >> "POST /v1.32/containers/3d23b28bbb88e9a6dc36633d3601c8689d0c2ef6c7a7eca31185929dba75a8c5/start HTTP/1.1[\r][\n]"
19:04:56.407 [Test worker] DEBUG com.github.dockerjava.zerodep.shaded.org.apache.hc.client5.http.wire -- http-outgoing-0 >> "accept: application/json[\r][\n]"
19:04:56.407 [Test worker] DEBUG com.github.dockerjava.zerodep.shaded.org.apache.hc.client5.http.wire -- http-outgoing-0 >> "content-type: application/json[\r][\n]"
19:04:56.407 [Test worker] DEBUG com.github.dockerjava.zerodep.shaded.org.apache.hc.client5.http.wire -- http-outgoing-0 >> "x-tc-sid: 1f399f0d-7ab6-47d2-bedc-41c5596e41f8[\r][\n]"
19:04:56.407 [Test worker] DEBUG com.github.dockerjava.zerodep.shaded.org.apache.hc.client5.http.wire -- http-outgoing-0 >> "User-Agent: tc-java/1.19.1[\r][\n]"
19:04:56.408 [Test worker] DEBUG com.github.dockerjava.zerodep.shaded.org.apache.hc.client5.http.wire -- http-outgoing-0 >> "Accept-Encoding: gzip, x-gzip, deflate[\r][\n]"
19:04:56.408 [Test worker] DEBUG com.github.dockerjava.zerodep.shaded.org.apache.hc.client5.http.wire -- http-outgoing-0 >> "Host: localhost:2375[\r][\n]"
19:04:56.408 [Test worker] DEBUG com.github.dockerjava.zerodep.shaded.org.apache.hc.client5.http.wire -- http-outgoing-0 >> "Connection: keep-alive[\r][\n]"
19:04:56.408 [Test worker] DEBUG com.github.dockerjava.zerodep.shaded.org.apache.hc.client5.http.wire -- http-outgoing-0 >> "[\r][\n]"
19:04:56.518 [Test worker] DEBUG com.github.dockerjava.zerodep.shaded.org.apache.hc.client5.http.wire -- http-outgoing-0 << "HTTP/1.1 204 No Content[\r][\n]"
19:04:56.518 [Test worker] DEBUG com.github.dockerjava.zerodep.shaded.org.apache.hc.client5.http.wire -- http-outgoing-0 << "Api-Version: 1.45[\r][\n]"
19:04:56.518 [Test worker] DEBUG com.github.dockerjava.zerodep.shaded.org.apache.hc.client5.http.wire -- http-outgoing-0 << "Date: Fri, 19 Jul 2024 13:34:56 GMT[\r][\n]"
19:04:56.518 [Test worker] DEBUG com.github.dockerjava.zerodep.shaded.org.apache.hc.client5.http.wire -- http-outgoing-0 << "Docker-Experimental: false[\r][\n]"
19:04:56.518 [Test worker] DEBUG com.github.dockerjava.zerodep.shaded.org.apache.hc.client5.http.wire -- http-outgoing-0 << "Ostype: linux[\r][\n]"
19:04:56.518 [Test worker] DEBUG com.github.dockerjava.zerodep.shaded.org.apache.hc.client5.http.wire -- http-outgoing-0 << "Server: Docker/26.1.4 (linux)[\r][\n]"
19:04:56.518 [Test worker] DEBUG com.github.dockerjava.zerodep.shaded.org.apache.hc.client5.http.wire -- http-outgoing-0 << "[\r][\n]"
19:04:56.518 [Test worker] DEBUG com.github.dockerjava.zerodep.shaded.org.apache.hc.client5.http.headers -- http-outgoing-0 << HTTP/1.1 204 No Content
19:04:56.519 [Test worker] DEBUG com.github.dockerjava.zerodep.shaded.org.apache.hc.client5.http.headers -- http-outgoing-0 << Api-Version: 1.45
19:04:56.519 [Test worker] DEBUG com.github.dockerjava.zerodep.shaded.org.apache.hc.client5.http.headers -- http-outgoing-0 << Date: Fri, 19 Jul 2024 13:34:56 GMT
19:04:56.519 [Test worker] DEBUG com.github.dockerjava.zerodep.shaded.org.apache.hc.client5.http.headers -- http-outgoing-0 << Docker-Experimental: false
19:04:56.519 [Test worker] DEBUG com.github.dockerjava.zerodep.shaded.org.apache.hc.client5.http.headers -- http-outgoing-0 << Ostype: linux
19:04:56.519 [Test worker] DEBUG com.github.dockerjava.zerodep.shaded.org.apache.hc.client5.http.headers -- http-outgoing-0 << Server: Docker/26.1.4 (linux)
19:04:56.519 [Test worker] DEBUG com.github.dockerjava.zerodep.shaded.org.apache.hc.client5.http.impl.classic.MainClientExec -- ex-00000005: connection can be kept alive for 3 MINUTES
19:04:56.519 [Test worker] DEBUG com.github.dockerjava.zerodep.shaded.org.apache.hc.client5.http.impl.classic.InternalHttpClient -- ep-00000004: releasing valid endpoint
19:04:56.519 [Test worker] DEBUG com.github.dockerjava.zerodep.shaded.org.apache.hc.client5.http.impl.io.PoolingHttpClientConnectionManager -- ep-00000004: releasing endpoint
19:04:56.519 [Test worker] DEBUG com.github.dockerjava.zerodep.shaded.org.apache.hc.client5.http.impl.io.PoolingHttpClientConnectionManager -- ep-00000004: connection http-outgoing-0 can be kept alive for 3 MINUTES
19:04:56.519 [Test worker] DEBUG com.github.dockerjava.zerodep.shaded.org.apache.hc.client5.http.impl.io.PoolingHttpClientConnectionManager -- ep-00000004: connection released [route: {}->unix://localhost:2375][total available: 1; route allocated: 1 of 2147483647; total allocated: 1 of 2147483647]
19:04:56.526 [Test worker] DEBUG org.testcontainers.shaded.com.github.dockerjava.core.command.AbstrDockerCmd -- Cmd: 3d23b28bbb88e9a6dc36633d3601c8689d0c2ef6c7a7eca31185929dba75a8c5,false
19:04:56.526 [Test worker] DEBUG org.testcontainers.shaded.com.github.dockerjava.core.exec.InspectContainerCmdExec -- GET: DefaultWebTarget{path=[/containers/3d23b28bbb88e9a6dc36633d3601c8689d0c2ef6c7a7eca31185929dba75a8c5/json], queryParams={}}
19:04:56.526 [Test worker] DEBUG com.github.dockerjava.zerodep.shaded.org.apache.hc.client5.http.impl.classic.InternalHttpClient -- ex-00000006: preparing request execution
19:04:56.526 [Test worker] DEBUG com.github.dockerjava.zerodep.shaded.org.apache.hc.client5.http.protocol.RequestAddCookies -- Cookie spec selected: strict
19:04:56.526 [Test worker] DEBUG com.github.dockerjava.zerodep.shaded.org.apache.hc.client5.http.protocol.RequestAuthCache -- Auth cache not set in the context
19:04:56.527 [Test worker] DEBUG com.github.dockerjava.zerodep.shaded.org.apache.hc.client5.http.impl.classic.ProtocolExec -- ex-00000006: target auth state: UNCHALLENGED
19:04:56.527 [Test worker] DEBUG com.github.dockerjava.zerodep.shaded.org.apache.hc.client5.http.impl.classic.ProtocolExec -- ex-00000006: proxy auth state: UNCHALLENGED
19:04:56.527 [Test worker] DEBUG com.github.dockerjava.zerodep.shaded.org.apache.hc.client5.http.impl.classic.ConnectExec -- ex-00000006: acquiring connection with route {}->unix://localhost:2375
19:04:56.527 [Test worker] DEBUG com.github.dockerjava.zerodep.shaded.org.apache.hc.client5.http.impl.classic.InternalHttpClient -- ex-00000006: acquiring endpoint (3 MINUTES)
19:04:56.527 [Test worker] DEBUG com.github.dockerjava.zerodep.shaded.org.apache.hc.client5.http.impl.io.PoolingHttpClientConnectionManager -- ex-00000006: endpoint lease request (3 MINUTES) [route: {}->unix://localhost:2375][total available: 1; route allocated: 1 of 2147483647; total allocated: 1 of 2147483647]
19:04:56.527 [Test worker] DEBUG com.github.dockerjava.zerodep.shaded.org.apache.hc.client5.http.impl.io.PoolingHttpClientConnectionManager -- ex-00000006: endpoint leased [route: {}->unix://localhost:2375][total available: 0; route allocated: 1 of 2147483647; total allocated: 1 of 2147483647]
19:04:56.527 [Test worker] DEBUG com.github.dockerjava.zerodep.shaded.org.apache.hc.client5.http.impl.io.PoolingHttpClientConnectionManager -- ex-00000006: acquired ep-00000005
19:04:56.527 [Test worker] DEBUG com.github.dockerjava.zerodep.shaded.org.apache.hc.client5.http.impl.classic.InternalHttpClient -- ex-00000006: acquired endpoint ep-00000005
19:04:56.527 [Test worker] DEBUG com.github.dockerjava.zerodep.shaded.org.apache.hc.client5.http.impl.classic.MainClientExec -- ex-00000006: executing GET /v1.32/containers/3d23b28bbb88e9a6dc36633d3601c8689d0c2ef6c7a7eca31185929dba75a8c5/json HTTP/1.1
19:04:56.527 [Test worker] DEBUG com.github.dockerjava.zerodep.shaded.org.apache.hc.client5.http.impl.classic.InternalHttpClient -- ep-00000005: start execution ex-00000006
19:04:56.527 [Test worker] DEBUG com.github.dockerjava.zerodep.shaded.org.apache.hc.client5.http.impl.io.PoolingHttpClientConnectionManager -- ep-00000005: executing exchange ex-00000006 over http-outgoing-0
19:04:56.527 [Test worker] DEBUG com.github.dockerjava.zerodep.shaded.org.apache.hc.client5.http.headers -- http-outgoing-0 >> GET /v1.32/containers/3d23b28bbb88e9a6dc36633d3601c8689d0c2ef6c7a7eca31185929dba75a8c5/json HTTP/1.1
19:04:56.527 [Test worker] DEBUG com.github.dockerjava.zerodep.shaded.org.apache.hc.client5.http.headers -- http-outgoing-0 >> accept: application/json
19:04:56.527 [Test worker] DEBUG com.github.dockerjava.zerodep.shaded.org.apache.hc.client5.http.headers -- http-outgoing-0 >> x-tc-sid: 1f399f0d-7ab6-47d2-bedc-41c5596e41f8
19:04:56.527 [Test worker] DEBUG com.github.dockerjava.zerodep.shaded.org.apache.hc.client5.http.headers -- http-outgoing-0 >> User-Agent: tc-java/1.19.1
19:04:56.527 [Test worker] DEBUG com.github.dockerjava.zerodep.shaded.org.apache.hc.client5.http.headers -- http-outgoing-0 >> Accept-Encoding: gzip, x-gzip, deflate
19:04:56.527 [Test worker] DEBUG com.github.dockerjava.zerodep.shaded.org.apache.hc.client5.http.headers -- http-outgoing-0 >> Host: localhost:2375
19:04:56.527 [Test worker] DEBUG com.github.dockerjava.zerodep.shaded.org.apache.hc.client5.http.headers -- http-outgoing-0 >> Connection: keep-alive
19:04:56.528 [Test worker] DEBUG com.github.dockerjava.zerodep.shaded.org.apache.hc.client5.http.wire -- http-outgoing-0 >> "GET /v1.32/containers/3d23b28bbb88e9a6dc36633d3601c8689d0c2ef6c7a7eca31185929dba75a8c5/json HTTP/1.1[\r][\n]"
19:04:56.528 [Test worker] DEBUG com.github.dockerjava.zerodep.shaded.org.apache.hc.client5.http.wire -- http-outgoing-0 >> "accept: application/json[\r][\n]"
19:04:56.528 [Test worker] DEBUG com.github.dockerjava.zerodep.shaded.org.apache.hc.client5.http.wire -- http-outgoing-0 >> "x-tc-sid: 1f399f0d-7ab6-47d2-bedc-41c5596e41f8[\r][\n]"
19:04:56.528 [Test worker] DEBUG com.github.dockerjava.zerodep.shaded.org.apache.hc.client5.http.wire -- http-outgoing-0 >> "User-Agent: tc-java/1.19.1[\r][\n]"
19:04:56.528 [Test worker] DEBUG com.github.dockerjava.zerodep.shaded.org.apache.hc.client5.http.wire -- http-outgoing-0 >> "Accept-Encoding: gzip, x-gzip, deflate[\r][\n]"
19:04:56.528 [Test worker] DEBUG com.github.dockerjava.zerodep.shaded.org.apache.hc.client5.http.wire -- http-outgoing-0 >> "Host: localhost:2375[\r][\n]"
19:04:56.528 [Test worker] DEBUG com.github.dockerjava.zerodep.shaded.org.apache.hc.client5.http.wire -- http-outgoing-0 >> "Connection: keep-alive[\r][\n]"
19:04:56.528 [Test worker] DEBUG com.github.dockerjava.zerodep.shaded.org.apache.hc.client5.http.wire -- http-outgoing-0 >> "[\r][\n]"
19:04:56.530 [Test worker] DEBUG com.github.dockerjava.zerodep.shaded.org.apache.hc.client5.http.wire -- http-outgoing-0 << "HTTP/1.1 200 OK[\r][\n]"
19:04:56.530 [Test worker] DEBUG com.github.dockerjava.zerodep.shaded.org.apache.hc.client5.http.wire -- http-outgoing-0 << "Api-Version: 1.45[\r][\n]"
19:04:56.530 [Test worker] DEBUG com.github.dockerjava.zerodep.shaded.org.apache.hc.client5.http.wire -- http-outgoing-0 << "Content-Type: application/json[\r][\n]"
19:04:56.530 [Test worker] DEBUG com.github.dockerjava.zerodep.shaded.org.apache.hc.client5.http.wire -- http-outgoing-0 << "Date: Fri, 19 Jul 2024 13:34:56 GMT[\r][\n]"
19:04:56.530 [Test worker] DEBUG com.github.dockerjava.zerodep.shaded.org.apache.hc.client5.http.wire -- http-outgoing-0 << "Docker-Experimental: false[\r][\n]"
19:04:56.530 [Test worker] DEBUG com.github.dockerjava.zerodep.shaded.org.apache.hc.client5.http.wire -- http-outgoing-0 << "Ostype: linux[\r][\n]"
19:04:56.530 [Test worker] DEBUG com.github.dockerjava.zerodep.shaded.org.apache.hc.client5.http.wire -- http-outgoing-0 << "Server: Docker/26.1.4 (linux)[\r][\n]"
19:04:56.530 [Test worker] DEBUG com.github.dockerjava.zerodep.shaded.org.apache.hc.client5.http.wire -- http-outgoing-0 << "Transfer-Encoding: chunked[\r][\n]"
19:04:56.530 [Test worker] DEBUG com.github.dockerjava.zerodep.shaded.org.apache.hc.client5.http.wire -- http-outgoing-0 << "[\r][\n]"
19:04:56.530 [Test worker] DEBUG com.github.dockerjava.zerodep.shaded.org.apache.hc.client5.http.headers -- http-outgoing-0 << HTTP/1.1 200 OK
19:04:56.530 [Test worker] DEBUG com.github.dockerjava.zerodep.shaded.org.apache.hc.client5.http.headers -- http-outgoing-0 << Api-Version: 1.45
19:04:56.530 [Test worker] DEBUG com.github.dockerjava.zerodep.shaded.org.apache.hc.client5.http.headers -- http-outgoing-0 << Content-Type: application/json
19:04:56.530 [Test worker] DEBUG com.github.dockerjava.zerodep.shaded.org.apache.hc.client5.http.headers -- http-outgoing-0 << Date: Fri, 19 Jul 2024 13:34:56 GMT
19:04:56.530 [Test worker] DEBUG com.github.dockerjava.zerodep.shaded.org.apache.hc.client5.http.headers -- http-outgoing-0 << Docker-Experimental: false
19:04:56.530 [Test worker] DEBUG com.github.dockerjava.zerodep.shaded.org.apache.hc.client5.http.headers -- http-outgoing-0 << Ostype: linux
19:04:56.530 [Test worker] DEBUG com.github.dockerjava.zerodep.shaded.org.apache.hc.client5.http.headers -- http-outgoing-0 << Server: Docker/26.1.4 (linux)
19:04:56.530 [Test worker] DEBUG com.github.dockerjava.zerodep.shaded.org.apache.hc.client5.http.headers -- http-outgoing-0 << Transfer-Encoding: chunked
19:04:56.530 [Test worker] DEBUG com.github.dockerjava.zerodep.shaded.org.apache.hc.client5.http.impl.classic.MainClientExec -- ex-00000006: connection can be kept alive for 3 MINUTES
19:04:56.531 [Test worker] DEBUG com.github.dockerjava.zerodep.shaded.org.apache.hc.client5.http.wire -- http-outgoing-0 << "10a8[\r][\n]"
19:04:56.531 [Test worker] DEBUG com.github.dockerjava.zerodep.shaded.org.apache.hc.client5.http.wire -- http-outgoing-0 << "{"Id":"3d23b28bbb88e9a6dc36633d3601c8689d0c2ef6c7a7eca31185929dba75a8c5","Created":"2024-07-19T13:34:56.385399796Z","Path":"/bin/ryuk","Args":[],"State":{"Status":"running","Running":true,"Paused":false,"Restarting":false,"OOMKilled":false,"Dead":false,"Pid":636,"ExitCode":0,"Error":"","StartedAt":"2024-07-19T13:34:56.514053713Z","FinishedAt":"0001-01-01T00:00:00Z"},"Image":"sha256:533abc56c07b52a26c955d1e7ae428d810582ab01c156384ae79960eb5fa0775","ResolvConfPath":"/var/lib/docker/containers/3d23b28bbb88e9a6dc36633d3601c8689d0c2ef6c7a7eca31185929dba75a8c5/resolv.conf","HostnamePath":"/var/lib/docker/containers/3d23b28bbb88e9a6dc36633d3601c8689d0c2ef6c7a7eca31185929dba75a8c5/hostname","HostsPath":"/var/lib/docker/containers/3d23b28bbb88e9a6dc36633d3601c8689d0c2ef6c7a7eca31185929dba75a8c5/hosts","LogPath":"/var/lib/docker/containers/3d23b28bbb88e9a6dc36633d3601c8689d0c2ef6c7a7eca31185929dba75a8c5/3d23b28bbb88e9a6dc36633d3601c8689d0c2ef6c7a7eca31185929dba75a8c5-json.log","Name":"/testcontainers-ryuk-1f399f0d-7ab6-47d2-bedc-41c5596e41f8","RestartCount":0,"Driver":"overlayfs","Platform":"linux","MountLabel":"","ProcessLabel":"","AppArmorProfile":"","ExecIDs":null,"HostConfig":{"Binds":["/var/run/docker.sock:/var/run/docker.sock:rw"],"ContainerIDFile":"","LogConfig":{"Type":"json-file","Config":{}},"NetworkMode":"bridge","PortBindings":{"8080/tcp":[{"HostIp":"0.0.0.0","HostPort":"0"}]},"RestartPolicy":{"Name":"no","MaximumRetryCount":0},"AutoRemove":true,"VolumeDriver":"","VolumesFrom":[],"ConsoleSize":[0,0],"CapAdd":null,"CapDrop":null,"CgroupnsMode":"private","Dns":null,"DnsOptions":null,"DnsSearch":null,"ExtraHosts":[],"GroupAdd":null,"IpcMode":"shareable","Cgroup":"","Links":null,"OomScoreAdj":0,"PidMode":"","Privileged":true,"PublishAllPorts":false,"ReadonlyRootfs":false,"SecurityOpt":["label=disable"],"UTSMode":"","UsernsMode":"","ShmSize":67108864,"Runtime":"runc","Isolation":"","CpuShares":0,"Memory":0,"NanoCpus":0,"CgroupParent":"","BlkioWeight":0,"BlkioWeightDevice":null,"BlkioDeviceReadBps":null,"BlkioDeviceWriteBps":null,"BlkioDeviceReadIOps":null,"BlkioDeviceWriteIOps":null,"CpuPeriod":0,"CpuQuota":0,"CpuRealtimePeriod":0,"CpuRealtimeRuntime":0,"CpusetCpus":"","CpusetMems":"","Devices":null,"DeviceCgroupRules":null,"DeviceRequests":null,"MemoryReservation":0,"MemorySwap":0,"MemorySwappiness":null,"OomKillDisable":null,"PidsLimit":null,"Ulimits":null,"CpuCount":0,"CpuPercent":0,"IOMaximumIOps":0,"IOMaximumBandwidth":0,"MaskedPaths":null,"ReadonlyPaths":null},"GraphDriver":{"Data":null,"Name":"overlayfs"},"Mounts":[{"Type":"bind","Source":"/var/run/docker.sock","Destination":"/var/run/docker.sock","Mode":"rw","RW":true,"Propagation":"rprivate"}],"Config":{"Hostname":"3d23b28bbb88","Domainname":"","User":"","AttachStdin":false,"AttachStdout":false,"AttachStderr":false,"ExposedPorts":{"8080/tcp":{}},"Tty":false,"OpenStdin":false,"StdinOnce":false,"Env":["PATH=/usr/local/sbin:/usr/local/bin:/usr/sbin:/usr/bin:/sbin:/bin"],"Cmd":["/bin/ryuk"],"Image":"testcontainers/ryuk:0.5.1","Volumes":null,"WorkingDir":"","Entrypoint":null,"OnBuild":null,"Labels":{"org.testcontainers":"true","org.testcontainers.lang":"java","org.testcontainers.ryuk":"true","org.testcontainers.version":"1.19.1"}},"NetworkSettings":{"Bridge":"","SandboxID":"236ea401e37b42fb3e74795fefd181c1673eeec83718b304c0d32c239f048204","SandboxKey":"/var/run/docker/netns/236ea401e37b","Ports":{"8080/tcp":[{"HostIp":"0.0.0.0","HostPort":"51896"}]},"HairpinMode":false,"LinkLocalIPv6Address":"","LinkLocalIPv6PrefixLen":0,"SecondaryIPAddresses":null,"SecondaryIPv6Addresses":null,"EndpointID":"2402fcacd0cef0558ad3d4b439800e57d61f6d4d54888eeef0906a1a2c44aea4","Gateway":"172.17.0.1","GlobalIPv6Address":"","GlobalIPv6PrefixLen":0,"IPAddress":"172.17.0.2","IPPrefixLen":16,"IPv6Gateway":"","MacAddress":"02:42:ac:11:00:02","Networks":{"bridge":{"IPAMConfig":null,"Links":null,"Aliases":null,"MacAddress":"02:42:ac:11:00:02","NetworkID":"6597fbf552950be6f220968cb666ea531543e39c5aade731fc74e0128f875331","EndpointID":"2402fcacd0cef0558ad3d4b439800e57d61f6d4d54888eeef0906a1a2c44aea4","Gateway":"172.17.0.1","IPAddress":"172.17.0.2","IPPrefixLen":16,"IPv6Gateway":"","GlobalIPv6Address":"","GlobalIPv6PrefixLen":0,"DriverOpts":null,"DNSNames":null}}}}[\n]"
19:04:56.531 [Test worker] DEBUG com.github.dockerjava.zerodep.shaded.org.apache.hc.client5.http.wire -- http-outgoing-0 << "[\r][\n]"
19:04:56.531 [Test worker] DEBUG com.github.dockerjava.zerodep.shaded.org.apache.hc.client5.http.wire -- http-outgoing-0 << "0[\r][\n]"
19:04:56.531 [Test worker] DEBUG com.github.dockerjava.zerodep.shaded.org.apache.hc.client5.http.wire -- http-outgoing-0 << "[\r][\n]"
19:04:56.576 [Test worker] DEBUG com.github.dockerjava.zerodep.shaded.org.apache.hc.client5.http.impl.classic.InternalHttpClient -- ep-00000005: releasing valid endpoint
19:04:56.576 [Test worker] DEBUG com.github.dockerjava.zerodep.shaded.org.apache.hc.client5.http.impl.io.PoolingHttpClientConnectionManager -- ep-00000005: releasing endpoint
19:04:56.576 [Test worker] DEBUG com.github.dockerjava.zerodep.shaded.org.apache.hc.client5.http.impl.io.PoolingHttpClientConnectionManager -- ep-00000005: connection http-outgoing-0 can be kept alive for 3 MINUTES
19:04:56.576 [Test worker] DEBUG com.github.dockerjava.zerodep.shaded.org.apache.hc.client5.http.impl.io.PoolingHttpClientConnectionManager -- ep-00000005: connection released [route: {}->unix://localhost:2375][total available: 1; route allocated: 1 of 2147483647; total allocated: 1 of 2147483647]
19:04:56.578 [Test worker] DEBUG org.testcontainers.shaded.com.github.dockerjava.core.command.AbstrDockerCmd -- Cmd: sha256:533abc56c07b52a26c955d1e7ae428d810582ab01c156384ae79960eb5fa0775
19:04:56.579 [Test worker] DEBUG com.github.dockerjava.zerodep.shaded.org.apache.hc.client5.http.impl.classic.InternalHttpClient -- ex-00000007: preparing request execution
19:04:56.579 [Test worker] DEBUG com.github.dockerjava.zerodep.shaded.org.apache.hc.client5.http.protocol.RequestAddCookies -- Cookie spec selected: strict
19:04:56.579 [Test worker] DEBUG com.github.dockerjava.zerodep.shaded.org.apache.hc.client5.http.protocol.RequestAuthCache -- Auth cache not set in the context
19:04:56.579 [Test worker] DEBUG com.github.dockerjava.zerodep.shaded.org.apache.hc.client5.http.impl.classic.ProtocolExec -- ex-00000007: target auth state: UNCHALLENGED
19:04:56.579 [Test worker] DEBUG com.github.dockerjava.zerodep.shaded.org.apache.hc.client5.http.impl.classic.ProtocolExec -- ex-00000007: proxy auth state: UNCHALLENGED
19:04:56.579 [Test worker] DEBUG com.github.dockerjava.zerodep.shaded.org.apache.hc.client5.http.impl.classic.ConnectExec -- ex-00000007: acquiring connection with route {}->unix://localhost:2375
19:04:56.579 [Test worker] DEBUG com.github.dockerjava.zerodep.shaded.org.apache.hc.client5.http.impl.classic.InternalHttpClient -- ex-00000007: acquiring endpoint (3 MINUTES)
19:04:56.580 [Test worker] DEBUG com.github.dockerjava.zerodep.shaded.org.apache.hc.client5.http.impl.io.PoolingHttpClientConnectionManager -- ex-00000007: endpoint lease request (3 MINUTES) [route: {}->unix://localhost:2375][total available: 1; route allocated: 1 of 2147483647; total allocated: 1 of 2147483647]
19:04:56.580 [Test worker] DEBUG com.github.dockerjava.zerodep.shaded.org.apache.hc.client5.http.impl.io.PoolingHttpClientConnectionManager -- ex-00000007: endpoint leased [route: {}->unix://localhost:2375][total available: 0; route allocated: 1 of 2147483647; total allocated: 1 of 2147483647]
19:04:56.580 [Test worker] DEBUG com.github.dockerjava.zerodep.shaded.org.apache.hc.client5.http.impl.io.PoolingHttpClientConnectionManager -- ex-00000007: acquired ep-00000006
19:04:56.580 [Test worker] DEBUG com.github.dockerjava.zerodep.shaded.org.apache.hc.client5.http.impl.classic.InternalHttpClient -- ex-00000007: acquired endpoint ep-00000006
19:04:56.580 [Test worker] DEBUG com.github.dockerjava.zerodep.shaded.org.apache.hc.client5.http.impl.classic.MainClientExec -- ex-00000007: executing GET /v1.32/images/sha256:533abc56c07b52a26c955d1e7ae428d810582ab01c156384ae79960eb5fa0775/json HTTP/1.1
19:04:56.580 [Test worker] DEBUG com.github.dockerjava.zerodep.shaded.org.apache.hc.client5.http.impl.classic.InternalHttpClient -- ep-00000006: start execution ex-00000007
19:04:56.580 [Test worker] DEBUG com.github.dockerjava.zerodep.shaded.org.apache.hc.client5.http.impl.io.PoolingHttpClientConnectionManager -- ep-00000006: executing exchange ex-00000007 over http-outgoing-0
19:04:56.580 [Test worker] DEBUG com.github.dockerjava.zerodep.shaded.org.apache.hc.client5.http.headers -- http-outgoing-0 >> GET /v1.32/images/sha256:533abc56c07b52a26c955d1e7ae428d810582ab01c156384ae79960eb5fa0775/json HTTP/1.1
19:04:56.580 [Test worker] DEBUG com.github.dockerjava.zerodep.shaded.org.apache.hc.client5.http.headers -- http-outgoing-0 >> accept: application/json
19:04:56.580 [Test worker] DEBUG com.github.dockerjava.zerodep.shaded.org.apache.hc.client5.http.headers -- http-outgoing-0 >> x-tc-sid: 1f399f0d-7ab6-47d2-bedc-41c5596e41f8
19:04:56.580 [Test worker] DEBUG com.github.dockerjava.zerodep.shaded.org.apache.hc.client5.http.headers -- http-outgoing-0 >> User-Agent: tc-java/1.19.1
19:04:56.580 [Test worker] DEBUG com.github.dockerjava.zerodep.shaded.org.apache.hc.client5.http.headers -- http-outgoing-0 >> Accept-Encoding: gzip, x-gzip, deflate
19:04:56.580 [Test worker] DEBUG com.github.dockerjava.zerodep.shaded.org.apache.hc.client5.http.headers -- http-outgoing-0 >> Host: localhost:2375
19:04:56.580 [Test worker] DEBUG com.github.dockerjava.zerodep.shaded.org.apache.hc.client5.http.headers -- http-outgoing-0 >> Connection: keep-alive
19:04:56.580 [Test worker] DEBUG com.github.dockerjava.zerodep.shaded.org.apache.hc.client5.http.wire -- http-outgoing-0 >> "GET /v1.32/images/sha256:533abc56c07b52a26c955d1e7ae428d810582ab01c156384ae79960eb5fa0775/json HTTP/1.1[\r][\n]"
19:04:56.580 [Test worker] DEBUG com.github.dockerjava.zerodep.shaded.org.apache.hc.client5.http.wire -- http-outgoing-0 >> "accept: application/json[\r][\n]"
19:04:56.580 [Test worker] DEBUG com.github.dockerjava.zerodep.shaded.org.apache.hc.client5.http.wire -- http-outgoing-0 >> "x-tc-sid: 1f399f0d-7ab6-47d2-bedc-41c5596e41f8[\r][\n]"
19:04:56.580 [Test worker] DEBUG com.github.dockerjava.zerodep.shaded.org.apache.hc.client5.http.wire -- http-outgoing-0 >> "User-Agent: tc-java/1.19.1[\r][\n]"
19:04:56.580 [Test worker] DEBUG com.github.dockerjava.zerodep.shaded.org.apache.hc.client5.http.wire -- http-outgoing-0 >> "Accept-Encoding: gzip, x-gzip, deflate[\r][\n]"
19:04:56.580 [Test worker] DEBUG com.github.dockerjava.zerodep.shaded.org.apache.hc.client5.http.wire -- http-outgoing-0 >> "Host: localhost:2375[\r][\n]"
19:04:56.581 [Test worker] DEBUG com.github.dockerjava.zerodep.shaded.org.apache.hc.client5.http.wire -- http-outgoing-0 >> "Connection: keep-alive[\r][\n]"
19:04:56.581 [Test worker] DEBUG com.github.dockerjava.zerodep.shaded.org.apache.hc.client5.http.wire -- http-outgoing-0 >> "[\r][\n]"
19:04:56.585 [Test worker] DEBUG com.github.dockerjava.zerodep.shaded.org.apache.hc.client5.http.wire -- http-outgoing-0 << "HTTP/1.1 200 OK[\r][\n]"
19:04:56.586 [Test worker] DEBUG com.github.dockerjava.zerodep.shaded.org.apache.hc.client5.http.wire -- http-outgoing-0 << "Api-Version: 1.45[\r][\n]"
19:04:56.586 [Test worker] DEBUG com.github.dockerjava.zerodep.shaded.org.apache.hc.client5.http.wire -- http-outgoing-0 << "Content-Type: application/json[\r][\n]"
19:04:56.586 [Test worker] DEBUG com.github.dockerjava.zerodep.shaded.org.apache.hc.client5.http.wire -- http-outgoing-0 << "Date: Fri, 19 Jul 2024 13:34:56 GMT[\r][\n]"
19:04:56.586 [Test worker] DEBUG com.github.dockerjava.zerodep.shaded.org.apache.hc.client5.http.wire -- http-outgoing-0 << "Docker-Experimental: false[\r][\n]"
19:04:56.586 [Test worker] DEBUG com.github.dockerjava.zerodep.shaded.org.apache.hc.client5.http.wire -- http-outgoing-0 << "Ostype: linux[\r][\n]"
19:04:56.586 [Test worker] DEBUG com.github.dockerjava.zerodep.shaded.org.apache.hc.client5.http.wire -- http-outgoing-0 << "Server: Docker/26.1.4 (linux)[\r][\n]"
19:04:56.586 [Test worker] DEBUG com.github.dockerjava.zerodep.shaded.org.apache.hc.client5.http.wire -- http-outgoing-0 << "Transfer-Encoding: chunked[\r][\n]"
19:04:56.586 [Test worker] DEBUG com.github.dockerjava.zerodep.shaded.org.apache.hc.client5.http.wire -- http-outgoing-0 << "[\r][\n]"
19:04:56.586 [Test worker] DEBUG com.github.dockerjava.zerodep.shaded.org.apache.hc.client5.http.headers -- http-outgoing-0 << HTTP/1.1 200 OK
19:04:56.586 [Test worker] DEBUG com.github.dockerjava.zerodep.shaded.org.apache.hc.client5.http.headers -- http-outgoing-0 << Api-Version: 1.45
19:04:56.586 [Test worker] DEBUG com.github.dockerjava.zerodep.shaded.org.apache.hc.client5.http.headers -- http-outgoing-0 << Content-Type: application/json
19:04:56.586 [Test worker] DEBUG com.github.dockerjava.zerodep.shaded.org.apache.hc.client5.http.headers -- http-outgoing-0 << Date: Fri, 19 Jul 2024 13:34:56 GMT
19:04:56.586 [Test worker] DEBUG com.github.dockerjava.zerodep.shaded.org.apache.hc.client5.http.headers -- http-outgoing-0 << Docker-Experimental: false
19:04:56.586 [Test worker] DEBUG com.github.dockerjava.zerodep.shaded.org.apache.hc.client5.http.headers -- http-outgoing-0 << Ostype: linux
19:04:56.586 [Test worker] DEBUG com.github.dockerjava.zerodep.shaded.org.apache.hc.client5.http.headers -- http-outgoing-0 << Server: Docker/26.1.4 (linux)
19:04:56.586 [Test worker] DEBUG com.github.dockerjava.zerodep.shaded.org.apache.hc.client5.http.headers -- http-outgoing-0 << Transfer-Encoding: chunked
19:04:56.586 [Test worker] DEBUG com.github.dockerjava.zerodep.shaded.org.apache.hc.client5.http.impl.classic.MainClientExec -- ex-00000007: connection can be kept alive for 3 MINUTES
19:04:56.586 [Test worker] DEBUG com.github.dockerjava.zerodep.shaded.org.apache.hc.client5.http.wire -- http-outgoing-0 << "5d2[\r][\n]"
19:04:56.586 [Test worker] DEBUG com.github.dockerjava.zerodep.shaded.org.apache.hc.client5.http.wire -- http-outgoing-0 << "{"Id":"sha256:533abc56c07b52a26c955d1e7ae428d810582ab01c156384ae79960eb5fa0775","RepoTags":["testcontainers/ryuk:0.5.1"],"RepoDigests":["testcontainers/ryuk@sha256:533abc56c07b52a26c955d1e7ae428d810582ab01c156384ae79960eb5fa0775"],"Parent":"","Comment":"buildkit.dockerfile.v0","Created":"2023-05-17T15:15:17.079149055Z","ContainerConfig":{"Hostname":"","Domainname":"","User":"","AttachStdin":false,"AttachStdout":false,"AttachStderr":false,"Tty":false,"OpenStdin":false,"StdinOnce":false,"Env":null,"Cmd":null,"Image":"","Volumes":null,"WorkingDir":"","Entrypoint":null,"OnBuild":null,"Labels":null},"DockerVersion":"26.1.4","Author":"","Config":{"Hostname":"","Domainname":"","User":"","AttachStdin":false,"AttachStdout":false,"AttachStderr":false,"Tty":false,"OpenStdin":false,"StdinOnce":false,"Env":["PATH=/usr/local/sbin:/usr/local/bin:/usr/sbin:/usr/bin:/sbin:/bin"],"Cmd":["/bin/ryuk"],"ArgsEscaped":true,"Image":"","Volumes":null,"WorkingDir":"","Entrypoint":null,"OnBuild":null,"Labels":{"org.testcontainers.ryuk":"true"}},"Architecture":"arm64","Os":"linux","Size":5545431,"VirtualSize":5545431,"GraphDriver":{"Data":null,"Name":"overlayfs"},"RootFS":{"Type":"layers","Layers":["sha256:dc65b23a4b7c4b9ed9f634d3a1dd4cc10bbf0251e85480648acf7f22061b3949","sha256:bb024370e164f1614865ff03af6bf8611c2f71d13951a9d08d43b2a1548ded51","sha256:4350b9cff72cb14870bf7423b402f97761c9453dbba62ee2738c12492c5e7106"]},"Metadata":{"LastTagTime":"2024-07-16T06:41:43.956079085Z"},"Container":""}[\n]"
19:04:56.586 [Test worker] DEBUG com.github.dockerjava.zerodep.shaded.org.apache.hc.client5.http.wire -- http-outgoing-0 << "[\r][\n]"
19:04:56.586 [Test worker] DEBUG com.github.dockerjava.zerodep.shaded.org.apache.hc.client5.http.wire -- http-outgoing-0 << "0[\r][\n]"
19:04:56.586 [Test worker] DEBUG com.github.dockerjava.zerodep.shaded.org.apache.hc.client5.http.wire -- http-outgoing-0 << "[\r][\n]"
19:04:56.589 [Test worker] DEBUG com.github.dockerjava.zerodep.shaded.org.apache.hc.client5.http.impl.classic.InternalHttpClient -- ep-00000006: releasing valid endpoint
19:04:56.589 [Test worker] DEBUG com.github.dockerjava.zerodep.shaded.org.apache.hc.client5.http.impl.io.PoolingHttpClientConnectionManager -- ep-00000006: releasing endpoint
19:04:56.589 [Test worker] DEBUG com.github.dockerjava.zerodep.shaded.org.apache.hc.client5.http.impl.io.PoolingHttpClientConnectionManager -- ep-00000006: connection http-outgoing-0 can be kept alive for 3 MINUTES
19:04:56.589 [Test worker] DEBUG com.github.dockerjava.zerodep.shaded.org.apache.hc.client5.http.impl.io.PoolingHttpClientConnectionManager -- ep-00000006: connection released [route: {}->unix://localhost:2375][total available: 1; route allocated: 1 of 2147483647; total allocated: 1 of 2147483647]
19:04:56.589 [Test worker] DEBUG org.testcontainers.shaded.com.github.dockerjava.core.command.AbstrDockerCmd -- Cmd: 
19:04:56.589 [Test worker] DEBUG com.github.dockerjava.zerodep.shaded.org.apache.hc.client5.http.impl.classic.InternalHttpClient -- ex-00000008: preparing request execution
19:04:56.589 [Test worker] DEBUG com.github.dockerjava.zerodep.shaded.org.apache.hc.client5.http.protocol.RequestAddCookies -- Cookie spec selected: strict
19:04:56.589 [Test worker] DEBUG com.github.dockerjava.zerodep.shaded.org.apache.hc.client5.http.protocol.RequestAuthCache -- Auth cache not set in the context
19:04:56.589 [Test worker] DEBUG com.github.dockerjava.zerodep.shaded.org.apache.hc.client5.http.impl.classic.ProtocolExec -- ex-00000008: target auth state: UNCHALLENGED
19:04:56.589 [Test worker] DEBUG com.github.dockerjava.zerodep.shaded.org.apache.hc.client5.http.impl.classic.ProtocolExec -- ex-00000008: proxy auth state: UNCHALLENGED
19:04:56.590 [Test worker] DEBUG com.github.dockerjava.zerodep.shaded.org.apache.hc.client5.http.impl.classic.ConnectExec -- ex-00000008: acquiring connection with route {}->unix://localhost:2375
19:04:56.590 [Test worker] DEBUG com.github.dockerjava.zerodep.shaded.org.apache.hc.client5.http.impl.classic.InternalHttpClient -- ex-00000008: acquiring endpoint (3 MINUTES)
19:04:56.590 [Test worker] DEBUG com.github.dockerjava.zerodep.shaded.org.apache.hc.client5.http.impl.io.PoolingHttpClientConnectionManager -- ex-00000008: endpoint lease request (3 MINUTES) [route: {}->unix://localhost:2375][total available: 1; route allocated: 1 of 2147483647; total allocated: 1 of 2147483647]
19:04:56.590 [Test worker] DEBUG com.github.dockerjava.zerodep.shaded.org.apache.hc.client5.http.impl.io.PoolingHttpClientConnectionManager -- ex-00000008: endpoint leased [route: {}->unix://localhost:2375][total available: 0; route allocated: 1 of 2147483647; total allocated: 1 of 2147483647]
19:04:56.590 [Test worker] DEBUG com.github.dockerjava.zerodep.shaded.org.apache.hc.client5.http.impl.io.PoolingHttpClientConnectionManager -- ex-00000008: acquired ep-00000007
19:04:56.590 [Test worker] DEBUG com.github.dockerjava.zerodep.shaded.org.apache.hc.client5.http.impl.classic.InternalHttpClient -- ex-00000008: acquired endpoint ep-00000007
19:04:56.590 [Test worker] DEBUG com.github.dockerjava.zerodep.shaded.org.apache.hc.client5.http.impl.classic.MainClientExec -- ex-00000008: executing GET /v1.32/version HTTP/1.1
19:04:56.590 [Test worker] DEBUG com.github.dockerjava.zerodep.shaded.org.apache.hc.client5.http.impl.classic.InternalHttpClient -- ep-00000007: start execution ex-00000008
19:04:56.590 [Test worker] DEBUG com.github.dockerjava.zerodep.shaded.org.apache.hc.client5.http.impl.io.PoolingHttpClientConnectionManager -- ep-00000007: executing exchange ex-00000008 over http-outgoing-0
19:04:56.590 [Test worker] DEBUG com.github.dockerjava.zerodep.shaded.org.apache.hc.client5.http.headers -- http-outgoing-0 >> GET /v1.32/version HTTP/1.1
19:04:56.590 [Test worker] DEBUG com.github.dockerjava.zerodep.shaded.org.apache.hc.client5.http.headers -- http-outgoing-0 >> accept: application/json
19:04:56.590 [Test worker] DEBUG com.github.dockerjava.zerodep.shaded.org.apache.hc.client5.http.headers -- http-outgoing-0 >> x-tc-sid: 1f399f0d-7ab6-47d2-bedc-41c5596e41f8
19:04:56.590 [Test worker] DEBUG com.github.dockerjava.zerodep.shaded.org.apache.hc.client5.http.headers -- http-outgoing-0 >> User-Agent: tc-java/1.19.1
19:04:56.590 [Test worker] DEBUG com.github.dockerjava.zerodep.shaded.org.apache.hc.client5.http.headers -- http-outgoing-0 >> Accept-Encoding: gzip, x-gzip, deflate
19:04:56.590 [Test worker] DEBUG com.github.dockerjava.zerodep.shaded.org.apache.hc.client5.http.headers -- http-outgoing-0 >> Host: localhost:2375
19:04:56.590 [Test worker] DEBUG com.github.dockerjava.zerodep.shaded.org.apache.hc.client5.http.headers -- http-outgoing-0 >> Connection: keep-alive
19:04:56.590 [Test worker] DEBUG com.github.dockerjava.zerodep.shaded.org.apache.hc.client5.http.wire -- http-outgoing-0 >> "GET /v1.32/version HTTP/1.1[\r][\n]"
19:04:56.590 [Test worker] DEBUG com.github.dockerjava.zerodep.shaded.org.apache.hc.client5.http.wire -- http-outgoing-0 >> "accept: application/json[\r][\n]"
19:04:56.590 [Test worker] DEBUG com.github.dockerjava.zerodep.shaded.org.apache.hc.client5.http.wire -- http-outgoing-0 >> "x-tc-sid: 1f399f0d-7ab6-47d2-bedc-41c5596e41f8[\r][\n]"
19:04:56.590 [Test worker] DEBUG com.github.dockerjava.zerodep.shaded.org.apache.hc.client5.http.wire -- http-outgoing-0 >> "User-Agent: tc-java/1.19.1[\r][\n]"
19:04:56.590 [Test worker] DEBUG com.github.dockerjava.zerodep.shaded.org.apache.hc.client5.http.wire -- http-outgoing-0 >> "Accept-Encoding: gzip, x-gzip, deflate[\r][\n]"
19:04:56.590 [Test worker] DEBUG com.github.dockerjava.zerodep.shaded.org.apache.hc.client5.http.wire -- http-outgoing-0 >> "Host: localhost:2375[\r][\n]"
19:04:56.590 [Test worker] DEBUG com.github.dockerjava.zerodep.shaded.org.apache.hc.client5.http.wire -- http-outgoing-0 >> "Connection: keep-alive[\r][\n]"
19:04:56.590 [Test worker] DEBUG com.github.dockerjava.zerodep.shaded.org.apache.hc.client5.http.wire -- http-outgoing-0 >> "[\r][\n]"
19:04:56.594 [Test worker] DEBUG com.github.dockerjava.zerodep.shaded.org.apache.hc.client5.http.wire -- http-outgoing-0 << "HTTP/1.1 200 OK[\r][\n]"
19:04:56.594 [Test worker] DEBUG com.github.dockerjava.zerodep.shaded.org.apache.hc.client5.http.wire -- http-outgoing-0 << "Api-Version: 1.45[\r][\n]"
19:04:56.594 [Test worker] DEBUG com.github.dockerjava.zerodep.shaded.org.apache.hc.client5.http.wire -- http-outgoing-0 << "Content-Type: application/json[\r][\n]"
19:04:56.594 [Test worker] DEBUG com.github.dockerjava.zerodep.shaded.org.apache.hc.client5.http.wire -- http-outgoing-0 << "Date: Fri, 19 Jul 2024 13:34:56 GMT[\r][\n]"
19:04:56.594 [Test worker] DEBUG com.github.dockerjava.zerodep.shaded.org.apache.hc.client5.http.wire -- http-outgoing-0 << "Docker-Experimental: false[\r][\n]"
19:04:56.594 [Test worker] DEBUG com.github.dockerjava.zerodep.shaded.org.apache.hc.client5.http.wire -- http-outgoing-0 << "Ostype: linux[\r][\n]"
19:04:56.594 [Test worker] DEBUG com.github.dockerjava.zerodep.shaded.org.apache.hc.client5.http.wire -- http-outgoing-0 << "Server: Docker/26.1.4 (linux)[\r][\n]"
19:04:56.594 [Test worker] DEBUG com.github.dockerjava.zerodep.shaded.org.apache.hc.client5.http.wire -- http-outgoing-0 << "Transfer-Encoding: chunked[\r][\n]"
19:04:56.594 [Test worker] DEBUG com.github.dockerjava.zerodep.shaded.org.apache.hc.client5.http.wire -- http-outgoing-0 << "[\r][\n]"
19:04:56.594 [Test worker] DEBUG com.github.dockerjava.zerodep.shaded.org.apache.hc.client5.http.headers -- http-outgoing-0 << HTTP/1.1 200 OK
19:04:56.594 [Test worker] DEBUG com.github.dockerjava.zerodep.shaded.org.apache.hc.client5.http.headers -- http-outgoing-0 << Api-Version: 1.45
19:04:56.594 [Test worker] DEBUG com.github.dockerjava.zerodep.shaded.org.apache.hc.client5.http.headers -- http-outgoing-0 << Content-Type: application/json
19:04:56.594 [Test worker] DEBUG com.github.dockerjava.zerodep.shaded.org.apache.hc.client5.http.headers -- http-outgoing-0 << Date: Fri, 19 Jul 2024 13:34:56 GMT
19:04:56.595 [Test worker] DEBUG com.github.dockerjava.zerodep.shaded.org.apache.hc.client5.http.headers -- http-outgoing-0 << Docker-Experimental: false
19:04:56.595 [Test worker] DEBUG com.github.dockerjava.zerodep.shaded.org.apache.hc.client5.http.headers -- http-outgoing-0 << Ostype: linux
19:04:56.595 [Test worker] DEBUG com.github.dockerjava.zerodep.shaded.org.apache.hc.client5.http.headers -- http-outgoing-0 << Server: Docker/26.1.4 (linux)
19:04:56.595 [Test worker] DEBUG com.github.dockerjava.zerodep.shaded.org.apache.hc.client5.http.headers -- http-outgoing-0 << Transfer-Encoding: chunked
19:04:56.595 [Test worker] DEBUG com.github.dockerjava.zerodep.shaded.org.apache.hc.client5.http.impl.classic.MainClientExec -- ex-00000008: connection can be kept alive for 3 MINUTES
19:04:56.595 [Test worker] DEBUG com.github.dockerjava.zerodep.shaded.org.apache.hc.client5.http.wire -- http-outgoing-0 << "33b[\r][\n]"
19:04:56.595 [Test worker] DEBUG com.github.dockerjava.zerodep.shaded.org.apache.hc.client5.http.wire -- http-outgoing-0 << "{"Platform":{"Name":"Docker Desktop 4.31.0 (153195)"},"Components":[{"Name":"Engine","Version":"26.1.4","Details":{"ApiVersion":"1.45","Arch":"arm64","BuildTime":"2024-06-05T11:29:12.000000000+00:00","Experimental":"false","GitCommit":"de5c9cf","GoVersion":"go1.21.11","KernelVersion":"6.6.31-linuxkit","MinAPIVersion":"1.24","Os":"linux"}},{"Name":"containerd","Version":"1.6.33","Details":{"GitCommit":"d2d58213f83a351ca8f528a95fbd145f5654e957"}},{"Name":"runc","Version":"1.1.12","Details":{"GitCommit":"v1.1.12-0-g51d5e94"}},{"Name":"docker-init","Version":"0.19.0","Details":{"GitCommit":"de40ad0"}}],"Version":"26.1.4","ApiVersion":"1.45","MinAPIVersion":"1.24","GitCommit":"de5c9cf","GoVersion":"go1.21.11","Os":"linux","Arch":"arm64","KernelVersion":"6.6.31-linuxkit","BuildTime":"2024-06-05T11:29:12.000000000+00:00"}[\n]"
19:04:56.595 [Test worker] DEBUG com.github.dockerjava.zerodep.shaded.org.apache.hc.client5.http.wire -- http-outgoing-0 << "[\r][\n]"
19:04:56.595 [Test worker] DEBUG com.github.dockerjava.zerodep.shaded.org.apache.hc.client5.http.wire -- http-outgoing-0 << "0[\r][\n]"
19:04:56.595 [Test worker] DEBUG com.github.dockerjava.zerodep.shaded.org.apache.hc.client5.http.wire -- http-outgoing-0 << "[\r][\n]"
19:04:56.595 [Test worker] DEBUG com.github.dockerjava.zerodep.shaded.org.apache.hc.client5.http.impl.classic.InternalHttpClient -- ep-00000007: releasing valid endpoint
19:04:56.595 [Test worker] DEBUG com.github.dockerjava.zerodep.shaded.org.apache.hc.client5.http.impl.io.PoolingHttpClientConnectionManager -- ep-00000007: releasing endpoint
19:04:56.595 [Test worker] DEBUG com.github.dockerjava.zerodep.shaded.org.apache.hc.client5.http.impl.io.PoolingHttpClientConnectionManager -- ep-00000007: connection http-outgoing-0 can be kept alive for 3 MINUTES
19:04:56.595 [Test worker] DEBUG com.github.dockerjava.zerodep.shaded.org.apache.hc.client5.http.impl.io.PoolingHttpClientConnectionManager -- ep-00000007: connection released [route: {}->unix://localhost:2375][total available: 1; route allocated: 1 of 2147483647; total allocated: 1 of 2147483647]
19:04:56.602 [docker-java-stream-420112069] DEBUG com.github.dockerjava.zerodep.shaded.org.apache.hc.client5.http.impl.classic.InternalHttpClient -- ex-00000009: preparing request execution
19:04:56.602 [docker-java-stream-420112069] DEBUG com.github.dockerjava.zerodep.shaded.org.apache.hc.client5.http.protocol.RequestAddCookies -- Cookie spec selected: strict
19:04:56.602 [docker-java-stream-420112069] DEBUG com.github.dockerjava.zerodep.shaded.org.apache.hc.client5.http.protocol.RequestAuthCache -- Auth cache not set in the context
19:04:56.602 [docker-java-stream-420112069] DEBUG com.github.dockerjava.zerodep.shaded.org.apache.hc.client5.http.impl.classic.ProtocolExec -- ex-00000009: target auth state: UNCHALLENGED
19:04:56.602 [docker-java-stream-420112069] DEBUG com.github.dockerjava.zerodep.shaded.org.apache.hc.client5.http.impl.classic.ProtocolExec -- ex-00000009: proxy auth state: UNCHALLENGED
19:04:56.602 [docker-java-stream-420112069] DEBUG com.github.dockerjava.zerodep.shaded.org.apache.hc.client5.http.impl.classic.ConnectExec -- ex-00000009: acquiring connection with route {}->unix://localhost:2375
19:04:56.602 [docker-java-stream-420112069] DEBUG com.github.dockerjava.zerodep.shaded.org.apache.hc.client5.http.impl.classic.InternalHttpClient -- ex-00000009: acquiring endpoint (3 MINUTES)
19:04:56.602 [docker-java-stream-420112069] DEBUG com.github.dockerjava.zerodep.shaded.org.apache.hc.client5.http.impl.io.PoolingHttpClientConnectionManager -- ex-00000009: endpoint lease request (3 MINUTES) [route: {}->unix://localhost:2375][total available: 1; route allocated: 1 of 2147483647; total allocated: 1 of 2147483647]
19:04:56.603 [docker-java-stream-420112069] DEBUG com.github.dockerjava.zerodep.shaded.org.apache.hc.client5.http.impl.io.PoolingHttpClientConnectionManager -- ex-00000009: endpoint leased [route: {}->unix://localhost:2375][total available: 0; route allocated: 1 of 2147483647; total allocated: 1 of 2147483647]
19:04:56.603 [docker-java-stream-420112069] DEBUG com.github.dockerjava.zerodep.shaded.org.apache.hc.client5.http.impl.io.PoolingHttpClientConnectionManager -- ex-00000009: acquired ep-00000008
19:04:56.603 [docker-java-stream-420112069] DEBUG com.github.dockerjava.zerodep.shaded.org.apache.hc.client5.http.impl.classic.InternalHttpClient -- ex-00000009: acquired endpoint ep-00000008
19:04:56.603 [docker-java-stream-420112069] DEBUG com.github.dockerjava.zerodep.shaded.org.apache.hc.client5.http.impl.classic.MainClientExec -- ex-00000009: executing GET /v1.32/containers/3d23b28bbb88e9a6dc36633d3601c8689d0c2ef6c7a7eca31185929dba75a8c5/logs?stdout=true&stderr=true&follow=true&since=0 HTTP/1.1
19:04:56.603 [docker-java-stream-420112069] DEBUG com.github.dockerjava.zerodep.shaded.org.apache.hc.client5.http.impl.classic.InternalHttpClient -- ep-00000008: start execution ex-00000009
19:04:56.603 [docker-java-stream-420112069] DEBUG com.github.dockerjava.zerodep.shaded.org.apache.hc.client5.http.impl.io.PoolingHttpClientConnectionManager -- ep-00000008: executing exchange ex-00000009 over http-outgoing-0
19:04:56.603 [docker-java-stream-420112069] DEBUG com.github.dockerjava.zerodep.shaded.org.apache.hc.client5.http.headers -- http-outgoing-0 >> GET /v1.32/containers/3d23b28bbb88e9a6dc36633d3601c8689d0c2ef6c7a7eca31185929dba75a8c5/logs?stdout=true&stderr=true&follow=true&since=0 HTTP/1.1
19:04:56.603 [docker-java-stream-420112069] DEBUG com.github.dockerjava.zerodep.shaded.org.apache.hc.client5.http.headers -- http-outgoing-0 >> x-tc-sid: 1f399f0d-7ab6-47d2-bedc-41c5596e41f8
19:04:56.603 [docker-java-stream-420112069] DEBUG com.github.dockerjava.zerodep.shaded.org.apache.hc.client5.http.headers -- http-outgoing-0 >> User-Agent: tc-java/1.19.1
19:04:56.603 [docker-java-stream-420112069] DEBUG com.github.dockerjava.zerodep.shaded.org.apache.hc.client5.http.headers -- http-outgoing-0 >> Accept-Encoding: gzip, x-gzip, deflate
19:04:56.603 [docker-java-stream-420112069] DEBUG com.github.dockerjava.zerodep.shaded.org.apache.hc.client5.http.headers -- http-outgoing-0 >> Host: localhost:2375
19:04:56.603 [docker-java-stream-420112069] DEBUG com.github.dockerjava.zerodep.shaded.org.apache.hc.client5.http.headers -- http-outgoing-0 >> Connection: keep-alive
19:04:56.603 [docker-java-stream-420112069] DEBUG com.github.dockerjava.zerodep.shaded.org.apache.hc.client5.http.wire -- http-outgoing-0 >> "GET /v1.32/containers/3d23b28bbb88e9a6dc36633d3601c8689d0c2ef6c7a7eca31185929dba75a8c5/logs?stdout=true&stderr=true&follow=true&since=0 HTTP/1.1[\r][\n]"
19:04:56.603 [docker-java-stream-420112069] DEBUG com.github.dockerjava.zerodep.shaded.org.apache.hc.client5.http.wire -- http-outgoing-0 >> "x-tc-sid: 1f399f0d-7ab6-47d2-bedc-41c5596e41f8[\r][\n]"
19:04:56.603 [docker-java-stream-420112069] DEBUG com.github.dockerjava.zerodep.shaded.org.apache.hc.client5.http.wire -- http-outgoing-0 >> "User-Agent: tc-java/1.19.1[\r][\n]"
19:04:56.603 [docker-java-stream-420112069] DEBUG com.github.dockerjava.zerodep.shaded.org.apache.hc.client5.http.wire -- http-outgoing-0 >> "Accept-Encoding: gzip, x-gzip, deflate[\r][\n]"
19:04:56.603 [docker-java-stream-420112069] DEBUG com.github.dockerjava.zerodep.shaded.org.apache.hc.client5.http.wire -- http-outgoing-0 >> "Host: localhost:2375[\r][\n]"
19:04:56.603 [docker-java-stream-420112069] DEBUG com.github.dockerjava.zerodep.shaded.org.apache.hc.client5.http.wire -- http-outgoing-0 >> "Connection: keep-alive[\r][\n]"
19:04:56.603 [docker-java-stream-420112069] DEBUG com.github.dockerjava.zerodep.shaded.org.apache.hc.client5.http.wire -- http-outgoing-0 >> "[\r][\n]"
19:04:56.605 [docker-java-stream-420112069] DEBUG com.github.dockerjava.zerodep.shaded.org.apache.hc.client5.http.wire -- http-outgoing-0 << "HTTP/1.1 200 OK[\r][\n]"
19:04:56.605 [docker-java-stream-420112069] DEBUG com.github.dockerjava.zerodep.shaded.org.apache.hc.client5.http.wire -- http-outgoing-0 << "Api-Version: 1.45[\r][\n]"
19:04:56.605 [docker-java-stream-420112069] DEBUG com.github.dockerjava.zerodep.shaded.org.apache.hc.client5.http.wire -- http-outgoing-0 << "Content-Type: application/vnd.docker.raw-stream[\r][\n]"
19:04:56.605 [docker-java-stream-420112069] DEBUG com.github.dockerjava.zerodep.shaded.org.apache.hc.client5.http.wire -- http-outgoing-0 << "Date: Fri, 19 Jul 2024 13:34:56 GMT[\r][\n]"
19:04:56.605 [docker-java-stream-420112069] DEBUG com.github.dockerjava.zerodep.shaded.org.apache.hc.client5.http.wire -- http-outgoing-0 << "Docker-Experimental: false[\r][\n]"
19:04:56.605 [docker-java-stream-420112069] DEBUG com.github.dockerjava.zerodep.shaded.org.apache.hc.client5.http.wire -- http-outgoing-0 << "Ostype: linux[\r][\n]"
19:04:56.605 [docker-java-stream-420112069] DEBUG com.github.dockerjava.zerodep.shaded.org.apache.hc.client5.http.wire -- http-outgoing-0 << "Server: Docker/26.1.4 (linux)[\r][\n]"
19:04:56.605 [docker-java-stream-420112069] DEBUG com.github.dockerjava.zerodep.shaded.org.apache.hc.client5.http.wire -- http-outgoing-0 << "Transfer-Encoding: chunked[\r][\n]"
19:04:56.605 [docker-java-stream-420112069] DEBUG com.github.dockerjava.zerodep.shaded.org.apache.hc.client5.http.wire -- http-outgoing-0 << "[\r][\n]"
19:04:56.605 [docker-java-stream-420112069] DEBUG com.github.dockerjava.zerodep.shaded.org.apache.hc.client5.http.headers -- http-outgoing-0 << HTTP/1.1 200 OK
19:04:56.605 [docker-java-stream-420112069] DEBUG com.github.dockerjava.zerodep.shaded.org.apache.hc.client5.http.headers -- http-outgoing-0 << Api-Version: 1.45
19:04:56.605 [docker-java-stream-420112069] DEBUG com.github.dockerjava.zerodep.shaded.org.apache.hc.client5.http.headers -- http-outgoing-0 << Content-Type: application/vnd.docker.raw-stream
19:04:56.605 [docker-java-stream-420112069] DEBUG com.github.dockerjava.zerodep.shaded.org.apache.hc.client5.http.headers -- http-outgoing-0 << Date: Fri, 19 Jul 2024 13:34:56 GMT
19:04:56.605 [docker-java-stream-420112069] DEBUG com.github.dockerjava.zerodep.shaded.org.apache.hc.client5.http.headers -- http-outgoing-0 << Docker-Experimental: false
19:04:56.605 [docker-java-stream-420112069] DEBUG com.github.dockerjava.zerodep.shaded.org.apache.hc.client5.http.headers -- http-outgoing-0 << Ostype: linux
19:04:56.605 [docker-java-stream-420112069] DEBUG com.github.dockerjava.zerodep.shaded.org.apache.hc.client5.http.headers -- http-outgoing-0 << Server: Docker/26.1.4 (linux)
19:04:56.605 [docker-java-stream-420112069] DEBUG com.github.dockerjava.zerodep.shaded.org.apache.hc.client5.http.headers -- http-outgoing-0 << Transfer-Encoding: chunked
19:04:56.605 [docker-java-stream-420112069] DEBUG com.github.dockerjava.zerodep.shaded.org.apache.hc.client5.http.impl.classic.MainClientExec -- ex-00000009: connection can be kept alive for 3 MINUTES
19:04:56.605 [docker-java-stream-420112069] DEBUG com.github.dockerjava.zerodep.shaded.org.apache.hc.client5.http.wire -- http-outgoing-0 << "c0[\r][\n]"
19:04:56.605 [docker-java-stream-420112069] DEBUG com.github.dockerjava.zerodep.shaded.org.apache.hc.client5.http.wire -- http-outgoing-0 << "[0x2][0x0][0x0][0x0][0x0][0x0][0x0]&2024/07/19 13:34:56 Pinging Docker...[\n]"
19:04:56.605 [docker-java-stream-420112069] DEBUG com.github.dockerjava.zerodep.shaded.org.apache.hc.client5.http.wire -- http-outgoing-0 << "[0x2][0x0][0x0][0x0][0x0][0x0][0x0]02024/07/19 13:34:56 Docker daemon is available![\n]"
19:04:56.605 [docker-java-stream-420112069] DEBUG com.github.dockerjava.zerodep.shaded.org.apache.hc.client5.http.wire -- http-outgoing-0 << "[0x2][0x0][0x0][0x0][0x0][0x0][0x0]-2024/07/19 13:34:56 Starting on port 8080...[\n]"
19:04:56.605 [docker-java-stream-420112069] DEBUG com.github.dockerjava.zerodep.shaded.org.apache.hc.client5.http.wire -- http-outgoing-0 << "[0x2][0x0][0x0][0x0][0x0][0x0][0x0][0x1d]2024/07/19 13:34:56 Started![\n]"
19:04:56.605 [docker-java-stream-420112069] DEBUG com.github.dockerjava.zerodep.shaded.org.apache.hc.client5.http.wire -- http-outgoing-0 << "[\r][\n]"
19:04:56.606 [Test worker] DEBUG org.testcontainers.containers.output.WaitingConsumer -- STDERR: 2024/07/19 13:34:56 Pinging Docker...
19:04:56.606 [Test worker] DEBUG org.testcontainers.containers.output.WaitingConsumer -- STDERR: 2024/07/19 13:34:56 Started!
19:04:56.607 [Test worker] DEBUG com.github.dockerjava.zerodep.shaded.org.apache.hc.client5.http.impl.classic.InternalHttpClient -- ep-00000008: cancel
19:04:56.607 [docker-java-stream-420112069] DEBUG com.github.dockerjava.zerodep.shaded.org.apache.hc.client5.http.wire -- http-outgoing-0 << "[read] I/O error: null"
19:04:56.607 [docker-java-stream-420112069] DEBUG com.github.dockerjava.zerodep.shaded.org.apache.hc.client5.http.wire -- http-outgoing-0 << "[read] I/O error: null"
19:04:56.607 [Test worker] DEBUG com.github.dockerjava.zerodep.shaded.org.apache.hc.client5.http.impl.io.DefaultManagedHttpClientConnection -- http-outgoing-0: close connection IMMEDIATE
19:04:56.608 [Test worker] DEBUG com.github.dockerjava.zerodep.shaded.org.apache.hc.client5.http.impl.classic.InternalHttpClient -- ep-00000008: endpoint closed
19:04:56.608 [Test worker] DEBUG com.github.dockerjava.zerodep.shaded.org.apache.hc.client5.http.impl.classic.InternalHttpClient -- ep-00000008: discarding endpoint
19:04:56.608 [Test worker] DEBUG com.github.dockerjava.zerodep.shaded.org.apache.hc.client5.http.impl.io.PoolingHttpClientConnectionManager -- ep-00000008: releasing endpoint
19:04:56.608 [Test worker] DEBUG com.github.dockerjava.zerodep.shaded.org.apache.hc.client5.http.impl.io.PoolingHttpClientConnectionManager -- ep-00000008: connection is not kept alive
19:04:56.608 [Test worker] DEBUG com.github.dockerjava.zerodep.shaded.org.apache.hc.client5.http.impl.io.PoolingHttpClientConnectionManager -- ep-00000008: connection released [route: {}->unix://localhost:2375][total available: 0; route allocated: 0 of 2147483647; total allocated: 0 of 2147483647]
19:04:56.608 [Test worker] INFO tc.testcontainers/ryuk:0.5.1 -- Container testcontainers/ryuk:0.5.1 started in PT0.304671S
19:04:56.607 [docker-java-stream-420112069] DEBUG com.github.dockerjava.zerodep.ApacheDockerHttpClientImpl$ApacheResponse -- Failed to close the response
java.nio.channels.ClosedChannelException: null
	at java.base/sun.nio.ch.SocketChannelImpl.ensureOpenAndConnected(SocketChannelImpl.java:215)
	at java.base/sun.nio.ch.SocketChannelImpl.read(SocketChannelImpl.java:403)
	at java.base/sun.nio.ch.ChannelInputStream.read(ChannelInputStream.java:59)
	at java.base/sun.nio.ch.ChannelInputStream.read(ChannelInputStream.java:107)
	at java.base/sun.nio.ch.ChannelInputStream.read(ChannelInputStream.java:101)
	at com.github.dockerjava.zerodep.shaded.org.apache.hc.client5.http.impl.io.LoggingInputStream.read(LoggingInputStream.java:81)
	at com.github.dockerjava.zerodep.shaded.org.apache.hc.core5.http.impl.io.SessionInputBufferImpl.fillBuffer(SessionInputBufferImpl.java:149)
	at com.github.dockerjava.zerodep.shaded.org.apache.hc.core5.http.impl.io.SessionInputBufferImpl.readLine(SessionInputBufferImpl.java:280)
	at com.github.dockerjava.zerodep.shaded.org.apache.hc.core5.http.impl.io.ChunkedInputStream.getChunkSize(ChunkedInputStream.java:261)
	at com.github.dockerjava.zerodep.shaded.org.apache.hc.core5.http.impl.io.ChunkedInputStream.nextChunk(ChunkedInputStream.java:222)
	at com.github.dockerjava.zerodep.shaded.org.apache.hc.core5.http.impl.io.ChunkedInputStream.read(ChunkedInputStream.java:147)
	at com.github.dockerjava.zerodep.shaded.org.apache.hc.core5.http.impl.io.ChunkedInputStream.close(ChunkedInputStream.java:314)
	at com.github.dockerjava.zerodep.shaded.org.apache.hc.core5.io.Closer.close(Closer.java:48)
	at com.github.dockerjava.zerodep.shaded.org.apache.hc.core5.http.impl.io.IncomingHttpEntity.close(IncomingHttpEntity.java:111)
	at com.github.dockerjava.zerodep.shaded.org.apache.hc.core5.http.io.entity.HttpEntityWrapper.close(HttpEntityWrapper.java:120)
	at com.github.dockerjava.zerodep.shaded.org.apache.hc.core5.io.Closer.close(Closer.java:48)
	at com.github.dockerjava.zerodep.shaded.org.apache.hc.core5.http.message.BasicClassicHttpResponse.close(BasicClassicHttpResponse.java:93)
	at com.github.dockerjava.zerodep.shaded.org.apache.hc.client5.http.impl.classic.CloseableHttpResponse.close(CloseableHttpResponse.java:200)
	at com.github.dockerjava.zerodep.ApacheDockerHttpClientImpl$ApacheResponse.close(ApacheDockerHttpClientImpl.java:256)
	at org.testcontainers.shaded.com.github.dockerjava.core.DefaultInvocationBuilder.lambda$executeAndStream$1(DefaultInvocationBuilder.java:277)
	at java.base/java.lang.Thread.run(Thread.java:840)
19:04:56.610 [testcontainers-ryuk] DEBUG org.testcontainers.utility.ResourceReaper -- Sending 'label=org.testcontainers%3Dtrue&label=org.testcontainers.lang%3Djava&label=org.testcontainers.version%3D1.19.1&label=org.testcontainers.sessionId%3D1f399f0d-7ab6-47d2-bedc-41c5596e41f8' to Ryuk
19:04:56.611 [testcontainers-ryuk] DEBUG org.testcontainers.utility.RyukResourceReaper -- Received 'ACK' from Ryuk
19:04:56.611 [Test worker] INFO org.testcontainers.utility.RyukResourceReaper -- Ryuk started - will monitor and terminate Testcontainers containers on JVM exit
19:04:56.611 [Test worker] DEBUG org.testcontainers.DockerClientFactory -- Checks are enabled
19:04:56.611 [Test worker] INFO org.testcontainers.DockerClientFactory -- Checking the system...
19:04:56.611 [Test worker] INFO org.testcontainers.DockerClientFactory -- ✔︎ Docker server version should be at least 1.6.0
19:04:56.611 [Test worker] DEBUG org.testcontainers.utility.PrefixingImageNameSubstitutor -- No prefix is configured
19:04:56.611 [Test worker] DEBUG org.testcontainers.utility.ImageNameSubstitutor -- Did not find a substitute image for gcr.io/google.com/cloudsdktool/cloud-sdk:317.0.0-emulators (using image substitutor: DefaultImageNameSubstitutor (composite of 'ConfigurationFileImageNameSubstitutor' and 'PrefixingImageNameSubstitutor'))
19:04:56.611 [Test worker] DEBUG org.testcontainers.images.AbstractImagePullPolicy -- Using locally available and not pulling image: gcr.io/google.com/cloudsdktool/cloud-sdk:317.0.0-emulators
19:04:56.611 [Test worker] DEBUG tc.gcr.io/google.com/cloudsdktool/cloud-sdk:317.0.0-emulators -- Starting container: gcr.io/google.com/cloudsdktool/cloud-sdk:317.0.0-emulators
19:04:56.611 [Test worker] DEBUG tc.gcr.io/google.com/cloudsdktool/cloud-sdk:317.0.0-emulators -- Trying to start container: gcr.io/google.com/cloudsdktool/cloud-sdk:317.0.0-emulators (attempt 1/1)
19:04:56.611 [Test worker] DEBUG tc.gcr.io/google.com/cloudsdktool/cloud-sdk:317.0.0-emulators -- Starting container: gcr.io/google.com/cloudsdktool/cloud-sdk:317.0.0-emulators
19:04:56.611 [Test worker] INFO tc.gcr.io/google.com/cloudsdktool/cloud-sdk:317.0.0-emulators -- Creating container for image: gcr.io/google.com/cloudsdktool/cloud-sdk:317.0.0-emulators
19:04:56.611 [Test worker] DEBUG org.testcontainers.utility.RegistryAuthLocator -- Looking up auth config for image: gcr.io/google.com/cloudsdktool/cloud-sdk:317.0.0-emulators at registry: gcr.io
19:04:56.612 [Test worker] DEBUG org.testcontainers.utility.RegistryAuthLocator -- RegistryAuthLocator has configFile: /Users/shibsankarmitra/.docker/config.json (exists) configEnv: DOCKER_AUTH_CONFIG (does not exist) and commandPathPrefix: 
19:04:56.612 [Test worker] DEBUG org.testcontainers.utility.RegistryAuthLocator -- RegistryAuthLocator reading from configFile: /Users/shibsankarmitra/.docker/config.json
19:04:56.612 [Test worker] DEBUG org.testcontainers.utility.RegistryAuthLocator -- registryName [gcr.io] for dockerImageName [gcr.io/google.com/cloudsdktool/cloud-sdk:317.0.0-emulators]
19:04:56.612 [Test worker] DEBUG org.testcontainers.utility.RegistryAuthLocator -- Executing docker credential provider: docker-credential-desktop to locate auth config for: gcr.io
19:04:56.612 [Test worker] DEBUG org.testcontainers.shaded.org.zeroturnaround.exec.ProcessExecutor -- Executing [docker-credential-desktop, get].
19:04:56.614 [Test worker] DEBUG org.testcontainers.utility.RegistryAuthLocator -- Failure running docker credential helper/store (docker-credential-desktop)
19:04:56.614 [Test worker] INFO org.testcontainers.utility.RegistryAuthLocator -- Failure when attempting to lookup auth config. Please ignore if you don't have images in an authenticated registry. Details: (dockerImageName: gcr.io/google.com/cloudsdktool/cloud-sdk:317.0.0-emulators, configFile: /Users/shibsankarmitra/.docker/config.json, configEnv: DOCKER_AUTH_CONFIG). Falling back to docker-java default behaviour. Exception message: Could not execute [docker-credential-desktop, get]. Error=2, No such file or directory
19:04:56.615 [Test worker] DEBUG org.testcontainers.utility.RegistryAuthLocator -- No matching Auth Configs - falling back to defaultAuthConfig [null]
19:04:56.615 [Test worker] DEBUG org.testcontainers.dockerclient.AuthDelegatingDockerClientConfig -- Effective auth config [null]
19:04:56.615 [Test worker] DEBUG org.testcontainers.shaded.com.github.dockerjava.core.command.AbstrDockerCmd -- Cmd: org.testcontainers.shaded.com.github.dockerjava.core.command.CreateContainerCmdImpl@26888c31[aliases=<null>,argsEscaped=<null>,attachStderr=<null>,attachStdin=<null>,attachStdout=<null>,authConfig=<null>,cmd={/bin/sh,-c,gcloud beta emulators pubsub start --host-port 0.0.0.0:8085},domainName=<null>,entrypoint=<null>,env={},exposedPorts=ExposedPorts(exposedPorts=[8085/tcp]),healthcheck=<null>,hostConfig=HostConfig(binds=[], blkioWeight=null, blkioWeightDevice=null, blkioDeviceReadBps=null, blkioDeviceWriteBps=null, blkioDeviceReadIOps=null, blkioDeviceWriteIOps=null, memorySwappiness=null, nanoCPUs=null, capAdd=null, capDrop=null, containerIDFile=null, cpuPeriod=null, cpuRealtimePeriod=null, cpuRealtimeRuntime=null, cpuShares=null, cpuQuota=null, cpusetCpus=null, cpusetMems=null, devices=null, deviceCgroupRules=null, deviceRequests=null, diskQuota=null, dns=null, dnsOptions=null, dnsSearch=null, extraHosts=[], groupAdd=null, ipcMode=null, cgroup=null, links=[], logConfig=LogConfig(type=null, config=null), lxcConf=null, memory=null, memorySwap=null, memoryReservation=null, kernelMemory=null, networkMode=null, oomKillDisable=null, init=null, autoRemove=null, oomScoreAdj=null, portBindings={8085/tcp=[Lcom.github.dockerjava.api.model.Ports$Binding;@1425e531}, privileged=null, publishAllPorts=null, readonlyRootfs=null, restartPolicy=null, ulimits=null, cpuCount=null, cpuPercent=null, ioMaximumIOps=null, ioMaximumBandwidth=null, volumesFrom=[], mounts=null, pidMode=null, isolation=null, securityOpts=null, storageOpt=null, cgroupParent=null, volumeDriver=null, shmSize=null, pidsLimit=null, runtime=null, tmpFs=null, utSMode=null, usernsMode=null, sysctls=null, consoleSize=null, cgroupnsMode=null),hostName=<null>,image=gcr.io/google.com/cloudsdktool/cloud-sdk:317.0.0-emulators,ipv4Address=<null>,ipv6Address=<null>,labels={org.testcontainers=true, org.testcontainers.lang=java, org.testcontainers.version=1.19.1, org.testcontainers.sessionId=1f399f0d-7ab6-47d2-bedc-41c5596e41f8},macAddress=<null>,name=<null>,networkDisabled=<null>,networkingConfig=<null>,onBuild=<null>,platform=<null>,portSpecs=<null>,shell=<null>,stdInOnce=<null>,stdinOpen=<null>,stopSignal=<null>,stopTimeout=<null>,tty=<null>,user=<null>,volumes=Volumes(volumes=[]),workingDir=<null>]
19:04:56.616 [Test worker] DEBUG com.github.dockerjava.zerodep.shaded.org.apache.hc.client5.http.impl.classic.InternalHttpClient -- ex-0000000A: preparing request execution
19:04:56.616 [Test worker] DEBUG com.github.dockerjava.zerodep.shaded.org.apache.hc.client5.http.protocol.RequestAddCookies -- Cookie spec selected: strict
19:04:56.616 [Test worker] DEBUG com.github.dockerjava.zerodep.shaded.org.apache.hc.client5.http.protocol.RequestAuthCache -- Auth cache not set in the context
19:04:56.616 [Test worker] DEBUG com.github.dockerjava.zerodep.shaded.org.apache.hc.client5.http.impl.classic.ProtocolExec -- ex-0000000A: target auth state: UNCHALLENGED
19:04:56.616 [Test worker] DEBUG com.github.dockerjava.zerodep.shaded.org.apache.hc.client5.http.impl.classic.ProtocolExec -- ex-0000000A: proxy auth state: UNCHALLENGED
19:04:56.616 [Test worker] DEBUG com.github.dockerjava.zerodep.shaded.org.apache.hc.client5.http.impl.classic.ConnectExec -- ex-0000000A: acquiring connection with route {}->unix://localhost:2375
19:04:56.616 [Test worker] DEBUG com.github.dockerjava.zerodep.shaded.org.apache.hc.client5.http.impl.classic.InternalHttpClient -- ex-0000000A: acquiring endpoint (3 MINUTES)
19:04:56.616 [Test worker] DEBUG com.github.dockerjava.zerodep.shaded.org.apache.hc.client5.http.impl.io.PoolingHttpClientConnectionManager -- ex-0000000A: endpoint lease request (3 MINUTES) [route: {}->unix://localhost:2375][total available: 0; route allocated: 0 of 2147483647; total allocated: 0 of 2147483647]
19:04:56.616 [Test worker] DEBUG com.github.dockerjava.zerodep.shaded.org.apache.hc.client5.http.impl.io.PoolingHttpClientConnectionManager -- ex-0000000A: endpoint leased [route: {}->unix://localhost:2375][total available: 0; route allocated: 1 of 2147483647; total allocated: 1 of 2147483647]
19:04:56.616 [Test worker] DEBUG com.github.dockerjava.zerodep.shaded.org.apache.hc.client5.http.impl.io.PoolingHttpClientConnectionManager -- ex-0000000A: acquired ep-00000009
19:04:56.616 [Test worker] DEBUG com.github.dockerjava.zerodep.shaded.org.apache.hc.client5.http.impl.classic.InternalHttpClient -- ex-0000000A: acquired endpoint ep-00000009
19:04:56.616 [Test worker] DEBUG com.github.dockerjava.zerodep.shaded.org.apache.hc.client5.http.impl.classic.ConnectExec -- ex-0000000A: opening connection {}->unix://localhost:2375
19:04:56.616 [Test worker] DEBUG com.github.dockerjava.zerodep.shaded.org.apache.hc.client5.http.impl.classic.InternalHttpClient -- ep-00000009: connecting endpoint (3 MINUTES)
19:04:56.616 [Test worker] DEBUG com.github.dockerjava.zerodep.shaded.org.apache.hc.client5.http.impl.io.PoolingHttpClientConnectionManager -- ep-00000009: connecting endpoint to unix://localhost:2375 (3 MINUTES)
19:04:56.617 [Test worker] DEBUG com.github.dockerjava.zerodep.shaded.org.apache.hc.client5.http.impl.io.DefaultHttpClientConnectionOperator -- http-outgoing-1: connecting to localhost/127.0.0.1:2375
19:04:56.617 [Test worker] DEBUG com.github.dockerjava.zerodep.shaded.org.apache.hc.client5.http.impl.io.DefaultHttpClientConnectionOperator -- http-outgoing-1: connection established /var/run/docker.sock<->/var/run/docker.sock
19:04:56.617 [Test worker] DEBUG com.github.dockerjava.zerodep.shaded.org.apache.hc.client5.http.impl.io.PoolingHttpClientConnectionManager -- ep-00000009: connected http-outgoing-1
19:04:56.617 [Test worker] DEBUG com.github.dockerjava.zerodep.shaded.org.apache.hc.client5.http.impl.classic.InternalHttpClient -- ep-00000009: endpoint connected
19:04:56.617 [Test worker] DEBUG com.github.dockerjava.zerodep.shaded.org.apache.hc.client5.http.impl.classic.MainClientExec -- ex-0000000A: executing POST /v1.32/containers/create HTTP/1.1
19:04:56.617 [Test worker] DEBUG com.github.dockerjava.zerodep.shaded.org.apache.hc.client5.http.impl.classic.InternalHttpClient -- ep-00000009: start execution ex-0000000A
19:04:56.617 [Test worker] DEBUG com.github.dockerjava.zerodep.shaded.org.apache.hc.client5.http.impl.io.PoolingHttpClientConnectionManager -- ep-00000009: executing exchange ex-0000000A over http-outgoing-1
19:04:56.617 [Test worker] DEBUG com.github.dockerjava.zerodep.shaded.org.apache.hc.client5.http.headers -- http-outgoing-1 >> POST /v1.32/containers/create HTTP/1.1
19:04:56.617 [Test worker] DEBUG com.github.dockerjava.zerodep.shaded.org.apache.hc.client5.http.headers -- http-outgoing-1 >> accept: application/json
19:04:56.617 [Test worker] DEBUG com.github.dockerjava.zerodep.shaded.org.apache.hc.client5.http.headers -- http-outgoing-1 >> content-type: application/json
19:04:56.617 [Test worker] DEBUG com.github.dockerjava.zerodep.shaded.org.apache.hc.client5.http.headers -- http-outgoing-1 >> x-tc-sid: 1f399f0d-7ab6-47d2-bedc-41c5596e41f8
19:04:56.617 [Test worker] DEBUG com.github.dockerjava.zerodep.shaded.org.apache.hc.client5.http.headers -- http-outgoing-1 >> User-Agent: tc-java/1.19.1
19:04:56.617 [Test worker] DEBUG com.github.dockerjava.zerodep.shaded.org.apache.hc.client5.http.headers -- http-outgoing-1 >> Accept-Encoding: gzip, x-gzip, deflate
19:04:56.617 [Test worker] DEBUG com.github.dockerjava.zerodep.shaded.org.apache.hc.client5.http.headers -- http-outgoing-1 >> Content-Length: 2087
19:04:56.617 [Test worker] DEBUG com.github.dockerjava.zerodep.shaded.org.apache.hc.client5.http.headers -- http-outgoing-1 >> Host: localhost:2375
19:04:56.617 [Test worker] DEBUG com.github.dockerjava.zerodep.shaded.org.apache.hc.client5.http.headers -- http-outgoing-1 >> Connection: keep-alive
19:04:56.617 [Test worker] DEBUG com.github.dockerjava.zerodep.shaded.org.apache.hc.client5.http.wire -- http-outgoing-1 >> "POST /v1.32/containers/create HTTP/1.1[\r][\n]"
19:04:56.617 [Test worker] DEBUG com.github.dockerjava.zerodep.shaded.org.apache.hc.client5.http.wire -- http-outgoing-1 >> "accept: application/json[\r][\n]"
19:04:56.617 [Test worker] DEBUG com.github.dockerjava.zerodep.shaded.org.apache.hc.client5.http.wire -- http-outgoing-1 >> "content-type: application/json[\r][\n]"
19:04:56.617 [Test worker] DEBUG com.github.dockerjava.zerodep.shaded.org.apache.hc.client5.http.wire -- http-outgoing-1 >> "x-tc-sid: 1f399f0d-7ab6-47d2-bedc-41c5596e41f8[\r][\n]"
19:04:56.617 [Test worker] DEBUG com.github.dockerjava.zerodep.shaded.org.apache.hc.client5.http.wire -- http-outgoing-1 >> "User-Agent: tc-java/1.19.1[\r][\n]"
19:04:56.617 [Test worker] DEBUG com.github.dockerjava.zerodep.shaded.org.apache.hc.client5.http.wire -- http-outgoing-1 >> "Accept-Encoding: gzip, x-gzip, deflate[\r][\n]"
19:04:56.617 [Test worker] DEBUG com.github.dockerjava.zerodep.shaded.org.apache.hc.client5.http.wire -- http-outgoing-1 >> "Content-Length: 2087[\r][\n]"
19:04:56.617 [Test worker] DEBUG com.github.dockerjava.zerodep.shaded.org.apache.hc.client5.http.wire -- http-outgoing-1 >> "Host: localhost:2375[\r][\n]"
19:04:56.617 [Test worker] DEBUG com.github.dockerjava.zerodep.shaded.org.apache.hc.client5.http.wire -- http-outgoing-1 >> "Connection: keep-alive[\r][\n]"
19:04:56.617 [Test worker] DEBUG com.github.dockerjava.zerodep.shaded.org.apache.hc.client5.http.wire -- http-outgoing-1 >> "[\r][\n]"
19:04:56.617 [Test worker] DEBUG com.github.dockerjava.zerodep.shaded.org.apache.hc.client5.http.wire -- http-outgoing-1 >> "{"Hostname":null,"Domainname":null,"User":null,"AttachStdin":null,"AttachStdout":null,"AttachStderr":null,"PortSpecs":null,"Tty":null,"OpenStdin":null,"StdinOnce":null,"Env":[],"Cmd":["/bin/sh","-c","gcloud beta emulators pubsub start --host-port 0.0.0.0:8085"],"Healthcheck":null,"ArgsEscaped":null,"Entrypoint":null,"Image":"gcr.io/google.com/cloudsdktool/cloud-sdk:317.0.0-emulators","Volumes":{},"WorkingDir":null,"MacAddress":null,"OnBuild":null,"NetworkDisabled":null,"ExposedPorts":{"8085/tcp":{}},"StopSignal":null,"StopTimeout":null,"HostConfig":{"Binds":[],"BlkioWeight":null,"BlkioWeightDevice":null,"BlkioDeviceReadBps":null,"BlkioDeviceWriteBps":null,"BlkioDeviceReadIOps":null,"BlkioDeviceWriteIOps":null,"MemorySwappiness":null,"NanoCpus":null,"CapAdd":null,"CapDrop":null,"ContainerIDFile":null,"CpuPeriod":null,"CpuRealtimePeriod":null,"CpuRealtimeRuntime":null,"CpuShares":null,"CpuQuota":null,"CpusetCpus":null,"CpusetMems":null,"Devices":null,"DeviceCgroupRules":null,"DeviceRequests":null,"DiskQuota":null,"Dns":null,"DnsOptions":null,"DnsSearch":null,"ExtraHosts":[],"GroupAdd":null,"IpcMode":null,"Cgroup":null,"Links":[],"LogConfig":null,"LxcConf":null,"Memory":null,"MemorySwap":null,"MemoryReservation":null,"KernelMemory":null,"NetworkMode":null,"OomKillDisable":null,"Init":null,"AutoRemove":null,"OomScoreAdj":null,"PortBindings":{"8085/tcp":[{"HostIp":"","HostPort":""}]},"Privileged":null,"PublishAllPorts":null,"ReadonlyRootfs":null,"RestartPolicy":null,"Ulimits":null,"CpuCount":null,"CpuPercent":null,"IOMaximumIOps":null,"IOMaximumBandwidth":null,"VolumesFrom":[],"Mounts":null,"PidMode":null,"Isolation":null,"SecurityOpt":null,"StorageOpt":null,"CgroupParent":null,"VolumeDriver":null,"ShmSize":null,"PidsLimit":null,"Runtime":null,"Tmpfs":null,"UTSMode":null,"UsernsMode":null,"Sysctls":null,"ConsoleSize":null,"CgroupnsMode":null},"Labels":{"org.testcontainers":"true","org.testcontainers.lang":"java","org.testcontainers.version":"1.19.1","org.testcontainers.sessionId":"1f399f0d-7ab6-47d2-bedc-41c5596e41f8"},"Shell":null,"NetworkingConfig":null}"
19:04:56.634 [Test worker] DEBUG com.github.dockerjava.zerodep.shaded.org.apache.hc.client5.http.wire -- http-outgoing-1 << "HTTP/1.1 201 Created[\r][\n]"
19:04:56.635 [Test worker] DEBUG com.github.dockerjava.zerodep.shaded.org.apache.hc.client5.http.wire -- http-outgoing-1 << "Api-Version: 1.45[\r][\n]"
19:04:56.635 [Test worker] DEBUG com.github.dockerjava.zerodep.shaded.org.apache.hc.client5.http.wire -- http-outgoing-1 << "Content-Type: application/json[\r][\n]"
19:04:56.635 [Test worker] DEBUG com.github.dockerjava.zerodep.shaded.org.apache.hc.client5.http.wire -- http-outgoing-1 << "Date: Fri, 19 Jul 2024 13:34:56 GMT[\r][\n]"
19:04:56.635 [Test worker] DEBUG com.github.dockerjava.zerodep.shaded.org.apache.hc.client5.http.wire -- http-outgoing-1 << "Docker-Experimental: false[\r][\n]"
19:04:56.635 [Test worker] DEBUG com.github.dockerjava.zerodep.shaded.org.apache.hc.client5.http.wire -- http-outgoing-1 << "Ostype: linux[\r][\n]"
19:04:56.635 [Test worker] DEBUG com.github.dockerjava.zerodep.shaded.org.apache.hc.client5.http.wire -- http-outgoing-1 << "Server: Docker/26.1.4 (linux)[\r][\n]"
19:04:56.635 [Test worker] DEBUG com.github.dockerjava.zerodep.shaded.org.apache.hc.client5.http.wire -- http-outgoing-1 << "Transfer-Encoding: chunked[\r][\n]"
19:04:56.635 [Test worker] DEBUG com.github.dockerjava.zerodep.shaded.org.apache.hc.client5.http.wire -- http-outgoing-1 << "[\r][\n]"
19:04:56.635 [Test worker] DEBUG com.github.dockerjava.zerodep.shaded.org.apache.hc.client5.http.headers -- http-outgoing-1 << HTTP/1.1 201 Created
19:04:56.635 [Test worker] DEBUG com.github.dockerjava.zerodep.shaded.org.apache.hc.client5.http.headers -- http-outgoing-1 << Api-Version: 1.45
19:04:56.635 [Test worker] DEBUG com.github.dockerjava.zerodep.shaded.org.apache.hc.client5.http.headers -- http-outgoing-1 << Content-Type: application/json
19:04:56.635 [Test worker] DEBUG com.github.dockerjava.zerodep.shaded.org.apache.hc.client5.http.headers -- http-outgoing-1 << Date: Fri, 19 Jul 2024 13:34:56 GMT
19:04:56.635 [Test worker] DEBUG com.github.dockerjava.zerodep.shaded.org.apache.hc.client5.http.headers -- http-outgoing-1 << Docker-Experimental: false
19:04:56.635 [Test worker] DEBUG com.github.dockerjava.zerodep.shaded.org.apache.hc.client5.http.headers -- http-outgoing-1 << Ostype: linux
19:04:56.635 [Test worker] DEBUG com.github.dockerjava.zerodep.shaded.org.apache.hc.client5.http.headers -- http-outgoing-1 << Server: Docker/26.1.4 (linux)
19:04:56.635 [Test worker] DEBUG com.github.dockerjava.zerodep.shaded.org.apache.hc.client5.http.headers -- http-outgoing-1 << Transfer-Encoding: chunked
19:04:56.635 [Test worker] DEBUG com.github.dockerjava.zerodep.shaded.org.apache.hc.client5.http.impl.classic.MainClientExec -- ex-0000000A: connection can be kept alive for 3 MINUTES
19:04:56.635 [Test worker] DEBUG com.github.dockerjava.zerodep.shaded.org.apache.hc.client5.http.wire -- http-outgoing-1 << "e8[\r][\n]"
19:04:56.635 [Test worker] DEBUG com.github.dockerjava.zerodep.shaded.org.apache.hc.client5.http.wire -- http-outgoing-1 << "{"Id":"bc5690fc1ac7d21ec3d95b602b50fcd3fdcaed292422bdc2132ff5ab78ccd10e","Warnings":["The requested image's platform (linux/amd64) does not match the detected host platform (linux/arm64/v8) and no specific platform was requested"]}[\n]"
19:04:56.635 [Test worker] DEBUG com.github.dockerjava.zerodep.shaded.org.apache.hc.client5.http.wire -- http-outgoing-1 << "[\r][\n]"
19:04:56.636 [Test worker] DEBUG com.github.dockerjava.zerodep.shaded.org.apache.hc.client5.http.wire -- http-outgoing-1 << "0[\r][\n]"
19:04:56.636 [Test worker] DEBUG com.github.dockerjava.zerodep.shaded.org.apache.hc.client5.http.wire -- http-outgoing-1 << "[\r][\n]"
19:04:56.636 [Test worker] DEBUG com.github.dockerjava.zerodep.shaded.org.apache.hc.client5.http.impl.classic.InternalHttpClient -- ep-00000009: releasing valid endpoint
19:04:56.636 [Test worker] DEBUG com.github.dockerjava.zerodep.shaded.org.apache.hc.client5.http.impl.io.PoolingHttpClientConnectionManager -- ep-00000009: releasing endpoint
19:04:56.636 [Test worker] DEBUG com.github.dockerjava.zerodep.shaded.org.apache.hc.client5.http.impl.io.PoolingHttpClientConnectionManager -- ep-00000009: connection http-outgoing-1 can be kept alive for 3 MINUTES
19:04:56.636 [Test worker] DEBUG com.github.dockerjava.zerodep.shaded.org.apache.hc.client5.http.impl.io.PoolingHttpClientConnectionManager -- ep-00000009: connection released [route: {}->unix://localhost:2375][total available: 1; route allocated: 1 of 2147483647; total allocated: 1 of 2147483647]
19:04:56.636 [Test worker] INFO tc.gcr.io/google.com/cloudsdktool/cloud-sdk:317.0.0-emulators -- Container gcr.io/google.com/cloudsdktool/cloud-sdk:317.0.0-emulators is starting: bc5690fc1ac7d21ec3d95b602b50fcd3fdcaed292422bdc2132ff5ab78ccd10e
19:04:56.636 [Test worker] DEBUG org.testcontainers.shaded.com.github.dockerjava.core.command.AbstrDockerCmd -- Cmd: bc5690fc1ac7d21ec3d95b602b50fcd3fdcaed292422bdc2132ff5ab78ccd10e
19:04:56.637 [Test worker] DEBUG com.github.dockerjava.zerodep.shaded.org.apache.hc.client5.http.impl.classic.InternalHttpClient -- ex-0000000B: preparing request execution
19:04:56.637 [Test worker] DEBUG com.github.dockerjava.zerodep.shaded.org.apache.hc.client5.http.protocol.RequestAddCookies -- Cookie spec selected: strict
19:04:56.637 [Test worker] DEBUG com.github.dockerjava.zerodep.shaded.org.apache.hc.client5.http.protocol.RequestAuthCache -- Auth cache not set in the context
19:04:56.637 [Test worker] DEBUG com.github.dockerjava.zerodep.shaded.org.apache.hc.client5.http.impl.classic.ProtocolExec -- ex-0000000B: target auth state: UNCHALLENGED
19:04:56.637 [Test worker] DEBUG com.github.dockerjava.zerodep.shaded.org.apache.hc.client5.http.impl.classic.ProtocolExec -- ex-0000000B: proxy auth state: UNCHALLENGED
19:04:56.637 [Test worker] DEBUG com.github.dockerjava.zerodep.shaded.org.apache.hc.client5.http.impl.classic.ConnectExec -- ex-0000000B: acquiring connection with route {}->unix://localhost:2375
19:04:56.637 [Test worker] DEBUG com.github.dockerjava.zerodep.shaded.org.apache.hc.client5.http.impl.classic.InternalHttpClient -- ex-0000000B: acquiring endpoint (3 MINUTES)
19:04:56.637 [Test worker] DEBUG com.github.dockerjava.zerodep.shaded.org.apache.hc.client5.http.impl.io.PoolingHttpClientConnectionManager -- ex-0000000B: endpoint lease request (3 MINUTES) [route: {}->unix://localhost:2375][total available: 1; route allocated: 1 of 2147483647; total allocated: 1 of 2147483647]
19:04:56.637 [Test worker] DEBUG com.github.dockerjava.zerodep.shaded.org.apache.hc.client5.http.impl.io.PoolingHttpClientConnectionManager -- ex-0000000B: endpoint leased [route: {}->unix://localhost:2375][total available: 0; route allocated: 1 of 2147483647; total allocated: 1 of 2147483647]
19:04:56.637 [Test worker] DEBUG com.github.dockerjava.zerodep.shaded.org.apache.hc.client5.http.impl.io.PoolingHttpClientConnectionManager -- ex-0000000B: acquired ep-0000000A
19:04:56.637 [Test worker] DEBUG com.github.dockerjava.zerodep.shaded.org.apache.hc.client5.http.impl.classic.InternalHttpClient -- ex-0000000B: acquired endpoint ep-0000000A
19:04:56.637 [Test worker] DEBUG com.github.dockerjava.zerodep.shaded.org.apache.hc.client5.http.impl.classic.MainClientExec -- ex-0000000B: executing POST /v1.32/containers/bc5690fc1ac7d21ec3d95b602b50fcd3fdcaed292422bdc2132ff5ab78ccd10e/start HTTP/1.1
19:04:56.637 [Test worker] DEBUG com.github.dockerjava.zerodep.shaded.org.apache.hc.client5.http.impl.classic.InternalHttpClient -- ep-0000000A: start execution ex-0000000B
19:04:56.637 [Test worker] DEBUG com.github.dockerjava.zerodep.shaded.org.apache.hc.client5.http.impl.io.PoolingHttpClientConnectionManager -- ep-0000000A: executing exchange ex-0000000B over http-outgoing-1
19:04:56.638 [Test worker] DEBUG com.github.dockerjava.zerodep.shaded.org.apache.hc.client5.http.headers -- http-outgoing-1 >> POST /v1.32/containers/bc5690fc1ac7d21ec3d95b602b50fcd3fdcaed292422bdc2132ff5ab78ccd10e/start HTTP/1.1
19:04:56.638 [Test worker] DEBUG com.github.dockerjava.zerodep.shaded.org.apache.hc.client5.http.headers -- http-outgoing-1 >> accept: application/json
19:04:56.638 [Test worker] DEBUG com.github.dockerjava.zerodep.shaded.org.apache.hc.client5.http.headers -- http-outgoing-1 >> content-type: application/json
19:04:56.638 [Test worker] DEBUG com.github.dockerjava.zerodep.shaded.org.apache.hc.client5.http.headers -- http-outgoing-1 >> x-tc-sid: 1f399f0d-7ab6-47d2-bedc-41c5596e41f8
19:04:56.638 [Test worker] DEBUG com.github.dockerjava.zerodep.shaded.org.apache.hc.client5.http.headers -- http-outgoing-1 >> User-Agent: tc-java/1.19.1
19:04:56.638 [Test worker] DEBUG com.github.dockerjava.zerodep.shaded.org.apache.hc.client5.http.headers -- http-outgoing-1 >> Accept-Encoding: gzip, x-gzip, deflate
19:04:56.638 [Test worker] DEBUG com.github.dockerjava.zerodep.shaded.org.apache.hc.client5.http.headers -- http-outgoing-1 >> Host: localhost:2375
19:04:56.638 [Test worker] DEBUG com.github.dockerjava.zerodep.shaded.org.apache.hc.client5.http.headers -- http-outgoing-1 >> Connection: keep-alive
19:04:56.638 [Test worker] DEBUG com.github.dockerjava.zerodep.shaded.org.apache.hc.client5.http.wire -- http-outgoing-1 >> "POST /v1.32/containers/bc5690fc1ac7d21ec3d95b602b50fcd3fdcaed292422bdc2132ff5ab78ccd10e/start HTTP/1.1[\r][\n]"
19:04:56.638 [Test worker] DEBUG com.github.dockerjava.zerodep.shaded.org.apache.hc.client5.http.wire -- http-outgoing-1 >> "accept: application/json[\r][\n]"
19:04:56.638 [Test worker] DEBUG com.github.dockerjava.zerodep.shaded.org.apache.hc.client5.http.wire -- http-outgoing-1 >> "content-type: application/json[\r][\n]"
19:04:56.638 [Test worker] DEBUG com.github.dockerjava.zerodep.shaded.org.apache.hc.client5.http.wire -- http-outgoing-1 >> "x-tc-sid: 1f399f0d-7ab6-47d2-bedc-41c5596e41f8[\r][\n]"
19:04:56.638 [Test worker] DEBUG com.github.dockerjava.zerodep.shaded.org.apache.hc.client5.http.wire -- http-outgoing-1 >> "User-Agent: tc-java/1.19.1[\r][\n]"
19:04:56.638 [Test worker] DEBUG com.github.dockerjava.zerodep.shaded.org.apache.hc.client5.http.wire -- http-outgoing-1 >> "Accept-Encoding: gzip, x-gzip, deflate[\r][\n]"
19:04:56.638 [Test worker] DEBUG com.github.dockerjava.zerodep.shaded.org.apache.hc.client5.http.wire -- http-outgoing-1 >> "Host: localhost:2375[\r][\n]"
19:04:56.638 [Test worker] DEBUG com.github.dockerjava.zerodep.shaded.org.apache.hc.client5.http.wire -- http-outgoing-1 >> "Connection: keep-alive[\r][\n]"
19:04:56.638 [Test worker] DEBUG com.github.dockerjava.zerodep.shaded.org.apache.hc.client5.http.wire -- http-outgoing-1 >> "[\r][\n]"
19:04:56.727 [Test worker] DEBUG com.github.dockerjava.zerodep.shaded.org.apache.hc.client5.http.wire -- http-outgoing-1 << "HTTP/1.1 204 No Content[\r][\n]"
19:04:56.727 [Test worker] DEBUG com.github.dockerjava.zerodep.shaded.org.apache.hc.client5.http.wire -- http-outgoing-1 << "Api-Version: 1.45[\r][\n]"
19:04:56.727 [Test worker] DEBUG com.github.dockerjava.zerodep.shaded.org.apache.hc.client5.http.wire -- http-outgoing-1 << "Date: Fri, 19 Jul 2024 13:34:56 GMT[\r][\n]"
19:04:56.727 [Test worker] DEBUG com.github.dockerjava.zerodep.shaded.org.apache.hc.client5.http.wire -- http-outgoing-1 << "Docker-Experimental: false[\r][\n]"
19:04:56.727 [Test worker] DEBUG com.github.dockerjava.zerodep.shaded.org.apache.hc.client5.http.wire -- http-outgoing-1 << "Ostype: linux[\r][\n]"
19:04:56.728 [Test worker] DEBUG com.github.dockerjava.zerodep.shaded.org.apache.hc.client5.http.wire -- http-outgoing-1 << "Server: Docker/26.1.4 (linux)[\r][\n]"
19:04:56.728 [Test worker] DEBUG com.github.dockerjava.zerodep.shaded.org.apache.hc.client5.http.wire -- http-outgoing-1 << "[\r][\n]"
19:04:56.728 [Test worker] DEBUG com.github.dockerjava.zerodep.shaded.org.apache.hc.client5.http.headers -- http-outgoing-1 << HTTP/1.1 204 No Content
19:04:56.728 [Test worker] DEBUG com.github.dockerjava.zerodep.shaded.org.apache.hc.client5.http.headers -- http-outgoing-1 << Api-Version: 1.45
19:04:56.728 [Test worker] DEBUG com.github.dockerjava.zerodep.shaded.org.apache.hc.client5.http.headers -- http-outgoing-1 << Date: Fri, 19 Jul 2024 13:34:56 GMT
19:04:56.728 [Test worker] DEBUG com.github.dockerjava.zerodep.shaded.org.apache.hc.client5.http.headers -- http-outgoing-1 << Docker-Experimental: false
19:04:56.728 [Test worker] DEBUG com.github.dockerjava.zerodep.shaded.org.apache.hc.client5.http.headers -- http-outgoing-1 << Ostype: linux
19:04:56.728 [Test worker] DEBUG com.github.dockerjava.zerodep.shaded.org.apache.hc.client5.http.headers -- http-outgoing-1 << Server: Docker/26.1.4 (linux)
19:04:56.728 [Test worker] DEBUG com.github.dockerjava.zerodep.shaded.org.apache.hc.client5.http.impl.classic.MainClientExec -- ex-0000000B: connection can be kept alive for 3 MINUTES
19:04:56.728 [Test worker] DEBUG com.github.dockerjava.zerodep.shaded.org.apache.hc.client5.http.impl.classic.InternalHttpClient -- ep-0000000A: releasing valid endpoint
19:04:56.728 [Test worker] DEBUG com.github.dockerjava.zerodep.shaded.org.apache.hc.client5.http.impl.io.PoolingHttpClientConnectionManager -- ep-0000000A: releasing endpoint
19:04:56.728 [Test worker] DEBUG com.github.dockerjava.zerodep.shaded.org.apache.hc.client5.http.impl.io.PoolingHttpClientConnectionManager -- ep-0000000A: connection http-outgoing-1 can be kept alive for 3 MINUTES
19:04:56.728 [Test worker] DEBUG com.github.dockerjava.zerodep.shaded.org.apache.hc.client5.http.impl.io.PoolingHttpClientConnectionManager -- ep-0000000A: connection released [route: {}->unix://localhost:2375][total available: 1; route allocated: 1 of 2147483647; total allocated: 1 of 2147483647]
19:04:56.728 [Test worker] DEBUG org.testcontainers.shaded.com.github.dockerjava.core.command.AbstrDockerCmd -- Cmd: bc5690fc1ac7d21ec3d95b602b50fcd3fdcaed292422bdc2132ff5ab78ccd10e,false
19:04:56.728 [Test worker] DEBUG org.testcontainers.shaded.com.github.dockerjava.core.exec.InspectContainerCmdExec -- GET: DefaultWebTarget{path=[/containers/bc5690fc1ac7d21ec3d95b602b50fcd3fdcaed292422bdc2132ff5ab78ccd10e/json], queryParams={}}
19:04:56.728 [Test worker] DEBUG com.github.dockerjava.zerodep.shaded.org.apache.hc.client5.http.impl.classic.InternalHttpClient -- ex-0000000C: preparing request execution
19:04:56.728 [Test worker] DEBUG com.github.dockerjava.zerodep.shaded.org.apache.hc.client5.http.protocol.RequestAddCookies -- Cookie spec selected: strict
19:04:56.728 [Test worker] DEBUG com.github.dockerjava.zerodep.shaded.org.apache.hc.client5.http.protocol.RequestAuthCache -- Auth cache not set in the context
19:04:56.728 [Test worker] DEBUG com.github.dockerjava.zerodep.shaded.org.apache.hc.client5.http.impl.classic.ProtocolExec -- ex-0000000C: target auth state: UNCHALLENGED
19:04:56.728 [Test worker] DEBUG com.github.dockerjava.zerodep.shaded.org.apache.hc.client5.http.impl.classic.ProtocolExec -- ex-0000000C: proxy auth state: UNCHALLENGED
19:04:56.728 [Test worker] DEBUG com.github.dockerjava.zerodep.shaded.org.apache.hc.client5.http.impl.classic.ConnectExec -- ex-0000000C: acquiring connection with route {}->unix://localhost:2375
19:04:56.729 [Test worker] DEBUG com.github.dockerjava.zerodep.shaded.org.apache.hc.client5.http.impl.classic.InternalHttpClient -- ex-0000000C: acquiring endpoint (3 MINUTES)
19:04:56.729 [Test worker] DEBUG com.github.dockerjava.zerodep.shaded.org.apache.hc.client5.http.impl.io.PoolingHttpClientConnectionManager -- ex-0000000C: endpoint lease request (3 MINUTES) [route: {}->unix://localhost:2375][total available: 1; route allocated: 1 of 2147483647; total allocated: 1 of 2147483647]
19:04:56.729 [Test worker] DEBUG com.github.dockerjava.zerodep.shaded.org.apache.hc.client5.http.impl.io.PoolingHttpClientConnectionManager -- ex-0000000C: endpoint leased [route: {}->unix://localhost:2375][total available: 0; route allocated: 1 of 2147483647; total allocated: 1 of 2147483647]
19:04:56.729 [Test worker] DEBUG com.github.dockerjava.zerodep.shaded.org.apache.hc.client5.http.impl.io.PoolingHttpClientConnectionManager -- ex-0000000C: acquired ep-0000000B
19:04:56.729 [Test worker] DEBUG com.github.dockerjava.zerodep.shaded.org.apache.hc.client5.http.impl.classic.InternalHttpClient -- ex-0000000C: acquired endpoint ep-0000000B
19:04:56.729 [Test worker] DEBUG com.github.dockerjava.zerodep.shaded.org.apache.hc.client5.http.impl.classic.MainClientExec -- ex-0000000C: executing GET /v1.32/containers/bc5690fc1ac7d21ec3d95b602b50fcd3fdcaed292422bdc2132ff5ab78ccd10e/json HTTP/1.1
19:04:56.729 [Test worker] DEBUG com.github.dockerjava.zerodep.shaded.org.apache.hc.client5.http.impl.classic.InternalHttpClient -- ep-0000000B: start execution ex-0000000C
19:04:56.729 [Test worker] DEBUG com.github.dockerjava.zerodep.shaded.org.apache.hc.client5.http.impl.io.PoolingHttpClientConnectionManager -- ep-0000000B: executing exchange ex-0000000C over http-outgoing-1
19:04:56.729 [Test worker] DEBUG com.github.dockerjava.zerodep.shaded.org.apache.hc.client5.http.headers -- http-outgoing-1 >> GET /v1.32/containers/bc5690fc1ac7d21ec3d95b602b50fcd3fdcaed292422bdc2132ff5ab78ccd10e/json HTTP/1.1
19:04:56.729 [Test worker] DEBUG com.github.dockerjava.zerodep.shaded.org.apache.hc.client5.http.headers -- http-outgoing-1 >> accept: application/json
19:04:56.729 [Test worker] DEBUG com.github.dockerjava.zerodep.shaded.org.apache.hc.client5.http.headers -- http-outgoing-1 >> x-tc-sid: 1f399f0d-7ab6-47d2-bedc-41c5596e41f8
19:04:56.729 [Test worker] DEBUG com.github.dockerjava.zerodep.shaded.org.apache.hc.client5.http.headers -- http-outgoing-1 >> User-Agent: tc-java/1.19.1
19:04:56.729 [Test worker] DEBUG com.github.dockerjava.zerodep.shaded.org.apache.hc.client5.http.headers -- http-outgoing-1 >> Accept-Encoding: gzip, x-gzip, deflate
19:04:56.729 [Test worker] DEBUG com.github.dockerjava.zerodep.shaded.org.apache.hc.client5.http.headers -- http-outgoing-1 >> Host: localhost:2375
19:04:56.729 [Test worker] DEBUG com.github.dockerjava.zerodep.shaded.org.apache.hc.client5.http.headers -- http-outgoing-1 >> Connection: keep-alive
19:04:56.729 [Test worker] DEBUG com.github.dockerjava.zerodep.shaded.org.apache.hc.client5.http.wire -- http-outgoing-1 >> "GET /v1.32/containers/bc5690fc1ac7d21ec3d95b602b50fcd3fdcaed292422bdc2132ff5ab78ccd10e/json HTTP/1.1[\r][\n]"
19:04:56.729 [Test worker] DEBUG com.github.dockerjava.zerodep.shaded.org.apache.hc.client5.http.wire -- http-outgoing-1 >> "accept: application/json[\r][\n]"
19:04:56.729 [Test worker] DEBUG com.github.dockerjava.zerodep.shaded.org.apache.hc.client5.http.wire -- http-outgoing-1 >> "x-tc-sid: 1f399f0d-7ab6-47d2-bedc-41c5596e41f8[\r][\n]"
19:04:56.729 [Test worker] DEBUG com.github.dockerjava.zerodep.shaded.org.apache.hc.client5.http.wire -- http-outgoing-1 >> "User-Agent: tc-java/1.19.1[\r][\n]"
19:04:56.729 [Test worker] DEBUG com.github.dockerjava.zerodep.shaded.org.apache.hc.client5.http.wire -- http-outgoing-1 >> "Accept-Encoding: gzip, x-gzip, deflate[\r][\n]"
19:04:56.729 [Test worker] DEBUG com.github.dockerjava.zerodep.shaded.org.apache.hc.client5.http.wire -- http-outgoing-1 >> "Host: localhost:2375[\r][\n]"
19:04:56.729 [Test worker] DEBUG com.github.dockerjava.zerodep.shaded.org.apache.hc.client5.http.wire -- http-outgoing-1 >> "Connection: keep-alive[\r][\n]"
19:04:56.729 [Test worker] DEBUG com.github.dockerjava.zerodep.shaded.org.apache.hc.client5.http.wire -- http-outgoing-1 >> "[\r][\n]"
19:04:56.731 [Test worker] DEBUG com.github.dockerjava.zerodep.shaded.org.apache.hc.client5.http.wire -- http-outgoing-1 << "HTTP/1.1 200 OK[\r][\n]"
19:04:56.731 [Test worker] DEBUG com.github.dockerjava.zerodep.shaded.org.apache.hc.client5.http.wire -- http-outgoing-1 << "Api-Version: 1.45[\r][\n]"
19:04:56.731 [Test worker] DEBUG com.github.dockerjava.zerodep.shaded.org.apache.hc.client5.http.wire -- http-outgoing-1 << "Content-Type: application/json[\r][\n]"
19:04:56.731 [Test worker] DEBUG com.github.dockerjava.zerodep.shaded.org.apache.hc.client5.http.wire -- http-outgoing-1 << "Date: Fri, 19 Jul 2024 13:34:56 GMT[\r][\n]"
19:04:56.731 [Test worker] DEBUG com.github.dockerjava.zerodep.shaded.org.apache.hc.client5.http.wire -- http-outgoing-1 << "Docker-Experimental: false[\r][\n]"
19:04:56.731 [Test worker] DEBUG com.github.dockerjava.zerodep.shaded.org.apache.hc.client5.http.wire -- http-outgoing-1 << "Ostype: linux[\r][\n]"
19:04:56.731 [Test worker] DEBUG com.github.dockerjava.zerodep.shaded.org.apache.hc.client5.http.wire -- http-outgoing-1 << "Server: Docker/26.1.4 (linux)[\r][\n]"
19:04:56.731 [Test worker] DEBUG com.github.dockerjava.zerodep.shaded.org.apache.hc.client5.http.wire -- http-outgoing-1 << "Transfer-Encoding: chunked[\r][\n]"
19:04:56.731 [Test worker] DEBUG com.github.dockerjava.zerodep.shaded.org.apache.hc.client5.http.wire -- http-outgoing-1 << "[\r][\n]"
19:04:56.731 [Test worker] DEBUG com.github.dockerjava.zerodep.shaded.org.apache.hc.client5.http.headers -- http-outgoing-1 << HTTP/1.1 200 OK
19:04:56.731 [Test worker] DEBUG com.github.dockerjava.zerodep.shaded.org.apache.hc.client5.http.headers -- http-outgoing-1 << Api-Version: 1.45
19:04:56.731 [Test worker] DEBUG com.github.dockerjava.zerodep.shaded.org.apache.hc.client5.http.headers -- http-outgoing-1 << Content-Type: application/json
19:04:56.731 [Test worker] DEBUG com.github.dockerjava.zerodep.shaded.org.apache.hc.client5.http.headers -- http-outgoing-1 << Date: Fri, 19 Jul 2024 13:34:56 GMT
19:04:56.731 [Test worker] DEBUG com.github.dockerjava.zerodep.shaded.org.apache.hc.client5.http.headers -- http-outgoing-1 << Docker-Experimental: false
19:04:56.731 [Test worker] DEBUG com.github.dockerjava.zerodep.shaded.org.apache.hc.client5.http.headers -- http-outgoing-1 << Ostype: linux
19:04:56.731 [Test worker] DEBUG com.github.dockerjava.zerodep.shaded.org.apache.hc.client5.http.headers -- http-outgoing-1 << Server: Docker/26.1.4 (linux)
19:04:56.731 [Test worker] DEBUG com.github.dockerjava.zerodep.shaded.org.apache.hc.client5.http.headers -- http-outgoing-1 << Transfer-Encoding: chunked
19:04:56.731 [Test worker] DEBUG com.github.dockerjava.zerodep.shaded.org.apache.hc.client5.http.impl.classic.MainClientExec -- ex-0000000C: connection can be kept alive for 3 MINUTES
19:04:56.731 [Test worker] DEBUG com.github.dockerjava.zerodep.shaded.org.apache.hc.client5.http.wire -- http-outgoing-1 << "11c1[\r][\n]"
19:04:56.731 [Test worker] DEBUG com.github.dockerjava.zerodep.shaded.org.apache.hc.client5.http.wire -- http-outgoing-1 << "{"Id":"bc5690fc1ac7d21ec3d95b602b50fcd3fdcaed292422bdc2132ff5ab78ccd10e","Created":"2024-07-19T13:34:56.622414547Z","Path":"/bin/sh","Args":["-c","gcloud beta emulators pubsub start --host-port 0.0.0.0:8085"],"State":{"Status":"running","Running":true,"Paused":false,"Restarting":false,"OOMKilled":false,"Dead":false,"Pid":702,"ExitCode":0,"Error":"","StartedAt":"2024-07-19T13:34:56.725036672Z","FinishedAt":"0001-01-01T00:00:00Z"},"Image":"sha256:3dc2df32b897aa1a47d942ff6c6474be04b882ce95ad15602451d272aaa8b37c","ResolvConfPath":"/var/lib/docker/containers/bc5690fc1ac7d21ec3d95b602b50fcd3fdcaed292422bdc2132ff5ab78ccd10e/resolv.conf","HostnamePath":"/var/lib/docker/containers/bc5690fc1ac7d21ec3d95b602b50fcd3fdcaed292422bdc2132ff5ab78ccd10e/hostname","HostsPath":"/var/lib/docker/containers/bc5690fc1ac7d21ec3d95b602b50fcd3fdcaed292422bdc2132ff5ab78ccd10e/hosts","LogPath":"/var/lib/docker/containers/bc5690fc1ac7d21ec3d95b602b50fcd3fdcaed292422bdc2132ff5ab78ccd10e/bc5690fc1ac7d21ec3d95b602b50fcd3fdcaed292422bdc2132ff5ab78ccd10e-json.log","Name":"/friendly_babbage","RestartCount":0,"Driver":"overlayfs","Platform":"linux","MountLabel":"","ProcessLabel":"","AppArmorProfile":"","ExecIDs":null,"HostConfig":{"Binds":[],"ContainerIDFile":"","LogConfig":{"Type":"json-file","Config":{}},"NetworkMode":"bridge","PortBindings":{"8085/tcp":[{"HostIp":"0.0.0.0","HostPort":"0"}]},"RestartPolicy":{"Name":"no","MaximumRetryCount":0},"AutoRemove":false,"VolumeDriver":"","VolumesFrom":[],"ConsoleSize":[0,0],"CapAdd":null,"CapDrop":null,"CgroupnsMode":"private","Dns":null,"DnsOptions":null,"DnsSearch":null,"ExtraHosts":[],"GroupAdd":null,"IpcMode":"shareable","Cgroup":"","Links":null,"OomScoreAdj":0,"PidMode":"","Privileged":false,"PublishAllPorts":false,"ReadonlyRootfs":false,"SecurityOpt":null,"UTSMode":"","UsernsMode":"","ShmSize":67108864,"Runtime":"runc","Isolation":"","CpuShares":0,"Memory":0,"NanoCpus":0,"CgroupParent":"","BlkioWeight":0,"BlkioWeightDevice":null,"BlkioDeviceReadBps":null,"BlkioDeviceWriteBps":null,"BlkioDeviceReadIOps":null,"BlkioDeviceWriteIOps":null,"CpuPeriod":0,"CpuQuota":0,"CpuRealtimePeriod":0,"CpuRealtimeRuntime":0,"CpusetCpus":"","CpusetMems":"","Devices":null,"DeviceCgroupRules":null,"DeviceRequests":null,"MemoryReservation":0,"MemorySwap":0,"MemorySwappiness":null,"OomKillDisable":null,"PidsLimit":null,"Ulimits":null,"CpuCount":0,"CpuPercent":0,"IOMaximumIOps":0,"IOMaximumBandwidth":0,"MaskedPaths":["/proc/asound","/proc/acpi","/proc/kcore","/proc/keys","/proc/latency_stats","/proc/timer_list","/proc/timer_stats","/proc/sched_debug","/proc/scsi","/sys/firmware","/sys/devices/virtual/powercap"],"ReadonlyPaths":["/proc/bus","/proc/fs","/proc/irq","/proc/sys","/proc/sysrq-trigger"]},"GraphDriver":{"Data":null,"Name":"overlayfs"},"Mounts":[],"Config":{"Hostname":"bc5690fc1ac7","Domainname":"","User":"","AttachStdin":false,"AttachStdout":false,"AttachStderr":false,"ExposedPorts":{"8085/tcp":{}},"Tty":false,"OpenStdin":false,"StdinOnce":false,"Env":["PATH=/google-cloud-sdk/bin:/usr/local/sbin:/usr/local/bin:/usr/sbin:/usr/bin:/sbin:/bin","CLOUD_SDK_VERSION=317.0.0"],"Cmd":["/bin/sh","-c","gcloud beta emulators pubsub start --host-port 0.0.0.0:8085"],"Image":"gcr.io/google.com/cloudsdktool/cloud-sdk:317.0.0-emulators","Volumes":null,"WorkingDir":"","Entrypoint":null,"OnBuild":null,"Labels":{"org.testcontainers":"true","org.testcontainers.lang":"java","org.testcontainers.sessionId":"1f399f0d-7ab6-47d2-bedc-41c5596e41f8","org.testcontainers.version":"1.19.1"}},"NetworkSettings":{"Bridge":"","SandboxID":"a1e7e31b1ddff21f223fb0d1924762217f69c1d3a150c7fa39bc24c228a7f7a3","SandboxKey":"/var/run/docker/netns/a1e7e31b1ddf","Ports":{"8085/tcp":[{"HostIp":"0.0.0.0","HostPort":"51898"}]},"HairpinMode":false,"LinkLocalIPv6Address":"","LinkLocalIPv6PrefixLen":0,"SecondaryIPAddresses":null,"SecondaryIPv6Addresses":null,"EndpointID":"657d902e4b0c3289f941100b6c6c9df231347a12bef6fafa220f8b251396990a","Gateway":"172.17.0.1","GlobalIPv6Address":"","GlobalIPv6PrefixLen":0,"IPAddress":"172.17.0.3","IPPrefixLen":16,"IPv6Gateway":"","MacAddress":"02:42:ac:11:00:03","Networks":{"bridge":{"IPAMConfig":null,"Links":null,"Aliases":null,"MacAddress":"02:42:ac:11:00:03","NetworkID":"6597fbf552950be6f220968cb666ea531543e39c5aade731fc74e0128f875331","EndpointID":"657d902e4b0c3289f941100b6c6c9df231347a12bef6fafa220f8b251396990a","Gateway":"172.17.0.1","IPAddress":"172.17.0.3","IPPrefixLen":16,"IPv6Gateway":"","GlobalIPv6Address":"","GlobalIPv6PrefixLen":0,"DriverOpts":null,"DNSNames":null}}}}[\n]"
19:04:56.731 [Test worker] DEBUG com.github.dockerjava.zerodep.shaded.org.apache.hc.client5.http.wire -- http-outgoing-1 << "[\r][\n]"
19:04:56.731 [Test worker] DEBUG com.github.dockerjava.zerodep.shaded.org.apache.hc.client5.http.wire -- http-outgoing-1 << "0[\r][\n]"
19:04:56.731 [Test worker] DEBUG com.github.dockerjava.zerodep.shaded.org.apache.hc.client5.http.wire -- http-outgoing-1 << "[\r][\n]"
19:04:56.732 [Test worker] DEBUG com.github.dockerjava.zerodep.shaded.org.apache.hc.client5.http.impl.classic.InternalHttpClient -- ep-0000000B: releasing valid endpoint
19:04:56.733 [Test worker] DEBUG com.github.dockerjava.zerodep.shaded.org.apache.hc.client5.http.impl.io.PoolingHttpClientConnectionManager -- ep-0000000B: releasing endpoint
19:04:56.733 [Test worker] DEBUG com.github.dockerjava.zerodep.shaded.org.apache.hc.client5.http.impl.io.PoolingHttpClientConnectionManager -- ep-0000000B: connection http-outgoing-1 can be kept alive for 3 MINUTES
19:04:56.733 [Test worker] DEBUG com.github.dockerjava.zerodep.shaded.org.apache.hc.client5.http.impl.io.PoolingHttpClientConnectionManager -- ep-0000000B: connection released [route: {}->unix://localhost:2375][total available: 1; route allocated: 1 of 2147483647; total allocated: 1 of 2147483647]
19:04:56.733 [Test worker] DEBUG org.testcontainers.shaded.com.github.dockerjava.core.command.AbstrDockerCmd -- Cmd: sha256:3dc2df32b897aa1a47d942ff6c6474be04b882ce95ad15602451d272aaa8b37c
19:04:56.733 [Test worker] DEBUG com.github.dockerjava.zerodep.shaded.org.apache.hc.client5.http.impl.classic.InternalHttpClient -- ex-0000000D: preparing request execution
19:04:56.733 [Test worker] DEBUG com.github.dockerjava.zerodep.shaded.org.apache.hc.client5.http.protocol.RequestAddCookies -- Cookie spec selected: strict
19:04:56.733 [Test worker] DEBUG com.github.dockerjava.zerodep.shaded.org.apache.hc.client5.http.protocol.RequestAuthCache -- Auth cache not set in the context
19:04:56.733 [Test worker] DEBUG com.github.dockerjava.zerodep.shaded.org.apache.hc.client5.http.impl.classic.ProtocolExec -- ex-0000000D: target auth state: UNCHALLENGED
19:04:56.733 [Test worker] DEBUG com.github.dockerjava.zerodep.shaded.org.apache.hc.client5.http.impl.classic.ProtocolExec -- ex-0000000D: proxy auth state: UNCHALLENGED
19:04:56.733 [Test worker] DEBUG com.github.dockerjava.zerodep.shaded.org.apache.hc.client5.http.impl.classic.ConnectExec -- ex-0000000D: acquiring connection with route {}->unix://localhost:2375
19:04:56.733 [Test worker] DEBUG com.github.dockerjava.zerodep.shaded.org.apache.hc.client5.http.impl.classic.InternalHttpClient -- ex-0000000D: acquiring endpoint (3 MINUTES)
19:04:56.733 [Test worker] DEBUG com.github.dockerjava.zerodep.shaded.org.apache.hc.client5.http.impl.io.PoolingHttpClientConnectionManager -- ex-0000000D: endpoint lease request (3 MINUTES) [route: {}->unix://localhost:2375][total available: 1; route allocated: 1 of 2147483647; total allocated: 1 of 2147483647]
19:04:56.734 [Test worker] DEBUG com.github.dockerjava.zerodep.shaded.org.apache.hc.client5.http.impl.io.PoolingHttpClientConnectionManager -- ex-0000000D: endpoint leased [route: {}->unix://localhost:2375][total available: 0; route allocated: 1 of 2147483647; total allocated: 1 of 2147483647]
19:04:56.734 [Test worker] DEBUG com.github.dockerjava.zerodep.shaded.org.apache.hc.client5.http.impl.io.PoolingHttpClientConnectionManager -- ex-0000000D: acquired ep-0000000C
19:04:56.734 [Test worker] DEBUG com.github.dockerjava.zerodep.shaded.org.apache.hc.client5.http.impl.classic.InternalHttpClient -- ex-0000000D: acquired endpoint ep-0000000C
19:04:56.734 [Test worker] DEBUG com.github.dockerjava.zerodep.shaded.org.apache.hc.client5.http.impl.classic.MainClientExec -- ex-0000000D: executing GET /v1.32/images/sha256:3dc2df32b897aa1a47d942ff6c6474be04b882ce95ad15602451d272aaa8b37c/json HTTP/1.1
19:04:56.734 [Test worker] DEBUG com.github.dockerjava.zerodep.shaded.org.apache.hc.client5.http.impl.classic.InternalHttpClient -- ep-0000000C: start execution ex-0000000D
19:04:56.734 [Test worker] DEBUG com.github.dockerjava.zerodep.shaded.org.apache.hc.client5.http.impl.io.PoolingHttpClientConnectionManager -- ep-0000000C: executing exchange ex-0000000D over http-outgoing-1
19:04:56.734 [Test worker] DEBUG com.github.dockerjava.zerodep.shaded.org.apache.hc.client5.http.headers -- http-outgoing-1 >> GET /v1.32/images/sha256:3dc2df32b897aa1a47d942ff6c6474be04b882ce95ad15602451d272aaa8b37c/json HTTP/1.1
19:04:56.734 [Test worker] DEBUG com.github.dockerjava.zerodep.shaded.org.apache.hc.client5.http.headers -- http-outgoing-1 >> accept: application/json
19:04:56.734 [Test worker] DEBUG com.github.dockerjava.zerodep.shaded.org.apache.hc.client5.http.headers -- http-outgoing-1 >> x-tc-sid: 1f399f0d-7ab6-47d2-bedc-41c5596e41f8
19:04:56.734 [Test worker] DEBUG com.github.dockerjava.zerodep.shaded.org.apache.hc.client5.http.headers -- http-outgoing-1 >> User-Agent: tc-java/1.19.1
19:04:56.734 [Test worker] DEBUG com.github.dockerjava.zerodep.shaded.org.apache.hc.client5.http.headers -- http-outgoing-1 >> Accept-Encoding: gzip, x-gzip, deflate
19:04:56.734 [Test worker] DEBUG com.github.dockerjava.zerodep.shaded.org.apache.hc.client5.http.headers -- http-outgoing-1 >> Host: localhost:2375
19:04:56.734 [Test worker] DEBUG com.github.dockerjava.zerodep.shaded.org.apache.hc.client5.http.headers -- http-outgoing-1 >> Connection: keep-alive
19:04:56.734 [Test worker] DEBUG com.github.dockerjava.zerodep.shaded.org.apache.hc.client5.http.wire -- http-outgoing-1 >> "GET /v1.32/images/sha256:3dc2df32b897aa1a47d942ff6c6474be04b882ce95ad15602451d272aaa8b37c/json HTTP/1.1[\r][\n]"
19:04:56.734 [Test worker] DEBUG com.github.dockerjava.zerodep.shaded.org.apache.hc.client5.http.wire -- http-outgoing-1 >> "accept: application/json[\r][\n]"
19:04:56.734 [Test worker] DEBUG com.github.dockerjava.zerodep.shaded.org.apache.hc.client5.http.wire -- http-outgoing-1 >> "x-tc-sid: 1f399f0d-7ab6-47d2-bedc-41c5596e41f8[\r][\n]"
19:04:56.734 [Test worker] DEBUG com.github.dockerjava.zerodep.shaded.org.apache.hc.client5.http.wire -- http-outgoing-1 >> "User-Agent: tc-java/1.19.1[\r][\n]"
19:04:56.734 [Test worker] DEBUG com.github.dockerjava.zerodep.shaded.org.apache.hc.client5.http.wire -- http-outgoing-1 >> "Accept-Encoding: gzip, x-gzip, deflate[\r][\n]"
19:04:56.734 [Test worker] DEBUG com.github.dockerjava.zerodep.shaded.org.apache.hc.client5.http.wire -- http-outgoing-1 >> "Host: localhost:2375[\r][\n]"
19:04:56.734 [Test worker] DEBUG com.github.dockerjava.zerodep.shaded.org.apache.hc.client5.http.wire -- http-outgoing-1 >> "Connection: keep-alive[\r][\n]"
19:04:56.734 [Test worker] DEBUG com.github.dockerjava.zerodep.shaded.org.apache.hc.client5.http.wire -- http-outgoing-1 >> "[\r][\n]"
19:04:56.738 [Test worker] DEBUG com.github.dockerjava.zerodep.shaded.org.apache.hc.client5.http.wire -- http-outgoing-1 << "HTTP/1.1 200 OK[\r][\n]"
19:04:56.738 [Test worker] DEBUG com.github.dockerjava.zerodep.shaded.org.apache.hc.client5.http.wire -- http-outgoing-1 << "Api-Version: 1.45[\r][\n]"
19:04:56.738 [Test worker] DEBUG com.github.dockerjava.zerodep.shaded.org.apache.hc.client5.http.wire -- http-outgoing-1 << "Content-Type: application/json[\r][\n]"
19:04:56.738 [Test worker] DEBUG com.github.dockerjava.zerodep.shaded.org.apache.hc.client5.http.wire -- http-outgoing-1 << "Date: Fri, 19 Jul 2024 13:34:56 GMT[\r][\n]"
19:04:56.739 [Test worker] DEBUG com.github.dockerjava.zerodep.shaded.org.apache.hc.client5.http.wire -- http-outgoing-1 << "Docker-Experimental: false[\r][\n]"
19:04:56.739 [Test worker] DEBUG com.github.dockerjava.zerodep.shaded.org.apache.hc.client5.http.wire -- http-outgoing-1 << "Ostype: linux[\r][\n]"
19:04:56.739 [Test worker] DEBUG com.github.dockerjava.zerodep.shaded.org.apache.hc.client5.http.wire -- http-outgoing-1 << "Server: Docker/26.1.4 (linux)[\r][\n]"
19:04:56.739 [Test worker] DEBUG com.github.dockerjava.zerodep.shaded.org.apache.hc.client5.http.wire -- http-outgoing-1 << "Transfer-Encoding: chunked[\r][\n]"
19:04:56.739 [Test worker] DEBUG com.github.dockerjava.zerodep.shaded.org.apache.hc.client5.http.wire -- http-outgoing-1 << "[\r][\n]"
19:04:56.739 [Test worker] DEBUG com.github.dockerjava.zerodep.shaded.org.apache.hc.client5.http.headers -- http-outgoing-1 << HTTP/1.1 200 OK
19:04:56.739 [Test worker] DEBUG com.github.dockerjava.zerodep.shaded.org.apache.hc.client5.http.headers -- http-outgoing-1 << Api-Version: 1.45
19:04:56.739 [Test worker] DEBUG com.github.dockerjava.zerodep.shaded.org.apache.hc.client5.http.headers -- http-outgoing-1 << Content-Type: application/json
19:04:56.739 [Test worker] DEBUG com.github.dockerjava.zerodep.shaded.org.apache.hc.client5.http.headers -- http-outgoing-1 << Date: Fri, 19 Jul 2024 13:34:56 GMT
19:04:56.739 [Test worker] DEBUG com.github.dockerjava.zerodep.shaded.org.apache.hc.client5.http.headers -- http-outgoing-1 << Docker-Experimental: false
19:04:56.739 [Test worker] DEBUG com.github.dockerjava.zerodep.shaded.org.apache.hc.client5.http.headers -- http-outgoing-1 << Ostype: linux
19:04:56.739 [Test worker] DEBUG com.github.dockerjava.zerodep.shaded.org.apache.hc.client5.http.headers -- http-outgoing-1 << Server: Docker/26.1.4 (linux)
19:04:56.739 [Test worker] DEBUG com.github.dockerjava.zerodep.shaded.org.apache.hc.client5.http.headers -- http-outgoing-1 << Transfer-Encoding: chunked
19:04:56.739 [Test worker] DEBUG com.github.dockerjava.zerodep.shaded.org.apache.hc.client5.http.impl.classic.MainClientExec -- ex-0000000D: connection can be kept alive for 3 MINUTES
19:04:56.739 [Test worker] DEBUG com.github.dockerjava.zerodep.shaded.org.apache.hc.client5.http.wire -- http-outgoing-1 << "5bb[\r][\n]"
19:04:56.739 [Test worker] DEBUG com.github.dockerjava.zerodep.shaded.org.apache.hc.client5.http.wire -- http-outgoing-1 << "{"Id":"sha256:3dc2df32b897aa1a47d942ff6c6474be04b882ce95ad15602451d272aaa8b37c","RepoTags":["gcr.io/google.com/cloudsdktool/cloud-sdk:317.0.0-emulators"],"RepoDigests":["gcr.io/google.com/cloudsdktool/cloud-sdk@sha256:3dc2df32b897aa1a47d942ff6c6474be04b882ce95ad15602451d272aaa8b37c"],"Parent":"","Comment":"","Created":"2020-11-03T17:26:05.859756891Z","ContainerConfig":{"Hostname":"","Domainname":"","User":"","AttachStdin":false,"AttachStdout":false,"AttachStderr":false,"Tty":false,"OpenStdin":false,"StdinOnce":false,"Env":null,"Cmd":null,"Image":"","Volumes":null,"WorkingDir":"","Entrypoint":null,"OnBuild":null,"Labels":null},"DockerVersion":"26.1.4","Author":"","Config":{"Hostname":"","Domainname":"","User":"","AttachStdin":false,"AttachStdout":false,"AttachStderr":false,"Tty":false,"OpenStdin":false,"StdinOnce":false,"Env":["PATH=/google-cloud-sdk/bin:/usr/local/sbin:/usr/local/bin:/usr/sbin:/usr/bin:/sbin:/bin","CLOUD_SDK_VERSION=317.0.0"],"Cmd":["bash"],"ArgsEscaped":true,"Image":"","Volumes":null,"WorkingDir":"","Entrypoint":null,"OnBuild":null,"Labels":null},"Architecture":"amd64","Os":"linux","Size":309741834,"VirtualSize":309741834,"GraphDriver":{"Data":null,"Name":"overlayfs"},"RootFS":{"Type":"layers","Layers":["sha256:d0fe97fa8b8cefdffcef1d62b65aba51a6c87b6679628a2b50fc6a7a579f764c","sha256:cf186e43c663630bb99149db6f5037890de59da5af8f4460fc18c393d5214bc6"]},"Metadata":{"LastTagTime":"2024-07-16T06:42:22.676446006Z"},"Container":""}[\n]"
19:04:56.739 [Test worker] DEBUG com.github.dockerjava.zerodep.shaded.org.apache.hc.client5.http.wire -- http-outgoing-1 << "[\r][\n]"
19:04:56.739 [Test worker] DEBUG com.github.dockerjava.zerodep.shaded.org.apache.hc.client5.http.wire -- http-outgoing-1 << "0[\r][\n]"
19:04:56.739 [Test worker] DEBUG com.github.dockerjava.zerodep.shaded.org.apache.hc.client5.http.wire -- http-outgoing-1 << "[\r][\n]"
19:04:56.740 [Test worker] DEBUG com.github.dockerjava.zerodep.shaded.org.apache.hc.client5.http.impl.classic.InternalHttpClient -- ep-0000000C: releasing valid endpoint
19:04:56.740 [Test worker] DEBUG com.github.dockerjava.zerodep.shaded.org.apache.hc.client5.http.impl.io.PoolingHttpClientConnectionManager -- ep-0000000C: releasing endpoint
19:04:56.740 [Test worker] DEBUG com.github.dockerjava.zerodep.shaded.org.apache.hc.client5.http.impl.io.PoolingHttpClientConnectionManager -- ep-0000000C: connection http-outgoing-1 can be kept alive for 3 MINUTES
19:04:56.740 [Test worker] DEBUG com.github.dockerjava.zerodep.shaded.org.apache.hc.client5.http.impl.io.PoolingHttpClientConnectionManager -- ep-0000000C: connection released [route: {}->unix://localhost:2375][total available: 1; route allocated: 1 of 2147483647; total allocated: 1 of 2147483647]
19:04:56.740 [Test worker] DEBUG org.testcontainers.shaded.com.github.dockerjava.core.command.AbstrDockerCmd -- Cmd: 
19:04:56.740 [Test worker] DEBUG com.github.dockerjava.zerodep.shaded.org.apache.hc.client5.http.impl.classic.InternalHttpClient -- ex-0000000E: preparing request execution
19:04:56.740 [Test worker] DEBUG com.github.dockerjava.zerodep.shaded.org.apache.hc.client5.http.protocol.RequestAddCookies -- Cookie spec selected: strict
19:04:56.740 [Test worker] DEBUG com.github.dockerjava.zerodep.shaded.org.apache.hc.client5.http.protocol.RequestAuthCache -- Auth cache not set in the context
19:04:56.740 [Test worker] DEBUG com.github.dockerjava.zerodep.shaded.org.apache.hc.client5.http.impl.classic.ProtocolExec -- ex-0000000E: target auth state: UNCHALLENGED
19:04:56.740 [Test worker] DEBUG com.github.dockerjava.zerodep.shaded.org.apache.hc.client5.http.impl.classic.ProtocolExec -- ex-0000000E: proxy auth state: UNCHALLENGED
19:04:56.740 [Test worker] DEBUG com.github.dockerjava.zerodep.shaded.org.apache.hc.client5.http.impl.classic.ConnectExec -- ex-0000000E: acquiring connection with route {}->unix://localhost:2375
19:04:56.740 [Test worker] DEBUG com.github.dockerjava.zerodep.shaded.org.apache.hc.client5.http.impl.classic.InternalHttpClient -- ex-0000000E: acquiring endpoint (3 MINUTES)
19:04:56.740 [Test worker] DEBUG com.github.dockerjava.zerodep.shaded.org.apache.hc.client5.http.impl.io.PoolingHttpClientConnectionManager -- ex-0000000E: endpoint lease request (3 MINUTES) [route: {}->unix://localhost:2375][total available: 1; route allocated: 1 of 2147483647; total allocated: 1 of 2147483647]
19:04:56.740 [Test worker] DEBUG com.github.dockerjava.zerodep.shaded.org.apache.hc.client5.http.impl.io.PoolingHttpClientConnectionManager -- ex-0000000E: endpoint leased [route: {}->unix://localhost:2375][total available: 0; route allocated: 1 of 2147483647; total allocated: 1 of 2147483647]
19:04:56.740 [Test worker] DEBUG com.github.dockerjava.zerodep.shaded.org.apache.hc.client5.http.impl.io.PoolingHttpClientConnectionManager -- ex-0000000E: acquired ep-0000000D
19:04:56.740 [Test worker] DEBUG com.github.dockerjava.zerodep.shaded.org.apache.hc.client5.http.impl.classic.InternalHttpClient -- ex-0000000E: acquired endpoint ep-0000000D
19:04:56.741 [Test worker] DEBUG com.github.dockerjava.zerodep.shaded.org.apache.hc.client5.http.impl.classic.MainClientExec -- ex-0000000E: executing GET /v1.32/version HTTP/1.1
19:04:56.741 [Test worker] DEBUG com.github.dockerjava.zerodep.shaded.org.apache.hc.client5.http.impl.classic.InternalHttpClient -- ep-0000000D: start execution ex-0000000E
19:04:56.741 [Test worker] DEBUG com.github.dockerjava.zerodep.shaded.org.apache.hc.client5.http.impl.io.PoolingHttpClientConnectionManager -- ep-0000000D: executing exchange ex-0000000E over http-outgoing-1
19:04:56.741 [Test worker] DEBUG com.github.dockerjava.zerodep.shaded.org.apache.hc.client5.http.headers -- http-outgoing-1 >> GET /v1.32/version HTTP/1.1
19:04:56.741 [Test worker] DEBUG com.github.dockerjava.zerodep.shaded.org.apache.hc.client5.http.headers -- http-outgoing-1 >> accept: application/json
19:04:56.741 [Test worker] DEBUG com.github.dockerjava.zerodep.shaded.org.apache.hc.client5.http.headers -- http-outgoing-1 >> x-tc-sid: 1f399f0d-7ab6-47d2-bedc-41c5596e41f8
19:04:56.741 [Test worker] DEBUG com.github.dockerjava.zerodep.shaded.org.apache.hc.client5.http.headers -- http-outgoing-1 >> User-Agent: tc-java/1.19.1
19:04:56.741 [Test worker] DEBUG com.github.dockerjava.zerodep.shaded.org.apache.hc.client5.http.headers -- http-outgoing-1 >> Accept-Encoding: gzip, x-gzip, deflate
19:04:56.741 [Test worker] DEBUG com.github.dockerjava.zerodep.shaded.org.apache.hc.client5.http.headers -- http-outgoing-1 >> Host: localhost:2375
19:04:56.741 [Test worker] DEBUG com.github.dockerjava.zerodep.shaded.org.apache.hc.client5.http.headers -- http-outgoing-1 >> Connection: keep-alive
19:04:56.741 [Test worker] DEBUG com.github.dockerjava.zerodep.shaded.org.apache.hc.client5.http.wire -- http-outgoing-1 >> "GET /v1.32/version HTTP/1.1[\r][\n]"
19:04:56.741 [Test worker] DEBUG com.github.dockerjava.zerodep.shaded.org.apache.hc.client5.http.wire -- http-outgoing-1 >> "accept: application/json[\r][\n]"
19:04:56.741 [Test worker] DEBUG com.github.dockerjava.zerodep.shaded.org.apache.hc.client5.http.wire -- http-outgoing-1 >> "x-tc-sid: 1f399f0d-7ab6-47d2-bedc-41c5596e41f8[\r][\n]"
19:04:56.741 [Test worker] DEBUG com.github.dockerjava.zerodep.shaded.org.apache.hc.client5.http.wire -- http-outgoing-1 >> "User-Agent: tc-java/1.19.1[\r][\n]"
19:04:56.741 [Test worker] DEBUG com.github.dockerjava.zerodep.shaded.org.apache.hc.client5.http.wire -- http-outgoing-1 >> "Accept-Encoding: gzip, x-gzip, deflate[\r][\n]"
19:04:56.741 [Test worker] DEBUG com.github.dockerjava.zerodep.shaded.org.apache.hc.client5.http.wire -- http-outgoing-1 >> "Host: localhost:2375[\r][\n]"
19:04:56.741 [Test worker] DEBUG com.github.dockerjava.zerodep.shaded.org.apache.hc.client5.http.wire -- http-outgoing-1 >> "Connection: keep-alive[\r][\n]"
19:04:56.741 [Test worker] DEBUG com.github.dockerjava.zerodep.shaded.org.apache.hc.client5.http.wire -- http-outgoing-1 >> "[\r][\n]"
19:04:56.746 [Test worker] DEBUG com.github.dockerjava.zerodep.shaded.org.apache.hc.client5.http.wire -- http-outgoing-1 << "HTTP/1.1 200 OK[\r][\n]"
19:04:56.746 [Test worker] DEBUG com.github.dockerjava.zerodep.shaded.org.apache.hc.client5.http.wire -- http-outgoing-1 << "Api-Version: 1.45[\r][\n]"
19:04:56.746 [Test worker] DEBUG com.github.dockerjava.zerodep.shaded.org.apache.hc.client5.http.wire -- http-outgoing-1 << "Content-Type: application/json[\r][\n]"
19:04:56.746 [Test worker] DEBUG com.github.dockerjava.zerodep.shaded.org.apache.hc.client5.http.wire -- http-outgoing-1 << "Date: Fri, 19 Jul 2024 13:34:56 GMT[\r][\n]"
19:04:56.746 [Test worker] DEBUG com.github.dockerjava.zerodep.shaded.org.apache.hc.client5.http.wire -- http-outgoing-1 << "Docker-Experimental: false[\r][\n]"
19:04:56.746 [Test worker] DEBUG com.github.dockerjava.zerodep.shaded.org.apache.hc.client5.http.wire -- http-outgoing-1 << "Ostype: linux[\r][\n]"
19:04:56.746 [Test worker] DEBUG com.github.dockerjava.zerodep.shaded.org.apache.hc.client5.http.wire -- http-outgoing-1 << "Server: Docker/26.1.4 (linux)[\r][\n]"
19:04:56.746 [Test worker] DEBUG com.github.dockerjava.zerodep.shaded.org.apache.hc.client5.http.wire -- http-outgoing-1 << "Transfer-Encoding: chunked[\r][\n]"
19:04:56.746 [Test worker] DEBUG com.github.dockerjava.zerodep.shaded.org.apache.hc.client5.http.wire -- http-outgoing-1 << "[\r][\n]"
19:04:56.746 [Test worker] DEBUG com.github.dockerjava.zerodep.shaded.org.apache.hc.client5.http.headers -- http-outgoing-1 << HTTP/1.1 200 OK
19:04:56.746 [Test worker] DEBUG com.github.dockerjava.zerodep.shaded.org.apache.hc.client5.http.headers -- http-outgoing-1 << Api-Version: 1.45
19:04:56.746 [Test worker] DEBUG com.github.dockerjava.zerodep.shaded.org.apache.hc.client5.http.headers -- http-outgoing-1 << Content-Type: application/json
19:04:56.746 [Test worker] DEBUG com.github.dockerjava.zerodep.shaded.org.apache.hc.client5.http.headers -- http-outgoing-1 << Date: Fri, 19 Jul 2024 13:34:56 GMT
19:04:56.746 [Test worker] DEBUG com.github.dockerjava.zerodep.shaded.org.apache.hc.client5.http.headers -- http-outgoing-1 << Docker-Experimental: false
19:04:56.746 [Test worker] DEBUG com.github.dockerjava.zerodep.shaded.org.apache.hc.client5.http.headers -- http-outgoing-1 << Ostype: linux
19:04:56.746 [Test worker] DEBUG com.github.dockerjava.zerodep.shaded.org.apache.hc.client5.http.headers -- http-outgoing-1 << Server: Docker/26.1.4 (linux)
19:04:56.746 [Test worker] DEBUG com.github.dockerjava.zerodep.shaded.org.apache.hc.client5.http.headers -- http-outgoing-1 << Transfer-Encoding: chunked
19:04:56.746 [Test worker] DEBUG com.github.dockerjava.zerodep.shaded.org.apache.hc.client5.http.impl.classic.MainClientExec -- ex-0000000E: connection can be kept alive for 3 MINUTES
19:04:56.747 [Test worker] DEBUG com.github.dockerjava.zerodep.shaded.org.apache.hc.client5.http.wire -- http-outgoing-1 << "33b[\r][\n]"
19:04:56.747 [Test worker] DEBUG com.github.dockerjava.zerodep.shaded.org.apache.hc.client5.http.wire -- http-outgoing-1 << "{"Platform":{"Name":"Docker Desktop 4.31.0 (153195)"},"Components":[{"Name":"Engine","Version":"26.1.4","Details":{"ApiVersion":"1.45","Arch":"arm64","BuildTime":"2024-06-05T11:29:12.000000000+00:00","Experimental":"false","GitCommit":"de5c9cf","GoVersion":"go1.21.11","KernelVersion":"6.6.31-linuxkit","MinAPIVersion":"1.24","Os":"linux"}},{"Name":"containerd","Version":"1.6.33","Details":{"GitCommit":"d2d58213f83a351ca8f528a95fbd145f5654e957"}},{"Name":"runc","Version":"1.1.12","Details":{"GitCommit":"v1.1.12-0-g51d5e94"}},{"Name":"docker-init","Version":"0.19.0","Details":{"GitCommit":"de40ad0"}}],"Version":"26.1.4","ApiVersion":"1.45","MinAPIVersion":"1.24","GitCommit":"de5c9cf","GoVersion":"go1.21.11","Os":"linux","Arch":"arm64","KernelVersion":"6.6.31-linuxkit","BuildTime":"2024-06-05T11:29:12.000000000+00:00"}[\n]"
19:04:56.747 [Test worker] DEBUG com.github.dockerjava.zerodep.shaded.org.apache.hc.client5.http.wire -- http-outgoing-1 << "[\r][\n]"
19:04:56.747 [Test worker] DEBUG com.github.dockerjava.zerodep.shaded.org.apache.hc.client5.http.wire -- http-outgoing-1 << "0[\r][\n]"
19:04:56.747 [Test worker] DEBUG com.github.dockerjava.zerodep.shaded.org.apache.hc.client5.http.wire -- http-outgoing-1 << "[\r][\n]"
19:04:56.747 [Test worker] DEBUG com.github.dockerjava.zerodep.shaded.org.apache.hc.client5.http.impl.classic.InternalHttpClient -- ep-0000000D: releasing valid endpoint
19:04:56.747 [Test worker] DEBUG com.github.dockerjava.zerodep.shaded.org.apache.hc.client5.http.impl.io.PoolingHttpClientConnectionManager -- ep-0000000D: releasing endpoint
19:04:56.747 [Test worker] DEBUG com.github.dockerjava.zerodep.shaded.org.apache.hc.client5.http.impl.io.PoolingHttpClientConnectionManager -- ep-0000000D: connection http-outgoing-1 can be kept alive for 3 MINUTES
19:04:56.747 [Test worker] DEBUG com.github.dockerjava.zerodep.shaded.org.apache.hc.client5.http.impl.io.PoolingHttpClientConnectionManager -- ep-0000000D: connection released [route: {}->unix://localhost:2375][total available: 1; route allocated: 1 of 2147483647; total allocated: 1 of 2147483647]
19:04:56.747 [Test worker] WARN tc.gcr.io/google.com/cloudsdktool/cloud-sdk:317.0.0-emulators -- The architecture 'amd64' for image 'gcr.io/google.com/cloudsdktool/cloud-sdk:317.0.0-emulators' (ID sha256:3dc2df32b897aa1a47d942ff6c6474be04b882ce95ad15602451d272aaa8b37c) does not match the Docker server architecture 'arm64'. This will cause the container to execute much more slowly due to emulation and may lead to timeout failures.
19:04:56.748 [docker-java-stream--658177430] DEBUG com.github.dockerjava.zerodep.shaded.org.apache.hc.client5.http.impl.classic.InternalHttpClient -- ex-0000000F: preparing request execution
19:04:56.748 [docker-java-stream--658177430] DEBUG com.github.dockerjava.zerodep.shaded.org.apache.hc.client5.http.protocol.RequestAddCookies -- Cookie spec selected: strict
19:04:56.748 [docker-java-stream--658177430] DEBUG com.github.dockerjava.zerodep.shaded.org.apache.hc.client5.http.protocol.RequestAuthCache -- Auth cache not set in the context
19:04:56.748 [docker-java-stream--658177430] DEBUG com.github.dockerjava.zerodep.shaded.org.apache.hc.client5.http.impl.classic.ProtocolExec -- ex-0000000F: target auth state: UNCHALLENGED
19:04:56.748 [docker-java-stream--658177430] DEBUG com.github.dockerjava.zerodep.shaded.org.apache.hc.client5.http.impl.classic.ProtocolExec -- ex-0000000F: proxy auth state: UNCHALLENGED
19:04:56.748 [docker-java-stream--658177430] DEBUG com.github.dockerjava.zerodep.shaded.org.apache.hc.client5.http.impl.classic.ConnectExec -- ex-0000000F: acquiring connection with route {}->unix://localhost:2375
19:04:56.748 [docker-java-stream--658177430] DEBUG com.github.dockerjava.zerodep.shaded.org.apache.hc.client5.http.impl.classic.InternalHttpClient -- ex-0000000F: acquiring endpoint (3 MINUTES)
19:04:56.748 [docker-java-stream--658177430] DEBUG com.github.dockerjava.zerodep.shaded.org.apache.hc.client5.http.impl.io.PoolingHttpClientConnectionManager -- ex-0000000F: endpoint lease request (3 MINUTES) [route: {}->unix://localhost:2375][total available: 1; route allocated: 1 of 2147483647; total allocated: 1 of 2147483647]
19:04:56.748 [docker-java-stream--658177430] DEBUG com.github.dockerjava.zerodep.shaded.org.apache.hc.client5.http.impl.io.PoolingHttpClientConnectionManager -- ex-0000000F: endpoint leased [route: {}->unix://localhost:2375][total available: 0; route allocated: 1 of 2147483647; total allocated: 1 of 2147483647]
19:04:56.748 [docker-java-stream--658177430] DEBUG com.github.dockerjava.zerodep.shaded.org.apache.hc.client5.http.impl.io.PoolingHttpClientConnectionManager -- ex-0000000F: acquired ep-0000000E
19:04:56.749 [docker-java-stream--658177430] DEBUG com.github.dockerjava.zerodep.shaded.org.apache.hc.client5.http.impl.classic.InternalHttpClient -- ex-0000000F: acquired endpoint ep-0000000E
19:04:56.749 [docker-java-stream--658177430] DEBUG com.github.dockerjava.zerodep.shaded.org.apache.hc.client5.http.impl.classic.MainClientExec -- ex-0000000F: executing GET /v1.32/containers/bc5690fc1ac7d21ec3d95b602b50fcd3fdcaed292422bdc2132ff5ab78ccd10e/logs?stdout=true&stderr=true&follow=true&since=0 HTTP/1.1
19:04:56.749 [docker-java-stream--658177430] DEBUG com.github.dockerjava.zerodep.shaded.org.apache.hc.client5.http.impl.classic.InternalHttpClient -- ep-0000000E: start execution ex-0000000F
19:04:56.749 [docker-java-stream--658177430] DEBUG com.github.dockerjava.zerodep.shaded.org.apache.hc.client5.http.impl.io.PoolingHttpClientConnectionManager -- ep-0000000E: executing exchange ex-0000000F over http-outgoing-1
19:04:56.749 [docker-java-stream--658177430] DEBUG com.github.dockerjava.zerodep.shaded.org.apache.hc.client5.http.headers -- http-outgoing-1 >> GET /v1.32/containers/bc5690fc1ac7d21ec3d95b602b50fcd3fdcaed292422bdc2132ff5ab78ccd10e/logs?stdout=true&stderr=true&follow=true&since=0 HTTP/1.1
19:04:56.749 [docker-java-stream--658177430] DEBUG com.github.dockerjava.zerodep.shaded.org.apache.hc.client5.http.headers -- http-outgoing-1 >> x-tc-sid: 1f399f0d-7ab6-47d2-bedc-41c5596e41f8
19:04:56.749 [docker-java-stream--658177430] DEBUG com.github.dockerjava.zerodep.shaded.org.apache.hc.client5.http.headers -- http-outgoing-1 >> User-Agent: tc-java/1.19.1
19:04:56.749 [docker-java-stream--658177430] DEBUG com.github.dockerjava.zerodep.shaded.org.apache.hc.client5.http.headers -- http-outgoing-1 >> Accept-Encoding: gzip, x-gzip, deflate
19:04:56.749 [docker-java-stream--658177430] DEBUG com.github.dockerjava.zerodep.shaded.org.apache.hc.client5.http.headers -- http-outgoing-1 >> Host: localhost:2375
19:04:56.749 [docker-java-stream--658177430] DEBUG com.github.dockerjava.zerodep.shaded.org.apache.hc.client5.http.headers -- http-outgoing-1 >> Connection: keep-alive
19:04:56.749 [docker-java-stream--658177430] DEBUG com.github.dockerjava.zerodep.shaded.org.apache.hc.client5.http.wire -- http-outgoing-1 >> "GET /v1.32/containers/bc5690fc1ac7d21ec3d95b602b50fcd3fdcaed292422bdc2132ff5ab78ccd10e/logs?stdout=true&stderr=true&follow=true&since=0 HTTP/1.1[\r][\n]"
19:04:56.749 [docker-java-stream--658177430] DEBUG com.github.dockerjava.zerodep.shaded.org.apache.hc.client5.http.wire -- http-outgoing-1 >> "x-tc-sid: 1f399f0d-7ab6-47d2-bedc-41c5596e41f8[\r][\n]"
19:04:56.749 [docker-java-stream--658177430] DEBUG com.github.dockerjava.zerodep.shaded.org.apache.hc.client5.http.wire -- http-outgoing-1 >> "User-Agent: tc-java/1.19.1[\r][\n]"
19:04:56.749 [docker-java-stream--658177430] DEBUG com.github.dockerjava.zerodep.shaded.org.apache.hc.client5.http.wire -- http-outgoing-1 >> "Accept-Encoding: gzip, x-gzip, deflate[\r][\n]"
19:04:56.749 [docker-java-stream--658177430] DEBUG com.github.dockerjava.zerodep.shaded.org.apache.hc.client5.http.wire -- http-outgoing-1 >> "Host: localhost:2375[\r][\n]"
19:04:56.749 [docker-java-stream--658177430] DEBUG com.github.dockerjava.zerodep.shaded.org.apache.hc.client5.http.wire -- http-outgoing-1 >> "Connection: keep-alive[\r][\n]"
19:04:56.749 [docker-java-stream--658177430] DEBUG com.github.dockerjava.zerodep.shaded.org.apache.hc.client5.http.wire -- http-outgoing-1 >> "[\r][\n]"
19:04:56.751 [docker-java-stream--658177430] DEBUG com.github.dockerjava.zerodep.shaded.org.apache.hc.client5.http.wire -- http-outgoing-1 << "HTTP/1.1 200 OK[\r][\n]"
19:04:56.751 [docker-java-stream--658177430] DEBUG com.github.dockerjava.zerodep.shaded.org.apache.hc.client5.http.wire -- http-outgoing-1 << "Api-Version: 1.45[\r][\n]"
19:04:56.751 [docker-java-stream--658177430] DEBUG com.github.dockerjava.zerodep.shaded.org.apache.hc.client5.http.wire -- http-outgoing-1 << "Content-Type: application/vnd.docker.raw-stream[\r][\n]"
19:04:56.751 [docker-java-stream--658177430] DEBUG com.github.dockerjava.zerodep.shaded.org.apache.hc.client5.http.wire -- http-outgoing-1 << "Date: Fri, 19 Jul 2024 13:34:56 GMT[\r][\n]"
19:04:56.751 [docker-java-stream--658177430] DEBUG com.github.dockerjava.zerodep.shaded.org.apache.hc.client5.http.wire -- http-outgoing-1 << "Docker-Experimental: false[\r][\n]"
19:04:56.751 [docker-java-stream--658177430] DEBUG com.github.dockerjava.zerodep.shaded.org.apache.hc.client5.http.wire -- http-outgoing-1 << "Ostype: linux[\r][\n]"
19:04:56.751 [docker-java-stream--658177430] DEBUG com.github.dockerjava.zerodep.shaded.org.apache.hc.client5.http.wire -- http-outgoing-1 << "Server: Docker/26.1.4 (linux)[\r][\n]"
19:04:56.751 [docker-java-stream--658177430] DEBUG com.github.dockerjava.zerodep.shaded.org.apache.hc.client5.http.wire -- http-outgoing-1 << "Transfer-Encoding: chunked[\r][\n]"
19:04:56.751 [docker-java-stream--658177430] DEBUG com.github.dockerjava.zerodep.shaded.org.apache.hc.client5.http.wire -- http-outgoing-1 << "[\r][\n]"
19:04:56.751 [docker-java-stream--658177430] DEBUG com.github.dockerjava.zerodep.shaded.org.apache.hc.client5.http.headers -- http-outgoing-1 << HTTP/1.1 200 OK
19:04:56.751 [docker-java-stream--658177430] DEBUG com.github.dockerjava.zerodep.shaded.org.apache.hc.client5.http.headers -- http-outgoing-1 << Api-Version: 1.45
19:04:56.751 [docker-java-stream--658177430] DEBUG com.github.dockerjava.zerodep.shaded.org.apache.hc.client5.http.headers -- http-outgoing-1 << Content-Type: application/vnd.docker.raw-stream
19:04:56.751 [docker-java-stream--658177430] DEBUG com.github.dockerjava.zerodep.shaded.org.apache.hc.client5.http.headers -- http-outgoing-1 << Date: Fri, 19 Jul 2024 13:34:56 GMT
19:04:56.751 [docker-java-stream--658177430] DEBUG com.github.dockerjava.zerodep.shaded.org.apache.hc.client5.http.headers -- http-outgoing-1 << Docker-Experimental: false
19:04:56.751 [docker-java-stream--658177430] DEBUG com.github.dockerjava.zerodep.shaded.org.apache.hc.client5.http.headers -- http-outgoing-1 << Ostype: linux
19:04:56.751 [docker-java-stream--658177430] DEBUG com.github.dockerjava.zerodep.shaded.org.apache.hc.client5.http.headers -- http-outgoing-1 << Server: Docker/26.1.4 (linux)
19:04:56.751 [docker-java-stream--658177430] DEBUG com.github.dockerjava.zerodep.shaded.org.apache.hc.client5.http.headers -- http-outgoing-1 << Transfer-Encoding: chunked
19:04:56.751 [docker-java-stream--658177430] DEBUG com.github.dockerjava.zerodep.shaded.org.apache.hc.client5.http.impl.classic.MainClientExec -- ex-0000000F: connection can be kept alive for 3 MINUTES
19:04:57.954 [docker-java-stream--658177430] DEBUG com.github.dockerjava.zerodep.shaded.org.apache.hc.client5.http.wire -- http-outgoing-1 << "73[\r][\n]"
19:04:57.955 [docker-java-stream--658177430] DEBUG com.github.dockerjava.zerodep.shaded.org.apache.hc.client5.http.wire -- http-outgoing-1 << "[0x2][0x0][0x0][0x0][0x0][0x0][0x0]kExecuting: /google-cloud-sdk/platform/pubsub-emulator/bin/cloud-pubsub-emulator --host=0.0.0.0 --port=8085[\n]"
19:04:57.955 [docker-java-stream--658177430] DEBUG com.github.dockerjava.zerodep.shaded.org.apache.hc.client5.http.wire -- http-outgoing-1 << "[\r][\n]"
19:04:57.955 [Test worker] DEBUG org.testcontainers.containers.output.WaitingConsumer -- STDERR: Executing: /google-cloud-sdk/platform/pubsub-emulator/bin/cloud-pubsub-emulator --host=0.0.0.0 --port=8085
19:04:58.376 [docker-java-stream--658177430] DEBUG com.github.dockerjava.zerodep.shaded.org.apache.hc.client5.http.wire -- http-outgoing-1 << "84[\r][\n]"
19:04:58.377 [docker-java-stream--658177430] DEBUG com.github.dockerjava.zerodep.shaded.org.apache.hc.client5.http.wire -- http-outgoing-1 << "[0x2][0x0][0x0][0x0][0x0][0x0][0x0]*[pubsub] This is the Google Pub/Sub fake.[\n]"
19:04:58.377 [docker-java-stream--658177430] DEBUG com.github.dockerjava.zerodep.shaded.org.apache.hc.client5.http.wire -- http-outgoing-1 << "[0x2][0x0][0x0][0x0][0x0][0x0][0x0]J[pubsub] Implementation may be incomplete or differ from the real system.[\n]"
19:04:58.377 [docker-java-stream--658177430] DEBUG com.github.dockerjava.zerodep.shaded.org.apache.hc.client5.http.wire -- http-outgoing-1 << "[\r][\n]"
19:04:58.377 [Test worker] DEBUG org.testcontainers.containers.output.WaitingConsumer -- STDERR: [pubsub] This is the Google Pub/Sub fake.
19:04:58.377 [Test worker] DEBUG org.testcontainers.containers.output.WaitingConsumer -- STDERR: [pubsub] Implementation may be incomplete or differ from the real system.
19:04:58.455 [docker-java-stream--658177430] DEBUG com.github.dockerjava.zerodep.shaded.org.apache.hc.client5.http.wire -- http-outgoing-1 << "be[\r][\n]"
19:04:58.455 [docker-java-stream--658177430] DEBUG com.github.dockerjava.zerodep.shaded.org.apache.hc.client5.http.wire -- http-outgoing-1 << "[0x2][0x0][0x0][0x0][0x0][0x0][0x0]N[pubsub] Jul 19, 2024 1:34:58 PM com.google.cloud.pubsub.testing.v1.Main main[\n]"
19:04:58.455 [docker-java-stream--658177430] DEBUG com.github.dockerjava.zerodep.shaded.org.apache.hc.client5.http.wire -- http-outgoing-1 << "[0x2][0x0][0x0][0x0][0x0][0x0][0x0]`[pubsub] INFO: IAM integration is disabled. IAM policy methods and ACL checks are not supported[\n]"
19:04:58.455 [docker-java-stream--658177430] DEBUG com.github.dockerjava.zerodep.shaded.org.apache.hc.client5.http.wire -- http-outgoing-1 << "[\r][\n]"
19:04:58.456 [Test worker] DEBUG org.testcontainers.containers.output.WaitingConsumer -- STDERR: [pubsub] Jul 19, 2024 1:34:58 PM com.google.cloud.pubsub.testing.v1.Main main
19:04:58.456 [Test worker] DEBUG org.testcontainers.containers.output.WaitingConsumer -- STDERR: [pubsub] INFO: IAM integration is disabled. IAM policy methods and ACL checks are not supported
19:04:59.090 [docker-java-stream--658177430] DEBUG com.github.dockerjava.zerodep.shaded.org.apache.hc.client5.http.wire -- http-outgoing-1 << "8f[\r][\n]"
19:04:59.090 [docker-java-stream--658177430] DEBUG com.github.dockerjava.zerodep.shaded.org.apache.hc.client5.http.wire -- http-outgoing-1 << "[0x2][0x0][0x0][0x0][0x0][0x0][0x0]N[pubsub] Jul 19, 2024 1:34:59 PM com.google.cloud.pubsub.testing.v1.Main main[\n]"
19:04:59.090 [docker-java-stream--658177430] DEBUG com.github.dockerjava.zerodep.shaded.org.apache.hc.client5.http.wire -- http-outgoing-1 << "[0x2][0x0][0x0][0x0][0x0][0x0][0x0]1[pubsub] INFO: Server started, listening on 8085[\n]"
19:04:59.090 [docker-java-stream--658177430] DEBUG com.github.dockerjava.zerodep.shaded.org.apache.hc.client5.http.wire -- http-outgoing-1 << "[\r][\n]"
19:04:59.090 [Test worker] DEBUG org.testcontainers.containers.output.WaitingConsumer -- STDERR: [pubsub] INFO: Server started, listening on 8085
19:04:59.091 [Test worker] DEBUG com.github.dockerjava.zerodep.shaded.org.apache.hc.client5.http.impl.classic.InternalHttpClient -- ep-0000000E: cancel
19:04:59.091 [docker-java-stream--658177430] DEBUG com.github.dockerjava.zerodep.shaded.org.apache.hc.client5.http.wire -- http-outgoing-1 << "[read] I/O error: null"
19:04:59.091 [Test worker] DEBUG com.github.dockerjava.zerodep.shaded.org.apache.hc.client5.http.impl.io.DefaultManagedHttpClientConnection -- http-outgoing-1: close connection IMMEDIATE
19:04:59.091 [docker-java-stream--658177430] DEBUG com.github.dockerjava.zerodep.shaded.org.apache.hc.client5.http.wire -- http-outgoing-1 << "[read] I/O error: null"
19:04:59.091 [Test worker] DEBUG com.github.dockerjava.zerodep.shaded.org.apache.hc.client5.http.impl.classic.InternalHttpClient -- ep-0000000E: endpoint closed
19:04:59.091 [Test worker] DEBUG com.github.dockerjava.zerodep.shaded.org.apache.hc.client5.http.impl.classic.InternalHttpClient -- ep-0000000E: discarding endpoint
19:04:59.091 [Test worker] DEBUG com.github.dockerjava.zerodep.shaded.org.apache.hc.client5.http.impl.io.PoolingHttpClientConnectionManager -- ep-0000000E: releasing endpoint
19:04:59.091 [Test worker] DEBUG com.github.dockerjava.zerodep.shaded.org.apache.hc.client5.http.impl.io.PoolingHttpClientConnectionManager -- ep-0000000E: connection is not kept alive
19:04:59.091 [Test worker] DEBUG com.github.dockerjava.zerodep.shaded.org.apache.hc.client5.http.impl.io.PoolingHttpClientConnectionManager -- ep-0000000E: connection released [route: {}->unix://localhost:2375][total available: 0; route allocated: 0 of 2147483647; total allocated: 0 of 2147483647]
19:04:59.091 [docker-java-stream--658177430] DEBUG com.github.dockerjava.zerodep.ApacheDockerHttpClientImpl$ApacheResponse -- Failed to close the response
java.nio.channels.ClosedChannelException: null
	at java.base/sun.nio.ch.SocketChannelImpl.ensureOpenAndConnected(SocketChannelImpl.java:215)
	at java.base/sun.nio.ch.SocketChannelImpl.read(SocketChannelImpl.java:403)
	at java.base/sun.nio.ch.ChannelInputStream.read(ChannelInputStream.java:59)
	at java.base/sun.nio.ch.ChannelInputStream.read(ChannelInputStream.java:107)
	at java.base/sun.nio.ch.ChannelInputStream.read(ChannelInputStream.java:101)
	at com.github.dockerjava.zerodep.shaded.org.apache.hc.client5.http.impl.io.LoggingInputStream.read(LoggingInputStream.java:81)
	at com.github.dockerjava.zerodep.shaded.org.apache.hc.core5.http.impl.io.SessionInputBufferImpl.fillBuffer(SessionInputBufferImpl.java:149)
	at com.github.dockerjava.zerodep.shaded.org.apache.hc.core5.http.impl.io.SessionInputBufferImpl.readLine(SessionInputBufferImpl.java:280)
	at com.github.dockerjava.zerodep.shaded.org.apache.hc.core5.http.impl.io.ChunkedInputStream.getChunkSize(ChunkedInputStream.java:261)
	at com.github.dockerjava.zerodep.shaded.org.apache.hc.core5.http.impl.io.ChunkedInputStream.nextChunk(ChunkedInputStream.java:222)
	at com.github.dockerjava.zerodep.shaded.org.apache.hc.core5.http.impl.io.ChunkedInputStream.read(ChunkedInputStream.java:147)
	at com.github.dockerjava.zerodep.shaded.org.apache.hc.core5.http.impl.io.ChunkedInputStream.close(ChunkedInputStream.java:314)
	at com.github.dockerjava.zerodep.shaded.org.apache.hc.core5.io.Closer.close(Closer.java:48)
	at com.github.dockerjava.zerodep.shaded.org.apache.hc.core5.http.impl.io.IncomingHttpEntity.close(IncomingHttpEntity.java:111)
	at com.github.dockerjava.zerodep.shaded.org.apache.hc.core5.http.io.entity.HttpEntityWrapper.close(HttpEntityWrapper.java:120)
	at com.github.dockerjava.zerodep.shaded.org.apache.hc.core5.io.Closer.close(Closer.java:48)
	at com.github.dockerjava.zerodep.shaded.org.apache.hc.core5.http.message.BasicClassicHttpResponse.close(BasicClassicHttpResponse.java:93)
	at com.github.dockerjava.zerodep.shaded.org.apache.hc.client5.http.impl.classic.CloseableHttpResponse.close(CloseableHttpResponse.java:200)
	at com.github.dockerjava.zerodep.ApacheDockerHttpClientImpl$ApacheResponse.close(ApacheDockerHttpClientImpl.java:256)
	at org.testcontainers.shaded.com.github.dockerjava.core.DefaultInvocationBuilder.lambda$executeAndStream$1(DefaultInvocationBuilder.java:277)
	at java.base/java.lang.Thread.run(Thread.java:840)
19:04:59.091 [Test worker] INFO tc.gcr.io/google.com/cloudsdktool/cloud-sdk:317.0.0-emulators -- Container gcr.io/google.com/cloudsdktool/cloud-sdk:317.0.0-emulators started in PT2.479946S
19:04:59.094 [Test worker] DEBUG org.testcontainers.utility.PrefixingImageNameSubstitutor -- No prefix is configured
19:04:59.094 [Test worker] DEBUG org.testcontainers.utility.ImageNameSubstitutor -- Did not find a substitute image for ghcr.io/goccy/bigquery-emulator:0.4.3 (using image substitutor: DefaultImageNameSubstitutor (composite of 'ConfigurationFileImageNameSubstitutor' and 'PrefixingImageNameSubstitutor'))
19:04:59.094 [Test worker] DEBUG org.testcontainers.images.AbstractImagePullPolicy -- Using locally available and not pulling image: ghcr.io/goccy/bigquery-emulator:0.4.3
19:04:59.094 [Test worker] DEBUG tc.ghcr.io/goccy/bigquery-emulator:0.4.3 -- Starting container: ghcr.io/goccy/bigquery-emulator:0.4.3
19:04:59.094 [Test worker] DEBUG tc.ghcr.io/goccy/bigquery-emulator:0.4.3 -- Trying to start container: ghcr.io/goccy/bigquery-emulator:0.4.3 (attempt 1/1)
19:04:59.094 [Test worker] DEBUG tc.ghcr.io/goccy/bigquery-emulator:0.4.3 -- Starting container: ghcr.io/goccy/bigquery-emulator:0.4.3
19:04:59.094 [Test worker] INFO tc.ghcr.io/goccy/bigquery-emulator:0.4.3 -- Creating container for image: ghcr.io/goccy/bigquery-emulator:0.4.3
19:04:59.094 [Test worker] DEBUG org.testcontainers.utility.RegistryAuthLocator -- Looking up auth config for image: ghcr.io/goccy/bigquery-emulator:0.4.3 at registry: ghcr.io
19:04:59.094 [Test worker] DEBUG org.testcontainers.utility.RegistryAuthLocator -- RegistryAuthLocator has configFile: /Users/shibsankarmitra/.docker/config.json (exists) configEnv: DOCKER_AUTH_CONFIG (does not exist) and commandPathPrefix: 
19:04:59.094 [Test worker] DEBUG org.testcontainers.utility.RegistryAuthLocator -- RegistryAuthLocator reading from configFile: /Users/shibsankarmitra/.docker/config.json
19:04:59.095 [Test worker] DEBUG org.testcontainers.utility.RegistryAuthLocator -- registryName [ghcr.io] for dockerImageName [ghcr.io/goccy/bigquery-emulator:0.4.3]
19:04:59.095 [Test worker] DEBUG org.testcontainers.utility.RegistryAuthLocator -- Executing docker credential provider: docker-credential-desktop to locate auth config for: ghcr.io
19:04:59.095 [Test worker] DEBUG org.testcontainers.shaded.org.zeroturnaround.exec.ProcessExecutor -- Executing [docker-credential-desktop, get].
19:04:59.102 [Test worker] DEBUG org.testcontainers.utility.RegistryAuthLocator -- Failure running docker credential helper/store (docker-credential-desktop)
19:04:59.102 [Test worker] INFO org.testcontainers.utility.RegistryAuthLocator -- Failure when attempting to lookup auth config. Please ignore if you don't have images in an authenticated registry. Details: (dockerImageName: ghcr.io/goccy/bigquery-emulator:0.4.3, configFile: /Users/shibsankarmitra/.docker/config.json, configEnv: DOCKER_AUTH_CONFIG). Falling back to docker-java default behaviour. Exception message: Could not execute [docker-credential-desktop, get]. Error=2, No such file or directory
19:04:59.102 [Test worker] DEBUG org.testcontainers.utility.RegistryAuthLocator -- No matching Auth Configs - falling back to defaultAuthConfig [null]
19:04:59.102 [Test worker] DEBUG org.testcontainers.dockerclient.AuthDelegatingDockerClientConfig -- Effective auth config [null]
19:04:59.103 [Test worker] DEBUG org.testcontainers.shaded.com.github.dockerjava.core.command.AbstrDockerCmd -- Cmd: org.testcontainers.shaded.com.github.dockerjava.core.command.CreateContainerCmdImpl@5d22ed6c[aliases=<null>,argsEscaped=<null>,attachStderr=<null>,attachStdin=<null>,attachStdout=<null>,authConfig=<null>,cmd={--project,test-project},domainName=<null>,entrypoint=<null>,env={},exposedPorts=ExposedPorts(exposedPorts=[9050/tcp, 9060/tcp]),healthcheck=<null>,hostConfig=HostConfig(binds=[], blkioWeight=null, blkioWeightDevice=null, blkioDeviceReadBps=null, blkioDeviceWriteBps=null, blkioDeviceReadIOps=null, blkioDeviceWriteIOps=null, memorySwappiness=null, nanoCPUs=null, capAdd=null, capDrop=null, containerIDFile=null, cpuPeriod=null, cpuRealtimePeriod=null, cpuRealtimeRuntime=null, cpuShares=null, cpuQuota=null, cpusetCpus=null, cpusetMems=null, devices=null, deviceCgroupRules=null, deviceRequests=null, diskQuota=null, dns=null, dnsOptions=null, dnsSearch=null, extraHosts=[], groupAdd=null, ipcMode=null, cgroup=null, links=[], logConfig=LogConfig(type=null, config=null), lxcConf=null, memory=null, memorySwap=null, memoryReservation=null, kernelMemory=null, networkMode=null, oomKillDisable=null, init=null, autoRemove=null, oomScoreAdj=null, portBindings={9050/tcp=[Lcom.github.dockerjava.api.model.Ports$Binding;@7c0ff7a0, 9060/tcp=[Lcom.github.dockerjava.api.model.Ports$Binding;@24c84e65}, privileged=null, publishAllPorts=null, readonlyRootfs=null, restartPolicy=null, ulimits=null, cpuCount=null, cpuPercent=null, ioMaximumIOps=null, ioMaximumBandwidth=null, volumesFrom=[], mounts=null, pidMode=null, isolation=null, securityOpts=null, storageOpt=null, cgroupParent=null, volumeDriver=null, shmSize=null, pidsLimit=null, runtime=null, tmpFs=null, utSMode=null, usernsMode=null, sysctls=null, consoleSize=null, cgroupnsMode=null),hostName=<null>,image=ghcr.io/goccy/bigquery-emulator:0.4.3,ipv4Address=<null>,ipv6Address=<null>,labels={org.testcontainers=true, org.testcontainers.lang=java, org.testcontainers.version=1.19.1, org.testcontainers.sessionId=1f399f0d-7ab6-47d2-bedc-41c5596e41f8},macAddress=<null>,name=<null>,networkDisabled=<null>,networkingConfig=<null>,onBuild=<null>,platform=<null>,portSpecs=<null>,shell=<null>,stdInOnce=<null>,stdinOpen=<null>,stopSignal=<null>,stopTimeout=<null>,tty=<null>,user=<null>,volumes=Volumes(volumes=[]),workingDir=<null>]
19:04:59.105 [Test worker] DEBUG com.github.dockerjava.zerodep.shaded.org.apache.hc.client5.http.impl.classic.InternalHttpClient -- ex-00000010: preparing request execution
19:04:59.105 [Test worker] DEBUG com.github.dockerjava.zerodep.shaded.org.apache.hc.client5.http.protocol.RequestAddCookies -- Cookie spec selected: strict
19:04:59.105 [Test worker] DEBUG com.github.dockerjava.zerodep.shaded.org.apache.hc.client5.http.protocol.RequestAuthCache -- Auth cache not set in the context
19:04:59.105 [Test worker] DEBUG com.github.dockerjava.zerodep.shaded.org.apache.hc.client5.http.impl.classic.ProtocolExec -- ex-00000010: target auth state: UNCHALLENGED
19:04:59.105 [Test worker] DEBUG com.github.dockerjava.zerodep.shaded.org.apache.hc.client5.http.impl.classic.ProtocolExec -- ex-00000010: proxy auth state: UNCHALLENGED
19:04:59.105 [Test worker] DEBUG com.github.dockerjava.zerodep.shaded.org.apache.hc.client5.http.impl.classic.ConnectExec -- ex-00000010: acquiring connection with route {}->unix://localhost:2375
19:04:59.105 [Test worker] DEBUG com.github.dockerjava.zerodep.shaded.org.apache.hc.client5.http.impl.classic.InternalHttpClient -- ex-00000010: acquiring endpoint (3 MINUTES)
19:04:59.105 [Test worker] DEBUG com.github.dockerjava.zerodep.shaded.org.apache.hc.client5.http.impl.io.PoolingHttpClientConnectionManager -- ex-00000010: endpoint lease request (3 MINUTES) [route: {}->unix://localhost:2375][total available: 0; route allocated: 0 of 2147483647; total allocated: 0 of 2147483647]
19:04:59.105 [Test worker] DEBUG com.github.dockerjava.zerodep.shaded.org.apache.hc.client5.http.impl.io.PoolingHttpClientConnectionManager -- ex-00000010: endpoint leased [route: {}->unix://localhost:2375][total available: 0; route allocated: 1 of 2147483647; total allocated: 1 of 2147483647]
19:04:59.106 [Test worker] DEBUG com.github.dockerjava.zerodep.shaded.org.apache.hc.client5.http.impl.io.PoolingHttpClientConnectionManager -- ex-00000010: acquired ep-0000000F
19:04:59.106 [Test worker] DEBUG com.github.dockerjava.zerodep.shaded.org.apache.hc.client5.http.impl.classic.InternalHttpClient -- ex-00000010: acquired endpoint ep-0000000F
19:04:59.106 [Test worker] DEBUG com.github.dockerjava.zerodep.shaded.org.apache.hc.client5.http.impl.classic.ConnectExec -- ex-00000010: opening connection {}->unix://localhost:2375
19:04:59.106 [Test worker] DEBUG com.github.dockerjava.zerodep.shaded.org.apache.hc.client5.http.impl.classic.InternalHttpClient -- ep-0000000F: connecting endpoint (3 MINUTES)
19:04:59.106 [Test worker] DEBUG com.github.dockerjava.zerodep.shaded.org.apache.hc.client5.http.impl.io.PoolingHttpClientConnectionManager -- ep-0000000F: connecting endpoint to unix://localhost:2375 (3 MINUTES)
19:04:59.106 [Test worker] DEBUG com.github.dockerjava.zerodep.shaded.org.apache.hc.client5.http.impl.io.DefaultHttpClientConnectionOperator -- http-outgoing-2: connecting to localhost/127.0.0.1:2375
19:04:59.106 [Test worker] DEBUG com.github.dockerjava.zerodep.shaded.org.apache.hc.client5.http.impl.io.DefaultHttpClientConnectionOperator -- http-outgoing-2: connection established /var/run/docker.sock<->/var/run/docker.sock
19:04:59.106 [Test worker] DEBUG com.github.dockerjava.zerodep.shaded.org.apache.hc.client5.http.impl.io.PoolingHttpClientConnectionManager -- ep-0000000F: connected http-outgoing-2
19:04:59.107 [Test worker] DEBUG com.github.dockerjava.zerodep.shaded.org.apache.hc.client5.http.impl.classic.InternalHttpClient -- ep-0000000F: endpoint connected
19:04:59.107 [Test worker] DEBUG com.github.dockerjava.zerodep.shaded.org.apache.hc.client5.http.impl.classic.MainClientExec -- ex-00000010: executing POST /v1.32/containers/create HTTP/1.1
19:04:59.107 [Test worker] DEBUG com.github.dockerjava.zerodep.shaded.org.apache.hc.client5.http.impl.classic.InternalHttpClient -- ep-0000000F: start execution ex-00000010
19:04:59.107 [Test worker] DEBUG com.github.dockerjava.zerodep.shaded.org.apache.hc.client5.http.impl.io.PoolingHttpClientConnectionManager -- ep-0000000F: executing exchange ex-00000010 over http-outgoing-2
19:04:59.107 [Test worker] DEBUG com.github.dockerjava.zerodep.shaded.org.apache.hc.client5.http.headers -- http-outgoing-2 >> POST /v1.32/containers/create HTTP/1.1
19:04:59.107 [Test worker] DEBUG com.github.dockerjava.zerodep.shaded.org.apache.hc.client5.http.headers -- http-outgoing-2 >> accept: application/json
19:04:59.107 [Test worker] DEBUG com.github.dockerjava.zerodep.shaded.org.apache.hc.client5.http.headers -- http-outgoing-2 >> content-type: application/json
19:04:59.107 [Test worker] DEBUG com.github.dockerjava.zerodep.shaded.org.apache.hc.client5.http.headers -- http-outgoing-2 >> x-tc-sid: 1f399f0d-7ab6-47d2-bedc-41c5596e41f8
19:04:59.107 [Test worker] DEBUG com.github.dockerjava.zerodep.shaded.org.apache.hc.client5.http.headers -- http-outgoing-2 >> User-Agent: tc-java/1.19.1
19:04:59.107 [Test worker] DEBUG com.github.dockerjava.zerodep.shaded.org.apache.hc.client5.http.headers -- http-outgoing-2 >> Accept-Encoding: gzip, x-gzip, deflate
19:04:59.107 [Test worker] DEBUG com.github.dockerjava.zerodep.shaded.org.apache.hc.client5.http.headers -- http-outgoing-2 >> Content-Length: 2071
19:04:59.107 [Test worker] DEBUG com.github.dockerjava.zerodep.shaded.org.apache.hc.client5.http.headers -- http-outgoing-2 >> Host: localhost:2375
19:04:59.107 [Test worker] DEBUG com.github.dockerjava.zerodep.shaded.org.apache.hc.client5.http.headers -- http-outgoing-2 >> Connection: keep-alive
19:04:59.107 [Test worker] DEBUG com.github.dockerjava.zerodep.shaded.org.apache.hc.client5.http.wire -- http-outgoing-2 >> "POST /v1.32/containers/create HTTP/1.1[\r][\n]"
19:04:59.107 [Test worker] DEBUG com.github.dockerjava.zerodep.shaded.org.apache.hc.client5.http.wire -- http-outgoing-2 >> "accept: application/json[\r][\n]"
19:04:59.107 [Test worker] DEBUG com.github.dockerjava.zerodep.shaded.org.apache.hc.client5.http.wire -- http-outgoing-2 >> "content-type: application/json[\r][\n]"
19:04:59.107 [Test worker] DEBUG com.github.dockerjava.zerodep.shaded.org.apache.hc.client5.http.wire -- http-outgoing-2 >> "x-tc-sid: 1f399f0d-7ab6-47d2-bedc-41c5596e41f8[\r][\n]"
19:04:59.107 [Test worker] DEBUG com.github.dockerjava.zerodep.shaded.org.apache.hc.client5.http.wire -- http-outgoing-2 >> "User-Agent: tc-java/1.19.1[\r][\n]"
19:04:59.107 [Test worker] DEBUG com.github.dockerjava.zerodep.shaded.org.apache.hc.client5.http.wire -- http-outgoing-2 >> "Accept-Encoding: gzip, x-gzip, deflate[\r][\n]"
19:04:59.107 [Test worker] DEBUG com.github.dockerjava.zerodep.shaded.org.apache.hc.client5.http.wire -- http-outgoing-2 >> "Content-Length: 2071[\r][\n]"
19:04:59.107 [Test worker] DEBUG com.github.dockerjava.zerodep.shaded.org.apache.hc.client5.http.wire -- http-outgoing-2 >> "Host: localhost:2375[\r][\n]"
19:04:59.107 [Test worker] DEBUG com.github.dockerjava.zerodep.shaded.org.apache.hc.client5.http.wire -- http-outgoing-2 >> "Connection: keep-alive[\r][\n]"
19:04:59.107 [Test worker] DEBUG com.github.dockerjava.zerodep.shaded.org.apache.hc.client5.http.wire -- http-outgoing-2 >> "[\r][\n]"
19:04:59.107 [Test worker] DEBUG com.github.dockerjava.zerodep.shaded.org.apache.hc.client5.http.wire -- http-outgoing-2 >> "{"Hostname":null,"Domainname":null,"User":null,"AttachStdin":null,"AttachStdout":null,"AttachStderr":null,"PortSpecs":null,"Tty":null,"OpenStdin":null,"StdinOnce":null,"Env":[],"Cmd":["--project","test-project"],"Healthcheck":null,"ArgsEscaped":null,"Entrypoint":null,"Image":"ghcr.io/goccy/bigquery-emulator:0.4.3","Volumes":{},"WorkingDir":null,"MacAddress":null,"OnBuild":null,"NetworkDisabled":null,"ExposedPorts":{"9060/tcp":{},"9050/tcp":{}},"StopSignal":null,"StopTimeout":null,"HostConfig":{"Binds":[],"BlkioWeight":null,"BlkioWeightDevice":null,"BlkioDeviceReadBps":null,"BlkioDeviceWriteBps":null,"BlkioDeviceReadIOps":null,"BlkioDeviceWriteIOps":null,"MemorySwappiness":null,"NanoCpus":null,"CapAdd":null,"CapDrop":null,"ContainerIDFile":null,"CpuPeriod":null,"CpuRealtimePeriod":null,"CpuRealtimeRuntime":null,"CpuShares":null,"CpuQuota":null,"CpusetCpus":null,"CpusetMems":null,"Devices":null,"DeviceCgroupRules":null,"DeviceRequests":null,"DiskQuota":null,"Dns":null,"DnsOptions":null,"DnsSearch":null,"ExtraHosts":[],"GroupAdd":null,"IpcMode":null,"Cgroup":null,"Links":[],"LogConfig":null,"LxcConf":null,"Memory":null,"MemorySwap":null,"MemoryReservation":null,"KernelMemory":null,"NetworkMode":null,"OomKillDisable":null,"Init":null,"AutoRemove":null,"OomScoreAdj":null,"PortBindings":{"9060/tcp":[{"HostIp":"","HostPort":""}],"9050/tcp":[{"HostIp":"","HostPort":""}]},"Privileged":null,"PublishAllPorts":null,"ReadonlyRootfs":null,"RestartPolicy":null,"Ulimits":null,"CpuCount":null,"CpuPercent":null,"IOMaximumIOps":null,"IOMaximumBandwidth":null,"VolumesFrom":[],"Mounts":null,"PidMode":null,"Isolation":null,"SecurityOpt":null,"StorageOpt":null,"CgroupParent":null,"VolumeDriver":null,"ShmSize":null,"PidsLimit":null,"Runtime":null,"Tmpfs":null,"UTSMode":null,"UsernsMode":null,"Sysctls":null,"ConsoleSize":null,"CgroupnsMode":null},"Labels":{"org.testcontainers":"true","org.testcontainers.lang":"java","org.testcontainers.version":"1.19.1","org.testcontainers.sessionId":"1f399f0d-7ab6-47d2-bedc-41c5596e41f8"},"Shell":null,"NetworkingConfig":null}"
19:04:59.134 [Test worker] DEBUG com.github.dockerjava.zerodep.shaded.org.apache.hc.client5.http.wire -- http-outgoing-2 << "HTTP/1.1 201 Created[\r][\n]"
19:04:59.134 [Test worker] DEBUG com.github.dockerjava.zerodep.shaded.org.apache.hc.client5.http.wire -- http-outgoing-2 << "Api-Version: 1.45[\r][\n]"
19:04:59.134 [Test worker] DEBUG com.github.dockerjava.zerodep.shaded.org.apache.hc.client5.http.wire -- http-outgoing-2 << "Content-Type: application/json[\r][\n]"
19:04:59.134 [Test worker] DEBUG com.github.dockerjava.zerodep.shaded.org.apache.hc.client5.http.wire -- http-outgoing-2 << "Date: Fri, 19 Jul 2024 13:34:59 GMT[\r][\n]"
19:04:59.134 [Test worker] DEBUG com.github.dockerjava.zerodep.shaded.org.apache.hc.client5.http.wire -- http-outgoing-2 << "Docker-Experimental: false[\r][\n]"
19:04:59.134 [Test worker] DEBUG com.github.dockerjava.zerodep.shaded.org.apache.hc.client5.http.wire -- http-outgoing-2 << "Ostype: linux[\r][\n]"
19:04:59.134 [Test worker] DEBUG com.github.dockerjava.zerodep.shaded.org.apache.hc.client5.http.wire -- http-outgoing-2 << "Server: Docker/26.1.4 (linux)[\r][\n]"
19:04:59.134 [Test worker] DEBUG com.github.dockerjava.zerodep.shaded.org.apache.hc.client5.http.wire -- http-outgoing-2 << "Transfer-Encoding: chunked[\r][\n]"
19:04:59.134 [Test worker] DEBUG com.github.dockerjava.zerodep.shaded.org.apache.hc.client5.http.wire -- http-outgoing-2 << "[\r][\n]"
19:04:59.135 [Test worker] DEBUG com.github.dockerjava.zerodep.shaded.org.apache.hc.client5.http.headers -- http-outgoing-2 << HTTP/1.1 201 Created
19:04:59.135 [Test worker] DEBUG com.github.dockerjava.zerodep.shaded.org.apache.hc.client5.http.headers -- http-outgoing-2 << Api-Version: 1.45
19:04:59.135 [Test worker] DEBUG com.github.dockerjava.zerodep.shaded.org.apache.hc.client5.http.headers -- http-outgoing-2 << Content-Type: application/json
19:04:59.135 [Test worker] DEBUG com.github.dockerjava.zerodep.shaded.org.apache.hc.client5.http.headers -- http-outgoing-2 << Date: Fri, 19 Jul 2024 13:34:59 GMT
19:04:59.135 [Test worker] DEBUG com.github.dockerjava.zerodep.shaded.org.apache.hc.client5.http.headers -- http-outgoing-2 << Docker-Experimental: false
19:04:59.135 [Test worker] DEBUG com.github.dockerjava.zerodep.shaded.org.apache.hc.client5.http.headers -- http-outgoing-2 << Ostype: linux
19:04:59.135 [Test worker] DEBUG com.github.dockerjava.zerodep.shaded.org.apache.hc.client5.http.headers -- http-outgoing-2 << Server: Docker/26.1.4 (linux)
19:04:59.135 [Test worker] DEBUG com.github.dockerjava.zerodep.shaded.org.apache.hc.client5.http.headers -- http-outgoing-2 << Transfer-Encoding: chunked
19:04:59.135 [Test worker] DEBUG com.github.dockerjava.zerodep.shaded.org.apache.hc.client5.http.impl.classic.MainClientExec -- ex-00000010: connection can be kept alive for 3 MINUTES
19:04:59.135 [Test worker] DEBUG com.github.dockerjava.zerodep.shaded.org.apache.hc.client5.http.wire -- http-outgoing-2 << "e8[\r][\n]"
19:04:59.135 [Test worker] DEBUG com.github.dockerjava.zerodep.shaded.org.apache.hc.client5.http.wire -- http-outgoing-2 << "{"Id":"ef610d412c9e9229a594efcb542c3435b562e394ed46d3b0b80c19f73ef4a156","Warnings":["The requested image's platform (linux/amd64) does not match the detected host platform (linux/arm64/v8) and no specific platform was requested"]}[\n]"
19:04:59.135 [Test worker] DEBUG com.github.dockerjava.zerodep.shaded.org.apache.hc.client5.http.wire -- http-outgoing-2 << "[\r][\n]"
19:04:59.135 [Test worker] DEBUG com.github.dockerjava.zerodep.shaded.org.apache.hc.client5.http.wire -- http-outgoing-2 << "0[\r][\n]"
19:04:59.135 [Test worker] DEBUG com.github.dockerjava.zerodep.shaded.org.apache.hc.client5.http.wire -- http-outgoing-2 << "[\r][\n]"
19:04:59.135 [Test worker] DEBUG com.github.dockerjava.zerodep.shaded.org.apache.hc.client5.http.impl.classic.InternalHttpClient -- ep-0000000F: releasing valid endpoint
19:04:59.135 [Test worker] DEBUG com.github.dockerjava.zerodep.shaded.org.apache.hc.client5.http.impl.io.PoolingHttpClientConnectionManager -- ep-0000000F: releasing endpoint
19:04:59.135 [Test worker] DEBUG com.github.dockerjava.zerodep.shaded.org.apache.hc.client5.http.impl.io.PoolingHttpClientConnectionManager -- ep-0000000F: connection http-outgoing-2 can be kept alive for 3 MINUTES
19:04:59.135 [Test worker] DEBUG com.github.dockerjava.zerodep.shaded.org.apache.hc.client5.http.impl.io.PoolingHttpClientConnectionManager -- ep-0000000F: connection released [route: {}->unix://localhost:2375][total available: 1; route allocated: 1 of 2147483647; total allocated: 1 of 2147483647]
19:04:59.135 [Test worker] INFO tc.ghcr.io/goccy/bigquery-emulator:0.4.3 -- Container ghcr.io/goccy/bigquery-emulator:0.4.3 is starting: ef610d412c9e9229a594efcb542c3435b562e394ed46d3b0b80c19f73ef4a156
19:04:59.135 [Test worker] DEBUG org.testcontainers.shaded.com.github.dockerjava.core.command.AbstrDockerCmd -- Cmd: ef610d412c9e9229a594efcb542c3435b562e394ed46d3b0b80c19f73ef4a156
19:04:59.136 [Test worker] DEBUG com.github.dockerjava.zerodep.shaded.org.apache.hc.client5.http.impl.classic.InternalHttpClient -- ex-00000011: preparing request execution
19:04:59.136 [Test worker] DEBUG com.github.dockerjava.zerodep.shaded.org.apache.hc.client5.http.protocol.RequestAddCookies -- Cookie spec selected: strict
19:04:59.136 [Test worker] DEBUG com.github.dockerjava.zerodep.shaded.org.apache.hc.client5.http.protocol.RequestAuthCache -- Auth cache not set in the context
19:04:59.136 [Test worker] DEBUG com.github.dockerjava.zerodep.shaded.org.apache.hc.client5.http.impl.classic.ProtocolExec -- ex-00000011: target auth state: UNCHALLENGED
19:04:59.136 [Test worker] DEBUG com.github.dockerjava.zerodep.shaded.org.apache.hc.client5.http.impl.classic.ProtocolExec -- ex-00000011: proxy auth state: UNCHALLENGED
19:04:59.136 [Test worker] DEBUG com.github.dockerjava.zerodep.shaded.org.apache.hc.client5.http.impl.classic.ConnectExec -- ex-00000011: acquiring connection with route {}->unix://localhost:2375
19:04:59.136 [Test worker] DEBUG com.github.dockerjava.zerodep.shaded.org.apache.hc.client5.http.impl.classic.InternalHttpClient -- ex-00000011: acquiring endpoint (3 MINUTES)
19:04:59.136 [Test worker] DEBUG com.github.dockerjava.zerodep.shaded.org.apache.hc.client5.http.impl.io.PoolingHttpClientConnectionManager -- ex-00000011: endpoint lease request (3 MINUTES) [route: {}->unix://localhost:2375][total available: 1; route allocated: 1 of 2147483647; total allocated: 1 of 2147483647]
19:04:59.136 [Test worker] DEBUG com.github.dockerjava.zerodep.shaded.org.apache.hc.client5.http.impl.io.PoolingHttpClientConnectionManager -- ex-00000011: endpoint leased [route: {}->unix://localhost:2375][total available: 0; route allocated: 1 of 2147483647; total allocated: 1 of 2147483647]
19:04:59.136 [Test worker] DEBUG com.github.dockerjava.zerodep.shaded.org.apache.hc.client5.http.impl.io.PoolingHttpClientConnectionManager -- ex-00000011: acquired ep-00000010
19:04:59.136 [Test worker] DEBUG com.github.dockerjava.zerodep.shaded.org.apache.hc.client5.http.impl.classic.InternalHttpClient -- ex-00000011: acquired endpoint ep-00000010
19:04:59.136 [Test worker] DEBUG com.github.dockerjava.zerodep.shaded.org.apache.hc.client5.http.impl.classic.MainClientExec -- ex-00000011: executing POST /v1.32/containers/ef610d412c9e9229a594efcb542c3435b562e394ed46d3b0b80c19f73ef4a156/start HTTP/1.1
19:04:59.136 [Test worker] DEBUG com.github.dockerjava.zerodep.shaded.org.apache.hc.client5.http.impl.classic.InternalHttpClient -- ep-00000010: start execution ex-00000011
19:04:59.136 [Test worker] DEBUG com.github.dockerjava.zerodep.shaded.org.apache.hc.client5.http.impl.io.PoolingHttpClientConnectionManager -- ep-00000010: executing exchange ex-00000011 over http-outgoing-2
19:04:59.136 [Test worker] DEBUG com.github.dockerjava.zerodep.shaded.org.apache.hc.client5.http.headers -- http-outgoing-2 >> POST /v1.32/containers/ef610d412c9e9229a594efcb542c3435b562e394ed46d3b0b80c19f73ef4a156/start HTTP/1.1
19:04:59.136 [Test worker] DEBUG com.github.dockerjava.zerodep.shaded.org.apache.hc.client5.http.headers -- http-outgoing-2 >> accept: application/json
19:04:59.136 [Test worker] DEBUG com.github.dockerjava.zerodep.shaded.org.apache.hc.client5.http.headers -- http-outgoing-2 >> content-type: application/json
19:04:59.136 [Test worker] DEBUG com.github.dockerjava.zerodep.shaded.org.apache.hc.client5.http.headers -- http-outgoing-2 >> x-tc-sid: 1f399f0d-7ab6-47d2-bedc-41c5596e41f8
19:04:59.136 [Test worker] DEBUG com.github.dockerjava.zerodep.shaded.org.apache.hc.client5.http.headers -- http-outgoing-2 >> User-Agent: tc-java/1.19.1
19:04:59.136 [Test worker] DEBUG com.github.dockerjava.zerodep.shaded.org.apache.hc.client5.http.headers -- http-outgoing-2 >> Accept-Encoding: gzip, x-gzip, deflate
19:04:59.136 [Test worker] DEBUG com.github.dockerjava.zerodep.shaded.org.apache.hc.client5.http.headers -- http-outgoing-2 >> Host: localhost:2375
19:04:59.136 [Test worker] DEBUG com.github.dockerjava.zerodep.shaded.org.apache.hc.client5.http.headers -- http-outgoing-2 >> Connection: keep-alive
19:04:59.136 [Test worker] DEBUG com.github.dockerjava.zerodep.shaded.org.apache.hc.client5.http.wire -- http-outgoing-2 >> "POST /v1.32/containers/ef610d412c9e9229a594efcb542c3435b562e394ed46d3b0b80c19f73ef4a156/start HTTP/1.1[\r][\n]"
19:04:59.136 [Test worker] DEBUG com.github.dockerjava.zerodep.shaded.org.apache.hc.client5.http.wire -- http-outgoing-2 >> "accept: application/json[\r][\n]"
19:04:59.136 [Test worker] DEBUG com.github.dockerjava.zerodep.shaded.org.apache.hc.client5.http.wire -- http-outgoing-2 >> "content-type: application/json[\r][\n]"
19:04:59.136 [Test worker] DEBUG com.github.dockerjava.zerodep.shaded.org.apache.hc.client5.http.wire -- http-outgoing-2 >> "x-tc-sid: 1f399f0d-7ab6-47d2-bedc-41c5596e41f8[\r][\n]"
19:04:59.136 [Test worker] DEBUG com.github.dockerjava.zerodep.shaded.org.apache.hc.client5.http.wire -- http-outgoing-2 >> "User-Agent: tc-java/1.19.1[\r][\n]"
19:04:59.136 [Test worker] DEBUG com.github.dockerjava.zerodep.shaded.org.apache.hc.client5.http.wire -- http-outgoing-2 >> "Accept-Encoding: gzip, x-gzip, deflate[\r][\n]"
19:04:59.136 [Test worker] DEBUG com.github.dockerjava.zerodep.shaded.org.apache.hc.client5.http.wire -- http-outgoing-2 >> "Host: localhost:2375[\r][\n]"
19:04:59.136 [Test worker] DEBUG com.github.dockerjava.zerodep.shaded.org.apache.hc.client5.http.wire -- http-outgoing-2 >> "Connection: keep-alive[\r][\n]"
19:04:59.136 [Test worker] DEBUG com.github.dockerjava.zerodep.shaded.org.apache.hc.client5.http.wire -- http-outgoing-2 >> "[\r][\n]"
19:04:59.238 [Test worker] DEBUG com.github.dockerjava.zerodep.shaded.org.apache.hc.client5.http.wire -- http-outgoing-2 << "HTTP/1.1 204 No Content[\r][\n]"
19:04:59.238 [Test worker] DEBUG com.github.dockerjava.zerodep.shaded.org.apache.hc.client5.http.wire -- http-outgoing-2 << "Api-Version: 1.45[\r][\n]"
19:04:59.238 [Test worker] DEBUG com.github.dockerjava.zerodep.shaded.org.apache.hc.client5.http.wire -- http-outgoing-2 << "Date: Fri, 19 Jul 2024 13:34:59 GMT[\r][\n]"
19:04:59.238 [Test worker] DEBUG com.github.dockerjava.zerodep.shaded.org.apache.hc.client5.http.wire -- http-outgoing-2 << "Docker-Experimental: false[\r][\n]"
19:04:59.238 [Test worker] DEBUG com.github.dockerjava.zerodep.shaded.org.apache.hc.client5.http.wire -- http-outgoing-2 << "Ostype: linux[\r][\n]"
19:04:59.238 [Test worker] DEBUG com.github.dockerjava.zerodep.shaded.org.apache.hc.client5.http.wire -- http-outgoing-2 << "Server: Docker/26.1.4 (linux)[\r][\n]"
19:04:59.238 [Test worker] DEBUG com.github.dockerjava.zerodep.shaded.org.apache.hc.client5.http.wire -- http-outgoing-2 << "[\r][\n]"
19:04:59.238 [Test worker] DEBUG com.github.dockerjava.zerodep.shaded.org.apache.hc.client5.http.headers -- http-outgoing-2 << HTTP/1.1 204 No Content
19:04:59.238 [Test worker] DEBUG com.github.dockerjava.zerodep.shaded.org.apache.hc.client5.http.headers -- http-outgoing-2 << Api-Version: 1.45
19:04:59.238 [Test worker] DEBUG com.github.dockerjava.zerodep.shaded.org.apache.hc.client5.http.headers -- http-outgoing-2 << Date: Fri, 19 Jul 2024 13:34:59 GMT
19:04:59.238 [Test worker] DEBUG com.github.dockerjava.zerodep.shaded.org.apache.hc.client5.http.headers -- http-outgoing-2 << Docker-Experimental: false
19:04:59.238 [Test worker] DEBUG com.github.dockerjava.zerodep.shaded.org.apache.hc.client5.http.headers -- http-outgoing-2 << Ostype: linux
19:04:59.238 [Test worker] DEBUG com.github.dockerjava.zerodep.shaded.org.apache.hc.client5.http.headers -- http-outgoing-2 << Server: Docker/26.1.4 (linux)
19:04:59.238 [Test worker] DEBUG com.github.dockerjava.zerodep.shaded.org.apache.hc.client5.http.impl.classic.MainClientExec -- ex-00000011: connection can be kept alive for 3 MINUTES
19:04:59.238 [Test worker] DEBUG com.github.dockerjava.zerodep.shaded.org.apache.hc.client5.http.impl.classic.InternalHttpClient -- ep-00000010: releasing valid endpoint
19:04:59.238 [Test worker] DEBUG com.github.dockerjava.zerodep.shaded.org.apache.hc.client5.http.impl.io.PoolingHttpClientConnectionManager -- ep-00000010: releasing endpoint
19:04:59.239 [Test worker] DEBUG com.github.dockerjava.zerodep.shaded.org.apache.hc.client5.http.impl.io.PoolingHttpClientConnectionManager -- ep-00000010: connection http-outgoing-2 can be kept alive for 3 MINUTES
19:04:59.239 [Test worker] DEBUG com.github.dockerjava.zerodep.shaded.org.apache.hc.client5.http.impl.io.PoolingHttpClientConnectionManager -- ep-00000010: connection released [route: {}->unix://localhost:2375][total available: 1; route allocated: 1 of 2147483647; total allocated: 1 of 2147483647]
19:04:59.239 [Test worker] DEBUG org.testcontainers.shaded.com.github.dockerjava.core.command.AbstrDockerCmd -- Cmd: ef610d412c9e9229a594efcb542c3435b562e394ed46d3b0b80c19f73ef4a156,false
19:04:59.239 [Test worker] DEBUG org.testcontainers.shaded.com.github.dockerjava.core.exec.InspectContainerCmdExec -- GET: DefaultWebTarget{path=[/containers/ef610d412c9e9229a594efcb542c3435b562e394ed46d3b0b80c19f73ef4a156/json], queryParams={}}
19:04:59.240 [Test worker] DEBUG com.github.dockerjava.zerodep.shaded.org.apache.hc.client5.http.impl.classic.InternalHttpClient -- ex-00000012: preparing request execution
19:04:59.240 [Test worker] DEBUG com.github.dockerjava.zerodep.shaded.org.apache.hc.client5.http.protocol.RequestAddCookies -- Cookie spec selected: strict
19:04:59.240 [Test worker] DEBUG com.github.dockerjava.zerodep.shaded.org.apache.hc.client5.http.protocol.RequestAuthCache -- Auth cache not set in the context
19:04:59.240 [Test worker] DEBUG com.github.dockerjava.zerodep.shaded.org.apache.hc.client5.http.impl.classic.ProtocolExec -- ex-00000012: target auth state: UNCHALLENGED
19:04:59.240 [Test worker] DEBUG com.github.dockerjava.zerodep.shaded.org.apache.hc.client5.http.impl.classic.ProtocolExec -- ex-00000012: proxy auth state: UNCHALLENGED
19:04:59.240 [Test worker] DEBUG com.github.dockerjava.zerodep.shaded.org.apache.hc.client5.http.impl.classic.ConnectExec -- ex-00000012: acquiring connection with route {}->unix://localhost:2375
19:04:59.240 [Test worker] DEBUG com.github.dockerjava.zerodep.shaded.org.apache.hc.client5.http.impl.classic.InternalHttpClient -- ex-00000012: acquiring endpoint (3 MINUTES)
19:04:59.240 [Test worker] DEBUG com.github.dockerjava.zerodep.shaded.org.apache.hc.client5.http.impl.io.PoolingHttpClientConnectionManager -- ex-00000012: endpoint lease request (3 MINUTES) [route: {}->unix://localhost:2375][total available: 1; route allocated: 1 of 2147483647; total allocated: 1 of 2147483647]
19:04:59.240 [Test worker] DEBUG com.github.dockerjava.zerodep.shaded.org.apache.hc.client5.http.impl.io.PoolingHttpClientConnectionManager -- ex-00000012: endpoint leased [route: {}->unix://localhost:2375][total available: 0; route allocated: 1 of 2147483647; total allocated: 1 of 2147483647]
19:04:59.241 [Test worker] DEBUG com.github.dockerjava.zerodep.shaded.org.apache.hc.client5.http.impl.io.PoolingHttpClientConnectionManager -- ex-00000012: acquired ep-00000011
19:04:59.241 [Test worker] DEBUG com.github.dockerjava.zerodep.shaded.org.apache.hc.client5.http.impl.classic.InternalHttpClient -- ex-00000012: acquired endpoint ep-00000011
19:04:59.241 [Test worker] DEBUG com.github.dockerjava.zerodep.shaded.org.apache.hc.client5.http.impl.classic.MainClientExec -- ex-00000012: executing GET /v1.32/containers/ef610d412c9e9229a594efcb542c3435b562e394ed46d3b0b80c19f73ef4a156/json HTTP/1.1
19:04:59.241 [Test worker] DEBUG com.github.dockerjava.zerodep.shaded.org.apache.hc.client5.http.impl.classic.InternalHttpClient -- ep-00000011: start execution ex-00000012
19:04:59.241 [Test worker] DEBUG com.github.dockerjava.zerodep.shaded.org.apache.hc.client5.http.impl.io.PoolingHttpClientConnectionManager -- ep-00000011: executing exchange ex-00000012 over http-outgoing-2
19:04:59.241 [Test worker] DEBUG com.github.dockerjava.zerodep.shaded.org.apache.hc.client5.http.headers -- http-outgoing-2 >> GET /v1.32/containers/ef610d412c9e9229a594efcb542c3435b562e394ed46d3b0b80c19f73ef4a156/json HTTP/1.1
19:04:59.241 [Test worker] DEBUG com.github.dockerjava.zerodep.shaded.org.apache.hc.client5.http.headers -- http-outgoing-2 >> accept: application/json
19:04:59.241 [Test worker] DEBUG com.github.dockerjava.zerodep.shaded.org.apache.hc.client5.http.headers -- http-outgoing-2 >> x-tc-sid: 1f399f0d-7ab6-47d2-bedc-41c5596e41f8
19:04:59.241 [Test worker] DEBUG com.github.dockerjava.zerodep.shaded.org.apache.hc.client5.http.headers -- http-outgoing-2 >> User-Agent: tc-java/1.19.1
19:04:59.241 [Test worker] DEBUG com.github.dockerjava.zerodep.shaded.org.apache.hc.client5.http.headers -- http-outgoing-2 >> Accept-Encoding: gzip, x-gzip, deflate
19:04:59.241 [Test worker] DEBUG com.github.dockerjava.zerodep.shaded.org.apache.hc.client5.http.headers -- http-outgoing-2 >> Host: localhost:2375
19:04:59.241 [Test worker] DEBUG com.github.dockerjava.zerodep.shaded.org.apache.hc.client5.http.headers -- http-outgoing-2 >> Connection: keep-alive
19:04:59.241 [Test worker] DEBUG com.github.dockerjava.zerodep.shaded.org.apache.hc.client5.http.wire -- http-outgoing-2 >> "GET /v1.32/containers/ef610d412c9e9229a594efcb542c3435b562e394ed46d3b0b80c19f73ef4a156/json HTTP/1.1[\r][\n]"
19:04:59.241 [Test worker] DEBUG com.github.dockerjava.zerodep.shaded.org.apache.hc.client5.http.wire -- http-outgoing-2 >> "accept: application/json[\r][\n]"
19:04:59.241 [Test worker] DEBUG com.github.dockerjava.zerodep.shaded.org.apache.hc.client5.http.wire -- http-outgoing-2 >> "x-tc-sid: 1f399f0d-7ab6-47d2-bedc-41c5596e41f8[\r][\n]"
19:04:59.241 [Test worker] DEBUG com.github.dockerjava.zerodep.shaded.org.apache.hc.client5.http.wire -- http-outgoing-2 >> "User-Agent: tc-java/1.19.1[\r][\n]"
19:04:59.241 [Test worker] DEBUG com.github.dockerjava.zerodep.shaded.org.apache.hc.client5.http.wire -- http-outgoing-2 >> "Accept-Encoding: gzip, x-gzip, deflate[\r][\n]"
19:04:59.241 [Test worker] DEBUG com.github.dockerjava.zerodep.shaded.org.apache.hc.client5.http.wire -- http-outgoing-2 >> "Host: localhost:2375[\r][\n]"
19:04:59.241 [Test worker] DEBUG com.github.dockerjava.zerodep.shaded.org.apache.hc.client5.http.wire -- http-outgoing-2 >> "Connection: keep-alive[\r][\n]"
19:04:59.241 [Test worker] DEBUG com.github.dockerjava.zerodep.shaded.org.apache.hc.client5.http.wire -- http-outgoing-2 >> "[\r][\n]"
19:04:59.242 [Test worker] DEBUG com.github.dockerjava.zerodep.shaded.org.apache.hc.client5.http.wire -- http-outgoing-2 << "HTTP/1.1 200 OK[\r][\n]"
19:04:59.242 [Test worker] DEBUG com.github.dockerjava.zerodep.shaded.org.apache.hc.client5.http.wire -- http-outgoing-2 << "Api-Version: 1.45[\r][\n]"
19:04:59.242 [Test worker] DEBUG com.github.dockerjava.zerodep.shaded.org.apache.hc.client5.http.wire -- http-outgoing-2 << "Content-Type: application/json[\r][\n]"
19:04:59.242 [Test worker] DEBUG com.github.dockerjava.zerodep.shaded.org.apache.hc.client5.http.wire -- http-outgoing-2 << "Date: Fri, 19 Jul 2024 13:34:59 GMT[\r][\n]"
19:04:59.242 [Test worker] DEBUG com.github.dockerjava.zerodep.shaded.org.apache.hc.client5.http.wire -- http-outgoing-2 << "Docker-Experimental: false[\r][\n]"
19:04:59.242 [Test worker] DEBUG com.github.dockerjava.zerodep.shaded.org.apache.hc.client5.http.wire -- http-outgoing-2 << "Ostype: linux[\r][\n]"
19:04:59.242 [Test worker] DEBUG com.github.dockerjava.zerodep.shaded.org.apache.hc.client5.http.wire -- http-outgoing-2 << "Server: Docker/26.1.4 (linux)[\r][\n]"
19:04:59.242 [Test worker] DEBUG com.github.dockerjava.zerodep.shaded.org.apache.hc.client5.http.wire -- http-outgoing-2 << "Transfer-Encoding: chunked[\r][\n]"
19:04:59.242 [Test worker] DEBUG com.github.dockerjava.zerodep.shaded.org.apache.hc.client5.http.wire -- http-outgoing-2 << "[\r][\n]"
19:04:59.243 [Test worker] DEBUG com.github.dockerjava.zerodep.shaded.org.apache.hc.client5.http.headers -- http-outgoing-2 << HTTP/1.1 200 OK
19:04:59.243 [Test worker] DEBUG com.github.dockerjava.zerodep.shaded.org.apache.hc.client5.http.headers -- http-outgoing-2 << Api-Version: 1.45
19:04:59.243 [Test worker] DEBUG com.github.dockerjava.zerodep.shaded.org.apache.hc.client5.http.headers -- http-outgoing-2 << Content-Type: application/json
19:04:59.243 [Test worker] DEBUG com.github.dockerjava.zerodep.shaded.org.apache.hc.client5.http.headers -- http-outgoing-2 << Date: Fri, 19 Jul 2024 13:34:59 GMT
19:04:59.243 [Test worker] DEBUG com.github.dockerjava.zerodep.shaded.org.apache.hc.client5.http.headers -- http-outgoing-2 << Docker-Experimental: false
19:04:59.243 [Test worker] DEBUG com.github.dockerjava.zerodep.shaded.org.apache.hc.client5.http.headers -- http-outgoing-2 << Ostype: linux
19:04:59.243 [Test worker] DEBUG com.github.dockerjava.zerodep.shaded.org.apache.hc.client5.http.headers -- http-outgoing-2 << Server: Docker/26.1.4 (linux)
19:04:59.243 [Test worker] DEBUG com.github.dockerjava.zerodep.shaded.org.apache.hc.client5.http.headers -- http-outgoing-2 << Transfer-Encoding: chunked
19:04:59.243 [Test worker] DEBUG com.github.dockerjava.zerodep.shaded.org.apache.hc.client5.http.impl.classic.MainClientExec -- ex-00000012: connection can be kept alive for 3 MINUTES
19:04:59.243 [Test worker] DEBUG com.github.dockerjava.zerodep.shaded.org.apache.hc.client5.http.wire -- http-outgoing-2 << "13c5[\r][\n]"
19:04:59.244 [Test worker] DEBUG com.github.dockerjava.zerodep.shaded.org.apache.hc.client5.http.wire -- http-outgoing-2 << "{"Id":"ef610d412c9e9229a594efcb542c3435b562e394ed46d3b0b80c19f73ef4a156","Created":"2024-07-19T13:34:59.111540631Z","Path":"/bin/bigquery-emulator","Args":["--project","test-project"],"State":{"Status":"running","Running":true,"Paused":false,"Restarting":false,"OOMKilled":false,"Dead":false,"Pid":831,"ExitCode":0,"Error":"","StartedAt":"2024-07-19T13:34:59.235282589Z","FinishedAt":"0001-01-01T00:00:00Z"},"Image":"sha256:f50a248ef92cdf254360e63219b285da7d84bd68423e6200182f0e1d0ee1603e","ResolvConfPath":"/var/lib/docker/containers/ef610d412c9e9229a594efcb542c3435b562e394ed46d3b0b80c19f73ef4a156/resolv.conf","HostnamePath":"/var/lib/docker/containers/ef610d412c9e9229a594efcb542c3435b562e394ed46d3b0b80c19f73ef4a156/hostname","HostsPath":"/var/lib/docker/containers/ef610d412c9e9229a594efcb542c3435b562e394ed46d3b0b80c19f73ef4a156/hosts","LogPath":"/var/lib/docker/containers/ef610d412c9e9229a594efcb542c3435b562e394ed46d3b0b80c19f73ef4a156/ef610d412c9e9229a594efcb542c3435b562e394ed46d3b0b80c19f73ef4a156-json.log","Name":"/awesome_goldstine","RestartCount":0,"Driver":"overlayfs","Platform":"linux","MountLabel":"","ProcessLabel":"","AppArmorProfile":"","ExecIDs":null,"HostConfig":{"Binds":[],"ContainerIDFile":"","LogConfig":{"Type":"json-file","Config":{}},"NetworkMode":"bridge","PortBindings":{"9050/tcp":[{"HostIp":"0.0.0.0","HostPort":"0"}],"9060/tcp":[{"HostIp":"0.0.0.0","HostPort":"0"}]},"RestartPolicy":{"Name":"no","MaximumRetryCount":0},"AutoRemove":false,"VolumeDriver":"","VolumesFrom":[],"ConsoleSize":[0,0],"CapAdd":null,"CapDrop":null,"CgroupnsMode":"private","Dns":null,"DnsOptions":null,"DnsSearch":null,"ExtraHosts":[],"GroupAdd":null,"IpcMode":"shareable","Cgroup":"","Links":null,"OomScoreAdj":0,"PidMode":"","Privileged":false,"PublishAllPorts":false,"ReadonlyRootfs":false,"SecurityOpt":null,"UTSMode":"","UsernsMode":"","ShmSize":67108864,"Runtime":"runc","Isolation":"","CpuShares":0,"Memory":0,"NanoCpus":0,"CgroupParent":"","BlkioWeight":0,"BlkioWeightDevice":null,"BlkioDeviceReadBps":null,"BlkioDeviceWriteBps":null,"BlkioDeviceReadIOps":null,"BlkioDeviceWriteIOps":null,"CpuPeriod":0,"CpuQuota":0,"CpuRealtimePeriod":0,"CpuRealtimeRuntime":0,"CpusetCpus":"","CpusetMems":"","Devices":null,"DeviceCgroupRules":null,"DeviceRequests":null,"MemoryReservation":0,"MemorySwap":0,"MemorySwappiness":null,"OomKillDisable":null,"PidsLimit":null,"Ulimits":null,"CpuCount":0,"CpuPercent":0,"IOMaximumIOps":0,"IOMaximumBandwidth":0,"MaskedPaths":["/proc/asound","/proc/acpi","/proc/kcore","/proc/keys","/proc/latency_stats","/proc/timer_list","/proc/timer_stats","/proc/sched_debug","/proc/scsi","/sys/firmware","/sys/devices/virtual/powercap"],"ReadonlyPaths":["/proc/bus","/proc/fs","/proc/irq","/proc/sys","/proc/sysrq-trigger"]},"GraphDriver":{"Data":null,"Name":"overlayfs"},"Mounts":[],"Config":{"Hostname":"ef610d412c9e","Domainname":"","User":"","AttachStdin":false,"AttachStdout":false,"AttachStderr":false,"ExposedPorts":{"9050/tcp":{},"9060/tcp":{}},"Tty":false,"OpenStdin":false,"StdinOnce":false,"Env":["PATH=/usr/local/sbin:/usr/local/bin:/usr/sbin:/usr/bin:/sbin:/bin"],"Cmd":["--project","test-project"],"Image":"ghcr.io/goccy/bigquery-emulator:0.4.3","Volumes":null,"WorkingDir":"/work","Entrypoint":["/bin/bigquery-emulator"],"OnBuild":null,"Labels":{"org.opencontainers.image.created":"2023-07-21T14:51:18.820Z","org.opencontainers.image.description":"BigQuery emulator server implemented in Go","org.opencontainers.image.licenses":"MIT","org.opencontainers.image.revision":"8ccde288d63846122e085433e0a03edfadba361c","org.opencontainers.image.source":"https://github.com/goccy/bigquery-emulator","org.opencontainers.image.title":"bigquery-emulator","org.opencontainers.image.url":"https://github.com/goccy/bigquery-emulator","org.opencontainers.image.version":"0.4.3","org.testcontainers":"true","org.testcontainers.lang":"java","org.testcontainers.sessionId":"1f399f0d-7ab6-47d2-bedc-41c5596e41f8","org.testcontainers.version":"1.19.1"}},"NetworkSettings":{"Bridge":"","SandboxID":"fb9b30bd9704e627fc98bdb40a396ed1f1a2d64d528409273a21b5052cf5acd0","SandboxKey":"/var/run/docker/netns/fb9b30bd9704","Ports":{"9050/tcp":[{"HostIp":"0.0.0.0","HostPort":"51899"}],"9060/tcp":[{"HostIp":"0.0.0.0","HostPort":"51900"}]},"HairpinMode":false,"LinkLocalIPv6Address":"","LinkLocalIPv6PrefixLen":0,"SecondaryIPAddresses":null,"SecondaryIPv6Addresses":null,"EndpointID":"3cf0f9ce9a2426847178f7342dfb34ccb6110b5f4bc3e9b50123b85339db11d4","Gateway":"172.17.0.1","GlobalIPv6Address":"","GlobalIPv6PrefixLen":0,"IPAddress":"172.17.0.4","IPPrefixLen":16,"IPv6Gateway":"","MacAddress":"02:42:ac:11:00:04","Networks":{"bridge":{"IPAMConfig":null,"Links":null,"Aliases":null,"MacAddress":"02:42:ac:11:00:04","NetworkID":"6597fbf552950be6f220968cb666ea531543e39c5aade731fc74e0128f875331","EndpointID":"3cf0f9ce9a2426847178f7342dfb34ccb6110b5f4bc3e9b50123b85339db11d4","Gateway":"172.17.0.1","IPAddress":"172.17.0.4","IPPrefixLen":16,"IPv6Gateway":"","GlobalIPv6Address":"","GlobalIPv6PrefixLen":0,"DriverOpts":null,"DNSNames":null}}}}[\n]"
19:04:59.244 [Test worker] DEBUG com.github.dockerjava.zerodep.shaded.org.apache.hc.client5.http.wire -- http-outgoing-2 << "[\r][\n]"
19:04:59.244 [Test worker] DEBUG com.github.dockerjava.zerodep.shaded.org.apache.hc.client5.http.wire -- http-outgoing-2 << "0[\r][\n]"
19:04:59.244 [Test worker] DEBUG com.github.dockerjava.zerodep.shaded.org.apache.hc.client5.http.wire -- http-outgoing-2 << "[\r][\n]"
19:04:59.245 [Test worker] DEBUG com.github.dockerjava.zerodep.shaded.org.apache.hc.client5.http.impl.classic.InternalHttpClient -- ep-00000011: releasing valid endpoint
19:04:59.245 [Test worker] DEBUG com.github.dockerjava.zerodep.shaded.org.apache.hc.client5.http.impl.io.PoolingHttpClientConnectionManager -- ep-00000011: releasing endpoint
19:04:59.245 [Test worker] DEBUG com.github.dockerjava.zerodep.shaded.org.apache.hc.client5.http.impl.io.PoolingHttpClientConnectionManager -- ep-00000011: connection http-outgoing-2 can be kept alive for 3 MINUTES
19:04:59.245 [Test worker] DEBUG com.github.dockerjava.zerodep.shaded.org.apache.hc.client5.http.impl.io.PoolingHttpClientConnectionManager -- ep-00000011: connection released [route: {}->unix://localhost:2375][total available: 1; route allocated: 1 of 2147483647; total allocated: 1 of 2147483647]
19:04:59.245 [Test worker] DEBUG org.testcontainers.shaded.com.github.dockerjava.core.command.AbstrDockerCmd -- Cmd: sha256:f50a248ef92cdf254360e63219b285da7d84bd68423e6200182f0e1d0ee1603e
19:04:59.245 [Test worker] DEBUG com.github.dockerjava.zerodep.shaded.org.apache.hc.client5.http.impl.classic.InternalHttpClient -- ex-00000013: preparing request execution
19:04:59.245 [Test worker] DEBUG com.github.dockerjava.zerodep.shaded.org.apache.hc.client5.http.protocol.RequestAddCookies -- Cookie spec selected: strict
19:04:59.245 [Test worker] DEBUG com.github.dockerjava.zerodep.shaded.org.apache.hc.client5.http.protocol.RequestAuthCache -- Auth cache not set in the context
19:04:59.245 [Test worker] DEBUG com.github.dockerjava.zerodep.shaded.org.apache.hc.client5.http.impl.classic.ProtocolExec -- ex-00000013: target auth state: UNCHALLENGED
19:04:59.245 [Test worker] DEBUG com.github.dockerjava.zerodep.shaded.org.apache.hc.client5.http.impl.classic.ProtocolExec -- ex-00000013: proxy auth state: UNCHALLENGED
19:04:59.246 [Test worker] DEBUG com.github.dockerjava.zerodep.shaded.org.apache.hc.client5.http.impl.classic.ConnectExec -- ex-00000013: acquiring connection with route {}->unix://localhost:2375
19:04:59.246 [Test worker] DEBUG com.github.dockerjava.zerodep.shaded.org.apache.hc.client5.http.impl.classic.InternalHttpClient -- ex-00000013: acquiring endpoint (3 MINUTES)
19:04:59.246 [Test worker] DEBUG com.github.dockerjava.zerodep.shaded.org.apache.hc.client5.http.impl.io.PoolingHttpClientConnectionManager -- ex-00000013: endpoint lease request (3 MINUTES) [route: {}->unix://localhost:2375][total available: 1; route allocated: 1 of 2147483647; total allocated: 1 of 2147483647]
19:04:59.246 [Test worker] DEBUG com.github.dockerjava.zerodep.shaded.org.apache.hc.client5.http.impl.io.PoolingHttpClientConnectionManager -- ex-00000013: endpoint leased [route: {}->unix://localhost:2375][total available: 0; route allocated: 1 of 2147483647; total allocated: 1 of 2147483647]
19:04:59.246 [Test worker] DEBUG com.github.dockerjava.zerodep.shaded.org.apache.hc.client5.http.impl.io.PoolingHttpClientConnectionManager -- ex-00000013: acquired ep-00000012
19:04:59.246 [Test worker] DEBUG com.github.dockerjava.zerodep.shaded.org.apache.hc.client5.http.impl.classic.InternalHttpClient -- ex-00000013: acquired endpoint ep-00000012
19:04:59.246 [Test worker] DEBUG com.github.dockerjava.zerodep.shaded.org.apache.hc.client5.http.impl.classic.MainClientExec -- ex-00000013: executing GET /v1.32/images/sha256:f50a248ef92cdf254360e63219b285da7d84bd68423e6200182f0e1d0ee1603e/json HTTP/1.1
19:04:59.246 [Test worker] DEBUG com.github.dockerjava.zerodep.shaded.org.apache.hc.client5.http.impl.classic.InternalHttpClient -- ep-00000012: start execution ex-00000013
19:04:59.246 [Test worker] DEBUG com.github.dockerjava.zerodep.shaded.org.apache.hc.client5.http.impl.io.PoolingHttpClientConnectionManager -- ep-00000012: executing exchange ex-00000013 over http-outgoing-2
19:04:59.246 [Test worker] DEBUG com.github.dockerjava.zerodep.shaded.org.apache.hc.client5.http.headers -- http-outgoing-2 >> GET /v1.32/images/sha256:f50a248ef92cdf254360e63219b285da7d84bd68423e6200182f0e1d0ee1603e/json HTTP/1.1
19:04:59.246 [Test worker] DEBUG com.github.dockerjava.zerodep.shaded.org.apache.hc.client5.http.headers -- http-outgoing-2 >> accept: application/json
19:04:59.246 [Test worker] DEBUG com.github.dockerjava.zerodep.shaded.org.apache.hc.client5.http.headers -- http-outgoing-2 >> x-tc-sid: 1f399f0d-7ab6-47d2-bedc-41c5596e41f8
19:04:59.246 [Test worker] DEBUG com.github.dockerjava.zerodep.shaded.org.apache.hc.client5.http.headers -- http-outgoing-2 >> User-Agent: tc-java/1.19.1
19:04:59.246 [Test worker] DEBUG com.github.dockerjava.zerodep.shaded.org.apache.hc.client5.http.headers -- http-outgoing-2 >> Accept-Encoding: gzip, x-gzip, deflate
19:04:59.246 [Test worker] DEBUG com.github.dockerjava.zerodep.shaded.org.apache.hc.client5.http.headers -- http-outgoing-2 >> Host: localhost:2375
19:04:59.246 [Test worker] DEBUG com.github.dockerjava.zerodep.shaded.org.apache.hc.client5.http.headers -- http-outgoing-2 >> Connection: keep-alive
19:04:59.246 [Test worker] DEBUG com.github.dockerjava.zerodep.shaded.org.apache.hc.client5.http.wire -- http-outgoing-2 >> "GET /v1.32/images/sha256:f50a248ef92cdf254360e63219b285da7d84bd68423e6200182f0e1d0ee1603e/json HTTP/1.1[\r][\n]"
19:04:59.246 [Test worker] DEBUG com.github.dockerjava.zerodep.shaded.org.apache.hc.client5.http.wire -- http-outgoing-2 >> "accept: application/json[\r][\n]"
19:04:59.246 [Test worker] DEBUG com.github.dockerjava.zerodep.shaded.org.apache.hc.client5.http.wire -- http-outgoing-2 >> "x-tc-sid: 1f399f0d-7ab6-47d2-bedc-41c5596e41f8[\r][\n]"
19:04:59.246 [Test worker] DEBUG com.github.dockerjava.zerodep.shaded.org.apache.hc.client5.http.wire -- http-outgoing-2 >> "User-Agent: tc-java/1.19.1[\r][\n]"
19:04:59.246 [Test worker] DEBUG com.github.dockerjava.zerodep.shaded.org.apache.hc.client5.http.wire -- http-outgoing-2 >> "Accept-Encoding: gzip, x-gzip, deflate[\r][\n]"
19:04:59.246 [Test worker] DEBUG com.github.dockerjava.zerodep.shaded.org.apache.hc.client5.http.wire -- http-outgoing-2 >> "Host: localhost:2375[\r][\n]"
19:04:59.246 [Test worker] DEBUG com.github.dockerjava.zerodep.shaded.org.apache.hc.client5.http.wire -- http-outgoing-2 >> "Connection: keep-alive[\r][\n]"
19:04:59.246 [Test worker] DEBUG com.github.dockerjava.zerodep.shaded.org.apache.hc.client5.http.wire -- http-outgoing-2 >> "[\r][\n]"
19:04:59.249 [Test worker] DEBUG com.github.dockerjava.zerodep.shaded.org.apache.hc.client5.http.wire -- http-outgoing-2 << "HTTP/1.1 200 OK[\r][\n]"
19:04:59.249 [Test worker] DEBUG com.github.dockerjava.zerodep.shaded.org.apache.hc.client5.http.wire -- http-outgoing-2 << "Api-Version: 1.45[\r][\n]"
19:04:59.249 [Test worker] DEBUG com.github.dockerjava.zerodep.shaded.org.apache.hc.client5.http.wire -- http-outgoing-2 << "Content-Type: application/json[\r][\n]"
19:04:59.249 [Test worker] DEBUG com.github.dockerjava.zerodep.shaded.org.apache.hc.client5.http.wire -- http-outgoing-2 << "Date: Fri, 19 Jul 2024 13:34:59 GMT[\r][\n]"
19:04:59.249 [Test worker] DEBUG com.github.dockerjava.zerodep.shaded.org.apache.hc.client5.http.wire -- http-outgoing-2 << "Docker-Experimental: false[\r][\n]"
19:04:59.249 [Test worker] DEBUG com.github.dockerjava.zerodep.shaded.org.apache.hc.client5.http.wire -- http-outgoing-2 << "Ostype: linux[\r][\n]"
19:04:59.249 [Test worker] DEBUG com.github.dockerjava.zerodep.shaded.org.apache.hc.client5.http.wire -- http-outgoing-2 << "Server: Docker/26.1.4 (linux)[\r][\n]"
19:04:59.249 [Test worker] DEBUG com.github.dockerjava.zerodep.shaded.org.apache.hc.client5.http.wire -- http-outgoing-2 << "Transfer-Encoding: chunked[\r][\n]"
19:04:59.249 [Test worker] DEBUG com.github.dockerjava.zerodep.shaded.org.apache.hc.client5.http.wire -- http-outgoing-2 << "[\r][\n]"
19:04:59.249 [Test worker] DEBUG com.github.dockerjava.zerodep.shaded.org.apache.hc.client5.http.headers -- http-outgoing-2 << HTTP/1.1 200 OK
19:04:59.249 [Test worker] DEBUG com.github.dockerjava.zerodep.shaded.org.apache.hc.client5.http.headers -- http-outgoing-2 << Api-Version: 1.45
19:04:59.249 [Test worker] DEBUG com.github.dockerjava.zerodep.shaded.org.apache.hc.client5.http.headers -- http-outgoing-2 << Content-Type: application/json
19:04:59.249 [Test worker] DEBUG com.github.dockerjava.zerodep.shaded.org.apache.hc.client5.http.headers -- http-outgoing-2 << Date: Fri, 19 Jul 2024 13:34:59 GMT
19:04:59.249 [Test worker] DEBUG com.github.dockerjava.zerodep.shaded.org.apache.hc.client5.http.headers -- http-outgoing-2 << Docker-Experimental: false
19:04:59.249 [Test worker] DEBUG com.github.dockerjava.zerodep.shaded.org.apache.hc.client5.http.headers -- http-outgoing-2 << Ostype: linux
19:04:59.249 [Test worker] DEBUG com.github.dockerjava.zerodep.shaded.org.apache.hc.client5.http.headers -- http-outgoing-2 << Server: Docker/26.1.4 (linux)
19:04:59.249 [Test worker] DEBUG com.github.dockerjava.zerodep.shaded.org.apache.hc.client5.http.headers -- http-outgoing-2 << Transfer-Encoding: chunked
19:04:59.249 [Test worker] DEBUG com.github.dockerjava.zerodep.shaded.org.apache.hc.client5.http.impl.classic.MainClientExec -- ex-00000013: connection can be kept alive for 3 MINUTES
19:04:59.249 [Test worker] DEBUG com.github.dockerjava.zerodep.shaded.org.apache.hc.client5.http.wire -- http-outgoing-2 << "7d0[\r][\n]"
19:04:59.249 [Test worker] DEBUG com.github.dockerjava.zerodep.shaded.org.apache.hc.client5.http.wire -- http-outgoing-2 << "{"Id":"sha256:f50a248ef92cdf254360e63219b285da7d84bd68423e6200182f0e1d0ee1603e","RepoTags":["ghcr.io/goccy/bigquery-emulator:0.4.3"],"RepoDigests":["ghcr.io/goccy/bigquery-emulator@sha256:f50a248ef92cdf254360e63219b285da7d84bd68423e6200182f0e1d0ee1603e"],"Parent":"","Comment":"buildkit.dockerfile.v0","Created":"2023-07-21T15:08:08.574833292Z","ContainerConfig":{"Hostname":"","Domainname":"","User":"","AttachStdin":false,"AttachStdout":false,"AttachStderr":false,"Tty":false,"OpenStdin":false,"StdinOnce":false,"Env":null,"Cmd":null,"Image":"","Volumes":null,"WorkingDir":"","Entrypoint":null,"OnBuild":null,"Labels":null},"DockerVersion":"26.1.4","Author":"","Config":{"Hostname":"","Domainname":"","User":"","AttachStdin":false,"AttachStdout":false,"AttachStderr":false,"Tty":false,"OpenStdin":false,"StdinOnce":false,"Env":["PATH=/usr/local/sbin:/usr/local/bin:/usr/sbin:/usr/bin:/sbin:/bin"],"Cmd":null,"Image":"","Volumes":null,"WorkingDir":"/work","Entrypoint":["/bin/bigquery-emulator"],"OnBuild":null,"Labels":{"org.opencontainers.image.created":"2023-07-21T14:51:18.820Z","org.opencontainers.image.description":"BigQuery emulator server implemented in Go","org.opencontainers.image.licenses":"MIT","org.opencontainers.image.revision":"8ccde288d63846122e085433e0a03edfadba361c","org.opencontainers.image.source":"https://github.com/goccy/bigquery-emulator","org.opencontainers.image.title":"bigquery-emulator","org.opencontainers.image.url":"https://github.com/goccy/bigquery-emulator","org.opencontainers.image.version":"0.4.3"}},"Architecture":"amd64","Os":"linux","Size":79986921,"VirtualSize":79986921,"GraphDriver":{"Data":null,"Name":"overlayfs"},"RootFS":{"Type":"layers","Layers":["sha256:3dec696a3faa5c4e640ffcc75cdc563e6198d7386bf0872ada5d956f56119957","sha256:fce0ef4993e5a47c42b316fabf55bb77e74fc8c6daeffd69d31dab22211c3796","sha256:8706f254e077aabece03f5b7ce0ba8d5cf68cd3e9a93670552e7a432c8de426e"]},"Metadata":{"LastTagTime":"2024-07-16T06:42:58.457421383Z"},"Container":""}[\n]"
19:04:59.249 [Test worker] DEBUG com.github.dockerjava.zerodep.shaded.org.apache.hc.client5.http.wire -- http-outgoing-2 << "[\r][\n]"
19:04:59.249 [Test worker] DEBUG com.github.dockerjava.zerodep.shaded.org.apache.hc.client5.http.wire -- http-outgoing-2 << "0[\r][\n]"
19:04:59.249 [Test worker] DEBUG com.github.dockerjava.zerodep.shaded.org.apache.hc.client5.http.wire -- http-outgoing-2 << "[\r][\n]"
19:04:59.250 [Test worker] DEBUG com.github.dockerjava.zerodep.shaded.org.apache.hc.client5.http.impl.classic.InternalHttpClient -- ep-00000012: releasing valid endpoint
19:04:59.250 [Test worker] DEBUG com.github.dockerjava.zerodep.shaded.org.apache.hc.client5.http.impl.io.PoolingHttpClientConnectionManager -- ep-00000012: releasing endpoint
19:04:59.250 [Test worker] DEBUG com.github.dockerjava.zerodep.shaded.org.apache.hc.client5.http.impl.io.PoolingHttpClientConnectionManager -- ep-00000012: connection http-outgoing-2 can be kept alive for 3 MINUTES
19:04:59.250 [Test worker] DEBUG com.github.dockerjava.zerodep.shaded.org.apache.hc.client5.http.impl.io.PoolingHttpClientConnectionManager -- ep-00000012: connection released [route: {}->unix://localhost:2375][total available: 1; route allocated: 1 of 2147483647; total allocated: 1 of 2147483647]
19:04:59.250 [Test worker] DEBUG org.testcontainers.shaded.com.github.dockerjava.core.command.AbstrDockerCmd -- Cmd: 
19:04:59.250 [Test worker] DEBUG com.github.dockerjava.zerodep.shaded.org.apache.hc.client5.http.impl.classic.InternalHttpClient -- ex-00000014: preparing request execution
19:04:59.250 [Test worker] DEBUG com.github.dockerjava.zerodep.shaded.org.apache.hc.client5.http.protocol.RequestAddCookies -- Cookie spec selected: strict
19:04:59.250 [Test worker] DEBUG com.github.dockerjava.zerodep.shaded.org.apache.hc.client5.http.protocol.RequestAuthCache -- Auth cache not set in the context
19:04:59.250 [Test worker] DEBUG com.github.dockerjava.zerodep.shaded.org.apache.hc.client5.http.impl.classic.ProtocolExec -- ex-00000014: target auth state: UNCHALLENGED
19:04:59.250 [Test worker] DEBUG com.github.dockerjava.zerodep.shaded.org.apache.hc.client5.http.impl.classic.ProtocolExec -- ex-00000014: proxy auth state: UNCHALLENGED
19:04:59.250 [Test worker] DEBUG com.github.dockerjava.zerodep.shaded.org.apache.hc.client5.http.impl.classic.ConnectExec -- ex-00000014: acquiring connection with route {}->unix://localhost:2375
19:04:59.250 [Test worker] DEBUG com.github.dockerjava.zerodep.shaded.org.apache.hc.client5.http.impl.classic.InternalHttpClient -- ex-00000014: acquiring endpoint (3 MINUTES)
19:04:59.250 [Test worker] DEBUG com.github.dockerjava.zerodep.shaded.org.apache.hc.client5.http.impl.io.PoolingHttpClientConnectionManager -- ex-00000014: endpoint lease request (3 MINUTES) [route: {}->unix://localhost:2375][total available: 1; route allocated: 1 of 2147483647; total allocated: 1 of 2147483647]
19:04:59.250 [Test worker] DEBUG com.github.dockerjava.zerodep.shaded.org.apache.hc.client5.http.impl.io.PoolingHttpClientConnectionManager -- ex-00000014: endpoint leased [route: {}->unix://localhost:2375][total available: 0; route allocated: 1 of 2147483647; total allocated: 1 of 2147483647]
19:04:59.250 [Test worker] DEBUG com.github.dockerjava.zerodep.shaded.org.apache.hc.client5.http.impl.io.PoolingHttpClientConnectionManager -- ex-00000014: acquired ep-00000013
19:04:59.250 [Test worker] DEBUG com.github.dockerjava.zerodep.shaded.org.apache.hc.client5.http.impl.classic.InternalHttpClient -- ex-00000014: acquired endpoint ep-00000013
19:04:59.251 [Test worker] DEBUG com.github.dockerjava.zerodep.shaded.org.apache.hc.client5.http.impl.classic.MainClientExec -- ex-00000014: executing GET /v1.32/version HTTP/1.1
19:04:59.251 [Test worker] DEBUG com.github.dockerjava.zerodep.shaded.org.apache.hc.client5.http.impl.classic.InternalHttpClient -- ep-00000013: start execution ex-00000014
19:04:59.251 [Test worker] DEBUG com.github.dockerjava.zerodep.shaded.org.apache.hc.client5.http.impl.io.PoolingHttpClientConnectionManager -- ep-00000013: executing exchange ex-00000014 over http-outgoing-2
19:04:59.251 [Test worker] DEBUG com.github.dockerjava.zerodep.shaded.org.apache.hc.client5.http.headers -- http-outgoing-2 >> GET /v1.32/version HTTP/1.1
19:04:59.251 [Test worker] DEBUG com.github.dockerjava.zerodep.shaded.org.apache.hc.client5.http.headers -- http-outgoing-2 >> accept: application/json
19:04:59.251 [Test worker] DEBUG com.github.dockerjava.zerodep.shaded.org.apache.hc.client5.http.headers -- http-outgoing-2 >> x-tc-sid: 1f399f0d-7ab6-47d2-bedc-41c5596e41f8
19:04:59.251 [Test worker] DEBUG com.github.dockerjava.zerodep.shaded.org.apache.hc.client5.http.headers -- http-outgoing-2 >> User-Agent: tc-java/1.19.1
19:04:59.251 [Test worker] DEBUG com.github.dockerjava.zerodep.shaded.org.apache.hc.client5.http.headers -- http-outgoing-2 >> Accept-Encoding: gzip, x-gzip, deflate
19:04:59.251 [Test worker] DEBUG com.github.dockerjava.zerodep.shaded.org.apache.hc.client5.http.headers -- http-outgoing-2 >> Host: localhost:2375
19:04:59.251 [Test worker] DEBUG com.github.dockerjava.zerodep.shaded.org.apache.hc.client5.http.headers -- http-outgoing-2 >> Connection: keep-alive
19:04:59.251 [Test worker] DEBUG com.github.dockerjava.zerodep.shaded.org.apache.hc.client5.http.wire -- http-outgoing-2 >> "GET /v1.32/version HTTP/1.1[\r][\n]"
19:04:59.251 [Test worker] DEBUG com.github.dockerjava.zerodep.shaded.org.apache.hc.client5.http.wire -- http-outgoing-2 >> "accept: application/json[\r][\n]"
19:04:59.251 [Test worker] DEBUG com.github.dockerjava.zerodep.shaded.org.apache.hc.client5.http.wire -- http-outgoing-2 >> "x-tc-sid: 1f399f0d-7ab6-47d2-bedc-41c5596e41f8[\r][\n]"
19:04:59.251 [Test worker] DEBUG com.github.dockerjava.zerodep.shaded.org.apache.hc.client5.http.wire -- http-outgoing-2 >> "User-Agent: tc-java/1.19.1[\r][\n]"
19:04:59.251 [Test worker] DEBUG com.github.dockerjava.zerodep.shaded.org.apache.hc.client5.http.wire -- http-outgoing-2 >> "Accept-Encoding: gzip, x-gzip, deflate[\r][\n]"
19:04:59.251 [Test worker] DEBUG com.github.dockerjava.zerodep.shaded.org.apache.hc.client5.http.wire -- http-outgoing-2 >> "Host: localhost:2375[\r][\n]"
19:04:59.251 [Test worker] DEBUG com.github.dockerjava.zerodep.shaded.org.apache.hc.client5.http.wire -- http-outgoing-2 >> "Connection: keep-alive[\r][\n]"
19:04:59.251 [Test worker] DEBUG com.github.dockerjava.zerodep.shaded.org.apache.hc.client5.http.wire -- http-outgoing-2 >> "[\r][\n]"
19:04:59.254 [Test worker] DEBUG com.github.dockerjava.zerodep.shaded.org.apache.hc.client5.http.wire -- http-outgoing-2 << "HTTP/1.1 200 OK[\r][\n]"
19:04:59.254 [Test worker] DEBUG com.github.dockerjava.zerodep.shaded.org.apache.hc.client5.http.wire -- http-outgoing-2 << "Api-Version: 1.45[\r][\n]"
19:04:59.254 [Test worker] DEBUG com.github.dockerjava.zerodep.shaded.org.apache.hc.client5.http.wire -- http-outgoing-2 << "Content-Type: application/json[\r][\n]"
19:04:59.254 [Test worker] DEBUG com.github.dockerjava.zerodep.shaded.org.apache.hc.client5.http.wire -- http-outgoing-2 << "Date: Fri, 19 Jul 2024 13:34:59 GMT[\r][\n]"
19:04:59.254 [Test worker] DEBUG com.github.dockerjava.zerodep.shaded.org.apache.hc.client5.http.wire -- http-outgoing-2 << "Docker-Experimental: false[\r][\n]"
19:04:59.254 [Test worker] DEBUG com.github.dockerjava.zerodep.shaded.org.apache.hc.client5.http.wire -- http-outgoing-2 << "Ostype: linux[\r][\n]"
19:04:59.254 [Test worker] DEBUG com.github.dockerjava.zerodep.shaded.org.apache.hc.client5.http.wire -- http-outgoing-2 << "Server: Docker/26.1.4 (linux)[\r][\n]"
19:04:59.254 [Test worker] DEBUG com.github.dockerjava.zerodep.shaded.org.apache.hc.client5.http.wire -- http-outgoing-2 << "Transfer-Encoding: chunked[\r][\n]"
19:04:59.254 [Test worker] DEBUG com.github.dockerjava.zerodep.shaded.org.apache.hc.client5.http.wire -- http-outgoing-2 << "[\r][\n]"
19:04:59.254 [Test worker] DEBUG com.github.dockerjava.zerodep.shaded.org.apache.hc.client5.http.headers -- http-outgoing-2 << HTTP/1.1 200 OK
19:04:59.254 [Test worker] DEBUG com.github.dockerjava.zerodep.shaded.org.apache.hc.client5.http.headers -- http-outgoing-2 << Api-Version: 1.45
19:04:59.254 [Test worker] DEBUG com.github.dockerjava.zerodep.shaded.org.apache.hc.client5.http.headers -- http-outgoing-2 << Content-Type: application/json
19:04:59.254 [Test worker] DEBUG com.github.dockerjava.zerodep.shaded.org.apache.hc.client5.http.headers -- http-outgoing-2 << Date: Fri, 19 Jul 2024 13:34:59 GMT
19:04:59.254 [Test worker] DEBUG com.github.dockerjava.zerodep.shaded.org.apache.hc.client5.http.headers -- http-outgoing-2 << Docker-Experimental: false
19:04:59.254 [Test worker] DEBUG com.github.dockerjava.zerodep.shaded.org.apache.hc.client5.http.headers -- http-outgoing-2 << Ostype: linux
19:04:59.254 [Test worker] DEBUG com.github.dockerjava.zerodep.shaded.org.apache.hc.client5.http.headers -- http-outgoing-2 << Server: Docker/26.1.4 (linux)
19:04:59.254 [Test worker] DEBUG com.github.dockerjava.zerodep.shaded.org.apache.hc.client5.http.headers -- http-outgoing-2 << Transfer-Encoding: chunked
19:04:59.254 [Test worker] DEBUG com.github.dockerjava.zerodep.shaded.org.apache.hc.client5.http.impl.classic.MainClientExec -- ex-00000014: connection can be kept alive for 3 MINUTES
19:04:59.255 [Test worker] DEBUG com.github.dockerjava.zerodep.shaded.org.apache.hc.client5.http.wire -- http-outgoing-2 << "33b[\r][\n]"
19:04:59.255 [Test worker] DEBUG com.github.dockerjava.zerodep.shaded.org.apache.hc.client5.http.wire -- http-outgoing-2 << "{"Platform":{"Name":"Docker Desktop 4.31.0 (153195)"},"Components":[{"Name":"Engine","Version":"26.1.4","Details":{"ApiVersion":"1.45","Arch":"arm64","BuildTime":"2024-06-05T11:29:12.000000000+00:00","Experimental":"false","GitCommit":"de5c9cf","GoVersion":"go1.21.11","KernelVersion":"6.6.31-linuxkit","MinAPIVersion":"1.24","Os":"linux"}},{"Name":"containerd","Version":"1.6.33","Details":{"GitCommit":"d2d58213f83a351ca8f528a95fbd145f5654e957"}},{"Name":"runc","Version":"1.1.12","Details":{"GitCommit":"v1.1.12-0-g51d5e94"}},{"Name":"docker-init","Version":"0.19.0","Details":{"GitCommit":"de40ad0"}}],"Version":"26.1.4","ApiVersion":"1.45","MinAPIVersion":"1.24","GitCommit":"de5c9cf","GoVersion":"go1.21.11","Os":"linux","Arch":"arm64","KernelVersion":"6.6.31-linuxkit","BuildTime":"2024-06-05T11:29:12.000000000+00:00"}[\n]"
19:04:59.255 [Test worker] DEBUG com.github.dockerjava.zerodep.shaded.org.apache.hc.client5.http.wire -- http-outgoing-2 << "[\r][\n]"
19:04:59.255 [Test worker] DEBUG com.github.dockerjava.zerodep.shaded.org.apache.hc.client5.http.wire -- http-outgoing-2 << "0[\r][\n]"
19:04:59.255 [Test worker] DEBUG com.github.dockerjava.zerodep.shaded.org.apache.hc.client5.http.wire -- http-outgoing-2 << "[\r][\n]"
19:04:59.255 [Test worker] DEBUG com.github.dockerjava.zerodep.shaded.org.apache.hc.client5.http.impl.classic.InternalHttpClient -- ep-00000013: releasing valid endpoint
19:04:59.256 [Test worker] DEBUG com.github.dockerjava.zerodep.shaded.org.apache.hc.client5.http.impl.io.PoolingHttpClientConnectionManager -- ep-00000013: releasing endpoint
19:04:59.256 [Test worker] DEBUG com.github.dockerjava.zerodep.shaded.org.apache.hc.client5.http.impl.io.PoolingHttpClientConnectionManager -- ep-00000013: connection http-outgoing-2 can be kept alive for 3 MINUTES
19:04:59.256 [Test worker] DEBUG com.github.dockerjava.zerodep.shaded.org.apache.hc.client5.http.impl.io.PoolingHttpClientConnectionManager -- ep-00000013: connection released [route: {}->unix://localhost:2375][total available: 1; route allocated: 1 of 2147483647; total allocated: 1 of 2147483647]
19:04:59.256 [Test worker] WARN tc.ghcr.io/goccy/bigquery-emulator:0.4.3 -- The architecture 'amd64' for image 'ghcr.io/goccy/bigquery-emulator:0.4.3' (ID sha256:f50a248ef92cdf254360e63219b285da7d84bd68423e6200182f0e1d0ee1603e) does not match the Docker server architecture 'arm64'. This will cause the container to execute much more slowly due to emulation and may lead to timeout failures.
19:04:59.259 [testcontainers-wait-0] DEBUG org.testcontainers.containers.ExecInContainerPattern -- /awesome_goldstine: Running "exec" command: /bin/sh -c while true; do ( true  &&  (grep -i ':0*2364' /proc/net/tcp* || nc -vz -w 1 localhost 9060 || /bin/bash -c '</dev/tcp/localhost/9060') &&  (grep -i ':0*235a' /proc/net/tcp* || nc -vz -w 1 localhost 9050 || /bin/bash -c '</dev/tcp/localhost/9050') ) && exit 0 || sleep 0.1; done
19:04:59.259 [testcontainers-wait-1] DEBUG org.testcontainers.shaded.com.github.dockerjava.core.command.AbstrDockerCmd -- Cmd: ef610d412c9e9229a594efcb542c3435b562e394ed46d3b0b80c19f73ef4a156,false
19:04:59.259 [testcontainers-wait-1] DEBUG org.testcontainers.shaded.com.github.dockerjava.core.exec.InspectContainerCmdExec -- GET: DefaultWebTarget{path=[/containers/ef610d412c9e9229a594efcb542c3435b562e394ed46d3b0b80c19f73ef4a156/json], queryParams={}}
19:04:59.259 [testcontainers-wait-1] DEBUG com.github.dockerjava.zerodep.shaded.org.apache.hc.client5.http.impl.classic.InternalHttpClient -- ex-00000015: preparing request execution
19:04:59.259 [testcontainers-wait-1] DEBUG com.github.dockerjava.zerodep.shaded.org.apache.hc.client5.http.protocol.RequestAddCookies -- Cookie spec selected: strict
19:04:59.260 [testcontainers-wait-1] DEBUG com.github.dockerjava.zerodep.shaded.org.apache.hc.client5.http.protocol.RequestAuthCache -- Auth cache not set in the context
19:04:59.260 [testcontainers-wait-1] DEBUG com.github.dockerjava.zerodep.shaded.org.apache.hc.client5.http.impl.classic.ProtocolExec -- ex-00000015: target auth state: UNCHALLENGED
19:04:59.260 [testcontainers-wait-1] DEBUG com.github.dockerjava.zerodep.shaded.org.apache.hc.client5.http.impl.classic.ProtocolExec -- ex-00000015: proxy auth state: UNCHALLENGED
19:04:59.260 [testcontainers-wait-1] DEBUG com.github.dockerjava.zerodep.shaded.org.apache.hc.client5.http.impl.classic.ConnectExec -- ex-00000015: acquiring connection with route {}->unix://localhost:2375
19:04:59.260 [testcontainers-wait-1] DEBUG com.github.dockerjava.zerodep.shaded.org.apache.hc.client5.http.impl.classic.InternalHttpClient -- ex-00000015: acquiring endpoint (3 MINUTES)
19:04:59.260 [testcontainers-wait-1] DEBUG com.github.dockerjava.zerodep.shaded.org.apache.hc.client5.http.impl.io.PoolingHttpClientConnectionManager -- ex-00000015: endpoint lease request (3 MINUTES) [route: {}->unix://localhost:2375][total available: 1; route allocated: 1 of 2147483647; total allocated: 1 of 2147483647]
19:04:59.260 [testcontainers-wait-1] DEBUG com.github.dockerjava.zerodep.shaded.org.apache.hc.client5.http.impl.io.PoolingHttpClientConnectionManager -- ex-00000015: endpoint leased [route: {}->unix://localhost:2375][total available: 0; route allocated: 1 of 2147483647; total allocated: 1 of 2147483647]
19:04:59.260 [testcontainers-wait-1] DEBUG com.github.dockerjava.zerodep.shaded.org.apache.hc.client5.http.impl.io.PoolingHttpClientConnectionManager -- ex-00000015: acquired ep-00000014
19:04:59.260 [testcontainers-wait-1] DEBUG com.github.dockerjava.zerodep.shaded.org.apache.hc.client5.http.impl.classic.InternalHttpClient -- ex-00000015: acquired endpoint ep-00000014
19:04:59.260 [testcontainers-wait-1] DEBUG com.github.dockerjava.zerodep.shaded.org.apache.hc.client5.http.impl.classic.MainClientExec -- ex-00000015: executing GET /v1.32/containers/ef610d412c9e9229a594efcb542c3435b562e394ed46d3b0b80c19f73ef4a156/json HTTP/1.1
19:04:59.260 [testcontainers-wait-1] DEBUG com.github.dockerjava.zerodep.shaded.org.apache.hc.client5.http.impl.classic.InternalHttpClient -- ep-00000014: start execution ex-00000015
19:04:59.260 [testcontainers-wait-1] DEBUG com.github.dockerjava.zerodep.shaded.org.apache.hc.client5.http.impl.io.PoolingHttpClientConnectionManager -- ep-00000014: executing exchange ex-00000015 over http-outgoing-2
19:04:59.260 [testcontainers-wait-1] DEBUG com.github.dockerjava.zerodep.shaded.org.apache.hc.client5.http.headers -- http-outgoing-2 >> GET /v1.32/containers/ef610d412c9e9229a594efcb542c3435b562e394ed46d3b0b80c19f73ef4a156/json HTTP/1.1
19:04:59.260 [testcontainers-wait-1] DEBUG com.github.dockerjava.zerodep.shaded.org.apache.hc.client5.http.headers -- http-outgoing-2 >> accept: application/json
19:04:59.260 [testcontainers-wait-1] DEBUG com.github.dockerjava.zerodep.shaded.org.apache.hc.client5.http.headers -- http-outgoing-2 >> x-tc-sid: 1f399f0d-7ab6-47d2-bedc-41c5596e41f8
19:04:59.260 [testcontainers-wait-1] DEBUG com.github.dockerjava.zerodep.shaded.org.apache.hc.client5.http.headers -- http-outgoing-2 >> User-Agent: tc-java/1.19.1
19:04:59.260 [testcontainers-wait-1] DEBUG com.github.dockerjava.zerodep.shaded.org.apache.hc.client5.http.headers -- http-outgoing-2 >> Accept-Encoding: gzip, x-gzip, deflate
19:04:59.260 [testcontainers-wait-1] DEBUG com.github.dockerjava.zerodep.shaded.org.apache.hc.client5.http.headers -- http-outgoing-2 >> Host: localhost:2375
19:04:59.260 [testcontainers-wait-1] DEBUG com.github.dockerjava.zerodep.shaded.org.apache.hc.client5.http.headers -- http-outgoing-2 >> Connection: keep-alive
19:04:59.260 [testcontainers-wait-1] DEBUG com.github.dockerjava.zerodep.shaded.org.apache.hc.client5.http.wire -- http-outgoing-2 >> "GET /v1.32/containers/ef610d412c9e9229a594efcb542c3435b562e394ed46d3b0b80c19f73ef4a156/json HTTP/1.1[\r][\n]"
19:04:59.260 [testcontainers-wait-1] DEBUG com.github.dockerjava.zerodep.shaded.org.apache.hc.client5.http.wire -- http-outgoing-2 >> "accept: application/json[\r][\n]"
19:04:59.260 [testcontainers-wait-1] DEBUG com.github.dockerjava.zerodep.shaded.org.apache.hc.client5.http.wire -- http-outgoing-2 >> "x-tc-sid: 1f399f0d-7ab6-47d2-bedc-41c5596e41f8[\r][\n]"
19:04:59.260 [testcontainers-wait-1] DEBUG com.github.dockerjava.zerodep.shaded.org.apache.hc.client5.http.wire -- http-outgoing-2 >> "User-Agent: tc-java/1.19.1[\r][\n]"
19:04:59.260 [testcontainers-wait-1] DEBUG com.github.dockerjava.zerodep.shaded.org.apache.hc.client5.http.wire -- http-outgoing-2 >> "Accept-Encoding: gzip, x-gzip, deflate[\r][\n]"
19:04:59.260 [testcontainers-wait-1] DEBUG com.github.dockerjava.zerodep.shaded.org.apache.hc.client5.http.wire -- http-outgoing-2 >> "Host: localhost:2375[\r][\n]"
19:04:59.260 [testcontainers-wait-1] DEBUG com.github.dockerjava.zerodep.shaded.org.apache.hc.client5.http.wire -- http-outgoing-2 >> "Connection: keep-alive[\r][\n]"
19:04:59.260 [testcontainers-wait-1] DEBUG com.github.dockerjava.zerodep.shaded.org.apache.hc.client5.http.wire -- http-outgoing-2 >> "[\r][\n]"
19:04:59.260 [testcontainers-wait-0] DEBUG org.testcontainers.shaded.com.github.dockerjava.core.command.AbstrDockerCmd -- Cmd: true,<null>,true,{/bin/sh,-c,while true; do ( true  &&  (grep -i ':0*2364' /proc/net/tcp* || nc -vz -w 1 localhost 9060 || /bin/bash -c '</dev/tcp/localhost/9060') &&  (grep -i ':0*235a' /proc/net/tcp* || nc -vz -w 1 localhost 9050 || /bin/bash -c '</dev/tcp/localhost/9050') ) && exit 0 || sleep 0.1; done},ef610d412c9e9229a594efcb542c3435b562e394ed46d3b0b80c19f73ef4a156,<null>,<null>,<null>,<null>,<null>
19:04:59.262 [testcontainers-wait-1] DEBUG com.github.dockerjava.zerodep.shaded.org.apache.hc.client5.http.wire -- http-outgoing-2 << "HTTP/1.1 200 OK[\r][\n]"
19:04:59.262 [testcontainers-wait-1] DEBUG com.github.dockerjava.zerodep.shaded.org.apache.hc.client5.http.wire -- http-outgoing-2 << "Api-Version: 1.45[\r][\n]"
19:04:59.262 [testcontainers-wait-1] DEBUG com.github.dockerjava.zerodep.shaded.org.apache.hc.client5.http.wire -- http-outgoing-2 << "Content-Type: application/json[\r][\n]"
19:04:59.262 [testcontainers-wait-1] DEBUG com.github.dockerjava.zerodep.shaded.org.apache.hc.client5.http.wire -- http-outgoing-2 << "Date: Fri, 19 Jul 2024 13:34:59 GMT[\r][\n]"
19:04:59.262 [testcontainers-wait-1] DEBUG com.github.dockerjava.zerodep.shaded.org.apache.hc.client5.http.wire -- http-outgoing-2 << "Docker-Experimental: false[\r][\n]"
19:04:59.262 [testcontainers-wait-1] DEBUG com.github.dockerjava.zerodep.shaded.org.apache.hc.client5.http.wire -- http-outgoing-2 << "Ostype: linux[\r][\n]"
19:04:59.262 [testcontainers-wait-1] DEBUG com.github.dockerjava.zerodep.shaded.org.apache.hc.client5.http.wire -- http-outgoing-2 << "Server: Docker/26.1.4 (linux)[\r][\n]"
19:04:59.262 [testcontainers-wait-1] DEBUG com.github.dockerjava.zerodep.shaded.org.apache.hc.client5.http.wire -- http-outgoing-2 << "Transfer-Encoding: chunked[\r][\n]"
19:04:59.262 [testcontainers-wait-1] DEBUG com.github.dockerjava.zerodep.shaded.org.apache.hc.client5.http.wire -- http-outgoing-2 << "[\r][\n]"
19:04:59.262 [testcontainers-wait-1] DEBUG com.github.dockerjava.zerodep.shaded.org.apache.hc.client5.http.headers -- http-outgoing-2 << HTTP/1.1 200 OK
19:04:59.262 [testcontainers-wait-1] DEBUG com.github.dockerjava.zerodep.shaded.org.apache.hc.client5.http.headers -- http-outgoing-2 << Api-Version: 1.45
19:04:59.262 [testcontainers-wait-1] DEBUG com.github.dockerjava.zerodep.shaded.org.apache.hc.client5.http.headers -- http-outgoing-2 << Content-Type: application/json
19:04:59.262 [testcontainers-wait-1] DEBUG com.github.dockerjava.zerodep.shaded.org.apache.hc.client5.http.headers -- http-outgoing-2 << Date: Fri, 19 Jul 2024 13:34:59 GMT
19:04:59.262 [testcontainers-wait-1] DEBUG com.github.dockerjava.zerodep.shaded.org.apache.hc.client5.http.headers -- http-outgoing-2 << Docker-Experimental: false
19:04:59.262 [testcontainers-wait-1] DEBUG com.github.dockerjava.zerodep.shaded.org.apache.hc.client5.http.headers -- http-outgoing-2 << Ostype: linux
19:04:59.262 [testcontainers-wait-1] DEBUG com.github.dockerjava.zerodep.shaded.org.apache.hc.client5.http.headers -- http-outgoing-2 << Server: Docker/26.1.4 (linux)
19:04:59.262 [testcontainers-wait-1] DEBUG com.github.dockerjava.zerodep.shaded.org.apache.hc.client5.http.headers -- http-outgoing-2 << Transfer-Encoding: chunked
19:04:59.262 [testcontainers-wait-1] DEBUG com.github.dockerjava.zerodep.shaded.org.apache.hc.client5.http.impl.classic.MainClientExec -- ex-00000015: connection can be kept alive for 3 MINUTES
19:04:59.262 [testcontainers-wait-0] DEBUG com.github.dockerjava.zerodep.shaded.org.apache.hc.client5.http.impl.classic.InternalHttpClient -- ex-00000016: preparing request execution
19:04:59.262 [testcontainers-wait-1] DEBUG com.github.dockerjava.zerodep.shaded.org.apache.hc.client5.http.wire -- http-outgoing-2 << "13c5[\r][\n]"
19:04:59.262 [testcontainers-wait-0] DEBUG com.github.dockerjava.zerodep.shaded.org.apache.hc.client5.http.protocol.RequestAddCookies -- Cookie spec selected: strict
19:04:59.262 [testcontainers-wait-0] DEBUG com.github.dockerjava.zerodep.shaded.org.apache.hc.client5.http.protocol.RequestAuthCache -- Auth cache not set in the context
19:04:59.262 [testcontainers-wait-0] DEBUG com.github.dockerjava.zerodep.shaded.org.apache.hc.client5.http.impl.classic.ProtocolExec -- ex-00000016: target auth state: UNCHALLENGED
19:04:59.262 [testcontainers-wait-0] DEBUG com.github.dockerjava.zerodep.shaded.org.apache.hc.client5.http.impl.classic.ProtocolExec -- ex-00000016: proxy auth state: UNCHALLENGED
19:04:59.262 [testcontainers-wait-0] DEBUG com.github.dockerjava.zerodep.shaded.org.apache.hc.client5.http.impl.classic.ConnectExec -- ex-00000016: acquiring connection with route {}->unix://localhost:2375
19:04:59.262 [testcontainers-wait-0] DEBUG com.github.dockerjava.zerodep.shaded.org.apache.hc.client5.http.impl.classic.InternalHttpClient -- ex-00000016: acquiring endpoint (3 MINUTES)
19:04:59.262 [testcontainers-wait-1] DEBUG com.github.dockerjava.zerodep.shaded.org.apache.hc.client5.http.wire -- http-outgoing-2 << "{"Id":"ef610d412c9e9229a594efcb542c3435b562e394ed46d3b0b80c19f73ef4a156","Created":"2024-07-19T13:34:59.111540631Z","Path":"/bin/bigquery-emulator","Args":["--project","test-project"],"State":{"Status":"running","Running":true,"Paused":false,"Restarting":false,"OOMKilled":false,"Dead":false,"Pid":831,"ExitCode":0,"Error":"","StartedAt":"2024-07-19T13:34:59.235282589Z","FinishedAt":"0001-01-01T00:00:00Z"},"Image":"sha256:f50a248ef92cdf254360e63219b285da7d84bd68423e6200182f0e1d0ee1603e","ResolvConfPath":"/var/lib/docker/containers/ef610d412c9e9229a594efcb542c3435b562e394ed46d3b0b80c19f73ef4a156/resolv.conf","HostnamePath":"/var/lib/docker/containers/ef610d412c9e9229a594efcb542c3435b562e394ed46d3b0b80c19f73ef4a156/hostname","HostsPath":"/var/lib/docker/containers/ef610d412c9e9229a594efcb542c3435b562e394ed46d3b0b80c19f73ef4a156/hosts","LogPath":"/var/lib/docker/containers/ef610d412c9e9229a594efcb542c3435b562e394ed46d3b0b80c19f73ef4a156/ef610d412c9e9229a594efcb542c3435b562e394ed46d3b0b80c19f73ef4a156-json.log","Name":"/awesome_goldstine","RestartCount":0,"Driver":"overlayfs","Platform":"linux","MountLabel":"","ProcessLabel":"","AppArmorProfile":"","ExecIDs":null,"HostConfig":{"Binds":[],"ContainerIDFile":"","LogConfig":{"Type":"json-file","Config":{}},"NetworkMode":"bridge","PortBindings":{"9050/tcp":[{"HostIp":"0.0.0.0","HostPort":"0"}],"9060/tcp":[{"HostIp":"0.0.0.0","HostPort":"0"}]},"RestartPolicy":{"Name":"no","MaximumRetryCount":0},"AutoRemove":false,"VolumeDriver":"","VolumesFrom":[],"ConsoleSize":[0,0],"CapAdd":null,"CapDrop":null,"CgroupnsMode":"private","Dns":null,"DnsOptions":null,"DnsSearch":null,"ExtraHosts":[],"GroupAdd":null,"IpcMode":"shareable","Cgroup":"","Links":null,"OomScoreAdj":0,"PidMode":"","Privileged":false,"PublishAllPorts":false,"ReadonlyRootfs":false,"SecurityOpt":null,"UTSMode":"","UsernsMode":"","ShmSize":67108864,"Runtime":"runc","Isolation":"","CpuShares":0,"Memory":0,"NanoCpus":0,"CgroupParent":"","BlkioWeight":0,"BlkioWeightDevice":null,"BlkioDeviceReadBps":null,"BlkioDeviceWriteBps":null,"BlkioDeviceReadIOps":null,"BlkioDeviceWriteIOps":null,"CpuPeriod":0,"CpuQuota":0,"CpuRealtimePeriod":0,"CpuRealtimeRuntime":0,"CpusetCpus":"","CpusetMems":"","Devices":null,"DeviceCgroupRules":null,"DeviceRequests":null,"MemoryReservation":0,"MemorySwap":0,"MemorySwappiness":null,"OomKillDisable":null,"PidsLimit":null,"Ulimits":null,"CpuCount":0,"CpuPercent":0,"IOMaximumIOps":0,"IOMaximumBandwidth":0,"MaskedPaths":["/proc/asound","/proc/acpi","/proc/kcore","/proc/keys","/proc/latency_stats","/proc/timer_list","/proc/timer_stats","/proc/sched_debug","/proc/scsi","/sys/firmware","/sys/devices/virtual/powercap"],"ReadonlyPaths":["/proc/bus","/proc/fs","/proc/irq","/proc/sys","/proc/sysrq-trigger"]},"GraphDriver":{"Data":null,"Name":"overlayfs"},"Mounts":[],"Config":{"Hostname":"ef610d412c9e","Domainname":"","User":"","AttachStdin":false,"AttachStdout":false,"AttachStderr":false,"ExposedPorts":{"9050/tcp":{},"9060/tcp":{}},"Tty":false,"OpenStdin":false,"StdinOnce":false,"Env":["PATH=/usr/local/sbin:/usr/local/bin:/usr/sbin:/usr/bin:/sbin:/bin"],"Cmd":["--project","test-project"],"Image":"ghcr.io/goccy/bigquery-emulator:0.4.3","Volumes":null,"WorkingDir":"/work","Entrypoint":["/bin/bigquery-emulator"],"OnBuild":null,"Labels":{"org.opencontainers.image.created":"2023-07-21T14:51:18.820Z","org.opencontainers.image.description":"BigQuery emulator server implemented in Go","org.opencontainers.image.licenses":"MIT","org.opencontainers.image.revision":"8ccde288d63846122e085433e0a03edfadba361c","org.opencontainers.image.source":"https://github.com/goccy/bigquery-emulator","org.opencontainers.image.title":"bigquery-emulator","org.opencontainers.image.url":"https://github.com/goccy/bigquery-emulator","org.opencontainers.image.version":"0.4.3","org.testcontainers":"true","org.testcontainers.lang":"java","org.testcontainers.sessionId":"1f399f0d-7ab6-47d2-bedc-41c5596e41f8","org.testcontainers.version":"1.19.1"}},"NetworkSettings":{"Bridge":"","SandboxID":"fb9b30bd9704e627fc98bdb40a396ed1f1a2d64d528409273a21b5052cf5acd0","SandboxKey":"/var/run/docker/netns/fb9b30bd9704","Ports":{"9050/tcp":[{"HostIp":"0.0.0.0","HostPort":"51899"}],"9060/tcp":[{"HostIp":"0.0.0.0","HostPort":"51900"}]},"HairpinMode":false,"LinkLocalIPv6Address":"","LinkLocalIPv6PrefixLen":0,"SecondaryIPAddresses":null,"SecondaryIPv6Addresses":null,"EndpointID":"3cf0f9ce9a2426847178f7342dfb34ccb6110b5f4bc3e9b50123b85339db11d4","Gateway":"172.17.0.1","GlobalIPv6Address":"","GlobalIPv6PrefixLen":0,"IPAddress":"172.17.0.4","IPPrefixLen":16,"IPv6Gateway":"","MacAddress":"02:42:ac:11:00:04","Networks":{"bridge":{"IPAMConfig":null,"Links":null,"Aliases":null,"MacAddress":"02:42:ac:11:00:04","NetworkID":"6597fbf552950be6f220968cb666ea531543e39c5aade731fc74e0128f875331","EndpointID":"3cf0f9ce9a2426847178f7342dfb34ccb6110b5f4bc3e9b50123b85339db11d4","Gateway":"172.17.0.1","IPAddress":"172.17.0.4","IPPrefixLen":16,"IPv6Gateway":"","GlobalIPv6Address":"","GlobalIPv6PrefixLen":0,"DriverOpts":null,"DNSNames":null}}}}[\n]"
19:04:59.262 [testcontainers-wait-1] DEBUG com.github.dockerjava.zerodep.shaded.org.apache.hc.client5.http.wire -- http-outgoing-2 << "[\r][\n]"
19:04:59.262 [testcontainers-wait-1] DEBUG com.github.dockerjava.zerodep.shaded.org.apache.hc.client5.http.wire -- http-outgoing-2 << "0[\r][\n]"
19:04:59.262 [testcontainers-wait-1] DEBUG com.github.dockerjava.zerodep.shaded.org.apache.hc.client5.http.wire -- http-outgoing-2 << "[\r][\n]"
19:04:59.262 [testcontainers-wait-0] DEBUG com.github.dockerjava.zerodep.shaded.org.apache.hc.client5.http.impl.io.PoolingHttpClientConnectionManager -- ex-00000016: endpoint lease request (3 MINUTES) [route: {}->unix://localhost:2375][total available: 0; route allocated: 1 of 2147483647; total allocated: 1 of 2147483647]
19:04:59.262 [testcontainers-wait-0] DEBUG com.github.dockerjava.zerodep.shaded.org.apache.hc.client5.http.impl.io.PoolingHttpClientConnectionManager -- ex-00000016: endpoint leased [route: {}->unix://localhost:2375][total available: 0; route allocated: 2 of 2147483647; total allocated: 2 of 2147483647]
19:04:59.262 [testcontainers-wait-0] DEBUG com.github.dockerjava.zerodep.shaded.org.apache.hc.client5.http.impl.io.PoolingHttpClientConnectionManager -- ex-00000016: acquired ep-00000015
19:04:59.262 [testcontainers-wait-0] DEBUG com.github.dockerjava.zerodep.shaded.org.apache.hc.client5.http.impl.classic.InternalHttpClient -- ex-00000016: acquired endpoint ep-00000015
19:04:59.262 [testcontainers-wait-0] DEBUG com.github.dockerjava.zerodep.shaded.org.apache.hc.client5.http.impl.classic.ConnectExec -- ex-00000016: opening connection {}->unix://localhost:2375
19:04:59.262 [testcontainers-wait-0] DEBUG com.github.dockerjava.zerodep.shaded.org.apache.hc.client5.http.impl.classic.InternalHttpClient -- ep-00000015: connecting endpoint (3 MINUTES)
19:04:59.262 [testcontainers-wait-0] DEBUG com.github.dockerjava.zerodep.shaded.org.apache.hc.client5.http.impl.io.PoolingHttpClientConnectionManager -- ep-00000015: connecting endpoint to unix://localhost:2375 (3 MINUTES)
19:04:59.262 [testcontainers-wait-0] DEBUG com.github.dockerjava.zerodep.shaded.org.apache.hc.client5.http.impl.io.DefaultHttpClientConnectionOperator -- http-outgoing-3: connecting to localhost/127.0.0.1:2375
19:04:59.262 [testcontainers-wait-0] DEBUG com.github.dockerjava.zerodep.shaded.org.apache.hc.client5.http.impl.io.DefaultHttpClientConnectionOperator -- http-outgoing-3: connection established /var/run/docker.sock<->/var/run/docker.sock
19:04:59.263 [testcontainers-wait-0] DEBUG com.github.dockerjava.zerodep.shaded.org.apache.hc.client5.http.impl.io.PoolingHttpClientConnectionManager -- ep-00000015: connected http-outgoing-3
19:04:59.263 [testcontainers-wait-0] DEBUG com.github.dockerjava.zerodep.shaded.org.apache.hc.client5.http.impl.classic.InternalHttpClient -- ep-00000015: endpoint connected
19:04:59.263 [testcontainers-wait-0] DEBUG com.github.dockerjava.zerodep.shaded.org.apache.hc.client5.http.impl.classic.MainClientExec -- ex-00000016: executing POST /v1.32/containers/ef610d412c9e9229a594efcb542c3435b562e394ed46d3b0b80c19f73ef4a156/exec HTTP/1.1
19:04:59.263 [testcontainers-wait-0] DEBUG com.github.dockerjava.zerodep.shaded.org.apache.hc.client5.http.impl.classic.InternalHttpClient -- ep-00000015: start execution ex-00000016
19:04:59.263 [testcontainers-wait-0] DEBUG com.github.dockerjava.zerodep.shaded.org.apache.hc.client5.http.impl.io.PoolingHttpClientConnectionManager -- ep-00000015: executing exchange ex-00000016 over http-outgoing-3
19:04:59.263 [testcontainers-wait-0] DEBUG com.github.dockerjava.zerodep.shaded.org.apache.hc.client5.http.headers -- http-outgoing-3 >> POST /v1.32/containers/ef610d412c9e9229a594efcb542c3435b562e394ed46d3b0b80c19f73ef4a156/exec HTTP/1.1
19:04:59.263 [testcontainers-wait-0] DEBUG com.github.dockerjava.zerodep.shaded.org.apache.hc.client5.http.headers -- http-outgoing-3 >> accept: application/json
19:04:59.263 [testcontainers-wait-0] DEBUG com.github.dockerjava.zerodep.shaded.org.apache.hc.client5.http.headers -- http-outgoing-3 >> content-type: application/json
19:04:59.263 [testcontainers-wait-0] DEBUG com.github.dockerjava.zerodep.shaded.org.apache.hc.client5.http.headers -- http-outgoing-3 >> x-tc-sid: 1f399f0d-7ab6-47d2-bedc-41c5596e41f8
19:04:59.263 [testcontainers-wait-0] DEBUG com.github.dockerjava.zerodep.shaded.org.apache.hc.client5.http.headers -- http-outgoing-3 >> User-Agent: tc-java/1.19.1
19:04:59.263 [testcontainers-wait-0] DEBUG com.github.dockerjava.zerodep.shaded.org.apache.hc.client5.http.headers -- http-outgoing-3 >> Accept-Encoding: gzip, x-gzip, deflate
19:04:59.263 [testcontainers-wait-0] DEBUG com.github.dockerjava.zerodep.shaded.org.apache.hc.client5.http.headers -- http-outgoing-3 >> Content-Length: 514
19:04:59.263 [testcontainers-wait-0] DEBUG com.github.dockerjava.zerodep.shaded.org.apache.hc.client5.http.headers -- http-outgoing-3 >> Host: localhost:2375
19:04:59.263 [testcontainers-wait-0] DEBUG com.github.dockerjava.zerodep.shaded.org.apache.hc.client5.http.headers -- http-outgoing-3 >> Connection: keep-alive
19:04:59.263 [testcontainers-wait-0] DEBUG com.github.dockerjava.zerodep.shaded.org.apache.hc.client5.http.wire -- http-outgoing-3 >> "POST /v1.32/containers/ef610d412c9e9229a594efcb542c3435b562e394ed46d3b0b80c19f73ef4a156/exec HTTP/1.1[\r][\n]"
19:04:59.263 [testcontainers-wait-0] DEBUG com.github.dockerjava.zerodep.shaded.org.apache.hc.client5.http.wire -- http-outgoing-3 >> "accept: application/json[\r][\n]"
19:04:59.263 [testcontainers-wait-0] DEBUG com.github.dockerjava.zerodep.shaded.org.apache.hc.client5.http.wire -- http-outgoing-3 >> "content-type: application/json[\r][\n]"
19:04:59.263 [testcontainers-wait-0] DEBUG com.github.dockerjava.zerodep.shaded.org.apache.hc.client5.http.wire -- http-outgoing-3 >> "x-tc-sid: 1f399f0d-7ab6-47d2-bedc-41c5596e41f8[\r][\n]"
19:04:59.263 [testcontainers-wait-0] DEBUG com.github.dockerjava.zerodep.shaded.org.apache.hc.client5.http.wire -- http-outgoing-3 >> "User-Agent: tc-java/1.19.1[\r][\n]"
19:04:59.263 [testcontainers-wait-0] DEBUG com.github.dockerjava.zerodep.shaded.org.apache.hc.client5.http.wire -- http-outgoing-3 >> "Accept-Encoding: gzip, x-gzip, deflate[\r][\n]"
19:04:59.263 [testcontainers-wait-0] DEBUG com.github.dockerjava.zerodep.shaded.org.apache.hc.client5.http.wire -- http-outgoing-3 >> "Content-Length: 514[\r][\n]"
19:04:59.263 [testcontainers-wait-0] DEBUG com.github.dockerjava.zerodep.shaded.org.apache.hc.client5.http.wire -- http-outgoing-3 >> "Host: localhost:2375[\r][\n]"
19:04:59.263 [testcontainers-wait-0] DEBUG com.github.dockerjava.zerodep.shaded.org.apache.hc.client5.http.wire -- http-outgoing-3 >> "Connection: keep-alive[\r][\n]"
19:04:59.263 [testcontainers-wait-0] DEBUG com.github.dockerjava.zerodep.shaded.org.apache.hc.client5.http.wire -- http-outgoing-3 >> "[\r][\n]"
19:04:59.263 [testcontainers-wait-0] DEBUG com.github.dockerjava.zerodep.shaded.org.apache.hc.client5.http.wire -- http-outgoing-3 >> "{"containerId":"ef610d412c9e9229a594efcb542c3435b562e394ed46d3b0b80c19f73ef4a156","AttachStdin":null,"AttachStdout":true,"AttachStderr":true,"Tty":null,"Privileged":null,"User":null,"Cmd":["/bin/sh","-c","while true; do ( true  &&  (grep -i ':0*2364' /proc/net/tcp* || nc -vz -w 1 localhost 9060 || /bin/bash -c '</dev/tcp/localhost/9060') &&  (grep -i ':0*235a' /proc/net/tcp* || nc -vz -w 1 localhost 9050 || /bin/bash -c '</dev/tcp/localhost/9050') ) && exit 0 || sleep 0.1; done"],"Env":null,"WorkingDir":null}"
19:04:59.263 [testcontainers-wait-1] DEBUG com.github.dockerjava.zerodep.shaded.org.apache.hc.client5.http.impl.classic.InternalHttpClient -- ep-00000014: releasing valid endpoint
19:04:59.263 [testcontainers-wait-1] DEBUG com.github.dockerjava.zerodep.shaded.org.apache.hc.client5.http.impl.io.PoolingHttpClientConnectionManager -- ep-00000014: releasing endpoint
19:04:59.263 [testcontainers-wait-1] DEBUG com.github.dockerjava.zerodep.shaded.org.apache.hc.client5.http.impl.io.PoolingHttpClientConnectionManager -- ep-00000014: connection http-outgoing-2 can be kept alive for 3 MINUTES
19:04:59.263 [testcontainers-wait-1] DEBUG com.github.dockerjava.zerodep.shaded.org.apache.hc.client5.http.impl.io.PoolingHttpClientConnectionManager -- ep-00000014: connection released [route: {}->unix://localhost:2375][total available: 1; route allocated: 2 of 2147483647; total allocated: 2 of 2147483647]
19:04:59.271 [testcontainers-wait-1] DEBUG org.testcontainers.containers.wait.strategy.HostPortWaitStrategy -- External port check passed for [9060, 9050] mapped as [51899, 51900] in PT0.012985S
19:04:59.272 [testcontainers-wait-0] DEBUG com.github.dockerjava.zerodep.shaded.org.apache.hc.client5.http.wire -- http-outgoing-3 << "HTTP/1.1 201 Created[\r][\n]"
19:04:59.272 [testcontainers-wait-0] DEBUG com.github.dockerjava.zerodep.shaded.org.apache.hc.client5.http.wire -- http-outgoing-3 << "Api-Version: 1.45[\r][\n]"
19:04:59.272 [testcontainers-wait-0] DEBUG com.github.dockerjava.zerodep.shaded.org.apache.hc.client5.http.wire -- http-outgoing-3 << "Content-Type: application/json[\r][\n]"
19:04:59.272 [testcontainers-wait-0] DEBUG com.github.dockerjava.zerodep.shaded.org.apache.hc.client5.http.wire -- http-outgoing-3 << "Date: Fri, 19 Jul 2024 13:34:59 GMT[\r][\n]"
19:04:59.272 [testcontainers-wait-0] DEBUG com.github.dockerjava.zerodep.shaded.org.apache.hc.client5.http.wire -- http-outgoing-3 << "Docker-Experimental: false[\r][\n]"
19:04:59.272 [testcontainers-wait-0] DEBUG com.github.dockerjava.zerodep.shaded.org.apache.hc.client5.http.wire -- http-outgoing-3 << "Ostype: linux[\r][\n]"
19:04:59.272 [testcontainers-wait-0] DEBUG com.github.dockerjava.zerodep.shaded.org.apache.hc.client5.http.wire -- http-outgoing-3 << "Server: Docker/26.1.4 (linux)[\r][\n]"
19:04:59.272 [testcontainers-wait-0] DEBUG com.github.dockerjava.zerodep.shaded.org.apache.hc.client5.http.wire -- http-outgoing-3 << "Transfer-Encoding: chunked[\r][\n]"
19:04:59.272 [testcontainers-wait-0] DEBUG com.github.dockerjava.zerodep.shaded.org.apache.hc.client5.http.wire -- http-outgoing-3 << "[\r][\n]"
19:04:59.272 [testcontainers-wait-0] DEBUG com.github.dockerjava.zerodep.shaded.org.apache.hc.client5.http.headers -- http-outgoing-3 << HTTP/1.1 201 Created
19:04:59.272 [testcontainers-wait-0] DEBUG com.github.dockerjava.zerodep.shaded.org.apache.hc.client5.http.headers -- http-outgoing-3 << Api-Version: 1.45
19:04:59.272 [testcontainers-wait-0] DEBUG com.github.dockerjava.zerodep.shaded.org.apache.hc.client5.http.headers -- http-outgoing-3 << Content-Type: application/json
19:04:59.272 [testcontainers-wait-0] DEBUG com.github.dockerjava.zerodep.shaded.org.apache.hc.client5.http.headers -- http-outgoing-3 << Date: Fri, 19 Jul 2024 13:34:59 GMT
19:04:59.272 [testcontainers-wait-0] DEBUG com.github.dockerjava.zerodep.shaded.org.apache.hc.client5.http.headers -- http-outgoing-3 << Docker-Experimental: false
19:04:59.272 [testcontainers-wait-0] DEBUG com.github.dockerjava.zerodep.shaded.org.apache.hc.client5.http.headers -- http-outgoing-3 << Ostype: linux
19:04:59.272 [testcontainers-wait-0] DEBUG com.github.dockerjava.zerodep.shaded.org.apache.hc.client5.http.headers -- http-outgoing-3 << Server: Docker/26.1.4 (linux)
19:04:59.272 [testcontainers-wait-0] DEBUG com.github.dockerjava.zerodep.shaded.org.apache.hc.client5.http.headers -- http-outgoing-3 << Transfer-Encoding: chunked
19:04:59.272 [testcontainers-wait-0] DEBUG com.github.dockerjava.zerodep.shaded.org.apache.hc.client5.http.impl.classic.MainClientExec -- ex-00000016: connection can be kept alive for 3 MINUTES
19:04:59.272 [testcontainers-wait-0] DEBUG com.github.dockerjava.zerodep.shaded.org.apache.hc.client5.http.wire -- http-outgoing-3 << "4a[\r][\n]"
19:04:59.272 [testcontainers-wait-0] DEBUG com.github.dockerjava.zerodep.shaded.org.apache.hc.client5.http.wire -- http-outgoing-3 << "{"Id":"c7070794cb7f916ae1bf48fc97770f29ff066e07e55ed5ee11fcff28dd495624"}[\n]"
19:04:59.272 [testcontainers-wait-0] DEBUG com.github.dockerjava.zerodep.shaded.org.apache.hc.client5.http.wire -- http-outgoing-3 << "[\r][\n]"
19:04:59.272 [testcontainers-wait-0] DEBUG com.github.dockerjava.zerodep.shaded.org.apache.hc.client5.http.wire -- http-outgoing-3 << "0[\r][\n]"
19:04:59.272 [testcontainers-wait-0] DEBUG com.github.dockerjava.zerodep.shaded.org.apache.hc.client5.http.wire -- http-outgoing-3 << "[\r][\n]"
19:04:59.273 [testcontainers-wait-0] DEBUG com.github.dockerjava.zerodep.shaded.org.apache.hc.client5.http.impl.classic.InternalHttpClient -- ep-00000015: releasing valid endpoint
19:04:59.273 [testcontainers-wait-0] DEBUG com.github.dockerjava.zerodep.shaded.org.apache.hc.client5.http.impl.io.PoolingHttpClientConnectionManager -- ep-00000015: releasing endpoint
19:04:59.273 [testcontainers-wait-0] DEBUG com.github.dockerjava.zerodep.shaded.org.apache.hc.client5.http.impl.io.PoolingHttpClientConnectionManager -- ep-00000015: connection http-outgoing-3 can be kept alive for 3 MINUTES
19:04:59.273 [testcontainers-wait-0] DEBUG com.github.dockerjava.zerodep.shaded.org.apache.hc.client5.http.impl.io.PoolingHttpClientConnectionManager -- ep-00000015: connection released [route: {}->unix://localhost:2375][total available: 2; route allocated: 2 of 2147483647; total allocated: 2 of 2147483647]
19:04:59.275 [docker-java-stream-542808293] DEBUG com.github.dockerjava.zerodep.shaded.org.apache.hc.client5.http.impl.classic.InternalHttpClient -- ex-00000017: preparing request execution
19:04:59.275 [docker-java-stream-542808293] DEBUG com.github.dockerjava.zerodep.shaded.org.apache.hc.client5.http.protocol.RequestAddCookies -- Cookie spec selected: strict
19:04:59.275 [docker-java-stream-542808293] DEBUG com.github.dockerjava.zerodep.shaded.org.apache.hc.client5.http.protocol.RequestAuthCache -- Auth cache not set in the context
19:04:59.275 [docker-java-stream-542808293] DEBUG com.github.dockerjava.zerodep.shaded.org.apache.hc.client5.http.impl.classic.ProtocolExec -- ex-00000017: target auth state: UNCHALLENGED
19:04:59.275 [docker-java-stream-542808293] DEBUG com.github.dockerjava.zerodep.shaded.org.apache.hc.client5.http.impl.classic.ProtocolExec -- ex-00000017: proxy auth state: UNCHALLENGED
19:04:59.275 [docker-java-stream-542808293] DEBUG com.github.dockerjava.zerodep.shaded.org.apache.hc.client5.http.impl.classic.ConnectExec -- ex-00000017: acquiring connection with route {}->unix://localhost:2375
19:04:59.275 [docker-java-stream-542808293] DEBUG com.github.dockerjava.zerodep.shaded.org.apache.hc.client5.http.impl.classic.InternalHttpClient -- ex-00000017: acquiring endpoint (3 MINUTES)
19:04:59.275 [docker-java-stream-542808293] DEBUG com.github.dockerjava.zerodep.shaded.org.apache.hc.client5.http.impl.io.PoolingHttpClientConnectionManager -- ex-00000017: endpoint lease request (3 MINUTES) [route: {}->unix://localhost:2375][total available: 2; route allocated: 2 of 2147483647; total allocated: 2 of 2147483647]
19:04:59.275 [docker-java-stream-542808293] DEBUG com.github.dockerjava.zerodep.shaded.org.apache.hc.client5.http.impl.io.PoolingHttpClientConnectionManager -- ex-00000017: endpoint leased [route: {}->unix://localhost:2375][total available: 1; route allocated: 2 of 2147483647; total allocated: 2 of 2147483647]
19:04:59.275 [docker-java-stream-542808293] DEBUG com.github.dockerjava.zerodep.shaded.org.apache.hc.client5.http.impl.io.PoolingHttpClientConnectionManager -- ex-00000017: acquired ep-00000016
19:04:59.275 [docker-java-stream-542808293] DEBUG com.github.dockerjava.zerodep.shaded.org.apache.hc.client5.http.impl.classic.InternalHttpClient -- ex-00000017: acquired endpoint ep-00000016
19:04:59.275 [docker-java-stream-542808293] DEBUG com.github.dockerjava.zerodep.shaded.org.apache.hc.client5.http.impl.classic.MainClientExec -- ex-00000017: executing POST /v1.32/exec/c7070794cb7f916ae1bf48fc97770f29ff066e07e55ed5ee11fcff28dd495624/start HTTP/1.1
19:04:59.275 [docker-java-stream-542808293] DEBUG com.github.dockerjava.zerodep.shaded.org.apache.hc.client5.http.impl.classic.InternalHttpClient -- ep-00000016: start execution ex-00000017
19:04:59.275 [docker-java-stream-542808293] DEBUG com.github.dockerjava.zerodep.shaded.org.apache.hc.client5.http.impl.io.PoolingHttpClientConnectionManager -- ep-00000016: executing exchange ex-00000017 over http-outgoing-3
19:04:59.276 [docker-java-stream-542808293] DEBUG com.github.dockerjava.zerodep.shaded.org.apache.hc.client5.http.headers -- http-outgoing-3 >> POST /v1.32/exec/c7070794cb7f916ae1bf48fc97770f29ff066e07e55ed5ee11fcff28dd495624/start HTTP/1.1
19:04:59.276 [docker-java-stream-542808293] DEBUG com.github.dockerjava.zerodep.shaded.org.apache.hc.client5.http.headers -- http-outgoing-3 >> accept: application/json
19:04:59.276 [docker-java-stream-542808293] DEBUG com.github.dockerjava.zerodep.shaded.org.apache.hc.client5.http.headers -- http-outgoing-3 >> content-type: application/json
19:04:59.276 [docker-java-stream-542808293] DEBUG com.github.dockerjava.zerodep.shaded.org.apache.hc.client5.http.headers -- http-outgoing-3 >> x-tc-sid: 1f399f0d-7ab6-47d2-bedc-41c5596e41f8
19:04:59.276 [docker-java-stream-542808293] DEBUG com.github.dockerjava.zerodep.shaded.org.apache.hc.client5.http.headers -- http-outgoing-3 >> User-Agent: tc-java/1.19.1
19:04:59.276 [docker-java-stream-542808293] DEBUG com.github.dockerjava.zerodep.shaded.org.apache.hc.client5.http.headers -- http-outgoing-3 >> Accept-Encoding: gzip, x-gzip, deflate
19:04:59.276 [docker-java-stream-542808293] DEBUG com.github.dockerjava.zerodep.shaded.org.apache.hc.client5.http.headers -- http-outgoing-3 >> Content-Length: 26
19:04:59.276 [docker-java-stream-542808293] DEBUG com.github.dockerjava.zerodep.shaded.org.apache.hc.client5.http.headers -- http-outgoing-3 >> Host: localhost:2375
19:04:59.276 [docker-java-stream-542808293] DEBUG com.github.dockerjava.zerodep.shaded.org.apache.hc.client5.http.headers -- http-outgoing-3 >> Connection: keep-alive
19:04:59.276 [docker-java-stream-542808293] DEBUG com.github.dockerjava.zerodep.shaded.org.apache.hc.client5.http.wire -- http-outgoing-3 >> "POST /v1.32/exec/c7070794cb7f916ae1bf48fc97770f29ff066e07e55ed5ee11fcff28dd495624/start HTTP/1.1[\r][\n]"
19:04:59.276 [docker-java-stream-542808293] DEBUG com.github.dockerjava.zerodep.shaded.org.apache.hc.client5.http.wire -- http-outgoing-3 >> "accept: application/json[\r][\n]"
19:04:59.276 [docker-java-stream-542808293] DEBUG com.github.dockerjava.zerodep.shaded.org.apache.hc.client5.http.wire -- http-outgoing-3 >> "content-type: application/json[\r][\n]"
19:04:59.276 [docker-java-stream-542808293] DEBUG com.github.dockerjava.zerodep.shaded.org.apache.hc.client5.http.wire -- http-outgoing-3 >> "x-tc-sid: 1f399f0d-7ab6-47d2-bedc-41c5596e41f8[\r][\n]"
19:04:59.276 [docker-java-stream-542808293] DEBUG com.github.dockerjava.zerodep.shaded.org.apache.hc.client5.http.wire -- http-outgoing-3 >> "User-Agent: tc-java/1.19.1[\r][\n]"
19:04:59.276 [docker-java-stream-542808293] DEBUG com.github.dockerjava.zerodep.shaded.org.apache.hc.client5.http.wire -- http-outgoing-3 >> "Accept-Encoding: gzip, x-gzip, deflate[\r][\n]"
19:04:59.276 [docker-java-stream-542808293] DEBUG com.github.dockerjava.zerodep.shaded.org.apache.hc.client5.http.wire -- http-outgoing-3 >> "Content-Length: 26[\r][\n]"
19:04:59.276 [docker-java-stream-542808293] DEBUG com.github.dockerjava.zerodep.shaded.org.apache.hc.client5.http.wire -- http-outgoing-3 >> "Host: localhost:2375[\r][\n]"
19:04:59.276 [docker-java-stream-542808293] DEBUG com.github.dockerjava.zerodep.shaded.org.apache.hc.client5.http.wire -- http-outgoing-3 >> "Connection: keep-alive[\r][\n]"
19:04:59.276 [docker-java-stream-542808293] DEBUG com.github.dockerjava.zerodep.shaded.org.apache.hc.client5.http.wire -- http-outgoing-3 >> "[\r][\n]"
19:04:59.276 [docker-java-stream-542808293] DEBUG com.github.dockerjava.zerodep.shaded.org.apache.hc.client5.http.wire -- http-outgoing-3 >> "{"Detach":null,"Tty":null}"
19:04:59.277 [docker-java-stream-542808293] DEBUG com.github.dockerjava.zerodep.shaded.org.apache.hc.client5.http.wire -- http-outgoing-3 << "HTTP/1.1 200 OK[\r][\n]"
19:04:59.277 [docker-java-stream-542808293] DEBUG com.github.dockerjava.zerodep.shaded.org.apache.hc.client5.http.wire -- http-outgoing-3 << "Api-Version: 1.45[\r][\n]"
19:04:59.277 [docker-java-stream-542808293] DEBUG com.github.dockerjava.zerodep.shaded.org.apache.hc.client5.http.wire -- http-outgoing-3 << "Content-Type: application/vnd.docker.raw-stream[\r][\n]"
19:04:59.277 [docker-java-stream-542808293] DEBUG com.github.dockerjava.zerodep.shaded.org.apache.hc.client5.http.wire -- http-outgoing-3 << "Date: Fri, 19 Jul 2024 13:34:59 GMT[\r][\n]"
19:04:59.277 [docker-java-stream-542808293] DEBUG com.github.dockerjava.zerodep.shaded.org.apache.hc.client5.http.wire -- http-outgoing-3 << "Docker-Experimental: false[\r][\n]"
19:04:59.277 [docker-java-stream-542808293] DEBUG com.github.dockerjava.zerodep.shaded.org.apache.hc.client5.http.wire -- http-outgoing-3 << "Ostype: linux[\r][\n]"
19:04:59.277 [docker-java-stream-542808293] DEBUG com.github.dockerjava.zerodep.shaded.org.apache.hc.client5.http.wire -- http-outgoing-3 << "Server: Docker/26.1.4 (linux)[\r][\n]"
19:04:59.277 [docker-java-stream-542808293] DEBUG com.github.dockerjava.zerodep.shaded.org.apache.hc.client5.http.wire -- http-outgoing-3 << "Transfer-Encoding: chunked[\r][\n]"
19:04:59.277 [docker-java-stream-542808293] DEBUG com.github.dockerjava.zerodep.shaded.org.apache.hc.client5.http.wire -- http-outgoing-3 << "[\r][\n]"
19:04:59.277 [docker-java-stream-542808293] DEBUG com.github.dockerjava.zerodep.shaded.org.apache.hc.client5.http.headers -- http-outgoing-3 << HTTP/1.1 200 OK
19:04:59.277 [docker-java-stream-542808293] DEBUG com.github.dockerjava.zerodep.shaded.org.apache.hc.client5.http.headers -- http-outgoing-3 << Api-Version: 1.45
19:04:59.277 [docker-java-stream-542808293] DEBUG com.github.dockerjava.zerodep.shaded.org.apache.hc.client5.http.headers -- http-outgoing-3 << Content-Type: application/vnd.docker.raw-stream
19:04:59.277 [docker-java-stream-542808293] DEBUG com.github.dockerjava.zerodep.shaded.org.apache.hc.client5.http.headers -- http-outgoing-3 << Date: Fri, 19 Jul 2024 13:34:59 GMT
19:04:59.277 [docker-java-stream-542808293] DEBUG com.github.dockerjava.zerodep.shaded.org.apache.hc.client5.http.headers -- http-outgoing-3 << Docker-Experimental: false
19:04:59.277 [docker-java-stream-542808293] DEBUG com.github.dockerjava.zerodep.shaded.org.apache.hc.client5.http.headers -- http-outgoing-3 << Ostype: linux
19:04:59.277 [docker-java-stream-542808293] DEBUG com.github.dockerjava.zerodep.shaded.org.apache.hc.client5.http.headers -- http-outgoing-3 << Server: Docker/26.1.4 (linux)
19:04:59.277 [docker-java-stream-542808293] DEBUG com.github.dockerjava.zerodep.shaded.org.apache.hc.client5.http.headers -- http-outgoing-3 << Transfer-Encoding: chunked
19:04:59.278 [docker-java-stream-542808293] DEBUG com.github.dockerjava.zerodep.shaded.org.apache.hc.client5.http.impl.classic.MainClientExec -- ex-00000017: connection can be kept alive for 3 MINUTES
19:04:59.332 [docker-java-stream-542808293] DEBUG com.github.dockerjava.zerodep.shaded.org.apache.hc.client5.http.wire -- http-outgoing-3 << "22[\r][\n]"
19:04:59.332 [docker-java-stream-542808293] DEBUG com.github.dockerjava.zerodep.shaded.org.apache.hc.client5.http.wire -- http-outgoing-3 << "[0x2][0x0][0x0][0x0][0x0][0x0][0x0][0x1a]/bin/sh: 1: nc: not found[\n]"
19:04:59.332 [docker-java-stream-542808293] DEBUG com.github.dockerjava.zerodep.shaded.org.apache.hc.client5.http.wire -- http-outgoing-3 << "[\r][\n]"
19:04:59.359 [docker-java-stream-542808293] DEBUG com.github.dockerjava.zerodep.shaded.org.apache.hc.client5.http.wire -- http-outgoing-3 << "2f[\r][\n]"
19:04:59.359 [docker-java-stream-542808293] DEBUG com.github.dockerjava.zerodep.shaded.org.apache.hc.client5.http.wire -- http-outgoing-3 << "[0x2][0x0][0x0][0x0][0x0][0x0][0x0]'/bin/bash: connect: Connection refused[\n]"
19:04:59.359 [docker-java-stream-542808293] DEBUG com.github.dockerjava.zerodep.shaded.org.apache.hc.client5.http.wire -- http-outgoing-3 << "[\r][\n]"
19:04:59.359 [docker-java-stream-542808293] DEBUG com.github.dockerjava.zerodep.shaded.org.apache.hc.client5.http.wire -- http-outgoing-3 << "47[\r][\n]"
19:04:59.359 [docker-java-stream-542808293] DEBUG com.github.dockerjava.zerodep.shaded.org.apache.hc.client5.http.wire -- http-outgoing-3 << "[0x2][0x0][0x0][0x0][0x0][0x0][0x0]?/bin/bash: line 1: /dev/tcp/localhost/9060: Connection refused[\n]"
19:04:59.359 [docker-java-stream-542808293] DEBUG com.github.dockerjava.zerodep.shaded.org.apache.hc.client5.http.wire -- http-outgoing-3 << "[\r][\n]"
19:04:59.493 [docker-java-stream-542808293] DEBUG com.github.dockerjava.zerodep.shaded.org.apache.hc.client5.http.wire -- http-outgoing-3 << "2a[\r][\n]"
19:04:59.493 [docker-java-stream-542808293] DEBUG com.github.dockerjava.zerodep.shaded.org.apache.hc.client5.http.wire -- http-outgoing-3 << "[0x2][0x0][0x0][0x0][0x0][0x0][0x0][0x19]/bin/sh: 1: nc: not found[0x2][0x0][0x0][0x0][0x0][0x0][0x0][0x1][\n]"
19:04:59.493 [docker-java-stream-542808293] DEBUG com.github.dockerjava.zerodep.shaded.org.apache.hc.client5.http.wire -- http-outgoing-3 << "[\r][\n]"
19:04:59.513 [docker-java-stream-542808293] DEBUG com.github.dockerjava.zerodep.shaded.org.apache.hc.client5.http.wire -- http-outgoing-3 << "2f[\r][\n]"
19:04:59.513 [docker-java-stream-542808293] DEBUG com.github.dockerjava.zerodep.shaded.org.apache.hc.client5.http.wire -- http-outgoing-3 << "[0x2][0x0][0x0][0x0][0x0][0x0][0x0]'/bin/bash: connect: Connection refused[\n]"
19:04:59.513 [docker-java-stream-542808293] DEBUG com.github.dockerjava.zerodep.shaded.org.apache.hc.client5.http.wire -- http-outgoing-3 << "[\r][\n]"
19:04:59.513 [docker-java-stream-542808293] DEBUG com.github.dockerjava.zerodep.shaded.org.apache.hc.client5.http.wire -- http-outgoing-3 << "47[\r][\n]"
19:04:59.513 [docker-java-stream-542808293] DEBUG com.github.dockerjava.zerodep.shaded.org.apache.hc.client5.http.wire -- http-outgoing-3 << "[0x2][0x0][0x0][0x0][0x0][0x0][0x0]?/bin/bash: line 1: /dev/tcp/localhost/9060: Connection refused[\n]"
19:04:59.513 [docker-java-stream-542808293] DEBUG com.github.dockerjava.zerodep.shaded.org.apache.hc.client5.http.wire -- http-outgoing-3 << "[\r][\n]"
19:04:59.641 [docker-java-stream-542808293] DEBUG com.github.dockerjava.zerodep.shaded.org.apache.hc.client5.http.wire -- http-outgoing-3 << "c8[\r][\n]"
19:04:59.641 [docker-java-stream-542808293] DEBUG com.github.dockerjava.zerodep.shaded.org.apache.hc.client5.http.wire -- http-outgoing-3 << "[0x1][0x0][0x0][0x0][0x0][0x0][0x0][0xffffffc0]/proc/net/tcp6:   0: 00000000000000000000000000000000:2364 00000000000000000000000000000000:0000 0A 00000000:00000000 00:00000000 00000000     0        0 10426 1 000000003648b3d9 100 0 0 10 0[\n]"
19:04:59.641 [docker-java-stream-542808293] DEBUG com.github.dockerjava.zerodep.shaded.org.apache.hc.client5.http.wire -- http-outgoing-3 << "[\r][\n]"
19:04:59.657 [docker-java-stream-542808293] DEBUG com.github.dockerjava.zerodep.shaded.org.apache.hc.client5.http.wire -- http-outgoing-3 << "c8[\r][\n]"
19:04:59.657 [docker-java-stream-542808293] DEBUG com.github.dockerjava.zerodep.shaded.org.apache.hc.client5.http.wire -- http-outgoing-3 << "[0x1][0x0][0x0][0x0][0x0][0x0][0x0][0xffffffc0]/proc/net/tcp6:   1: 00000000000000000000000000000000:235A 00000000000000000000000000000000:0000 0A 00000000:00000000 00:00000000 00000000     0        0 10423 1 00000000026cdb23 100 0 0 10 0[\n]"
19:04:59.657 [docker-java-stream-542808293] DEBUG com.github.dockerjava.zerodep.shaded.org.apache.hc.client5.http.wire -- http-outgoing-3 << "[\r][\n]"
19:04:59.659 [docker-java-stream-542808293] DEBUG com.github.dockerjava.zerodep.shaded.org.apache.hc.client5.http.wire -- http-outgoing-3 << "0[\r][\n]"
19:04:59.659 [docker-java-stream-542808293] DEBUG com.github.dockerjava.zerodep.shaded.org.apache.hc.client5.http.wire -- http-outgoing-3 << "[\r][\n]"
19:04:59.659 [docker-java-stream-542808293] DEBUG com.github.dockerjava.zerodep.shaded.org.apache.hc.client5.http.impl.classic.InternalHttpClient -- ep-00000016: releasing valid endpoint
19:04:59.659 [docker-java-stream-542808293] DEBUG com.github.dockerjava.zerodep.shaded.org.apache.hc.client5.http.impl.io.PoolingHttpClientConnectionManager -- ep-00000016: releasing endpoint
19:04:59.659 [docker-java-stream-542808293] DEBUG com.github.dockerjava.zerodep.shaded.org.apache.hc.client5.http.impl.io.PoolingHttpClientConnectionManager -- ep-00000016: connection http-outgoing-3 can be kept alive for 3 MINUTES
19:04:59.659 [docker-java-stream-542808293] DEBUG com.github.dockerjava.zerodep.shaded.org.apache.hc.client5.http.impl.io.PoolingHttpClientConnectionManager -- ep-00000016: connection released [route: {}->unix://localhost:2375][total available: 2; route allocated: 2 of 2147483647; total allocated: 2 of 2147483647]
19:04:59.662 [testcontainers-wait-0] DEBUG org.testcontainers.shaded.com.github.dockerjava.core.command.AbstrDockerCmd -- Cmd: c7070794cb7f916ae1bf48fc97770f29ff066e07e55ed5ee11fcff28dd495624
19:04:59.663 [testcontainers-wait-0] DEBUG org.testcontainers.shaded.com.github.dockerjava.core.exec.InspectExecCmdExec -- GET: DefaultWebTarget{path=[/exec/c7070794cb7f916ae1bf48fc97770f29ff066e07e55ed5ee11fcff28dd495624/json], queryParams={}}
19:04:59.668 [testcontainers-wait-0] DEBUG com.github.dockerjava.zerodep.shaded.org.apache.hc.client5.http.impl.classic.InternalHttpClient -- ex-00000018: preparing request execution
19:04:59.668 [testcontainers-wait-0] DEBUG com.github.dockerjava.zerodep.shaded.org.apache.hc.client5.http.protocol.RequestAddCookies -- Cookie spec selected: strict
19:04:59.668 [testcontainers-wait-0] DEBUG com.github.dockerjava.zerodep.shaded.org.apache.hc.client5.http.protocol.RequestAuthCache -- Auth cache not set in the context
19:04:59.668 [testcontainers-wait-0] DEBUG com.github.dockerjava.zerodep.shaded.org.apache.hc.client5.http.impl.classic.ProtocolExec -- ex-00000018: target auth state: UNCHALLENGED
19:04:59.668 [testcontainers-wait-0] DEBUG com.github.dockerjava.zerodep.shaded.org.apache.hc.client5.http.impl.classic.ProtocolExec -- ex-00000018: proxy auth state: UNCHALLENGED
19:04:59.668 [testcontainers-wait-0] DEBUG com.github.dockerjava.zerodep.shaded.org.apache.hc.client5.http.impl.classic.ConnectExec -- ex-00000018: acquiring connection with route {}->unix://localhost:2375
19:04:59.668 [testcontainers-wait-0] DEBUG com.github.dockerjava.zerodep.shaded.org.apache.hc.client5.http.impl.classic.InternalHttpClient -- ex-00000018: acquiring endpoint (3 MINUTES)
19:04:59.668 [testcontainers-wait-0] DEBUG com.github.dockerjava.zerodep.shaded.org.apache.hc.client5.http.impl.io.PoolingHttpClientConnectionManager -- ex-00000018: endpoint lease request (3 MINUTES) [route: {}->unix://localhost:2375][total available: 2; route allocated: 2 of 2147483647; total allocated: 2 of 2147483647]
19:04:59.668 [testcontainers-wait-0] DEBUG com.github.dockerjava.zerodep.shaded.org.apache.hc.client5.http.impl.io.PoolingHttpClientConnectionManager -- ex-00000018: endpoint leased [route: {}->unix://localhost:2375][total available: 1; route allocated: 2 of 2147483647; total allocated: 2 of 2147483647]
19:04:59.669 [testcontainers-wait-0] DEBUG com.github.dockerjava.zerodep.shaded.org.apache.hc.client5.http.impl.io.PoolingHttpClientConnectionManager -- ex-00000018: acquired ep-00000017
19:04:59.669 [testcontainers-wait-0] DEBUG com.github.dockerjava.zerodep.shaded.org.apache.hc.client5.http.impl.classic.InternalHttpClient -- ex-00000018: acquired endpoint ep-00000017
19:04:59.669 [testcontainers-wait-0] DEBUG com.github.dockerjava.zerodep.shaded.org.apache.hc.client5.http.impl.classic.MainClientExec -- ex-00000018: executing GET /v1.32/exec/c7070794cb7f916ae1bf48fc97770f29ff066e07e55ed5ee11fcff28dd495624/json HTTP/1.1
19:04:59.669 [testcontainers-wait-0] DEBUG com.github.dockerjava.zerodep.shaded.org.apache.hc.client5.http.impl.classic.InternalHttpClient -- ep-00000017: start execution ex-00000018
19:04:59.669 [testcontainers-wait-0] DEBUG com.github.dockerjava.zerodep.shaded.org.apache.hc.client5.http.impl.io.PoolingHttpClientConnectionManager -- ep-00000017: executing exchange ex-00000018 over http-outgoing-3
19:04:59.669 [testcontainers-wait-0] DEBUG com.github.dockerjava.zerodep.shaded.org.apache.hc.client5.http.headers -- http-outgoing-3 >> GET /v1.32/exec/c7070794cb7f916ae1bf48fc97770f29ff066e07e55ed5ee11fcff28dd495624/json HTTP/1.1
19:04:59.669 [testcontainers-wait-0] DEBUG com.github.dockerjava.zerodep.shaded.org.apache.hc.client5.http.headers -- http-outgoing-3 >> accept: application/json
19:04:59.669 [testcontainers-wait-0] DEBUG com.github.dockerjava.zerodep.shaded.org.apache.hc.client5.http.headers -- http-outgoing-3 >> x-tc-sid: 1f399f0d-7ab6-47d2-bedc-41c5596e41f8
19:04:59.669 [testcontainers-wait-0] DEBUG com.github.dockerjava.zerodep.shaded.org.apache.hc.client5.http.headers -- http-outgoing-3 >> User-Agent: tc-java/1.19.1
19:04:59.669 [testcontainers-wait-0] DEBUG com.github.dockerjava.zerodep.shaded.org.apache.hc.client5.http.headers -- http-outgoing-3 >> Accept-Encoding: gzip, x-gzip, deflate
19:04:59.669 [testcontainers-wait-0] DEBUG com.github.dockerjava.zerodep.shaded.org.apache.hc.client5.http.headers -- http-outgoing-3 >> Host: localhost:2375
19:04:59.669 [testcontainers-wait-0] DEBUG com.github.dockerjava.zerodep.shaded.org.apache.hc.client5.http.headers -- http-outgoing-3 >> Connection: keep-alive
19:04:59.669 [testcontainers-wait-0] DEBUG com.github.dockerjava.zerodep.shaded.org.apache.hc.client5.http.wire -- http-outgoing-3 >> "GET /v1.32/exec/c7070794cb7f916ae1bf48fc97770f29ff066e07e55ed5ee11fcff28dd495624/json HTTP/1.1[\r][\n]"
19:04:59.669 [testcontainers-wait-0] DEBUG com.github.dockerjava.zerodep.shaded.org.apache.hc.client5.http.wire -- http-outgoing-3 >> "accept: application/json[\r][\n]"
19:04:59.669 [testcontainers-wait-0] DEBUG com.github.dockerjava.zerodep.shaded.org.apache.hc.client5.http.wire -- http-outgoing-3 >> "x-tc-sid: 1f399f0d-7ab6-47d2-bedc-41c5596e41f8[\r][\n]"
19:04:59.669 [testcontainers-wait-0] DEBUG com.github.dockerjava.zerodep.shaded.org.apache.hc.client5.http.wire -- http-outgoing-3 >> "User-Agent: tc-java/1.19.1[\r][\n]"
19:04:59.669 [testcontainers-wait-0] DEBUG com.github.dockerjava.zerodep.shaded.org.apache.hc.client5.http.wire -- http-outgoing-3 >> "Accept-Encoding: gzip, x-gzip, deflate[\r][\n]"
19:04:59.669 [testcontainers-wait-0] DEBUG com.github.dockerjava.zerodep.shaded.org.apache.hc.client5.http.wire -- http-outgoing-3 >> "Host: localhost:2375[\r][\n]"
19:04:59.669 [testcontainers-wait-0] DEBUG com.github.dockerjava.zerodep.shaded.org.apache.hc.client5.http.wire -- http-outgoing-3 >> "Connection: keep-alive[\r][\n]"
19:04:59.669 [testcontainers-wait-0] DEBUG com.github.dockerjava.zerodep.shaded.org.apache.hc.client5.http.wire -- http-outgoing-3 >> "[\r][\n]"
19:04:59.671 [testcontainers-wait-0] DEBUG com.github.dockerjava.zerodep.shaded.org.apache.hc.client5.http.wire -- http-outgoing-3 << "HTTP/1.1 200 OK[\r][\n]"
19:04:59.671 [testcontainers-wait-0] DEBUG com.github.dockerjava.zerodep.shaded.org.apache.hc.client5.http.wire -- http-outgoing-3 << "Api-Version: 1.45[\r][\n]"
19:04:59.671 [testcontainers-wait-0] DEBUG com.github.dockerjava.zerodep.shaded.org.apache.hc.client5.http.wire -- http-outgoing-3 << "Content-Type: application/json[\r][\n]"
19:04:59.671 [testcontainers-wait-0] DEBUG com.github.dockerjava.zerodep.shaded.org.apache.hc.client5.http.wire -- http-outgoing-3 << "Date: Fri, 19 Jul 2024 13:34:59 GMT[\r][\n]"
19:04:59.671 [testcontainers-wait-0] DEBUG com.github.dockerjava.zerodep.shaded.org.apache.hc.client5.http.wire -- http-outgoing-3 << "Docker-Experimental: false[\r][\n]"
19:04:59.671 [testcontainers-wait-0] DEBUG com.github.dockerjava.zerodep.shaded.org.apache.hc.client5.http.wire -- http-outgoing-3 << "Ostype: linux[\r][\n]"
19:04:59.671 [testcontainers-wait-0] DEBUG com.github.dockerjava.zerodep.shaded.org.apache.hc.client5.http.wire -- http-outgoing-3 << "Server: Docker/26.1.4 (linux)[\r][\n]"
19:04:59.671 [testcontainers-wait-0] DEBUG com.github.dockerjava.zerodep.shaded.org.apache.hc.client5.http.wire -- http-outgoing-3 << "Transfer-Encoding: chunked[\r][\n]"
19:04:59.671 [testcontainers-wait-0] DEBUG com.github.dockerjava.zerodep.shaded.org.apache.hc.client5.http.wire -- http-outgoing-3 << "[\r][\n]"
19:04:59.671 [testcontainers-wait-0] DEBUG com.github.dockerjava.zerodep.shaded.org.apache.hc.client5.http.wire -- http-outgoing-3 << "28d[\r][\n]"
19:04:59.671 [testcontainers-wait-0] DEBUG com.github.dockerjava.zerodep.shaded.org.apache.hc.client5.http.wire -- http-outgoing-3 << "{"ID":"c7070794cb7f916ae1bf48fc97770f29ff066e07e55ed5ee11fcff28dd495624","Running":false,"ExitCode":0,"ProcessConfig":{"tty":false,"entrypoint":"/bin/sh","arguments":["-c","while true; do ( true  &&  (grep -i ':0*2364' /proc/net/tcp* || nc -vz -w 1 localhost 9060 || /bin/bash -c '</dev/tcp/localhost/9060') &&  (grep -i ':0*235a' /proc/net/tcp* || nc -vz -w 1 localhost 9050 || /bin/bash -c '</dev/tcp/localhost/9050') ) && exit 0 || sleep 0.1; done"],"privileged":false},"OpenStdin":false,"OpenStderr":true,"OpenStdout":true,"CanRemove":false,"ContainerID":"ef610d412c9e9229a594efcb542c3435b562e394ed46d3b0b80c19f73ef4a156","DetachKeys":"","Pid":872}[\n]"
19:04:59.671 [testcontainers-wait-0] DEBUG com.github.dockerjava.zerodep.shaded.org.apache.hc.client5.http.wire -- http-outgoing-3 << "[\r][\n]"
19:04:59.671 [testcontainers-wait-0] DEBUG com.github.dockerjava.zerodep.shaded.org.apache.hc.client5.http.wire -- http-outgoing-3 << "0[\r][\n]"
19:04:59.671 [testcontainers-wait-0] DEBUG com.github.dockerjava.zerodep.shaded.org.apache.hc.client5.http.wire -- http-outgoing-3 << "[\r][\n]"
19:04:59.671 [testcontainers-wait-0] DEBUG com.github.dockerjava.zerodep.shaded.org.apache.hc.client5.http.headers -- http-outgoing-3 << HTTP/1.1 200 OK
19:04:59.671 [testcontainers-wait-0] DEBUG com.github.dockerjava.zerodep.shaded.org.apache.hc.client5.http.headers -- http-outgoing-3 << Api-Version: 1.45
19:04:59.671 [testcontainers-wait-0] DEBUG com.github.dockerjava.zerodep.shaded.org.apache.hc.client5.http.headers -- http-outgoing-3 << Content-Type: application/json
19:04:59.671 [testcontainers-wait-0] DEBUG com.github.dockerjava.zerodep.shaded.org.apache.hc.client5.http.headers -- http-outgoing-3 << Date: Fri, 19 Jul 2024 13:34:59 GMT
19:04:59.671 [testcontainers-wait-0] DEBUG com.github.dockerjava.zerodep.shaded.org.apache.hc.client5.http.headers -- http-outgoing-3 << Docker-Experimental: false
19:04:59.671 [testcontainers-wait-0] DEBUG com.github.dockerjava.zerodep.shaded.org.apache.hc.client5.http.headers -- http-outgoing-3 << Ostype: linux
19:04:59.671 [testcontainers-wait-0] DEBUG com.github.dockerjava.zerodep.shaded.org.apache.hc.client5.http.headers -- http-outgoing-3 << Server: Docker/26.1.4 (linux)
19:04:59.671 [testcontainers-wait-0] DEBUG com.github.dockerjava.zerodep.shaded.org.apache.hc.client5.http.headers -- http-outgoing-3 << Transfer-Encoding: chunked
19:04:59.672 [testcontainers-wait-0] DEBUG com.github.dockerjava.zerodep.shaded.org.apache.hc.client5.http.impl.classic.MainClientExec -- ex-00000018: connection can be kept alive for 3 MINUTES
19:04:59.678 [testcontainers-wait-0] DEBUG com.github.dockerjava.zerodep.shaded.org.apache.hc.client5.http.impl.classic.InternalHttpClient -- ep-00000017: releasing valid endpoint
19:04:59.678 [testcontainers-wait-0] DEBUG com.github.dockerjava.zerodep.shaded.org.apache.hc.client5.http.impl.io.PoolingHttpClientConnectionManager -- ep-00000017: releasing endpoint
19:04:59.678 [testcontainers-wait-0] DEBUG com.github.dockerjava.zerodep.shaded.org.apache.hc.client5.http.impl.io.PoolingHttpClientConnectionManager -- ep-00000017: connection http-outgoing-3 can be kept alive for 3 MINUTES
19:04:59.678 [testcontainers-wait-0] DEBUG com.github.dockerjava.zerodep.shaded.org.apache.hc.client5.http.impl.io.PoolingHttpClientConnectionManager -- ep-00000017: connection released [route: {}->unix://localhost:2375][total available: 2; route allocated: 2 of 2147483647; total allocated: 2 of 2147483647]
19:04:59.678 [testcontainers-wait-0] DEBUG org.testcontainers.containers.wait.strategy.HostPortWaitStrategy -- Internal port check passed for [9060, 9050] in PT0.420238S
19:04:59.678 [Test worker] INFO tc.ghcr.io/goccy/bigquery-emulator:0.4.3 -- Container ghcr.io/goccy/bigquery-emulator:0.4.3 started in PT0.584393S
19:04:59.747 [Test worker] DEBUG org.springframework.boot.test.context.SpringBootTestContextBootstrapper -- Neither @ContextConfiguration nor @ContextHierarchy found for test class [EnterpriseLaborManagementApplicationTests]: using SpringBootContextLoader
19:04:59.748 [Test worker] DEBUG org.springframework.test.context.support.AbstractContextLoader -- Could not detect default resource locations for test class [com.homedepot.supplychain.enterpriselabormanagement.EnterpriseLaborManagementApplicationTests]: no resource found for suffixes {-context.xml, Context.groovy}.
19:04:59.763 [Test worker] DEBUG org.springframework.boot.test.context.SpringBootTestContextBootstrapper -- Using ContextCustomizers for test class [EnterpriseLaborManagementApplicationTests]: [DisableObservabilityContextCustomizer, PropertyMappingContextCustomizer, Customizer, ExcludeFilterContextCustomizer, DuplicateJsonObjectContextCustomizer, MockitoContextCustomizer, TestRestTemplateContextCustomizer, DynamicPropertiesContextCustomizer]
19:04:59.810 [Test worker] DEBUG org.springframework.context.annotation.ClassPathScanningCandidateComponentProvider -- Identified candidate component class: file [/Users/shibsankarmitra/IdeaProjects/EnterpriseLaborManagement/build/classes/java/main/com/homedepot/supplychain/enterpriselabormanagement/EnterpriseLaborManagementApplication.class]
19:04:59.811 [Test worker] INFO org.springframework.boot.test.context.SpringBootTestContextBootstrapper -- Found @SpringBootConfiguration com.homedepot.supplychain.enterpriselabormanagement.EnterpriseLaborManagementApplication for test class com.homedepot.supplychain.enterpriselabormanagement.EnterpriseLaborManagementApplicationTests
19:04:59.872 [Test worker] DEBUG org.springframework.boot.test.context.SpringBootTestContextBootstrapper -- Using TestExecutionListeners for test class [EnterpriseLaborManagementApplicationTests]: [ServletTestExecutionListener, DirtiesContextBeforeModesTestExecutionListener, ApplicationEventsTestExecutionListener, MockitoTestExecutionListener, DependencyInjectionTestExecutionListener, DirtiesContextTestExecutionListener, TransactionalTestExecutionListener, SqlScriptsTestExecutionListener, EventPublishingTestExecutionListener, RestDocsTestExecutionListener, MockRestServiceServerResetTestExecutionListener, MockMvcPrintOnlyOnFailureTestExecutionListener, WebDriverTestExecutionListener, MockWebServiceServerTestExecutionListener, ResetMocksTestExecutionListener]
19:04:59.872 [Test worker] DEBUG org.springframework.test.context.support.AbstractDirtiesContextTestExecutionListener -- Before test class: class [EnterpriseLaborManagementApplicationTests], class annotated with @DirtiesContext [false] with mode [null]
19:04:59.877 [Test worker] DEBUG org.springframework.test.context.support.DependencyInjectionTestExecutionListener -- Performing dependency injection for test class com.homedepot.supplychain.enterpriselabormanagement.EnterpriseLaborManagementApplicationTests

  .   ____          _            __ _ _
 /\\ / ___'_ __ _ _(_)_ __  __ _ \ \ \ \
( ( )\___ | '_ | '_| | '_ \/ _` | \ \ \ \
 \\/  ___)| |_)| | | | | || (_| |  ) ) ) )
  '  |____| .__|_| |_|_| |_\__, | / / / /
 =========|_|==============|___/=/_/_/_/
 :: Spring Boot ::                (v3.0.5)

2024-07-19T19:05:00.072+05:30  WARN 86805 --- [    Test worker] ory$DuplicateJsonObjectContextCustomizer : 

Found multiple occurrences of org.json.JSONObject on the class path:

	jar:file:/Users/shibsankarmitra/.gradle/caches/modules-2/files-2.1/com.vaadin.external.google/android-json/0.0.20131108.vaadin1/fa26d351fe62a6a17f5cda1287c1c6110dec413f/android-json-0.0.20131108.vaadin1.jar!/org/json/JSONObject.class
	jar:file:/Users/shibsankarmitra/.gradle/caches/modules-2/files-2.1/org.json/json/20230618/1ae16df7d556d02713e241086f878399e99260d6/json-20230618.jar!/org/json/JSONObject.class

You may wish to exclude one of them to ensure predictable runtime behavior

2024-07-19T19:05:00.079+05:30  INFO 86805 --- [    Test worker] nterpriseLaborManagementApplicationTests : Starting EnterpriseLaborManagementApplicationTests using Java 17.0.11 with PID 86805 (started by shibsankarmitra in /Users/shibsankarmitra/IdeaProjects/EnterpriseLaborManagement)
2024-07-19T19:05:00.079+05:30  INFO 86805 --- [    Test worker] nterpriseLaborManagementApplicationTests : The following 1 profile is active: "test"
2024-07-19T19:05:00.397+05:30  INFO 86805 --- [    Test worker] faultConfiguringBeanFactoryPostProcessor : No bean named 'errorChannel' has been explicitly defined. Therefore, a default PublishSubscribeChannel will be created.
2024-07-19T19:05:00.404+05:30  INFO 86805 --- [    Test worker] faultConfiguringBeanFactoryPostProcessor : No bean named 'integrationHeaderChannelRegistry' has been explicitly defined. Therefore, a default DefaultHeaderChannelRegistry will be created.
2024-07-19T19:05:00.743+05:30  INFO 86805 --- [    Test worker] o.s.b.w.embedded.tomcat.TomcatWebServer  : Tomcat initialized with port(s): 0 (http)
2024-07-19T19:05:00.751+05:30  INFO 86805 --- [    Test worker] o.apache.catalina.core.StandardService   : Starting service [Tomcat]
2024-07-19T19:05:00.752+05:30  INFO 86805 --- [    Test worker] o.apache.catalina.core.StandardEngine    : Starting Servlet engine: [Apache Tomcat/10.1.7]
2024-07-19T19:05:00.807+05:30  INFO 86805 --- [    Test worker] o.a.c.c.C.[Tomcat].[localhost].[/]       : Initializing Spring embedded WebApplicationContext
2024-07-19T19:05:00.807+05:30  INFO 86805 --- [    Test worker] w.s.c.ServletWebServerApplicationContext : Root WebApplicationContext: initialization completed in 717 ms
2024-07-19T19:05:00.960+05:30  INFO 86805 --- [    Test worker] c.g.c.s.a.c.GcpContextAutoConfiguration  : The default project ID is test-project
2024-07-19T19:05:00.979+05:30  INFO 86805 --- [    Test worker] c.g.c.s.core.DefaultCredentialsProvider  : Default credentials provider for user 764086051850-6qr4p6gpi6hn506pt8ejuq83di341hur.apps.googleusercontent.com
2024-07-19T19:05:00.979+05:30  INFO 86805 --- [    Test worker] c.g.c.s.core.DefaultCredentialsProvider  : Scopes in use by default credentials: [https://www.googleapis.com/auth/pubsub, https://www.googleapis.com/auth/spanner.admin, https://www.googleapis.com/auth/spanner.data, https://www.googleapis.com/auth/datastore, https://www.googleapis.com/auth/sqlservice.admin, https://www.googleapis.com/auth/devstorage.read_only, https://www.googleapis.com/auth/devstorage.read_write, https://www.googleapis.com/auth/cloudruntimeconfig, https://www.googleapis.com/auth/trace.append, https://www.googleapis.com/auth/cloud-platform, https://www.googleapis.com/auth/cloud-vision, https://www.googleapis.com/auth/bigquery, https://www.googleapis.com/auth/monitoring.write]
2024-07-19T19:05:02.133+05:30  INFO 86805 --- [    Test worker] o.s.i.endpoint.EventDrivenConsumer       : Adding {logging-channel-adapter:_org.springframework.integration.errorLogger} as a subscriber to the 'errorChannel' channel
2024-07-19T19:05:02.133+05:30  INFO 86805 --- [    Test worker] o.s.i.channel.PublishSubscribeChannel    : Channel 'application.errorChannel' has 1 subscriber(s).
2024-07-19T19:05:02.133+05:30  INFO 86805 --- [    Test worker] o.s.i.endpoint.EventDrivenConsumer       : started bean '_org.springframework.integration.errorLogger'
2024-07-19T19:05:02.133+05:30  INFO 86805 --- [    Test worker] o.s.i.endpoint.EventDrivenConsumer       : Adding {message-handler:messageReceiver.serviceActivator} as a subscriber to the 'pubsubInputChannel' channel
2024-07-19T19:05:02.133+05:30  INFO 86805 --- [    Test worker] o.s.integration.channel.DirectChannel    : Channel 'application.pubsubInputChannel' has 1 subscriber(s).
2024-07-19T19:05:02.133+05:30  INFO 86805 --- [    Test worker] o.s.i.endpoint.EventDrivenConsumer       : started bean 'messageReceiver.serviceActivator'
2024-07-19T19:05:02.143+05:30  INFO 86805 --- [    Test worker] .g.c.s.p.i.i.PubSubInboundChannelAdapter : started bean 'messageChannelAdapter'; defined in: 'class path resource [com/homedepot/supplychain/enterpriselabormanagement/configs/PubSubConfig.class]'; from source: 'com.homedepot.supplychain.enterpriselabormanagement.configs.PubSubConfig.messageChannelAdapter(org.springframework.messaging.MessageChannel,com.google.cloud.spring.pubsub.core.subscriber.PubSubSubscriberTemplate)'
2024-07-19T19:05:02.150+05:30  INFO 86805 --- [    Test worker] o.s.b.w.embedded.tomcat.TomcatWebServer  : Tomcat started on port(s): 51904 (http) with context path ''
2024-07-19T19:05:02.154+05:30  INFO 86805 --- [    Test worker] nterpriseLaborManagementApplicationTests : Started EnterpriseLaborManagementApplicationTests in 2.263 seconds (process running for 11.88)
2024-07-19T19:05:02.873+05:30  INFO 86805 --- [    Test worker] nterpriseLaborManagementApplicationTests : Topic elm_topic_test or Subscription elm_subscription_test does not exist. Skipping delete
2024-07-19T19:05:02.970+05:30  INFO 86805 --- [    Test worker] nterpriseLaborManagementApplicationTests : Topic created with name projects/test-project/topics/elm_topic_test
2024-07-19T19:05:02.987+05:30  INFO 86805 --- [    Test worker] nterpriseLaborManagementApplicationTests : Subscription created with name projects/test-project/subscriptions/elm_subscription_test Listening to topic projects/test-project/topics/elm_topic_test 
2024-07-19T19:05:03.040+05:30  INFO 86805 --- [    Test worker] nterpriseLaborManagementApplicationTests : Table 'elm_events_test' removed
2024-07-19T19:05:03.046+05:30  INFO 86805 --- [    Test worker] nterpriseLaborManagementApplicationTests : Dataset 'elm_integration_test' removed
2024-07-19T19:05:03.064+05:30  INFO 86805 --- [    Test worker] nterpriseLaborManagementApplicationTests : Dataset 'elm_integration_test' created
2024-07-19T19:05:03.100+05:30  INFO 86805 --- [    Test worker] nterpriseLaborManagementApplicationTests : Table 'GenericData{classInfo=[datasetId, projectId, tableId], {datasetId=elm_integration_test, projectId=test-project, tableId=elm_events_test}}' created
2024-07-19T19:05:03.128+05:30  INFO 86805 --- [ault-executor-0] nterpriseLaborManagementApplicationTests : Published message ID: 1
2024-07-19T19:05:03.132+05:30  INFO 86805 --- [    Test worker] nterpriseLaborManagementApplicationTests : Listening for messages on elm_subscription_test
2024-07-19T19:05:03.210+05:30  INFO 86805 --- [          Gax-8] nterpriseLaborManagementApplicationTests : pubsubInputChannel: PubSub message received with ID: 1 Payload: {
  "attributes": {
    "schemaUrl": "<insert schema url>",
    "contract_version": "0.1",
    "source": "HDW",
    "platform": "FDC",
    "dc_number": "5865",
    "action": "REPLEN_ALLOCATION_LM",
    "activity": "REPLEN_ALLOCATION_LM",
    "event_type": "DIRECT",
    "publish_timestamp": "2024-01-12T19:54:58.813",
    "trace_id": "6e0ed4f6-00c8-4676-8a4a-529c0a713833",
    "task_id": "10979301"
  },
  "data": {
    "user_id": "john_smith@homedepot.com",
    "ldap_id": "stc9000",
    "transaction_id": "6e0ed4f6-00c8-4676-8a4a-529c0a713834",
    "vehicle": {
      "assigned_vehicle": "FORKLIFT",
      "vehicle_id": "23"
    },
    "lpns": [
      {
        "parent_lpn_id": "",
        "lpn_number": "L00020260634",
        "container_type": "",
        "locations": [
          {
            "transaction_timestamp": "2024-01-12T19:54:58.813",
            "start_location": "DR30-CG-2079",
            "end_location": "TS30-PIC-CTR-BJ",
            "start_zone": "PK50",
            "end_zone": "PK40",
            "start_location_type": "RSV",
            "end_location_type": "PCK",
            "pick_area": "2GL",
            "put_area": "2GL",
            "skus": [
              {
                "sku_number": "1007098445",
                "build_id": "9ccb23d1-c1d0-4705-a721-3129b16e84e9",
                "sku_description": "1X12-8FT PRIMED FJ S4S BOARD",
                "department": "11",
                "sku_class": "22",
                "sku_sub_class": "33",
                "special_handling": "",
                "build_on_method": "",
                "secure_method": "",
                "unload_type": ""
              }
            ],
            "location_uom": "CA",
            "location_qty": "28",
            "uom_qty": "68",
            "reason_code": "",
            "inbound_outbound_indicator": "O",
            "order_category": "",
            "shipment_number": "",
            "shipment_type_id": "",
            "shipment_route": "",
            "shipment_stop": "",
            "store_number": "",
            "service_type": "",
            "vendor_number": "43954",
            "trailer_number": "",
            "rail_car_number": "",
            "scac": "",
            "lpn_status": "",
            "shipment_lpn_error_type": "",
            "mhe_loaded": "N"
          },
          {
            "transaction_timestamp": "2023-10-22T09:24:23.813",
            "start_location": "LOC1",
            "end_location": "LOC2",
            "start_zone": "ZON1",
            "end_zone": "ZON2",
            "start_location_type": "LCT",
            "end_location_type": "LCT",
            "pick_area": "BSMT",
            "put_area": "BSMT",
            "skus": [
              {
                "sku_number": "1007098445",
                "build_id": "9ccb23d1-c1d0-4705-a721-3129b16e84e9",
                "sku_description": "1X12-8FT PRIMED FJ S4S BOARD",
                "department": "11",
                "sku_class": "22",
                "sku_sub_class": "33",
                "special_handling": "",
                "build_on_method": "",
                "secure_method": "",
                "unload_type": ""
              },
              {
                "sku_number": "1003004001",
                "build_id": "ed2323d1-ed23-4705-a721-aw23ar341675",
                "sku_description": "2X2-10SQFT TILES",
                "department": "100",
                "sku_class": "19",
                "sku_sub_class": "37",
                "special_handling": "",
                "build_on_method": "",
                "secure_method": "",
                "unload_type": ""
              }
            ],
            "location_uom": "PL",
            "location_qty": "28",
            "uom_qty": "68",
            "reason_code": "",
            "inbound_outbound_indicator": "O",
            "vendor_number": "43954",
            "lpn_status": "",
            "mhe_loaded": "N"
          }
        ]
      },
      {
        "parent_lpn_id": "",
        "lpn_number": "L0007890034",
        "container_type": "",
        "locations": [
          {
            "transaction_timestamp": "2024-04-22T13:23:45.678",
            "start_location": "DFG-WE-9008",
            "end_location": "TJ45-DFC-ELM-AS",
            "start_zone": "PK20",
            "end_zone": "PK34",
            "start_location_type": "PSV",
            "end_location_type": "FCB",
            "pick_area": "3PL",
            "put_area": "WRP",
            "skus": [
              {
                "sku_number": "1007098445",
                "build_id": "9ccb23d1-c1d0-4705-a721-3129b16e84e9",
                "sku_description": "1X12-8FT PRIMED FJ S4S BOARD",
                "department": "11",
                "sku_class": "22",
                "sku_sub_class": "33",
                "special_handling": "",
                "build_on_method": "",
                "secure_method": "",
                "unload_type": ""
              },
              {
                "sku_number": "1003004001",
                "build_id": "ed2323d1-ed23-4705-a721-aw23ar341675",
                "sku_description": "2X2-10SQFT TILES",
                "department": "100",
                "sku_class": "19",
                "sku_sub_class": "37",
                "special_handling": "",
                "build_on_method": "",
                "secure_method": "",
                "unload_type": ""
              }
            ],
            "location_uom": "EA",
            "location_qty": "28",
            "uom_qty": "68",
            "reason_code": "",
            "inbound_outbound_indicator": "O",
            "vendor_number": "43954",
            "lpn_status": "",
            "mhe_loaded": "N"
          }
        ]
      }
    ],
    "builds": [
      {
        "build_id": "9ccb23d1-c1d0-4705-a721-3129b16e84e9",
        "sku": "1007098445",
        "package_hierarchy": [
          {
            "i_package_each_qty": 1,
            "depth": 0.75,
            "weight_uom": "LB",
            "size_uom": "IN",
            "hierarchy_level_code": "EA",
            "package_unit_qty": "1",
            "width": 7.25,
            "weight": 13.25,
            "package_each_qty": "1",
            "i_package_unit_qty": 1,
            "height": 144
          },
          {
            "i_package_each_qty": 50,
            "depth": 14.5,
            "weight_uom": "LB",
            "size_uom": "IN",
            "hierarchy_level_code": "PL",
            "package_unit_qty": "50",
            "width": 4.4,
            "weight": 678,
            "package_each_qty": "70",
            "i_package_unit_qty": 70,
            "height": 1.9
          },
          {
            "i_package_each_qty": 96,
            "depth": 144,
            "weight_uom": "LB",
            "size_uom": "IN",
            "hierarchy_level_code": "CA",
            "package_unit_qty": "96",
            "width": 48,
            "weight": 1272,
            "package_each_qty": "10",
            "i_package_unit_qty": 96,
            "height": 15
          }
        ]
      },
      {
        "build_id": "ed2323d1-ed23-4705-a721-aw23ar341675",
        "sku": "1003004001",
        "package_hierarchy": [
          {
            "i_package_each_qty": 11,
            "depth": 3.12,
            "weight_uom": "LB",
            "size_uom": "IN",
            "hierarchy_level_code": "EA",
            "package_unit_qty": "111",
            "width": 23.20,
            "weight": 340.40,
            "package_each_qty": "11",
            "i_package_unit_qty": 111,
            "height": 20.50
          },
          {
            "i_package_each_qty": 10,
            "depth": 2.09,
            "weight_uom": "LB",
            "size_uom": "IN",
            "hierarchy_level_code": "PL",
            "package_unit_qty": "23",
            "width": 10.12,
            "weight": 297,
            "package_each_qty": "10",
            "i_package_unit_qty": 23,
            "height": 5.6
          },
          {
            "i_package_each_qty": 14,
            "depth": 10.56,
            "weight_uom": "LB",
            "size_uom": "IN",
            "hierarchy_level_code": "CA",
            "package_unit_qty": "45",
            "width": 123.12,
            "weight": 980,
            "package_each_qty": "14",
            "i_package_unit_qty": 45,
            "height": 9.99
          }
        ]
      },
      {
        "build_id": "9ccb23d1-c1d0-4705-a721-3129b16e84e9",
        "sku": "1",
        "package_hierarchy": [
          {
            "i_package_each_qty": 1,
            "depth": 0.75,
            "weight_uom": "LB",
            "size_uom": "IN",
            "hierarchy_level_code": "EA",
            "package_unit_qty": "1",
            "width": 7.25,
            "weight": 13.25,
            "package_each_qty": "1",
            "i_package_unit_qty": 1,
            "height": 144
          },
          {
            "i_package_each_qty": 96,
            "depth": 144,
            "weight_uom": "LB",
            "size_uom": "IN",
            "hierarchy_level_code": "PL",
            "package_unit_qty": "96",
            "width": 48,
            "weight": 1272,
            "package_each_qty": "96",
            "i_package_unit_qty": 96,
            "height": 15
          },
          {
            "i_package_each_qty": 96,
            "depth": 144,
            "weight_uom": "LB",
            "size_uom": "IN",
            "hierarchy_level_code": "CA",
            "package_unit_qty": "96",
            "width": 48,
            "weight": 1272,
            "package_each_qty": "10",
            "i_package_unit_qty": 96,
            "height": 15
          }
        ]
      }
    ]
  }
}
2024-07-19T19:05:03.322+05:30  INFO 86805 --- [          Gax-8] c.h.s.e.s.ElmTransactionBigQueryService  : Successfully inserted transaction with id: 6e0ed4f6-00c8-4676-8a4a-529c0a713834 
2024-07-19T19:05:03.322+05:30  INFO 86805 --- [          Gax-8] c.h.s.e.s.ElmTransactionBigQueryService  : Successfully inserted transaction with id: 6e0ed4f6-00c8-4676-8a4a-529c0a713834 
2024-07-19T19:05:03.322+05:30  INFO 86805 --- [          Gax-8] c.h.s.e.s.ElmTransactionBigQueryService  : Successfully inserted transaction with id: 6e0ed4f6-00c8-4676-8a4a-529c0a713834 
2024-07-19T19:05:03.322+05:30  INFO 86805 --- [          Gax-8] c.h.s.e.s.ElmTransactionBigQueryService  : Successfully inserted transaction with id: 6e0ed4f6-00c8-4676-8a4a-529c0a713834 
2024-07-19T19:05:03.322+05:30  INFO 86805 --- [          Gax-8] c.h.s.e.s.ElmTransactionBigQueryService  : Successfully inserted transaction with id: 6e0ed4f6-00c8-4676-8a4a-529c0a713834 
2024-07-19T19:05:03.323+05:30  INFO 86805 --- [          Gax-8] c.h.s.e.services.PubSubConsumerService   : ElmTransactionBigQueryService: Acknowledgement sent for PubSub message with ID: 1
2024-07-19T19:05:05.096+05:30 ERROR 86805 --- [bscriber-SE-1-2] c.g.c.p.v.StreamingSubscriberConnection  : terminated streaming with exception

com.google.api.gax.rpc.NotFoundException: com.google.api.gax.rpc.NotFoundException: io.grpc.StatusRuntimeException: NOT_FOUND: Resource not found (resource=elm_subscription_test).
	at com.google.api.gax.rpc.ApiExceptionFactory.createException(ApiExceptionFactory.java:90)
	at com.google.api.gax.rpc.ApiExceptionFactory.createException(ApiExceptionFactory.java:41)
	at com.google.cloud.pubsub.v1.StreamingSubscriberConnection$1.onFailure(StreamingSubscriberConnection.java:339)
	at com.google.api.core.ApiFutures$1.onFailure(ApiFutures.java:84)
	at com.google.common.util.concurrent.Futures$CallbackListener.run(Futures.java:1132)
	at com.google.common.util.concurrent.DirectExecutor.execute(DirectExecutor.java:31)
	at com.google.common.util.concurrent.AbstractFuture.executeListener(AbstractFuture.java:1270)
	at com.google.common.util.concurrent.AbstractFuture.complete(AbstractFuture.java:1038)
	at com.google.common.util.concurrent.AbstractFuture.setException(AbstractFuture.java:808)
	at com.google.api.core.AbstractApiFuture$InternalSettableFuture.setException(AbstractApiFuture.java:92)
	at com.google.api.core.AbstractApiFuture.setException(AbstractApiFuture.java:74)
	at com.google.api.core.SettableApiFuture.setException(SettableApiFuture.java:51)
	at com.google.cloud.pubsub.v1.StreamingSubscriberConnection$StreamingPullResponseObserver.onError(StreamingSubscriberConnection.java:261)
	at com.google.api.gax.tracing.TracedResponseObserver.onError(TracedResponseObserver.java:104)
	at com.google.api.gax.grpc.ExceptionResponseObserver.onErrorImpl(ExceptionResponseObserver.java:84)
	at com.google.api.gax.rpc.StateCheckingResponseObserver.onError(StateCheckingResponseObserver.java:84)
	at com.google.api.gax.grpc.GrpcDirectStreamController$ResponseObserverAdapter.onClose(GrpcDirectStreamController.java:148)
	at io.grpc.PartialForwardingClientCallListener.onClose(PartialForwardingClientCallListener.java:39)
	at io.grpc.ForwardingClientCallListener.onClose(ForwardingClientCallListener.java:23)
	at io.grpc.ForwardingClientCallListener$SimpleForwardingClientCallListener.onClose(ForwardingClientCallListener.java:40)
	at com.google.api.gax.grpc.ChannelPool$ReleasingClientCall$1.onClose(ChannelPool.java:541)
	at io.grpc.internal.DelayedClientCall$DelayedListener$3.run(DelayedClientCall.java:489)
	at io.grpc.internal.DelayedClientCall$DelayedListener.delayOrExecute(DelayedClientCall.java:453)
	at io.grpc.internal.DelayedClientCall$DelayedListener.onClose(DelayedClientCall.java:486)
	at io.grpc.internal.ClientCallImpl.closeObserver(ClientCallImpl.java:567)
	at io.grpc.internal.ClientCallImpl.access$300(ClientCallImpl.java:71)
	at io.grpc.internal.ClientCallImpl$ClientStreamListenerImpl$1StreamClosed.runInternal(ClientCallImpl.java:735)
	at io.grpc.internal.ClientCallImpl$ClientStreamListenerImpl$1StreamClosed.runInContext(ClientCallImpl.java:716)
	at io.grpc.internal.ContextRunnable.run(ContextRunnable.java:37)
	at io.grpc.internal.SerializingExecutor.run(SerializingExecutor.java:133)
	at java.base/java.util.concurrent.Executors$RunnableAdapter.call(Executors.java:539)
	at java.base/java.util.concurrent.FutureTask.run(FutureTask.java:264)
	at java.base/java.util.concurrent.ScheduledThreadPoolExecutor$ScheduledFutureTask.run(ScheduledThreadPoolExecutor.java:304)
	at java.base/java.util.concurrent.ThreadPoolExecutor.runWorker(ThreadPoolExecutor.java:1136)
	at java.base/java.util.concurrent.ThreadPoolExecutor$Worker.run(ThreadPoolExecutor.java:635)
	at java.base/java.lang.Thread.run(Thread.java:840)
Caused by: com.google.api.gax.rpc.NotFoundException: io.grpc.StatusRuntimeException: NOT_FOUND: Resource not found (resource=elm_subscription_test).
	at com.google.api.gax.rpc.ApiExceptionFactory.createException(ApiExceptionFactory.java:90)
	at com.google.api.gax.rpc.ApiExceptionFactory.createException(ApiExceptionFactory.java:41)
	at com.google.api.gax.grpc.GrpcApiExceptionFactory.create(GrpcApiExceptionFactory.java:86)
	at com.google.api.gax.grpc.GrpcApiExceptionFactory.create(GrpcApiExceptionFactory.java:66)
	at com.google.api.gax.grpc.ExceptionResponseObserver.onErrorImpl(ExceptionResponseObserver.java:82)
	... 21 common frames omitted
Caused by: io.grpc.StatusRuntimeException: NOT_FOUND: Resource not found (resource=elm_subscription_test).
	at io.grpc.Status.asRuntimeException(Status.java:539)
	... 20 common frames omitted

2024-07-19T19:05:05.098+05:30  WARN 86805 --- [bscriber-SE-1-2] c.g.c.p.v.StreamingSubscriberConnection  : Setting response: SUCCESSFUL on outstanding messages
2024-07-19T19:05:08.223+05:30  INFO 86805 --- [    Test worker] c.h.s.e.utils.TestUtils                  : Running comparison for row :{contract_version=0.1, source=HDW, event_type=DIRECT, platform=FDC, dc_number=5865, activity=REPLEN_ALLOCATION_LM, action=REPLEN_ALLOCATION_LM, trace_id=6e0ed4f6-00c8-4676-8a4a-529c0a713833, publish_timestamp=2024-01-12T19:54:58.813, task_id=10979301, user_id=john_smith@homedepot.com, ldap_id=stc9000, transaction_id=6e0ed4f6-00c8-4676-8a4a-529c0a713834, vehicle_id=23, assigned_vehicle=FORKLIFT, lpn_number=L00020260634, parent_lpn_id=, container_type=, transaction_timestamp=2024-01-12T19:54:58.813, start_location=DR30-CG-2079, end_location=TS30-PIC-CTR-BJ, start_zone=PK50, end_zone=PK40, start_location_type=RSV, end_location_type=PCK, location_uom=CA, location_qty=28, uom_qty=68, inbound_outbound_indicator=O, pick_area=2GL, put_area=2GL, reason_code=, order_category=, shipment_number=, shipment_type_id=, shipment_route=, shipment_stop=, store_number=, service_type=, vendor_number=43954, trailer_number=, scac=, lpn_status=, shipment_lpn_error_type=, mhe_loaded=N, sku_number=1007098445, build_id=9ccb23d1-c1d0-4705-a721-3129b16e84e9, sku_description=1X12-8FT PRIMED FJ S4S BOARD, department=11, sku_class=22, sku_sub_class=33, special_handling=, build_on_method=, secure_method=, unload_type=}
2024-07-19T19:05:08.226+05:30  INFO 86805 --- [    Test worker] c.h.s.e.utils.TestUtils                  : Comparing column:contract_version actual 0.1 expected 0.1 
2024-07-19T19:05:08.227+05:30  INFO 86805 --- [    Test worker] c.h.s.e.utils.TestUtils                  : Comparing column:source actual HDW expected HDW 
2024-07-19T19:05:08.227+05:30  INFO 86805 --- [    Test worker] c.h.s.e.utils.TestUtils                  : Comparing column:event_type actual DIRECT expected DIRECT 
2024-07-19T19:05:08.227+05:30  INFO 86805 --- [    Test worker] c.h.s.e.utils.TestUtils                  : Comparing column:platform actual FDC expected FDC 
2024-07-19T19:05:08.227+05:30  INFO 86805 --- [    Test worker] c.h.s.e.utils.TestUtils                  : Comparing column:dc_number actual 5865 expected 5865 
2024-07-19T19:05:08.227+05:30  INFO 86805 --- [    Test worker] c.h.s.e.utils.TestUtils                  : Comparing column:activity actual REPLEN_ALLOCATION_LM expected REPLEN_ALLOCATION_LM 
2024-07-19T19:05:08.227+05:30  INFO 86805 --- [    Test worker] c.h.s.e.utils.TestUtils                  : Comparing column:action actual REPLEN_ALLOCATION_LM expected REPLEN_ALLOCATION_LM 
2024-07-19T19:05:08.227+05:30  INFO 86805 --- [    Test worker] c.h.s.e.utils.TestUtils                  : Comparing column:trace_id actual 6e0ed4f6-00c8-4676-8a4a-529c0a713833 expected 6e0ed4f6-00c8-4676-8a4a-529c0a713833 
2024-07-19T19:05:08.227+05:30  INFO 86805 --- [    Test worker] c.h.s.e.utils.TestUtils                  : Comparing column:publish_timestamp actual 1705089298.813000 expected 2024-01-12T19:54:58.813 
2024-07-19T19:05:08.227+05:30  INFO 86805 --- [    Test worker] c.h.s.e.utils.TestUtils                  : Comparing column:task_id actual 10979301 expected 10979301 
2024-07-19T19:05:08.227+05:30  INFO 86805 --- [    Test worker] c.h.s.e.utils.TestUtils                  : Comparing column:user_id actual john_smith@homedepot.com expected john_smith@homedepot.com 
2024-07-19T19:05:08.227+05:30  INFO 86805 --- [    Test worker] c.h.s.e.utils.TestUtils                  : Comparing column:ldap_id actual stc9000 expected stc9000 
2024-07-19T19:05:08.227+05:30  INFO 86805 --- [    Test worker] c.h.s.e.utils.TestUtils                  : Comparing column:transaction_id actual 6e0ed4f6-00c8-4676-8a4a-529c0a713834 expected 6e0ed4f6-00c8-4676-8a4a-529c0a713834 
2024-07-19T19:05:08.227+05:30  INFO 86805 --- [    Test worker] c.h.s.e.utils.TestUtils                  : Comparing column:vehicle_id actual 23 expected 23 
2024-07-19T19:05:08.227+05:30  INFO 86805 --- [    Test worker] c.h.s.e.utils.TestUtils                  : Comparing column:assigned_vehicle actual FORKLIFT expected FORKLIFT 
2024-07-19T19:05:08.227+05:30  INFO 86805 --- [    Test worker] c.h.s.e.utils.TestUtils                  : Comparing column:lpn_number actual L00020260634 expected L00020260634 
2024-07-19T19:05:08.227+05:30  INFO 86805 --- [    Test worker] c.h.s.e.utils.TestUtils                  : Comparing column:transaction_timestamp actual 1705089298.813000 expected 2024-01-12T19:54:58.813 
2024-07-19T19:05:08.227+05:30  INFO 86805 --- [    Test worker] c.h.s.e.utils.TestUtils                  : Comparing column:start_location actual DR30-CG-2079 expected DR30-CG-2079 
2024-07-19T19:05:08.227+05:30  INFO 86805 --- [    Test worker] c.h.s.e.utils.TestUtils                  : Comparing column:end_location actual TS30-PIC-CTR-BJ expected TS30-PIC-CTR-BJ 
2024-07-19T19:05:08.227+05:30  INFO 86805 --- [    Test worker] c.h.s.e.utils.TestUtils                  : Comparing column:start_zone actual PK50 expected PK50 
2024-07-19T19:05:08.227+05:30  INFO 86805 --- [    Test worker] c.h.s.e.utils.TestUtils                  : Comparing column:end_zone actual PK40 expected PK40 
2024-07-19T19:05:08.227+05:30  INFO 86805 --- [    Test worker] c.h.s.e.utils.TestUtils                  : Comparing column:start_location_type actual RSV expected RSV 
2024-07-19T19:05:08.227+05:30  INFO 86805 --- [    Test worker] c.h.s.e.utils.TestUtils                  : Comparing column:end_location_type actual PCK expected PCK 
2024-07-19T19:05:08.227+05:30  INFO 86805 --- [    Test worker] c.h.s.e.utils.TestUtils                  : Comparing column:location_uom actual CA expected CA 
2024-07-19T19:05:08.227+05:30  INFO 86805 --- [    Test worker] c.h.s.e.utils.TestUtils                  : Comparing column:location_qty actual 28 expected 28 
2024-07-19T19:05:08.228+05:30  INFO 86805 --- [    Test worker] c.h.s.e.utils.TestUtils                  : Comparing column:uom_qty actual 68 expected 68 
2024-07-19T19:05:08.228+05:30  INFO 86805 --- [    Test worker] c.h.s.e.utils.TestUtils                  : Comparing column:inbound_outbound_indicator actual O expected O 
2024-07-19T19:05:08.228+05:30  INFO 86805 --- [    Test worker] c.h.s.e.utils.TestUtils                  : Comparing column:pick_area actual 2GL expected 2GL 
2024-07-19T19:05:08.228+05:30  INFO 86805 --- [    Test worker] c.h.s.e.utils.TestUtils                  : Comparing column:put_area actual 2GL expected 2GL 
2024-07-19T19:05:08.228+05:30  INFO 86805 --- [    Test worker] c.h.s.e.utils.TestUtils                  : Comparing column:vendor_number actual 43954 expected 43954 
2024-07-19T19:05:08.228+05:30  INFO 86805 --- [    Test worker] c.h.s.e.utils.TestUtils                  : Comparing column:mhe_loaded actual N expected N 
2024-07-19T19:05:08.228+05:30  INFO 86805 --- [    Test worker] c.h.s.e.utils.TestUtils                  : Comparing column:sku_number actual 1007098445 expected 1007098445 
2024-07-19T19:05:08.228+05:30  INFO 86805 --- [    Test worker] c.h.s.e.utils.TestUtils                  : Comparing column:build_id actual 9ccb23d1-c1d0-4705-a721-3129b16e84e9 expected 9ccb23d1-c1d0-4705-a721-3129b16e84e9 
2024-07-19T19:05:08.228+05:30  INFO 86805 --- [    Test worker] c.h.s.e.utils.TestUtils                  : Comparing column:sku_description actual 1X12-8FT PRIMED FJ S4S BOARD expected 1X12-8FT PRIMED FJ S4S BOARD 
2024-07-19T19:05:08.228+05:30  INFO 86805 --- [    Test worker] c.h.s.e.utils.TestUtils                  : Comparing column:department actual 11 expected 11 
2024-07-19T19:05:08.228+05:30  INFO 86805 --- [    Test worker] c.h.s.e.utils.TestUtils                  : Comparing column:sku_class actual 22 expected 22 
2024-07-19T19:05:08.228+05:30  INFO 86805 --- [    Test worker] c.h.s.e.utils.TestUtils                  : Comparing column:sku_sub_class actual 33 expected 33 
2024-07-19T19:05:08.228+05:30  INFO 86805 --- [    Test worker] c.h.s.e.utils.TestUtils                  : Running comparison for row :{contract_version=0.1, source=HDW, event_type=DIRECT, platform=FDC, dc_number=5865, activity=REPLEN_ALLOCATION_LM, action=REPLEN_ALLOCATION_LM, trace_id=6e0ed4f6-00c8-4676-8a4a-529c0a713833, publish_timestamp=2024-01-12T19:54:58.813, task_id=10979301, user_id=john_smith@homedepot.com, ldap_id=stc9000, transaction_id=6e0ed4f6-00c8-4676-8a4a-529c0a713834, vehicle_id=23, assigned_vehicle=FORKLIFT, lpn_number=L00020260634, parent_lpn_id=, container_type=, transaction_timestamp=2023-10-22T09:24:23.813, start_location=LOC1, end_location=LOC2, start_zone=ZON1, end_zone=ZON2, start_location_type=LCT, end_location_type=LCT, location_uom=PL, location_qty=28, uom_qty=68, inbound_outbound_indicator=O, pick_area=BSMT, put_area=BSMT, reason_code=, order_category=, shipment_number=, shipment_type_id=, shipment_route=, shipment_stop=, store_number=, service_type=, vendor_number=43954, trailer_number=, scac=, lpn_status=, shipment_lpn_error_type=, mhe_loaded=N, sku_number=1007098445, build_id=9ccb23d1-c1d0-4705-a721-3129b16e84e9, sku_description=1X12-8FT PRIMED FJ S4S BOARD, department=11, sku_class=22, sku_sub_class=33, special_handling=, build_on_method=, secure_method=, unload_type=}
2024-07-19T19:05:08.228+05:30  INFO 86805 --- [    Test worker] c.h.s.e.utils.TestUtils                  : Comparing column:contract_version actual 0.1 expected 0.1 
2024-07-19T19:05:08.228+05:30  INFO 86805 --- [    Test worker] c.h.s.e.utils.TestUtils                  : Comparing column:source actual HDW expected HDW 
2024-07-19T19:05:08.228+05:30  INFO 86805 --- [    Test worker] c.h.s.e.utils.TestUtils                  : Comparing column:event_type actual DIRECT expected DIRECT 
2024-07-19T19:05:08.228+05:30  INFO 86805 --- [    Test worker] c.h.s.e.utils.TestUtils                  : Comparing column:platform actual FDC expected FDC 
2024-07-19T19:05:08.228+05:30  INFO 86805 --- [    Test worker] c.h.s.e.utils.TestUtils                  : Comparing column:dc_number actual 5865 expected 5865 
2024-07-19T19:05:08.228+05:30  INFO 86805 --- [    Test worker] c.h.s.e.utils.TestUtils                  : Comparing column:activity actual REPLEN_ALLOCATION_LM expected REPLEN_ALLOCATION_LM 
2024-07-19T19:05:08.228+05:30  INFO 86805 --- [    Test worker] c.h.s.e.utils.TestUtils                  : Comparing column:action actual REPLEN_ALLOCATION_LM expected REPLEN_ALLOCATION_LM 
2024-07-19T19:05:08.228+05:30  INFO 86805 --- [    Test worker] c.h.s.e.utils.TestUtils                  : Comparing column:trace_id actual 6e0ed4f6-00c8-4676-8a4a-529c0a713833 expected 6e0ed4f6-00c8-4676-8a4a-529c0a713833 
2024-07-19T19:05:08.228+05:30  INFO 86805 --- [    Test worker] c.h.s.e.utils.TestUtils                  : Comparing column:publish_timestamp actual 1705089298.813000 expected 2024-01-12T19:54:58.813 
2024-07-19T19:05:08.228+05:30  INFO 86805 --- [    Test worker] c.h.s.e.utils.TestUtils                  : Comparing column:task_id actual 10979301 expected 10979301 
2024-07-19T19:05:08.228+05:30  INFO 86805 --- [    Test worker] c.h.s.e.utils.TestUtils                  : Comparing column:user_id actual john_smith@homedepot.com expected john_smith@homedepot.com 
2024-07-19T19:05:08.228+05:30  INFO 86805 --- [    Test worker] c.h.s.e.utils.TestUtils                  : Comparing column:ldap_id actual stc9000 expected stc9000 
2024-07-19T19:05:08.228+05:30  INFO 86805 --- [    Test worker] c.h.s.e.utils.TestUtils                  : Comparing column:transaction_id actual 6e0ed4f6-00c8-4676-8a4a-529c0a713834 expected 6e0ed4f6-00c8-4676-8a4a-529c0a713834 
2024-07-19T19:05:08.228+05:30  INFO 86805 --- [    Test worker] c.h.s.e.utils.TestUtils                  : Comparing column:vehicle_id actual 23 expected 23 
2024-07-19T19:05:08.228+05:30  INFO 86805 --- [    Test worker] c.h.s.e.utils.TestUtils                  : Comparing column:assigned_vehicle actual FORKLIFT expected FORKLIFT 
2024-07-19T19:05:08.228+05:30  INFO 86805 --- [    Test worker] c.h.s.e.utils.TestUtils                  : Comparing column:lpn_number actual L00020260634 expected L00020260634 
2024-07-19T19:05:08.228+05:30  INFO 86805 --- [    Test worker] c.h.s.e.utils.TestUtils                  : Comparing column:transaction_timestamp actual 1697966663.813000 expected 2023-10-22T09:24:23.813 
2024-07-19T19:05:08.228+05:30  INFO 86805 --- [    Test worker] c.h.s.e.utils.TestUtils                  : Comparing column:start_location actual LOC1 expected LOC1 
2024-07-19T19:05:08.228+05:30  INFO 86805 --- [    Test worker] c.h.s.e.utils.TestUtils                  : Comparing column:end_location actual LOC2 expected LOC2 
2024-07-19T19:05:08.228+05:30  INFO 86805 --- [    Test worker] c.h.s.e.utils.TestUtils                  : Comparing column:start_zone actual ZON1 expected ZON1 
2024-07-19T19:05:08.228+05:30  INFO 86805 --- [    Test worker] c.h.s.e.utils.TestUtils                  : Comparing column:end_zone actual ZON2 expected ZON2 
2024-07-19T19:05:08.228+05:30  INFO 86805 --- [    Test worker] c.h.s.e.utils.TestUtils                  : Comparing column:start_location_type actual LCT expected LCT 
2024-07-19T19:05:08.228+05:30  INFO 86805 --- [    Test worker] c.h.s.e.utils.TestUtils                  : Comparing column:end_location_type actual LCT expected LCT 
2024-07-19T19:05:08.228+05:30  INFO 86805 --- [    Test worker] c.h.s.e.utils.TestUtils                  : Comparing column:location_uom actual PL expected PL 
2024-07-19T19:05:08.228+05:30  INFO 86805 --- [    Test worker] c.h.s.e.utils.TestUtils                  : Comparing column:location_qty actual 28 expected 28 
2024-07-19T19:05:08.228+05:30  INFO 86805 --- [    Test worker] c.h.s.e.utils.TestUtils                  : Comparing column:uom_qty actual 68 expected 68 
2024-07-19T19:05:08.228+05:30  INFO 86805 --- [    Test worker] c.h.s.e.utils.TestUtils                  : Comparing column:inbound_outbound_indicator actual O expected O 
2024-07-19T19:05:08.228+05:30  INFO 86805 --- [    Test worker] c.h.s.e.utils.TestUtils                  : Comparing column:pick_area actual BSMT expected BSMT 
2024-07-19T19:05:08.228+05:30  INFO 86805 --- [    Test worker] c.h.s.e.utils.TestUtils                  : Comparing column:put_area actual BSMT expected BSMT 
2024-07-19T19:05:08.228+05:30  INFO 86805 --- [    Test worker] c.h.s.e.utils.TestUtils                  : Comparing column:vendor_number actual 43954 expected 43954 
2024-07-19T19:05:08.228+05:30  INFO 86805 --- [    Test worker] c.h.s.e.utils.TestUtils                  : Comparing column:mhe_loaded actual N expected N 
2024-07-19T19:05:08.228+05:30  INFO 86805 --- [    Test worker] c.h.s.e.utils.TestUtils                  : Comparing column:sku_number actual 1007098445 expected 1007098445 
2024-07-19T19:05:08.228+05:30  INFO 86805 --- [    Test worker] c.h.s.e.utils.TestUtils                  : Comparing column:build_id actual 9ccb23d1-c1d0-4705-a721-3129b16e84e9 expected 9ccb23d1-c1d0-4705-a721-3129b16e84e9 
2024-07-19T19:05:08.228+05:30  INFO 86805 --- [    Test worker] c.h.s.e.utils.TestUtils                  : Comparing column:sku_description actual 1X12-8FT PRIMED FJ S4S BOARD expected 1X12-8FT PRIMED FJ S4S BOARD 
2024-07-19T19:05:08.228+05:30  INFO 86805 --- [    Test worker] c.h.s.e.utils.TestUtils                  : Comparing column:department actual 11 expected 11 
2024-07-19T19:05:08.229+05:30  INFO 86805 --- [    Test worker] c.h.s.e.utils.TestUtils                  : Comparing column:sku_class actual 22 expected 22 
2024-07-19T19:05:08.229+05:30  INFO 86805 --- [    Test worker] c.h.s.e.utils.TestUtils                  : Comparing column:sku_sub_class actual 33 expected 33 
2024-07-19T19:05:08.229+05:30  INFO 86805 --- [    Test worker] c.h.s.e.utils.TestUtils                  : Running comparison for row :{contract_version=0.1, source=HDW, event_type=DIRECT, platform=FDC, dc_number=5865, activity=REPLEN_ALLOCATION_LM, action=REPLEN_ALLOCATION_LM, trace_id=6e0ed4f6-00c8-4676-8a4a-529c0a713833, publish_timestamp=2024-01-12T19:54:58.813, task_id=10979301, user_id=john_smith@homedepot.com, ldap_id=stc9000, transaction_id=6e0ed4f6-00c8-4676-8a4a-529c0a713834, vehicle_id=23, assigned_vehicle=FORKLIFT, lpn_number=L00020260634, parent_lpn_id=, container_type=, transaction_timestamp=2023-10-22T09:24:23.813, start_location=LOC1, end_location=LOC2, start_zone=ZON1, end_zone=ZON2, start_location_type=LCT, end_location_type=LCT, location_uom=PL, location_qty=28, uom_qty=68, inbound_outbound_indicator=O, pick_area=BSMT, put_area=BSMT, reason_code=, order_category=, shipment_number=, shipment_type_id=, shipment_route=, shipment_stop=, store_number=, service_type=, vendor_number=43954, trailer_number=, scac=, lpn_status=, shipment_lpn_error_type=, mhe_loaded=N, sku_number=1003004001, build_id=ed2323d1-ed23-4705-a721-aw23ar341675, sku_description=2X2-10SQFT TILES, department=100, sku_class=19, sku_sub_class=37, special_handling=, build_on_method=, secure_method=, unload_type=}
2024-07-19T19:05:08.229+05:30  INFO 86805 --- [    Test worker] c.h.s.e.utils.TestUtils                  : Comparing column:contract_version actual 0.1 expected 0.1 
2024-07-19T19:05:08.229+05:30  INFO 86805 --- [    Test worker] c.h.s.e.utils.TestUtils                  : Comparing column:source actual HDW expected HDW 
2024-07-19T19:05:08.229+05:30  INFO 86805 --- [    Test worker] c.h.s.e.utils.TestUtils                  : Comparing column:event_type actual DIRECT expected DIRECT 
2024-07-19T19:05:08.229+05:30  INFO 86805 --- [    Test worker] c.h.s.e.utils.TestUtils                  : Comparing column:platform actual FDC expected FDC 
2024-07-19T19:05:08.229+05:30  INFO 86805 --- [    Test worker] c.h.s.e.utils.TestUtils                  : Comparing column:dc_number actual 5865 expected 5865 
2024-07-19T19:05:08.229+05:30  INFO 86805 --- [    Test worker] c.h.s.e.utils.TestUtils                  : Comparing column:activity actual REPLEN_ALLOCATION_LM expected REPLEN_ALLOCATION_LM 
2024-07-19T19:05:08.229+05:30  INFO 86805 --- [    Test worker] c.h.s.e.utils.TestUtils                  : Comparing column:action actual REPLEN_ALLOCATION_LM expected REPLEN_ALLOCATION_LM 
2024-07-19T19:05:08.229+05:30  INFO 86805 --- [    Test worker] c.h.s.e.utils.TestUtils                  : Comparing column:trace_id actual 6e0ed4f6-00c8-4676-8a4a-529c0a713833 expected 6e0ed4f6-00c8-4676-8a4a-529c0a713833 
2024-07-19T19:05:08.229+05:30  INFO 86805 --- [    Test worker] c.h.s.e.utils.TestUtils                  : Comparing column:publish_timestamp actual 1705089298.813000 expected 2024-01-12T19:54:58.813 
2024-07-19T19:05:08.229+05:30  INFO 86805 --- [    Test worker] c.h.s.e.utils.TestUtils                  : Comparing column:task_id actual 10979301 expected 10979301 
2024-07-19T19:05:08.229+05:30  INFO 86805 --- [    Test worker] c.h.s.e.utils.TestUtils                  : Comparing column:user_id actual john_smith@homedepot.com expected john_smith@homedepot.com 
2024-07-19T19:05:08.229+05:30  INFO 86805 --- [    Test worker] c.h.s.e.utils.TestUtils                  : Comparing column:ldap_id actual stc9000 expected stc9000 
2024-07-19T19:05:08.229+05:30  INFO 86805 --- [    Test worker] c.h.s.e.utils.TestUtils                  : Comparing column:transaction_id actual 6e0ed4f6-00c8-4676-8a4a-529c0a713834 expected 6e0ed4f6-00c8-4676-8a4a-529c0a713834 
2024-07-19T19:05:08.229+05:30  INFO 86805 --- [    Test worker] c.h.s.e.utils.TestUtils                  : Comparing column:vehicle_id actual 23 expected 23 
2024-07-19T19:05:08.229+05:30  INFO 86805 --- [    Test worker] c.h.s.e.utils.TestUtils                  : Comparing column:assigned_vehicle actual FORKLIFT expected FORKLIFT 
2024-07-19T19:05:08.229+05:30  INFO 86805 --- [    Test worker] c.h.s.e.utils.TestUtils                  : Comparing column:lpn_number actual L00020260634 expected L00020260634 
2024-07-19T19:05:08.229+05:30  INFO 86805 --- [    Test worker] c.h.s.e.utils.TestUtils                  : Comparing column:transaction_timestamp actual 1697966663.813000 expected 2023-10-22T09:24:23.813 
2024-07-19T19:05:08.229+05:30  INFO 86805 --- [    Test worker] c.h.s.e.utils.TestUtils                  : Comparing column:start_location actual LOC1 expected LOC1 
2024-07-19T19:05:08.229+05:30  INFO 86805 --- [    Test worker] c.h.s.e.utils.TestUtils                  : Comparing column:end_location actual LOC2 expected LOC2 
2024-07-19T19:05:08.229+05:30  INFO 86805 --- [    Test worker] c.h.s.e.utils.TestUtils                  : Comparing column:start_zone actual ZON1 expected ZON1 
2024-07-19T19:05:08.229+05:30  INFO 86805 --- [    Test worker] c.h.s.e.utils.TestUtils                  : Comparing column:end_zone actual ZON2 expected ZON2 
2024-07-19T19:05:08.229+05:30  INFO 86805 --- [    Test worker] c.h.s.e.utils.TestUtils                  : Comparing column:start_location_type actual LCT expected LCT 
2024-07-19T19:05:08.229+05:30  INFO 86805 --- [    Test worker] c.h.s.e.utils.TestUtils                  : Comparing column:end_location_type actual LCT expected LCT 
2024-07-19T19:05:08.229+05:30  INFO 86805 --- [    Test worker] c.h.s.e.utils.TestUtils                  : Comparing column:location_uom actual PL expected PL 
2024-07-19T19:05:08.229+05:30  INFO 86805 --- [    Test worker] c.h.s.e.utils.TestUtils                  : Comparing column:location_qty actual 28 expected 28 
2024-07-19T19:05:08.229+05:30  INFO 86805 --- [    Test worker] c.h.s.e.utils.TestUtils                  : Comparing column:uom_qty actual 68 expected 68 
2024-07-19T19:05:08.229+05:30  INFO 86805 --- [    Test worker] c.h.s.e.utils.TestUtils                  : Comparing column:inbound_outbound_indicator actual O expected O 
2024-07-19T19:05:08.229+05:30  INFO 86805 --- [    Test worker] c.h.s.e.utils.TestUtils                  : Comparing column:pick_area actual BSMT expected BSMT 
2024-07-19T19:05:08.229+05:30  INFO 86805 --- [    Test worker] c.h.s.e.utils.TestUtils                  : Comparing column:put_area actual BSMT expected BSMT 
2024-07-19T19:05:08.229+05:30  INFO 86805 --- [    Test worker] c.h.s.e.utils.TestUtils                  : Comparing column:vendor_number actual 43954 expected 43954 
2024-07-19T19:05:08.229+05:30  INFO 86805 --- [    Test worker] c.h.s.e.utils.TestUtils                  : Comparing column:mhe_loaded actual N expected N 
2024-07-19T19:05:08.229+05:30  INFO 86805 --- [    Test worker] c.h.s.e.utils.TestUtils                  : Comparing column:sku_number actual 1003004001 expected 1003004001 
2024-07-19T19:05:08.229+05:30  INFO 86805 --- [    Test worker] c.h.s.e.utils.TestUtils                  : Comparing column:build_id actual ed2323d1-ed23-4705-a721-aw23ar341675 expected ed2323d1-ed23-4705-a721-aw23ar341675 
2024-07-19T19:05:08.229+05:30  INFO 86805 --- [    Test worker] c.h.s.e.utils.TestUtils                  : Comparing column:sku_description actual 2X2-10SQFT TILES expected 2X2-10SQFT TILES 
2024-07-19T19:05:08.229+05:30  INFO 86805 --- [    Test worker] c.h.s.e.utils.TestUtils                  : Comparing column:department actual 100 expected 100 
2024-07-19T19:05:08.229+05:30  INFO 86805 --- [    Test worker] c.h.s.e.utils.TestUtils                  : Comparing column:sku_class actual 19 expected 19 
2024-07-19T19:05:08.229+05:30  INFO 86805 --- [    Test worker] c.h.s.e.utils.TestUtils                  : Comparing column:sku_sub_class actual 37 expected 37 
2024-07-19T19:05:08.229+05:30  INFO 86805 --- [    Test worker] c.h.s.e.utils.TestUtils                  : Running comparison for row :{contract_version=0.1, source=HDW, event_type=DIRECT, platform=FDC, dc_number=5865, activity=REPLEN_ALLOCATION_LM, action=REPLEN_ALLOCATION_LM, trace_id=6e0ed4f6-00c8-4676-8a4a-529c0a713833, publish_timestamp=2024-01-12T19:54:58.813, task_id=10979301, user_id=john_smith@homedepot.com, ldap_id=stc9000, transaction_id=6e0ed4f6-00c8-4676-8a4a-529c0a713834, vehicle_id=23, assigned_vehicle=FORKLIFT, lpn_number=L0007890034, parent_lpn_id=, container_type=, transaction_timestamp=2024-04-22T13:23:45.678, start_location=DFG-WE-9008, end_location=TJ45-DFC-ELM-AS, start_zone=PK20, end_zone=PK34, start_location_type=PSV, end_location_type=FCB, location_uom=EA, location_qty=28, uom_qty=68, inbound_outbound_indicator=O, pick_area=3PL, put_area=WRP, reason_code=, order_category=, shipment_number=, shipment_type_id=, shipment_route=, shipment_stop=, store_number=, service_type=, vendor_number=43954, trailer_number=, scac=, lpn_status=, shipment_lpn_error_type=, mhe_loaded=N, sku_number=1007098445, build_id=9ccb23d1-c1d0-4705-a721-3129b16e84e9, sku_description=1X12-8FT PRIMED FJ S4S BOARD, department=11, sku_class=22, sku_sub_class=33, special_handling=, build_on_method=, secure_method=, unload_type=}
2024-07-19T19:05:08.229+05:30  INFO 86805 --- [    Test worker] c.h.s.e.utils.TestUtils                  : Comparing column:contract_version actual 0.1 expected 0.1 
2024-07-19T19:05:08.229+05:30  INFO 86805 --- [    Test worker] c.h.s.e.utils.TestUtils                  : Comparing column:source actual HDW expected HDW 
2024-07-19T19:05:08.229+05:30  INFO 86805 --- [    Test worker] c.h.s.e.utils.TestUtils                  : Comparing column:event_type actual DIRECT expected DIRECT 
2024-07-19T19:05:08.229+05:30  INFO 86805 --- [    Test worker] c.h.s.e.utils.TestUtils                  : Comparing column:platform actual FDC expected FDC 
2024-07-19T19:05:08.229+05:30  INFO 86805 --- [    Test worker] c.h.s.e.utils.TestUtils                  : Comparing column:dc_number actual 5865 expected 5865 
2024-07-19T19:05:08.229+05:30  INFO 86805 --- [    Test worker] c.h.s.e.utils.TestUtils                  : Comparing column:activity actual REPLEN_ALLOCATION_LM expected REPLEN_ALLOCATION_LM 
2024-07-19T19:05:08.229+05:30  INFO 86805 --- [    Test worker] c.h.s.e.utils.TestUtils                  : Comparing column:action actual REPLEN_ALLOCATION_LM expected REPLEN_ALLOCATION_LM 
2024-07-19T19:05:08.229+05:30  INFO 86805 --- [    Test worker] c.h.s.e.utils.TestUtils                  : Comparing column:trace_id actual 6e0ed4f6-00c8-4676-8a4a-529c0a713833 expected 6e0ed4f6-00c8-4676-8a4a-529c0a713833 
2024-07-19T19:05:08.229+05:30  INFO 86805 --- [    Test worker] c.h.s.e.utils.TestUtils                  : Comparing column:publish_timestamp actual 1705089298.813000 expected 2024-01-12T19:54:58.813 
2024-07-19T19:05:08.229+05:30  INFO 86805 --- [    Test worker] c.h.s.e.utils.TestUtils                  : Comparing column:task_id actual 10979301 expected 10979301 
2024-07-19T19:05:08.229+05:30  INFO 86805 --- [    Test worker] c.h.s.e.utils.TestUtils                  : Comparing column:user_id actual john_smith@homedepot.com expected john_smith@homedepot.com 
2024-07-19T19:05:08.229+05:30  INFO 86805 --- [    Test worker] c.h.s.e.utils.TestUtils                  : Comparing column:ldap_id actual stc9000 expected stc9000 
2024-07-19T19:05:08.229+05:30  INFO 86805 --- [    Test worker] c.h.s.e.utils.TestUtils                  : Comparing column:transaction_id actual 6e0ed4f6-00c8-4676-8a4a-529c0a713834 expected 6e0ed4f6-00c8-4676-8a4a-529c0a713834 
2024-07-19T19:05:08.229+05:30  INFO 86805 --- [    Test worker] c.h.s.e.utils.TestUtils                  : Comparing column:vehicle_id actual 23 expected 23 
2024-07-19T19:05:08.229+05:30  INFO 86805 --- [    Test worker] c.h.s.e.utils.TestUtils                  : Comparing column:assigned_vehicle actual FORKLIFT expected FORKLIFT 
2024-07-19T19:05:08.229+05:30  INFO 86805 --- [    Test worker] c.h.s.e.utils.TestUtils                  : Comparing column:lpn_number actual L0007890034 expected L0007890034 
2024-07-19T19:05:08.230+05:30  INFO 86805 --- [    Test worker] c.h.s.e.utils.TestUtils                  : Comparing column:transaction_timestamp actual 1713792225.678000 expected 2024-04-22T13:23:45.678 
2024-07-19T19:05:08.230+05:30  INFO 86805 --- [    Test worker] c.h.s.e.utils.TestUtils                  : Comparing column:start_location actual DFG-WE-9008 expected DFG-WE-9008 
2024-07-19T19:05:08.230+05:30  INFO 86805 --- [    Test worker] c.h.s.e.utils.TestUtils                  : Comparing column:end_location actual TJ45-DFC-ELM-AS expected TJ45-DFC-ELM-AS 
2024-07-19T19:05:08.230+05:30  INFO 86805 --- [    Test worker] c.h.s.e.utils.TestUtils                  : Comparing column:start_zone actual PK20 expected PK20 
2024-07-19T19:05:08.230+05:30  INFO 86805 --- [    Test worker] c.h.s.e.utils.TestUtils                  : Comparing column:end_zone actual PK34 expected PK34 
2024-07-19T19:05:08.230+05:30  INFO 86805 --- [    Test worker] c.h.s.e.utils.TestUtils                  : Comparing column:start_location_type actual PSV expected PSV 
2024-07-19T19:05:08.230+05:30  INFO 86805 --- [    Test worker] c.h.s.e.utils.TestUtils                  : Comparing column:end_location_type actual FCB expected FCB 
2024-07-19T19:05:08.230+05:30  INFO 86805 --- [    Test worker] c.h.s.e.utils.TestUtils                  : Comparing column:location_uom actual EA expected EA 
2024-07-19T19:05:08.230+05:30  INFO 86805 --- [    Test worker] c.h.s.e.utils.TestUtils                  : Comparing column:location_qty actual 28 expected 28 
2024-07-19T19:05:08.230+05:30  INFO 86805 --- [    Test worker] c.h.s.e.utils.TestUtils                  : Comparing column:uom_qty actual 68 expected 68 
2024-07-19T19:05:08.230+05:30  INFO 86805 --- [    Test worker] c.h.s.e.utils.TestUtils                  : Comparing column:inbound_outbound_indicator actual O expected O 
2024-07-19T19:05:08.230+05:30  INFO 86805 --- [    Test worker] c.h.s.e.utils.TestUtils                  : Comparing column:pick_area actual 3PL expected 3PL 
2024-07-19T19:05:08.230+05:30  INFO 86805 --- [    Test worker] c.h.s.e.utils.TestUtils                  : Comparing column:put_area actual WRP expected WRP 
2024-07-19T19:05:08.230+05:30  INFO 86805 --- [    Test worker] c.h.s.e.utils.TestUtils                  : Comparing column:vendor_number actual 43954 expected 43954 
2024-07-19T19:05:08.230+05:30  INFO 86805 --- [    Test worker] c.h.s.e.utils.TestUtils                  : Comparing column:mhe_loaded actual N expected N 
2024-07-19T19:05:08.230+05:30  INFO 86805 --- [    Test worker] c.h.s.e.utils.TestUtils                  : Comparing column:sku_number actual 1007098445 expected 1007098445 
2024-07-19T19:05:08.230+05:30  INFO 86805 --- [    Test worker] c.h.s.e.utils.TestUtils                  : Comparing column:build_id actual 9ccb23d1-c1d0-4705-a721-3129b16e84e9 expected 9ccb23d1-c1d0-4705-a721-3129b16e84e9 
2024-07-19T19:05:08.230+05:30  INFO 86805 --- [    Test worker] c.h.s.e.utils.TestUtils                  : Comparing column:sku_description actual 1X12-8FT PRIMED FJ S4S BOARD expected 1X12-8FT PRIMED FJ S4S BOARD 
2024-07-19T19:05:08.230+05:30  INFO 86805 --- [    Test worker] c.h.s.e.utils.TestUtils                  : Comparing column:department actual 11 expected 11 
2024-07-19T19:05:08.230+05:30  INFO 86805 --- [    Test worker] c.h.s.e.utils.TestUtils                  : Comparing column:sku_class actual 22 expected 22 
2024-07-19T19:05:08.230+05:30  INFO 86805 --- [    Test worker] c.h.s.e.utils.TestUtils                  : Comparing column:sku_sub_class actual 33 expected 33 
2024-07-19T19:05:08.230+05:30  INFO 86805 --- [    Test worker] c.h.s.e.utils.TestUtils                  : Running comparison for row :{contract_version=0.1, source=HDW, event_type=DIRECT, platform=FDC, dc_number=5865, activity=REPLEN_ALLOCATION_LM, action=REPLEN_ALLOCATION_LM, trace_id=6e0ed4f6-00c8-4676-8a4a-529c0a713833, publish_timestamp=2024-01-12T19:54:58.813, task_id=10979301, user_id=john_smith@homedepot.com, ldap_id=stc9000, transaction_id=6e0ed4f6-00c8-4676-8a4a-529c0a713834, vehicle_id=23, assigned_vehicle=FORKLIFT, lpn_number=L0007890034, parent_lpn_id=, container_type=, transaction_timestamp=2024-04-22T13:23:45.678, start_location=DFG-WE-9008, end_location=TJ45-DFC-ELM-AS, start_zone=PK20, end_zone=PK34, start_location_type=PSV, end_location_type=FCB, location_uom=EA, location_qty=28, uom_qty=68, inbound_outbound_indicator=O, pick_area=3PL, put_area=WRP, reason_code=, order_category=, shipment_number=, shipment_type_id=, shipment_route=, shipment_stop=, store_number=, service_type=, vendor_number=43954, trailer_number=, scac=, lpn_status=, shipment_lpn_error_type=, mhe_loaded=N, sku_number=1003004001, build_id=ed2323d1-ed23-4705-a721-aw23ar341675, sku_description=2X2-10SQFT TILES, department=100, sku_class=19, sku_sub_class=37, special_handling=, build_on_method=, secure_method=, unload_type=}
2024-07-19T19:05:08.230+05:30  INFO 86805 --- [    Test worker] c.h.s.e.utils.TestUtils                  : Comparing column:contract_version actual 0.1 expected 0.1 
2024-07-19T19:05:08.230+05:30  INFO 86805 --- [    Test worker] c.h.s.e.utils.TestUtils                  : Comparing column:source actual HDW expected HDW 
2024-07-19T19:05:08.230+05:30  INFO 86805 --- [    Test worker] c.h.s.e.utils.TestUtils                  : Comparing column:event_type actual DIRECT expected DIRECT 
2024-07-19T19:05:08.230+05:30  INFO 86805 --- [    Test worker] c.h.s.e.utils.TestUtils                  : Comparing column:platform actual FDC expected FDC 
2024-07-19T19:05:08.230+05:30  INFO 86805 --- [    Test worker] c.h.s.e.utils.TestUtils                  : Comparing column:dc_number actual 5865 expected 5865 
2024-07-19T19:05:08.230+05:30  INFO 86805 --- [    Test worker] c.h.s.e.utils.TestUtils                  : Comparing column:activity actual REPLEN_ALLOCATION_LM expected REPLEN_ALLOCATION_LM 
2024-07-19T19:05:08.230+05:30  INFO 86805 --- [    Test worker] c.h.s.e.utils.TestUtils                  : Comparing column:action actual REPLEN_ALLOCATION_LM expected REPLEN_ALLOCATION_LM 
2024-07-19T19:05:08.230+05:30  INFO 86805 --- [    Test worker] c.h.s.e.utils.TestUtils                  : Comparing column:trace_id actual 6e0ed4f6-00c8-4676-8a4a-529c0a713833 expected 6e0ed4f6-00c8-4676-8a4a-529c0a713833 
2024-07-19T19:05:08.230+05:30  INFO 86805 --- [    Test worker] c.h.s.e.utils.TestUtils                  : Comparing column:publish_timestamp actual 1705089298.813000 expected 2024-01-12T19:54:58.813 
2024-07-19T19:05:08.231+05:30  INFO 86805 --- [    Test worker] c.h.s.e.utils.TestUtils                  : Comparing column:task_id actual 10979301 expected 10979301 
2024-07-19T19:05:08.231+05:30  INFO 86805 --- [    Test worker] c.h.s.e.utils.TestUtils                  : Comparing column:user_id actual john_smith@homedepot.com expected john_smith@homedepot.com 
2024-07-19T19:05:08.231+05:30  INFO 86805 --- [    Test worker] c.h.s.e.utils.TestUtils                  : Comparing column:ldap_id actual stc9000 expected stc9000 
2024-07-19T19:05:08.231+05:30  INFO 86805 --- [    Test worker] c.h.s.e.utils.TestUtils                  : Comparing column:transaction_id actual 6e0ed4f6-00c8-4676-8a4a-529c0a713834 expected 6e0ed4f6-00c8-4676-8a4a-529c0a713834 
2024-07-19T19:05:08.231+05:30  INFO 86805 --- [    Test worker] c.h.s.e.utils.TestUtils                  : Comparing column:vehicle_id actual 23 expected 23 
2024-07-19T19:05:08.231+05:30  INFO 86805 --- [    Test worker] c.h.s.e.utils.TestUtils                  : Comparing column:assigned_vehicle actual FORKLIFT expected FORKLIFT 
2024-07-19T19:05:08.231+05:30  INFO 86805 --- [    Test worker] c.h.s.e.utils.TestUtils                  : Comparing column:lpn_number actual L0007890034 expected L0007890034 
2024-07-19T19:05:08.231+05:30  INFO 86805 --- [    Test worker] c.h.s.e.utils.TestUtils                  : Comparing column:transaction_timestamp actual 1713792225.678000 expected 2024-04-22T13:23:45.678 
2024-07-19T19:05:08.231+05:30  INFO 86805 --- [    Test worker] c.h.s.e.utils.TestUtils                  : Comparing column:start_location actual DFG-WE-9008 expected DFG-WE-9008 
2024-07-19T19:05:08.231+05:30  INFO 86805 --- [    Test worker] c.h.s.e.utils.TestUtils                  : Comparing column:end_location actual TJ45-DFC-ELM-AS expected TJ45-DFC-ELM-AS 
2024-07-19T19:05:08.231+05:30  INFO 86805 --- [    Test worker] c.h.s.e.utils.TestUtils                  : Comparing column:start_zone actual PK20 expected PK20 
2024-07-19T19:05:08.231+05:30  INFO 86805 --- [    Test worker] c.h.s.e.utils.TestUtils                  : Comparing column:end_zone actual PK34 expected PK34 
2024-07-19T19:05:08.231+05:30  INFO 86805 --- [    Test worker] c.h.s.e.utils.TestUtils                  : Comparing column:start_location_type actual PSV expected PSV 
2024-07-19T19:05:08.231+05:30  INFO 86805 --- [    Test worker] c.h.s.e.utils.TestUtils                  : Comparing column:end_location_type actual FCB expected FCB 
2024-07-19T19:05:08.231+05:30  INFO 86805 --- [    Test worker] c.h.s.e.utils.TestUtils                  : Comparing column:location_uom actual EA expected EA 
2024-07-19T19:05:08.231+05:30  INFO 86805 --- [    Test worker] c.h.s.e.utils.TestUtils                  : Comparing column:location_qty actual 28 expected 28 
2024-07-19T19:05:08.231+05:30  INFO 86805 --- [    Test worker] c.h.s.e.utils.TestUtils                  : Comparing column:uom_qty actual 68 expected 68 
2024-07-19T19:05:08.231+05:30  INFO 86805 --- [    Test worker] c.h.s.e.utils.TestUtils                  : Comparing column:inbound_outbound_indicator actual O expected O 
2024-07-19T19:05:08.231+05:30  INFO 86805 --- [    Test worker] c.h.s.e.utils.TestUtils                  : Comparing column:pick_area actual 3PL expected 3PL 
2024-07-19T19:05:08.231+05:30  INFO 86805 --- [    Test worker] c.h.s.e.utils.TestUtils                  : Comparing column:put_area actual WRP expected WRP 
2024-07-19T19:05:08.231+05:30  INFO 86805 --- [    Test worker] c.h.s.e.utils.TestUtils                  : Comparing column:vendor_number actual 43954 expected 43954 
2024-07-19T19:05:08.231+05:30  INFO 86805 --- [    Test worker] c.h.s.e.utils.TestUtils                  : Comparing column:mhe_loaded actual N expected N 
2024-07-19T19:05:08.231+05:30  INFO 86805 --- [    Test worker] c.h.s.e.utils.TestUtils                  : Comparing column:sku_number actual 1003004001 expected 1003004001 
2024-07-19T19:05:08.231+05:30  INFO 86805 --- [    Test worker] c.h.s.e.utils.TestUtils                  : Comparing column:build_id actual ed2323d1-ed23-4705-a721-aw23ar341675 expected ed2323d1-ed23-4705-a721-aw23ar341675 
2024-07-19T19:05:08.231+05:30  INFO 86805 --- [    Test worker] c.h.s.e.utils.TestUtils                  : Comparing column:sku_description actual 2X2-10SQFT TILES expected 2X2-10SQFT TILES 
2024-07-19T19:05:08.232+05:30  INFO 86805 --- [    Test worker] c.h.s.e.utils.TestUtils                  : Comparing column:department actual 100 expected 100 
2024-07-19T19:05:08.232+05:30  INFO 86805 --- [    Test worker] c.h.s.e.utils.TestUtils                  : Comparing column:sku_class actual 19 expected 19 
2024-07-19T19:05:08.232+05:30  INFO 86805 --- [    Test worker] c.h.s.e.utils.TestUtils                  : Comparing column:sku_sub_class actual 37 expected 37 
2024-07-19T19:05:08.253+05:30  INFO 86805 --- [    Test worker] nterpriseLaborManagementApplicationTests : Topic deleted with name elm_topic_test
2024-07-19T19:05:08.261+05:30  INFO 86805 --- [    Test worker] nterpriseLaborManagementApplicationTests : Subscription deleted with name elm_subscription_test
2024-07-19T19:05:08.266+05:30  INFO 86805 --- [    Test worker] nterpriseLaborManagementApplicationTests : Topic created with name projects/test-project/topics/elm_topic_test
2024-07-19T19:05:08.270+05:30  INFO 86805 --- [    Test worker] nterpriseLaborManagementApplicationTests : Subscription created with name projects/test-project/subscriptions/elm_subscription_test Listening to topic projects/test-project/topics/elm_topic_test 
2024-07-19T19:05:08.284+05:30  INFO 86805 --- [    Test worker] nterpriseLaborManagementApplicationTests : Table 'elm_events_test' removed
2024-07-19T19:05:08.289+05:30  INFO 86805 --- [    Test worker] nterpriseLaborManagementApplicationTests : Dataset 'elm_integration_test' removed
2024-07-19T19:05:08.295+05:30  INFO 86805 --- [    Test worker] nterpriseLaborManagementApplicationTests : Dataset 'elm_integration_test' created
2024-07-19T19:05:08.311+05:30  INFO 86805 --- [    Test worker] nterpriseLaborManagementApplicationTests : Table 'GenericData{classInfo=[datasetId, projectId, tableId], {datasetId=elm_integration_test, projectId=test-project, tableId=elm_events_test}}' created
2024-07-19T19:05:08.317+05:30  INFO 86805 --- [ault-executor-0] nterpriseLaborManagementApplicationTests : Published message ID: 2
2024-07-19T19:05:08.319+05:30  INFO 86805 --- [    Test worker] nterpriseLaborManagementApplicationTests : Listening for messages on elm_subscription_test
2024-07-19T19:05:08.379+05:30  INFO 86805 --- [         Gax-13] nterpriseLaborManagementApplicationTests : pubsubInputChannel: PubSub message received with ID: 2 Payload: Hello World
2024-07-19T19:05:08.380+05:30 ERROR 86805 --- [         Gax-13] c.h.s.e.aspects.ExceptionAspect          : ElmBusinessException: Failed to read PubSub input JSON message , PubSub_MessageID: 2

com.fasterxml.jackson.core.JsonParseException: Unrecognized token 'Hello': was expecting (JSON String, Number, Array, Object or token 'null', 'true' or 'false')
 at [Source: (String)"Hello World"; line: 1, column: 6]
	at com.fasterxml.jackson.core.JsonParser._constructError(JsonParser.java:2418)
	at com.fasterxml.jackson.core.base.ParserMinimalBase._reportError(ParserMinimalBase.java:759)
	at com.fasterxml.jackson.core.json.ReaderBasedJsonParser._reportInvalidToken(ReaderBasedJsonParser.java:3038)
	at com.fasterxml.jackson.core.json.ReaderBasedJsonParser._handleOddValue(ReaderBasedJsonParser.java:2079)
	at com.fasterxml.jackson.core.json.ReaderBasedJsonParser.nextToken(ReaderBasedJsonParser.java:805)
	at com.fasterxml.jackson.databind.ObjectMapper._readTreeAndClose(ObjectMapper.java:4759)
	at com.fasterxml.jackson.databind.ObjectMapper.readTree(ObjectMapper.java:3124)
	at com.homedepot.supplychain.enterpriselabormanagement.utils.JsonUtils.readJsonNode(JsonUtils.java:37)
	at com.homedepot.supplychain.enterpriselabormanagement.services.PubSubConsumerService.processPubSubToBq(PubSubConsumerService.java:40)
	at java.base/jdk.internal.reflect.NativeMethodAccessorImpl.invoke0(Native Method)
	at java.base/jdk.internal.reflect.NativeMethodAccessorImpl.invoke(NativeMethodAccessorImpl.java:77)
	at java.base/jdk.internal.reflect.DelegatingMethodAccessorImpl.invoke(DelegatingMethodAccessorImpl.java:43)
	at java.base/java.lang.reflect.Method.invoke(Method.java:568)
	at org.springframework.aop.support.AopUtils.invokeJoinpointUsingReflection(AopUtils.java:343)
	at org.springframework.aop.framework.ReflectiveMethodInvocation.invokeJoinpoint(ReflectiveMethodInvocation.java:196)
	at org.springframework.aop.framework.ReflectiveMethodInvocation.proceed(ReflectiveMethodInvocation.java:163)
	at org.springframework.aop.framework.CglibAopProxy$CglibMethodInvocation.proceed(CglibAopProxy.java:750)
	at org.springframework.aop.aspectj.AspectJAfterThrowingAdvice.invoke(AspectJAfterThrowingAdvice.java:64)
	at org.springframework.aop.framework.ReflectiveMethodInvocation.proceed(ReflectiveMethodInvocation.java:173)
	at org.springframework.aop.framework.CglibAopProxy$CglibMethodInvocation.proceed(CglibAopProxy.java:750)
	at org.springframework.aop.interceptor.ExposeInvocationInterceptor.invoke(ExposeInvocationInterceptor.java:97)
	at org.springframework.aop.framework.ReflectiveMethodInvocation.proceed(ReflectiveMethodInvocation.java:184)
	at org.springframework.aop.framework.CglibAopProxy$CglibMethodInvocation.proceed(CglibAopProxy.java:750)
	at org.springframework.aop.framework.CglibAopProxy$DynamicAdvisedInterceptor.intercept(CglibAopProxy.java:702)
	at com.homedepot.supplychain.enterpriselabormanagement.services.PubSubConsumerService$$SpringCGLIB$$0.processPubSubToBq(<generated>)
	at com.homedepot.supplychain.enterpriselabormanagement.EnterpriseLaborManagementApplicationTests.lambda$listenToSubscription$4(EnterpriseLaborManagementApplicationTests.java:224)
	at com.google.cloud.pubsub.v1.MessageDispatcher$3.run(MessageDispatcher.java:441)
	at java.base/java.util.concurrent.Executors$RunnableAdapter.call(Executors.java:539)
	at java.base/java.util.concurrent.FutureTask.run(FutureTask.java:264)
	at java.base/java.util.concurrent.ScheduledThreadPoolExecutor$ScheduledFutureTask.run(ScheduledThreadPoolExecutor.java:304)
	at java.base/java.util.concurrent.ThreadPoolExecutor.runWorker(ThreadPoolExecutor.java:1136)
	at java.base/java.util.concurrent.ThreadPoolExecutor$Worker.run(ThreadPoolExecutor.java:635)
	at java.base/java.lang.Thread.run(Thread.java:840)

2024-07-19T19:05:13.392+05:30  INFO 86805 --- [    Test worker] nterpriseLaborManagementApplicationTests : Topic deleted with name elm_topic_test
2024-07-19T19:05:13.399+05:30  INFO 86805 --- [    Test worker] nterpriseLaborManagementApplicationTests : Subscription deleted with name elm_subscription_test
2024-07-19T19:05:13.405+05:30  INFO 86805 --- [    Test worker] nterpriseLaborManagementApplicationTests : Topic created with name projects/test-project/topics/elm_topic_test
2024-07-19T19:05:13.413+05:30  INFO 86805 --- [    Test worker] nterpriseLaborManagementApplicationTests : Subscription created with name projects/test-project/subscriptions/elm_subscription_test Listening to topic projects/test-project/topics/elm_topic_test 
2024-07-19T19:05:13.422+05:30  INFO 86805 --- [    Test worker] nterpriseLaborManagementApplicationTests : Table 'elm_events_test' removed
2024-07-19T19:05:13.429+05:30  INFO 86805 --- [    Test worker] nterpriseLaborManagementApplicationTests : Dataset 'elm_integration_test' removed
2024-07-19T19:05:13.435+05:30  INFO 86805 --- [    Test worker] nterpriseLaborManagementApplicationTests : Dataset 'elm_integration_test' created
2024-07-19T19:05:13.451+05:30  INFO 86805 --- [    Test worker] nterpriseLaborManagementApplicationTests : Table 'GenericData{classInfo=[datasetId, projectId, tableId], {datasetId=elm_integration_test, projectId=test-project, tableId=elm_events_test}}' created
2024-07-19T19:05:13.460+05:30  INFO 86805 --- [ault-executor-0] nterpriseLaborManagementApplicationTests : Published message ID: 3
2024-07-19T19:05:13.462+05:30  INFO 86805 --- [    Test worker] nterpriseLaborManagementApplicationTests : Listening for messages on elm_subscription_test
2024-07-19T19:05:13.524+05:30  INFO 86805 --- [         Gax-21] nterpriseLaborManagementApplicationTests : pubsubInputChannel: PubSub message received with ID: 3 Payload: {
  "attributes": {
    "schemaUrl": "<insert schema url>",
    "contract_version": "0.1",
    "source": "HDW",
    "platform": "FDC",
    "dc_number": "5865",
    "action": "REPLEN_ALLOCATION_LM",
    "activity": "REPLEN_ALLOCATION_LM",
    "event_type": "DIRECT",
    "publish_timestamp": "2024-01-12T19:54:58.813",
    "trace_id": "6e0ed4f6-00c8-4676-8a4a-529c0a713833",
    "task_id": "10979301"
  },
  "data": {
    "user_id": "john_smith@homedepot.com",
    "ldap_id": "stc9000",
    "transaction_id": "6e0ed4f6-00c8-4676-8a4a-529c0a713834",
    "vehicle": {
      "assigned_vehicle": "FORKLIFT",
      "vehicle_id": "23"
    },
    "lpns": [
      {
        "parent_lpn_id": "",
        "lpn_number": "L00020260634",
        "container_type": "",
        "locations": [
          {
            "transaction_timestamp": "2024-01-12T19:54:58.813",
            "start_location": "DR30-CG-2079",
            "end_location": "TS30-PIC-CTR-BJ",
            "start_zone": "PK50",
            "end_zone": "PK40",
            "start_location_type": "RSV",
            "end_location_type": "PCK",
            "pick_area": "2GL",
            "put_area": "2GL",
            "skus": [
              {
                "sku_number": "1007098445",
                "build_id": "9ccb23d1-c1d0-4705-a721-3129b16e84e9",
                "sku_description": "1X12-8FT PRIMED FJ S4S BOARD",
                "department": "11",
                "sku_class": "22",
                "sku_sub_class": "33",
                "special_handling": "",
                "build_on_method": "",
                "secure_method": "",
                "unload_type": ""
              }
            ],
            "location_uom": "CA",
            "location_qty": "28",
            "uom_qty": "68",
            "reason_code": "",
            "inbound_outbound_indicator": "O",
            "vendor_number": "43954",
            "lpn_status": "",
            "mhe_loaded": "N"
          }
        ]
      }
    ],
    "builds": [
      {
        "build_id": "9ccb23d1-c1d0-4705-a721-3129b16e84e9",
        "sku": "1007098445",
        "package_hierarchy": [
          {
            "i_package_each_qty": 1,
            "depth": 0.75,
            "weight_uom": "LB",
            "size_uom": "IN",
            "hierarchy_level_code": "EA",
            "package_unit_qty": "1",
            "width": 7.25,
            "weight": 13.25,
            "package_each_qty": "1",
            "i_package_unit_qty": 1,
            "height": 144
          },
          {
            "i_package_each_qty": 96,
            "depth": 144,
            "weight_uom": "LB",
            "size_uom": "IN",
            "hierarchy_level_code": "PL",
            "package_unit_qty": "96",
            "width": 48,
            "weight": 1272,
            "package_each_qty": "96",
            "i_package_unit_qty": 96,
            "height": 15
          },
          {
            "i_package_each_qty": 96,
            "depth": 144,
            "weight_uom": "LB",
            "size_uom": "IN",
            "hierarchy_level_code": "CA",
            "package_unit_qty": "96",
            "width": 48,
            "weight": 1272,
            "package_each_qty": "10",
            "i_package_unit_qty": 96,
            "height": 15
          }
        ]
      },
      {
        "build_id": "invalid id",
        "sku": "1007098445",
        "package_hierarchy": [
          {
            "i_package_each_qty": 1,
            "depth": 0.75,
            "weight_uom": "LB",
            "size_uom": "IN",
            "hierarchy_level_code": "EA",
            "package_unit_qty": "1",
            "width": 7.25,
            "weight": 13.25,
            "package_each_qty": "1",
            "i_package_unit_qty": 1,
            "height": 144
          },
          {
            "i_package_each_qty": 96,
            "depth": 144,
            "weight_uom": "LB",
            "size_uom": "IN",
            "hierarchy_level_code": "PL",
            "package_unit_qty": "96",
            "width": 48,
            "weight": 1272,
            "package_each_qty": "96",
            "i_package_unit_qty": 96,
            "height": 15
          },
          {
            "i_package_each_qty": 96,
            "depth": 144,
            "weight_uom": "LB",
            "size_uom": "IN",
            "hierarchy_level_code": "CA",
            "package_unit_qty": "96",
            "width": 48,
            "weight": 1272,
            "package_each_qty": "10",
            "i_package_unit_qty": 96,
            "height": 15
          }
        ]
      }
    ]
  }
}
2024-07-19T19:05:13.544+05:30  INFO 86805 --- [         Gax-21] c.h.s.e.s.ElmTransactionBigQueryService  : Successfully inserted transaction with id: 6e0ed4f6-00c8-4676-8a4a-529c0a713834 
2024-07-19T19:05:13.544+05:30  INFO 86805 --- [         Gax-21] c.h.s.e.services.PubSubConsumerService   : ElmTransactionBigQueryService: Acknowledgement sent for PubSub message with ID: 3
2024-07-19T19:05:18.496+05:30  INFO 86805 --- [    Test worker] c.h.s.e.utils.TestUtils                  : Running comparison for row :{contract_version=0.1, source=HDW, event_type=DIRECT, platform=FDC, dc_number=5865, activity=REPLEN_ALLOCATION_LM, action=REPLEN_ALLOCATION_LM, trace_id=6e0ed4f6-00c8-4676-8a4a-529c0a713833, publish_timestamp=2024-01-12T19:54:58.813, task_id=10979301, user_id=john_smith@homedepot.com, ldap_id=stc9000, transaction_id=6e0ed4f6-00c8-4676-8a4a-529c0a713834, vehicle_id=23, assigned_vehicle=FORKLIFT, lpn_number=L00020260634, parent_lpn_id=, container_type=, transaction_timestamp=2024-01-12T19:54:58.813, start_location=DR30-CG-2079, end_location=TS30-PIC-CTR-BJ, start_zone=PK50, end_zone=PK40, start_location_type=RSV, end_location_type=PCK, location_uom=CA, location_qty=28, uom_qty=68, inbound_outbound_indicator=O, pick_area=2GL, put_area=2GL, reason_code=, order_category=, shipment_number=, shipment_type_id=, shipment_route=, shipment_stop=, store_number=, service_type=, vendor_number=43954, trailer_number=, scac=, lpn_status=, shipment_lpn_error_type=, mhe_loaded=N, sku_number=1007098445, build_id=9ccb23d1-c1d0-4705-a721-3129b16e84e9, sku_description=1X12-8FT PRIMED FJ S4S BOARD, department=11, sku_class=22, sku_sub_class=33, special_handling=, build_on_method=, secure_method=, unload_type=}
2024-07-19T19:05:18.497+05:30  INFO 86805 --- [    Test worker] c.h.s.e.utils.TestUtils                  : Comparing column:contract_version actual 0.1 expected 0.1 
2024-07-19T19:05:18.497+05:30  INFO 86805 --- [    Test worker] c.h.s.e.utils.TestUtils                  : Comparing column:source actual HDW expected HDW 
2024-07-19T19:05:18.497+05:30  INFO 86805 --- [    Test worker] c.h.s.e.utils.TestUtils                  : Comparing column:event_type actual DIRECT expected DIRECT 
2024-07-19T19:05:18.497+05:30  INFO 86805 --- [    Test worker] c.h.s.e.utils.TestUtils                  : Comparing column:platform actual FDC expected FDC 
2024-07-19T19:05:18.497+05:30  INFO 86805 --- [    Test worker] c.h.s.e.utils.TestUtils                  : Comparing column:dc_number actual 5865 expected 5865 
2024-07-19T19:05:18.497+05:30  INFO 86805 --- [    Test worker] c.h.s.e.utils.TestUtils                  : Comparing column:activity actual REPLEN_ALLOCATION_LM expected REPLEN_ALLOCATION_LM 
2024-07-19T19:05:18.497+05:30  INFO 86805 --- [    Test worker] c.h.s.e.utils.TestUtils                  : Comparing column:action actual REPLEN_ALLOCATION_LM expected REPLEN_ALLOCATION_LM 
2024-07-19T19:05:18.497+05:30  INFO 86805 --- [    Test worker] c.h.s.e.utils.TestUtils                  : Comparing column:trace_id actual 6e0ed4f6-00c8-4676-8a4a-529c0a713833 expected 6e0ed4f6-00c8-4676-8a4a-529c0a713833 
2024-07-19T19:05:18.497+05:30  INFO 86805 --- [    Test worker] c.h.s.e.utils.TestUtils                  : Comparing column:publish_timestamp actual 1705089298.813000 expected 2024-01-12T19:54:58.813 
2024-07-19T19:05:18.497+05:30  INFO 86805 --- [    Test worker] c.h.s.e.utils.TestUtils                  : Comparing column:task_id actual 10979301 expected 10979301 
2024-07-19T19:05:18.497+05:30  INFO 86805 --- [    Test worker] c.h.s.e.utils.TestUtils                  : Comparing column:user_id actual john_smith@homedepot.com expected john_smith@homedepot.com 
2024-07-19T19:05:18.497+05:30  INFO 86805 --- [    Test worker] c.h.s.e.utils.TestUtils                  : Comparing column:ldap_id actual stc9000 expected stc9000 
2024-07-19T19:05:18.497+05:30  INFO 86805 --- [    Test worker] c.h.s.e.utils.TestUtils                  : Comparing column:transaction_id actual 6e0ed4f6-00c8-4676-8a4a-529c0a713834 expected 6e0ed4f6-00c8-4676-8a4a-529c0a713834 
2024-07-19T19:05:18.498+05:30  INFO 86805 --- [    Test worker] c.h.s.e.utils.TestUtils                  : Comparing column:vehicle_id actual 23 expected 23 
2024-07-19T19:05:18.498+05:30  INFO 86805 --- [    Test worker] c.h.s.e.utils.TestUtils                  : Comparing column:assigned_vehicle actual FORKLIFT expected FORKLIFT 
2024-07-19T19:05:18.498+05:30  INFO 86805 --- [    Test worker] c.h.s.e.utils.TestUtils                  : Comparing column:lpn_number actual L00020260634 expected L00020260634 
2024-07-19T19:05:18.498+05:30  INFO 86805 --- [    Test worker] c.h.s.e.utils.TestUtils                  : Comparing column:transaction_timestamp actual 1705089298.813000 expected 2024-01-12T19:54:58.813 
2024-07-19T19:05:18.498+05:30  INFO 86805 --- [    Test worker] c.h.s.e.utils.TestUtils                  : Comparing column:start_location actual DR30-CG-2079 expected DR30-CG-2079 
2024-07-19T19:05:18.498+05:30  INFO 86805 --- [    Test worker] c.h.s.e.utils.TestUtils                  : Comparing column:end_location actual TS30-PIC-CTR-BJ expected TS30-PIC-CTR-BJ 
2024-07-19T19:05:18.498+05:30  INFO 86805 --- [    Test worker] c.h.s.e.utils.TestUtils                  : Comparing column:start_zone actual PK50 expected PK50 
2024-07-19T19:05:18.498+05:30  INFO 86805 --- [    Test worker] c.h.s.e.utils.TestUtils                  : Comparing column:end_zone actual PK40 expected PK40 
2024-07-19T19:05:18.498+05:30  INFO 86805 --- [    Test worker] c.h.s.e.utils.TestUtils                  : Comparing column:start_location_type actual RSV expected RSV 
2024-07-19T19:05:18.498+05:30  INFO 86805 --- [    Test worker] c.h.s.e.utils.TestUtils                  : Comparing column:end_location_type actual PCK expected PCK 
2024-07-19T19:05:18.498+05:30  INFO 86805 --- [    Test worker] c.h.s.e.utils.TestUtils                  : Comparing column:location_uom actual CA expected CA 
2024-07-19T19:05:18.498+05:30  INFO 86805 --- [    Test worker] c.h.s.e.utils.TestUtils                  : Comparing column:location_qty actual 28 expected 28 
2024-07-19T19:05:18.498+05:30  INFO 86805 --- [    Test worker] c.h.s.e.utils.TestUtils                  : Comparing column:uom_qty actual 68 expected 68 
2024-07-19T19:05:18.498+05:30  INFO 86805 --- [    Test worker] c.h.s.e.utils.TestUtils                  : Comparing column:inbound_outbound_indicator actual O expected O 
2024-07-19T19:05:18.498+05:30  INFO 86805 --- [    Test worker] c.h.s.e.utils.TestUtils                  : Comparing column:pick_area actual 2GL expected 2GL 
2024-07-19T19:05:18.498+05:30  INFO 86805 --- [    Test worker] c.h.s.e.utils.TestUtils                  : Comparing column:put_area actual 2GL expected 2GL 
2024-07-19T19:05:18.498+05:30  INFO 86805 --- [    Test worker] c.h.s.e.utils.TestUtils                  : Comparing column:vendor_number actual 43954 expected 43954 
2024-07-19T19:05:18.498+05:30  INFO 86805 --- [    Test worker] c.h.s.e.utils.TestUtils                  : Comparing column:mhe_loaded actual N expected N 
2024-07-19T19:05:18.498+05:30  INFO 86805 --- [    Test worker] c.h.s.e.utils.TestUtils                  : Comparing column:sku_number actual 1007098445 expected 1007098445 
2024-07-19T19:05:18.498+05:30  INFO 86805 --- [    Test worker] c.h.s.e.utils.TestUtils                  : Comparing column:build_id actual 9ccb23d1-c1d0-4705-a721-3129b16e84e9 expected 9ccb23d1-c1d0-4705-a721-3129b16e84e9 
2024-07-19T19:05:18.498+05:30  INFO 86805 --- [    Test worker] c.h.s.e.utils.TestUtils                  : Comparing column:sku_description actual 1X12-8FT PRIMED FJ S4S BOARD expected 1X12-8FT PRIMED FJ S4S BOARD 
2024-07-19T19:05:18.498+05:30  INFO 86805 --- [    Test worker] c.h.s.e.utils.TestUtils                  : Comparing column:department actual 11 expected 11 
2024-07-19T19:05:18.498+05:30  INFO 86805 --- [    Test worker] c.h.s.e.utils.TestUtils                  : Comparing column:sku_class actual 22 expected 22 
2024-07-19T19:05:18.498+05:30  INFO 86805 --- [    Test worker] c.h.s.e.utils.TestUtils                  : Comparing column:sku_sub_class actual 33 expected 33 
2024-07-19T19:05:18.522+05:30  INFO 86805 --- [    Test worker] nterpriseLaborManagementApplicationTests : Topic deleted with name elm_topic_test
2024-07-19T19:05:18.529+05:30  INFO 86805 --- [    Test worker] nterpriseLaborManagementApplicationTests : Subscription deleted with name elm_subscription_test
2024-07-19T19:05:18.537+05:30  INFO 86805 --- [    Test worker] nterpriseLaborManagementApplicationTests : Topic created with name projects/test-project/topics/elm_topic_test
2024-07-19T19:05:18.549+05:30  INFO 86805 --- [    Test worker] nterpriseLaborManagementApplicationTests : Subscription created with name projects/test-project/subscriptions/elm_subscription_test Listening to topic projects/test-project/topics/elm_topic_test 
2024-07-19T19:05:18.558+05:30  INFO 86805 --- [    Test worker] nterpriseLaborManagementApplicationTests : Table 'elm_events_test' removed
2024-07-19T19:05:18.566+05:30  INFO 86805 --- [    Test worker] nterpriseLaborManagementApplicationTests : Dataset 'elm_integration_test' removed
2024-07-19T19:05:18.572+05:30  INFO 86805 --- [    Test worker] nterpriseLaborManagementApplicationTests : Dataset 'elm_integration_test' created
2024-07-19T19:05:18.587+05:30  INFO 86805 --- [    Test worker] nterpriseLaborManagementApplicationTests : Table 'GenericData{classInfo=[datasetId, projectId, tableId], {datasetId=elm_integration_test, projectId=test-project, tableId=elm_events_test}}' created
2024-07-19T19:05:18.607+05:30  INFO 86805 --- [ault-executor-0] nterpriseLaborManagementApplicationTests : Published message ID: 4
2024-07-19T19:05:18.610+05:30  INFO 86805 --- [    Test worker] nterpriseLaborManagementApplicationTests : Listening for messages on elm_subscription_test
2024-07-19T19:05:18.681+05:30  INFO 86805 --- [         Gax-26] nterpriseLaborManagementApplicationTests : pubsubInputChannel: PubSub message received with ID: 4 Payload: {
  "attributes": {
    "schemaUrl": "<insert schema url>",
    "contract_version": "0.1",
    "source": "HDW",
    "platform": "FDC",
    "dc_number": "5865",
    "action": "PICK_LPN_FROM_ACTIVE_LM",
    "activity": "PICK_LPN_FROM_ACTIVE_LM",
    "event_type": "DIRECT",
    "publish_timestamp": "2024-01-12T19:54:58.813",
    "trace_id": "6e0ed4f6-00c8-4676-8a4a-529c0a713833",
    "task_id": ""
  },
  "data": {
    "user_id": "john_smith@homedepot.com",
    "ldap_id": "stc9000",
    "transaction_id": "03ac8-46b76-8aca",
    "vehicle": {
      "assigned_vehicle": "FORKLIFT",
      "vehicle_id": ""
    },
    "lpns": [
      {
        "parent_lpn_id": "",
        "lpn_number": "1",
        "container_type": "",
        "locations": [
          {
            "transaction_timestamp": "2024-01-12T19:54:58.813",
            "start_location": "ABC",
            "end_location": "XYZ",
            "start_zone": "Zone1",
            "end_zone": "Zone2",
            "start_location_type": "BLK",
            "end_location_type": "RSV",
            "pick_area": "",
            "put_area": "",
            "skus": [
              {
                "sku_number": "1007098445",
                "build_id": "9ccb23d1-c1d0-4705-a721-3129b16e84e9",
                "sku_description": "1X12-8FT PRIMED FJ S4S BOARD",
                "department": "11",
                "sku_class": "22",
                "sku_sub_class": "44",
                "special_handling": "",
                "build_on_method": "",
                "secure_method": "",
                "unload_type": ""
              }
            ],
            "location_uom": "CA",
            "location_qty": "28",
            "uom_qty": "4",
            "reason_code": "",
            "inbound_outbound_indicator": "O",
            "order_category": "",
            "shipment_number": "",
            "shipment_type_id": "",
            "shipment_route": "",
            "shipment_stop": "",
            "store_number": "",
            "vendor_number": "",
            "lpn_status": "",
            "mhe_loaded": "Y"
          }
        ]
      }
    ],
    "builds": [
      {
        "build_id": "9ccb23d1-c1d0-4705-a721-3129b16e84e9",
        "sku": "1007098445",
        "package_hierarchy": [
          {
            "depth": 0.75,
            "weight_uom": "LB",
            "size_uom": "IN",
            "hierarchy_level_code": "EA",
            "package_unit_qty": "1",
            "i_package_unit_qty": 1,
            "width": 7.25,
            "weight": 13.25,
            "package_each_qty": "1",
            "i_package_each_qty": 1,
            "height": 144
          },
          {
            "depth": 13.546,
            "weight_uom": "LB",
            "size_uom": "IN",
            "hierarchy_level_code": "PL",
            "package_unit_qty": "78",
            "i_package_unit_qty": 78,
            "width": 7.78,
            "weight": 800,
            "package_each_qty": "12",
            "i_package_each_qty": 12,
            "height": 12
          },
          {
            "depth": 144,
            "weight_uom": "LB",
            "size_uom": "IN",
            "hierarchy_level_code": "CA",
            "package_unit_qty": "96",
            "i_package_unit_qty": 96,
            "width": 48,
            "weight": 1272,
            "package_each_qty": "10",
            "i_package_each_qty": 10,
            "height": 15
          }
        ]
      }
    ]
  }
}
2024-07-19T19:05:18.705+05:30  INFO 86805 --- [         Gax-26] c.h.s.e.s.ElmTransactionBigQueryService  : Successfully inserted transaction with id: 03ac8-46b76-8aca 
2024-07-19T19:05:18.705+05:30  INFO 86805 --- [         Gax-26] c.h.s.e.services.PubSubConsumerService   : ElmTransactionBigQueryService: Acknowledgement sent for PubSub message with ID: 4
2024-07-19T19:05:23.640+05:30  INFO 86805 --- [    Test worker] c.h.s.e.utils.TestUtils                  : Running comparison for row :{contract_version=0.1, source=HDW, event_type=DIRECT, platform=FDC, dc_number=5865, activity=PICK_LPN_FROM_ACTIVE_LM, action=PICK_LPN_FROM_ACTIVE_LM, trace_id=6e0ed4f6-00c8-4676-8a4a-529c0a713833, publish_timestamp=2024-01-12T19:54:58.813, task_id=, user_id=john_smith@homedepot.com, ldap_id=stc9000, transaction_id=03ac8-46b76-8aca, vehicle_id=, assigned_vehicle=FORKLIFT, lpn_number=1, parent_lpn_id=, container_type=, transaction_timestamp=2024-01-12T19:54:58.813, start_location=ABC, end_location=XYZ, start_zone=Zone1, end_zone=Zone2, start_location_type=BLK, end_location_type=RSV, location_uom=CA, location_qty=28, uom_qty=4, inbound_outbound_indicator=O, pick_area=, put_area=, reason_code=, order_category=, shipment_number=, shipment_type_id=, shipment_route=, shipment_stop=, store_number=, service_type=, vendor_number=, trailer_number=, scac=, lpn_status=, shipment_lpn_error_type=, mhe_loaded=Y, sku_number=1007098445, build_id=9ccb23d1-c1d0-4705-a721-3129b16e84e9, sku_description=1X12-8FT PRIMED FJ S4S BOARD, department=11, sku_class=22, sku_sub_class=44, special_handling=, build_on_method=, secure_method=, unload_type=}
2024-07-19T19:05:23.640+05:30  INFO 86805 --- [    Test worker] c.h.s.e.utils.TestUtils                  : Comparing column:contract_version actual 0.1 expected 0.1 
2024-07-19T19:05:23.641+05:30  INFO 86805 --- [    Test worker] c.h.s.e.utils.TestUtils                  : Comparing column:source actual HDW expected HDW 
2024-07-19T19:05:23.641+05:30  INFO 86805 --- [    Test worker] c.h.s.e.utils.TestUtils                  : Comparing column:event_type actual DIRECT expected DIRECT 
2024-07-19T19:05:23.641+05:30  INFO 86805 --- [    Test worker] c.h.s.e.utils.TestUtils                  : Comparing column:platform actual FDC expected FDC 
2024-07-19T19:05:23.641+05:30  INFO 86805 --- [    Test worker] c.h.s.e.utils.TestUtils                  : Comparing column:dc_number actual 5865 expected 5865 
2024-07-19T19:05:23.641+05:30  INFO 86805 --- [    Test worker] c.h.s.e.utils.TestUtils                  : Comparing column:activity actual PICK_LPN_FROM_ACTIVE_LM expected PICK_LPN_FROM_ACTIVE_LM 
2024-07-19T19:05:23.641+05:30  INFO 86805 --- [    Test worker] c.h.s.e.utils.TestUtils                  : Comparing column:action actual PICK_LPN_FROM_ACTIVE_LM expected PICK_LPN_FROM_ACTIVE_LM 
2024-07-19T19:05:23.641+05:30  INFO 86805 --- [    Test worker] c.h.s.e.utils.TestUtils                  : Comparing column:trace_id actual 6e0ed4f6-00c8-4676-8a4a-529c0a713833 expected 6e0ed4f6-00c8-4676-8a4a-529c0a713833 
2024-07-19T19:05:23.641+05:30  INFO 86805 --- [    Test worker] c.h.s.e.utils.TestUtils                  : Comparing column:publish_timestamp actual 1705089298.813000 expected 2024-01-12T19:54:58.813 
2024-07-19T19:05:23.641+05:30  INFO 86805 --- [    Test worker] c.h.s.e.utils.TestUtils                  : Comparing column:user_id actual john_smith@homedepot.com expected john_smith@homedepot.com 
2024-07-19T19:05:23.641+05:30  INFO 86805 --- [    Test worker] c.h.s.e.utils.TestUtils                  : Comparing column:ldap_id actual stc9000 expected stc9000 
2024-07-19T19:05:23.641+05:30  INFO 86805 --- [    Test worker] c.h.s.e.utils.TestUtils                  : Comparing column:transaction_id actual 03ac8-46b76-8aca expected 03ac8-46b76-8aca 
2024-07-19T19:05:23.641+05:30  INFO 86805 --- [    Test worker] c.h.s.e.utils.TestUtils                  : Comparing column:assigned_vehicle actual FORKLIFT expected FORKLIFT 
2024-07-19T19:05:23.641+05:30  INFO 86805 --- [    Test worker] c.h.s.e.utils.TestUtils                  : Comparing column:lpn_number actual 1 expected 1 
2024-07-19T19:05:23.641+05:30  INFO 86805 --- [    Test worker] c.h.s.e.utils.TestUtils                  : Comparing column:transaction_timestamp actual 1705089298.813000 expected 2024-01-12T19:54:58.813 
2024-07-19T19:05:23.641+05:30  INFO 86805 --- [    Test worker] c.h.s.e.utils.TestUtils                  : Comparing column:start_location actual ABC expected ABC 
2024-07-19T19:05:23.641+05:30  INFO 86805 --- [    Test worker] c.h.s.e.utils.TestUtils                  : Comparing column:end_location actual XYZ expected XYZ 
2024-07-19T19:05:23.641+05:30  INFO 86805 --- [    Test worker] c.h.s.e.utils.TestUtils                  : Comparing column:start_zone actual Zone1 expected Zone1 
2024-07-19T19:05:23.641+05:30  INFO 86805 --- [    Test worker] c.h.s.e.utils.TestUtils                  : Comparing column:end_zone actual Zone2 expected Zone2 
2024-07-19T19:05:23.641+05:30  INFO 86805 --- [    Test worker] c.h.s.e.utils.TestUtils                  : Comparing column:start_location_type actual BLK expected BLK 
2024-07-19T19:05:23.641+05:30  INFO 86805 --- [    Test worker] c.h.s.e.utils.TestUtils                  : Comparing column:end_location_type actual RSV expected RSV 
2024-07-19T19:05:23.641+05:30  INFO 86805 --- [    Test worker] c.h.s.e.utils.TestUtils                  : Comparing column:location_uom actual CA expected CA 
2024-07-19T19:05:23.641+05:30  INFO 86805 --- [    Test worker] c.h.s.e.utils.TestUtils                  : Comparing column:location_qty actual 28 expected 28 
2024-07-19T19:05:23.641+05:30  INFO 86805 --- [    Test worker] c.h.s.e.utils.TestUtils                  : Comparing column:uom_qty actual 4 expected 4 
2024-07-19T19:05:23.641+05:30  INFO 86805 --- [    Test worker] c.h.s.e.utils.TestUtils                  : Comparing column:inbound_outbound_indicator actual O expected O 
2024-07-19T19:05:23.641+05:30  INFO 86805 --- [    Test worker] c.h.s.e.utils.TestUtils                  : Comparing column:mhe_loaded actual Y expected Y 
2024-07-19T19:05:23.641+05:30  INFO 86805 --- [    Test worker] c.h.s.e.utils.TestUtils                  : Comparing column:sku_number actual 1007098445 expected 1007098445 
2024-07-19T19:05:23.641+05:30  INFO 86805 --- [    Test worker] c.h.s.e.utils.TestUtils                  : Comparing column:build_id actual 9ccb23d1-c1d0-4705-a721-3129b16e84e9 expected 9ccb23d1-c1d0-4705-a721-3129b16e84e9 
2024-07-19T19:05:23.641+05:30  INFO 86805 --- [    Test worker] c.h.s.e.utils.TestUtils                  : Comparing column:sku_description actual 1X12-8FT PRIMED FJ S4S BOARD expected 1X12-8FT PRIMED FJ S4S BOARD 
2024-07-19T19:05:23.641+05:30  INFO 86805 --- [    Test worker] c.h.s.e.utils.TestUtils                  : Comparing column:department actual 11 expected 11 
2024-07-19T19:05:23.641+05:30  INFO 86805 --- [    Test worker] c.h.s.e.utils.TestUtils                  : Comparing column:sku_class actual 22 expected 22 
2024-07-19T19:05:23.641+05:30  INFO 86805 --- [    Test worker] c.h.s.e.utils.TestUtils                  : Comparing column:sku_sub_class actual 44 expected 44 
2024-07-19T19:05:23.669+05:30  INFO 86805 --- [    Test worker] nterpriseLaborManagementApplicationTests : Topic deleted with name elm_topic_test
2024-07-19T19:05:23.679+05:30  INFO 86805 --- [    Test worker] nterpriseLaborManagementApplicationTests : Subscription deleted with name elm_subscription_test
2024-07-19T19:05:23.691+05:30  INFO 86805 --- [    Test worker] nterpriseLaborManagementApplicationTests : Topic created with name projects/test-project/topics/elm_topic_test
2024-07-19T19:05:23.696+05:30  INFO 86805 --- [    Test worker] nterpriseLaborManagementApplicationTests : Subscription created with name projects/test-project/subscriptions/elm_subscription_test Listening to topic projects/test-project/topics/elm_topic_test 
2024-07-19T19:05:23.706+05:30  INFO 86805 --- [    Test worker] nterpriseLaborManagementApplicationTests : Table 'elm_events_test' removed
2024-07-19T19:05:23.712+05:30  INFO 86805 --- [    Test worker] nterpriseLaborManagementApplicationTests : Dataset 'elm_integration_test' removed
2024-07-19T19:05:23.719+05:30  INFO 86805 --- [    Test worker] nterpriseLaborManagementApplicationTests : Dataset 'elm_integration_test' created
2024-07-19T19:05:23.735+05:30  INFO 86805 --- [    Test worker] nterpriseLaborManagementApplicationTests : Table 'GenericData{classInfo=[datasetId, projectId, tableId], {datasetId=elm_integration_test, projectId=test-project, tableId=elm_events_test}}' created
2024-07-19T19:05:23.744+05:30  INFO 86805 --- [ault-executor-0] nterpriseLaborManagementApplicationTests : Published message ID: 5
2024-07-19T19:05:23.746+05:30  INFO 86805 --- [    Test worker] nterpriseLaborManagementApplicationTests : Listening for messages on elm_subscription_test
2024-07-19T19:05:23.808+05:30  INFO 86805 --- [         Gax-34] nterpriseLaborManagementApplicationTests : pubsubInputChannel: PubSub message received with ID: 5 Payload: {
  "attributes": {
    "schemaUrl": "<insert schema url>",
    "contract_version": 0.1,
    "source": "HDW",
    "event_type": "INDIRECT",
    "platform": "FDC",
    "dc_number": "5865",
    "action": "INDIRECT_BATTERY_CHANGE_LM",
    "activity": "INDIRECT_BATTERY_CHANGE_LM",
    "publish_timestamp": "2024-01-12T19:54:58.813",
    "trace_id": "6e0ed4f6-00c8-4676-8a4a-529c0a713833"
  },
  "data": {
    "user_id": "john_smith@homedepot.com",
    "ldap_id": "stc9000",
    "transaction_id": "ef23415ef78da234",
    "transaction_timestamp": "2024-01-12T19:54:58.813"
  }
}
2024-07-19T19:05:23.823+05:30  INFO 86805 --- [         Gax-34] c.h.s.e.s.ElmTransactionBigQueryService  : Successfully inserted transaction with id: ef23415ef78da234 
2024-07-19T19:05:23.823+05:30  INFO 86805 --- [         Gax-34] c.h.s.e.services.PubSubConsumerService   : ElmTransactionBigQueryService: Acknowledgement sent for PubSub message with ID: 5
2024-07-19T19:05:28.776+05:30  INFO 86805 --- [    Test worker] c.h.s.e.utils.TestUtils                  : Running comparison for row :{contract_version=0.1, source=HDW, event_type=INDIRECT, platform=FDC, dc_number=5865, activity=INDIRECT_BATTERY_CHANGE_LM, action=INDIRECT_BATTERY_CHANGE_LM, trace_id=6e0ed4f6-00c8-4676-8a4a-529c0a713833, publish_timestamp=2024-01-12T19:54:58.813, task_id=, user_id=john_smith@homedepot.com, ldap_id=stc9000, transaction_id=ef23415ef78da234, transaction_timestamp=2024-01-12T19:54:58.813}
2024-07-19T19:05:28.777+05:30  INFO 86805 --- [    Test worker] c.h.s.e.utils.TestUtils                  : Comparing column:contract_version actual 0.1 expected 0.1 
2024-07-19T19:05:28.777+05:30  INFO 86805 --- [    Test worker] c.h.s.e.utils.TestUtils                  : Comparing column:source actual HDW expected HDW 
2024-07-19T19:05:28.777+05:30  INFO 86805 --- [    Test worker] c.h.s.e.utils.TestUtils                  : Comparing column:event_type actual INDIRECT expected INDIRECT 
2024-07-19T19:05:28.777+05:30  INFO 86805 --- [    Test worker] c.h.s.e.utils.TestUtils                  : Comparing column:platform actual FDC expected FDC 
2024-07-19T19:05:28.777+05:30  INFO 86805 --- [    Test worker] c.h.s.e.utils.TestUtils                  : Comparing column:dc_number actual 5865 expected 5865 
2024-07-19T19:05:28.777+05:30  INFO 86805 --- [    Test worker] c.h.s.e.utils.TestUtils                  : Comparing column:activity actual INDIRECT_BATTERY_CHANGE_LM expected INDIRECT_BATTERY_CHANGE_LM 
2024-07-19T19:05:28.777+05:30  INFO 86805 --- [    Test worker] c.h.s.e.utils.TestUtils                  : Comparing column:action actual INDIRECT_BATTERY_CHANGE_LM expected INDIRECT_BATTERY_CHANGE_LM 
2024-07-19T19:05:28.777+05:30  INFO 86805 --- [    Test worker] c.h.s.e.utils.TestUtils                  : Comparing column:trace_id actual 6e0ed4f6-00c8-4676-8a4a-529c0a713833 expected 6e0ed4f6-00c8-4676-8a4a-529c0a713833 
2024-07-19T19:05:28.777+05:30  INFO 86805 --- [    Test worker] c.h.s.e.utils.TestUtils                  : Comparing column:publish_timestamp actual 1705089298.813000 expected 2024-01-12T19:54:58.813 
2024-07-19T19:05:28.777+05:30  INFO 86805 --- [    Test worker] c.h.s.e.utils.TestUtils                  : Comparing column:user_id actual john_smith@homedepot.com expected john_smith@homedepot.com 
2024-07-19T19:05:28.777+05:30  INFO 86805 --- [    Test worker] c.h.s.e.utils.TestUtils                  : Comparing column:ldap_id actual stc9000 expected stc9000 
2024-07-19T19:05:28.777+05:30  INFO 86805 --- [    Test worker] c.h.s.e.utils.TestUtils                  : Comparing column:transaction_id actual ef23415ef78da234 expected ef23415ef78da234 
2024-07-19T19:05:28.777+05:30  INFO 86805 --- [    Test worker] c.h.s.e.utils.TestUtils                  : Comparing column:transaction_timestamp actual 1705089298.813000 expected 2024-01-12T19:54:58.813 
]]></system-out>
  <system-err><![CDATA[]]></system-err>
</testsuite>
